[0.013s] Invoking command in '/home/henryshum0/SUAS/build/flight_control': CMAKE_PREFIX_PATH=/opt/ros/humble /usr/bin/cmake --build /home/henryshum0/SUAS/build/flight_control -- -j16 -l16
[0.028s] -- Found ament_cmake: 1.3.11 (/opt/ros/humble/share/ament_cmake/cmake)
[0.112s] -- Found rclcpp: 16.0.11 (/opt/ros/humble/share/rclcpp/cmake)
[0.193s] -- Found rosidl_generator_c: 3.1.6 (/opt/ros/humble/share/rosidl_generator_c/cmake)
[0.195s] -- Found rosidl_adapter: 3.1.6 (/opt/ros/humble/share/rosidl_adapter/cmake)
[0.201s] -- Found rosidl_generator_cpp: 3.1.6 (/opt/ros/humble/share/rosidl_generator_cpp/cmake)
[0.208s] -- Using all available rosidl_typesupport_c: rosidl_typesupport_fastrtps_c;rosidl_typesupport_introspection_c
[0.215s] -- Using all available rosidl_typesupport_cpp: rosidl_typesupport_fastrtps_cpp;rosidl_typesupport_introspection_cpp
[0.234s] -- Found rmw_implementation_cmake: 6.1.2 (/opt/ros/humble/share/rmw_implementation_cmake/cmake)
[0.235s] -- Found rmw_fastrtps_cpp: 6.2.7 (/opt/ros/humble/share/rmw_fastrtps_cpp/cmake)
[2.878s] -- Using RMW implementation 'rmw_fastrtps_cpp' as default
[2.907s] -- Found eigen3_cmake_module: 0.1.1 (/opt/ros/humble/share/eigen3_cmake_module/cmake)
[2.910s] -- Found ament_lint_auto: 0.12.11 (/opt/ros/humble/share/ament_lint_auto/cmake)
[2.953s] -- Added test 'cppcheck' to perform static code analysis on C / C++ code
[2.953s] -- Configured cppcheck include dirs: /home/henryshum0/SUAS/src/flight_control/include;$<BUILD_INTERFACE:/home/henryshum0/SUAS/src/flight_control/include/flight_control>
[2.953s] -- Configured cppcheck exclude dirs and/or files: 
[2.953s] -- Added test 'lint_cmake' to check CMake code style
[2.954s] -- Added test 'uncrustify' to check C / C++ code style
[2.954s] -- Configured uncrustify additional arguments: 
[2.954s] -- Added test 'xmllint' to check XML markup files
[2.955s] -- Configuring done
[2.956s] [31mCMake Error at CMakeLists.txt:23 (add_executable):
[2.956s]   Cannot find source file:
[2.956s] 
[2.956s]     frame_conversion
[2.956s] 
[2.956s]   Tried extensions .c .C .c++ .cc .cpp .cxx .cu .mpp .m .M .mm .ixx .cppm .h
[2.956s]   .hh .h++ .hm .hpp .hxx .in .txx .f .F .for .f77 .f90 .f95 .f03 .hip .ispc
[2.956s] 
[2.956s] [0m
[2.957s] [31mCMake Error at CMakeLists.txt:23 (add_executable):
[2.957s]   No SOURCES given to target: test_functions
[2.957s] 
[2.957s] [0m
[2.957s] [0mCMake Generate step failed.  Build files cannot be regenerated correctly.[0m
[2.961s] gmake: *** [Makefile:308: cmake_check_build_system] Error 1
[2.963s] Invoked command in '/home/henryshum0/SUAS/build/flight_control' returned '2': CMAKE_PREFIX_PATH=/opt/ros/humble /usr/bin/cmake --build /home/henryshum0/SUAS/build/flight_control -- -j16 -l16
