[0.069s] Invoking command in '/home/henryshum0/SUAS/build/flight_control': AMENT_PREFIX_PATH=/home/henryshum0/SUAS/install/px4_ros_com:/home/henryshum0/SUAS/install/px4_msgs:${AMENT_PREFIX_PATH} CMAKE_PREFIX_PATH=/home/henryshum0/SUAS/install/px4_ros_com:/home/henryshum0/SUAS/install/px4_msgs:/opt/ros/humble LD_LIBRARY_PATH=/home/henryshum0/SUAS/install/px4_ros_com/lib:/home/henryshum0/SUAS/install/px4_msgs/lib:${LD_LIBRARY_PATH} PYTHONPATH=/home/henryshum0/SUAS/install/px4_ros_com/local/lib/python3.10/dist-packages:/home/henryshum0/SUAS/install/px4_msgs/local/lib/python3.10/dist-packages:${PYTHONPATH} /usr/bin/cmake --build /home/henryshum0/SUAS/build/flight_control -- -j16 -l16
[0.093s] [35m[1mConsolidate compiler generated dependencies of target flight_control_lib[0m
[0.105s] [ 16%] [32mBuilding CXX object CMakeFiles/flight_control_lib.dir/src/flight_mode.cpp.o[0m
[0.105s] [ 33%] [32mBuilding CXX object CMakeFiles/flight_control_lib.dir/src/take_off_mode.cpp.o[0m
[1.625s] In file included from [01m[K/home/henryshum0/SUAS/src/flight_control/src/flight_mode.cpp:1[m[K:
[1.625s] [01m[K/home/henryshum0/SUAS/src/flight_control/include/flight_mode/flight_mode.hpp:19:36:[m[K [01;31m[Kerror: [m[K‘[01m[Kflight_control[m[K’ was not declared in this scope
[1.625s]    19 |         FlightMode(std::shared_ptr<[01;31m[Kflight_control[m[K::OffboardController> offboard_controller, std::string mode_name);
[1.625s]       |                                    [01;31m[K^~~~~~~~~~~~~~[m[K
[1.625s] [01m[K/home/henryshum0/SUAS/src/flight_control/include/flight_mode/flight_mode.hpp:19:70:[m[K [01;31m[Kerror: [m[Ktemplate argument 1 is invalid
[1.625s]    19 |         FlightMode(std::shared_ptr<flight_control::OffboardController[01;31m[K>[m[K offboard_controller, std::string mode_name);
[1.625s]       |                                                                      [01;31m[K^[m[K
[1.626s] [01m[K/home/henryshum0/SUAS/src/flight_control/include/flight_mode/flight_mode.hpp:37:48:[m[K [01;31m[Kerror: [m[K‘[01m[KVector3f[m[K’ does not name a type
[1.626s]    37 |         void publish_trajectory_setpoint(const [01;31m[KVector3f[m[K& input, const float yaw = 0.0);
[1.626s]       |                                                [01;31m[K^~~~~~~~[m[K
[1.627s] [01m[K/home/henryshum0/SUAS/src/flight_control/include/flight_mode/flight_mode.hpp:40:9:[m[K [01;31m[Kerror: [m[K‘[01m[KVector3f[m[K’ does not name a type
[1.627s]    40 |         [01;31m[KVector3f[m[K get_enu_local();
[1.627s]       |         [01;31m[K^~~~~~~~[m[K
[1.628s] [01m[K/home/henryshum0/SUAS/src/flight_control/include/flight_mode/flight_mode.hpp:41:9:[m[K [01;31m[Kerror: [m[K‘[01m[KVector3f[m[K’ does not name a type
[1.628s]    41 |         [01;31m[KVector3f[m[K get_enu_vel();
[1.628s]       |         [01;31m[K^~~~~~~~[m[K
[1.629s] [01m[K/home/henryshum0/SUAS/src/flight_control/include/flight_mode/flight_mode.hpp:42:9:[m[K [01;31m[Kerror: [m[K‘[01m[KVector3f[m[K’ does not name a type
[1.629s]    42 |         [01;31m[KVector3f[m[K get_enu_accel();
[1.629s]       |         [01;31m[K^~~~~~~~[m[K
[1.634s] [01m[K/home/henryshum0/SUAS/src/flight_control/include/flight_mode/flight_mode.hpp:51:25:[m[K [01;31m[Kerror: [m[K‘[01m[Kflight_control[m[K’ was not declared in this scope
[1.635s]    51 |         std::shared_ptr<[01;31m[Kflight_control[m[K::OffboardController> offboard_controller;
[1.635s]       |                         [01;31m[K^~~~~~~~~~~~~~[m[K
[1.635s] [01m[K/home/henryshum0/SUAS/src/flight_control/include/flight_mode/flight_mode.hpp:51:59:[m[K [01;31m[Kerror: [m[Ktemplate argument 1 is invalid
[1.635s]    51 |         std::shared_ptr<flight_control::OffboardController[01;31m[K>[m[K offboard_controller;
[1.635s]       |                                                           [01;31m[K^[m[K
[1.640s] [01m[K/home/henryshum0/SUAS/src/flight_control/src/flight_mode.cpp:5:44:[m[K [01;31m[Kerror: [m[K‘[01m[Kflight_control[m[K’ was not declared in this scope
[1.640s]     5 |     FlightMode::FlightMode(std::shared_ptr<[01;31m[Kflight_control[m[K::OffboardController> offboard_controller, std::string mode_name)
[1.640s]       |                                            [01;31m[K^~~~~~~~~~~~~~[m[K
[1.640s] [01m[K/home/henryshum0/SUAS/src/flight_control/src/flight_mode.cpp:5:78:[m[K [01;31m[Kerror: [m[Ktemplate argument 1 is invalid
[1.640s]     5 |     FlightMode::FlightMode(std::shared_ptr<flight_control::OffboardController[01;31m[K>[m[K offboard_controller, std::string mode_name)
[1.640s]       |                                                                              [01;31m[K^[m[K
[1.645s] [01m[K/home/henryshum0/SUAS/src/flight_control/src/flight_mode.cpp:5:44:[m[K [01;31m[Kerror: [m[K‘[01m[Kflight_control[m[K’ was not declared in this scope
[1.645s]     5 |     FlightMode::FlightMode(std::shared_ptr<[01;31m[Kflight_control[m[K::OffboardController> offboard_controller, std::string mode_name)
[1.645s]       |                                            [01;31m[K^~~~~~~~~~~~~~[m[K
[1.645s] [01m[K/home/henryshum0/SUAS/src/flight_control/src/flight_mode.cpp:5:78:[m[K [01;31m[Kerror: [m[Ktemplate argument 1 is invalid
[1.645s]     5 |     FlightMode::FlightMode(std::shared_ptr<flight_control::OffboardController[01;31m[K>[m[K offboard_controller, std::string mode_name)
[1.646s]       |                                                                              [01;31m[K^[m[K
[1.646s] In file included from [01m[K/home/henryshum0/SUAS/src/flight_control/include/flight_mode/takeoff_mode.hpp:4[m[K,
[1.646s]                  from [01m[K/home/henryshum0/SUAS/src/flight_control/src/take_off_mode.cpp:1[m[K:
[1.646s] [01m[K/home/henryshum0/SUAS/src/flight_control/include/flight_mode/flight_mode.hpp:19:36:[m[K [01;31m[Kerror: [m[K‘[01m[Kflight_control[m[K’ was not declared in this scope
[1.646s]    19 |         FlightMode(std::shared_ptr<[01;31m[Kflight_control[m[K::OffboardController> offboard_controller, std::string mode_name);
[1.646s]       |                                    [01;31m[K^~~~~~~~~~~~~~[m[K
[1.646s] [01m[K/home/henryshum0/SUAS/src/flight_control/include/flight_mode/flight_mode.hpp:19:70:[m[K [01;31m[Kerror: [m[Ktemplate argument 1 is invalid
[1.646s]    19 |         FlightMode(std::shared_ptr<flight_control::OffboardController[01;31m[K>[m[K offboard_controller, std::string mode_name);
[1.646s]       |                                                                      [01;31m[K^[m[K
[1.647s] [01m[K/home/henryshum0/SUAS/src/flight_control/include/flight_mode/flight_mode.hpp:37:48:[m[K [01;31m[Kerror: [m[K‘[01m[KVector3f[m[K’ does not name a type
[1.647s]    37 |         void publish_trajectory_setpoint(const [01;31m[KVector3f[m[K& input, const float yaw = 0.0);
[1.647s]       |                                                [01;31m[K^~~~~~~~[m[K
[1.649s] [01m[K/home/henryshum0/SUAS/src/flight_control/include/flight_mode/flight_mode.hpp:40:9:[m[K [01;31m[Kerror: [m[K‘[01m[KVector3f[m[K’ does not name a type
[1.649s]    40 |         [01;31m[KVector3f[m[K get_enu_local();
[1.649s]       |         [01;31m[K^~~~~~~~[m[K
[1.650s] [01m[K/home/henryshum0/SUAS/src/flight_control/include/flight_mode/flight_mode.hpp:41:9:[m[K [01;31m[Kerror: [m[K‘[01m[KVector3f[m[K’ does not name a type
[1.650s]    41 |         [01;31m[KVector3f[m[K get_enu_vel();
[1.650s]       |         [01;31m[K^~~~~~~~[m[K
[1.651s] [01m[K/home/henryshum0/SUAS/src/flight_control/src/flight_mode.cpp:5:44:[m[K [01;31m[Kerror: [m[K‘[01m[Kflight_control[m[K’ was not declared in this scope
[1.651s]     5 |     FlightMode::FlightMode(std::shared_ptr<[01;31m[Kflight_control[m[K::OffboardController> offboard_controller, std::string mode_name)
[1.651s]       |                                            [01;31m[K^~~~~~~~~~~~~~[m[K
[1.651s] [01m[K/home/henryshum0/SUAS/src/flight_control/src/flight_mode.cpp:5:78:[m[K [01;31m[Kerror: [m[Ktemplate argument 1 is invalid
[1.651s]     5 |     FlightMode::FlightMode(std::shared_ptr<flight_control::OffboardController[01;31m[K>[m[K offboard_controller, std::string mode_name)
[1.651s]       |                                                                              [01;31m[K^[m[K
[1.651s] [01m[K/home/henryshum0/SUAS/src/flight_control/src/flight_mode.cpp:5:28:[m[K [01;31m[Kerror: [m[Kinvalid template-id
[1.651s]     5 |     FlightMode::FlightMode([01;31m[Kstd[m[K::shared_ptr<flight_control::OffboardController> offboard_controller, std::string mode_name)
[1.651s]       |                            [01;31m[K^~~[m[K
[1.651s] [01m[K/home/henryshum0/SUAS/src/flight_control/include/flight_mode/flight_mode.hpp:42:9:[m[K [01;31m[Kerror: [m[K‘[01m[KVector3f[m[K’ does not name a type
[1.651s]    42 |         [01;31m[KVector3f[m[K get_enu_accel();
[1.651s]       |         [01;31m[K^~~~~~~~[m[K
[1.657s] [01m[K/home/henryshum0/SUAS/src/flight_control/include/flight_mode/flight_mode.hpp:51:25:[m[K [01;31m[Kerror: [m[K‘[01m[Kflight_control[m[K’ was not declared in this scope
[1.657s]    51 |         std::shared_ptr<[01;31m[Kflight_control[m[K::OffboardController> offboard_controller;
[1.657s]       |                         [01;31m[K^~~~~~~~~~~~~~[m[K
[1.657s] [01m[K/home/henryshum0/SUAS/src/flight_control/include/flight_mode/flight_mode.hpp:51:59:[m[K [01;31m[Kerror: [m[Ktemplate argument 1 is invalid
[1.657s]    51 |         std::shared_ptr<flight_control::OffboardController[01;31m[K>[m[K offboard_controller;
[1.657s]       |                                                           [01;31m[K^[m[K
[1.657s] [01m[K/home/henryshum0/SUAS/src/flight_control/src/flight_mode.cpp:5:44:[m[K [01;31m[Kerror: [m[K‘[01m[Kflight_control[m[K’ was not declared in this scope
[1.658s]     5 |     FlightMode::FlightMode(std::shared_ptr<[01;31m[Kflight_control[m[K::OffboardController> offboard_controller, std::string mode_name)
[1.658s]       |                                            [01;31m[K^~~~~~~~~~~~~~[m[K
[1.658s] [01m[K/home/henryshum0/SUAS/src/flight_control/src/flight_mode.cpp:5:27:[m[K [01;31m[Kerror: [m[Kexpected constructor, destructor, or type conversion before ‘[01m[K([m[K’ token
[1.658s]     5 |     FlightMode::FlightMode[01;31m[K([m[Kstd::shared_ptr<flight_control::OffboardController> offboard_controller, std::string mode_name)
[1.658s]       |                           [01;31m[K^[m[K
[1.658s] [01m[K/home/henryshum0/SUAS/src/flight_control/src/flight_mode.cpp:[m[K In member function ‘[01m[Kvoid flight_mode::FlightMode::publish_vehicle_command(uint16_t, float, float)[m[K’:
[1.658s] [01m[K/home/henryshum0/SUAS/src/flight_control/src/flight_mode.cpp:14:35:[m[K [01;31m[Kerror: [m[Kbase operand of ‘[01m[K->[m[K’ is not a pointer
[1.658s]    14 |         this->offboard_controller [01;31m[K->[m[K publish_vehicle_command(command, param1, param2);
[1.658s]       |                                   [01;31m[K^~[m[K
[1.658s] [01m[K/home/henryshum0/SUAS/src/flight_control/src/flight_mode.cpp:[m[K In member function ‘[01m[Kvoid flight_mode::FlightMode::publish_offboard_mode()[m[K’:
[1.658s] [01m[K/home/henryshum0/SUAS/src/flight_control/src/flight_mode.cpp:18:35:[m[K [01;31m[Kerror: [m[Kbase operand of ‘[01m[K->[m[K’ is not a pointer
[1.658s]    18 |         this->offboard_controller [01;31m[K->[m[K publish_offboard_mode();
[1.658s]       |                                   [01;31m[K^~[m[K
[1.659s] [01m[K/home/henryshum0/SUAS/src/flight_control/src/flight_mode.cpp:[m[K At global scope:
[1.659s] [01m[K/home/henryshum0/SUAS/src/flight_control/src/flight_mode.cpp:20:56:[m[K [01;31m[Kerror: [m[K‘[01m[KVector3f[m[K’ does not name a type
[1.659s]    20 |     void FlightMode::publish_trajectory_setpoint(const [01;31m[KVector3f[m[K& input, const float yaw){
[1.659s]       |                                                        [01;31m[K^~~~~~~~[m[K
[1.659s] [01m[K/home/henryshum0/SUAS/src/flight_control/src/flight_mode.cpp:[m[K In member function ‘[01m[Kvoid flight_mode::FlightMode::publish_trajectory_setpoint(const int&, float)[m[K’:
[1.659s] [01m[K/home/henryshum0/SUAS/src/flight_control/src/flight_mode.cpp:21:35:[m[K [01;31m[Kerror: [m[Kbase operand of ‘[01m[K->[m[K’ is not a pointer
[1.659s]    21 |         this->offboard_controller [01;31m[K->[m[K publish_trajectory_setpoint(input, yaw);
[1.659s]       |                                   [01;31m[K^~[m[K
[1.659s] [01m[K/home/henryshum0/SUAS/src/flight_control/src/flight_mode.cpp:[m[K At global scope:
[1.660s] [01m[K/home/henryshum0/SUAS/src/flight_control/src/flight_mode.cpp:25:5:[m[K [01;31m[Kerror: [m[K‘[01m[KVector3f[m[K’ does not name a type
[1.660s]    25 |     [01;31m[KVector3f[m[K FlightMode::get_enu_local()
[1.660s]       |     [01;31m[K^~~~~~~~[m[K
[1.660s] [01m[K/home/henryshum0/SUAS/src/flight_control/src/flight_mode.cpp:29:5:[m[K [01;31m[Kerror: [m[K‘[01m[KVector3f[m[K’ does not name a type
[1.660s]    29 |     [01;31m[KVector3f[m[K FlightMode::get_enu_vel()
[1.660s]       |     [01;31m[K^~~~~~~~[m[K
[1.661s] [01m[K/home/henryshum0/SUAS/src/flight_control/src/flight_mode.cpp:33:5:[m[K [01;31m[Kerror: [m[K‘[01m[KVector3f[m[K’ does not name a type
[1.662s]    33 |     [01;31m[KVector3f[m[K FlightMode::get_enu_accel()
[1.662s]       |     [01;31m[K^~~~~~~~[m[K
[1.662s] [01m[K/home/henryshum0/SUAS/src/flight_control/src/flight_mode.cpp:[m[K In member function ‘[01m[Kbool flight_mode::FlightMode::get_armed()[m[K’:
[1.662s] [01m[K/home/henryshum0/SUAS/src/flight_control/src/flight_mode.cpp:39:41:[m[K [01;31m[Kerror: [m[Kbase operand of ‘[01m[K->[m[K’ is not a pointer
[1.662s]    39 |         return this->offboard_controller[01;31m[K->[m[Kget_is_armed();
[1.662s]       |                                         [01;31m[K^~[m[K
[1.662s] [01m[K/home/henryshum0/SUAS/src/flight_control/src/flight_mode.cpp:[m[K In member function ‘[01m[Kvoid flight_mode::FlightMode::set_trajectory_mode(flight_mode::OffboardTrajectoryControlModeEnum)[m[K’:
[1.662s] [01m[K/home/henryshum0/SUAS/src/flight_control/src/flight_mode.cpp:45:37:[m[K [01;31m[Kerror: [m[Kbase operand of ‘[01m[K->[m[K’ is not a pointer
[1.662s]    45 |         this -> offboard_controller [01;31m[K->[m[Kset_trajectory_mode(mode);
[1.662s]       |                                     [01;31m[K^~[m[K
[1.662s] [01m[K/home/henryshum0/SUAS/src/flight_control/src/flight_mode.cpp:[m[K In member function ‘[01m[Kvoid flight_mode::FlightMode::set_is_complete(bool)[m[K’:
[1.662s] [01m[K/home/henryshum0/SUAS/src/flight_control/src/flight_mode.cpp:49:37:[m[K [01;31m[Kerror: [m[Kbase operand of ‘[01m[K->[m[K’ is not a pointer
[1.662s]    49 |         this -> offboard_controller [01;31m[K->[m[Kset_mode_complete(is_not);
[1.662s]       |                                     [01;31m[K^~[m[K
[1.663s] In file included from [01m[K/home/henryshum0/SUAS/src/flight_control/src/take_off_mode.cpp:1[m[K:
[1.663s] [01m[K/home/henryshum0/SUAS/src/flight_control/include/flight_mode/takeoff_mode.hpp:11:37:[m[K [01;31m[Kerror: [m[K‘[01m[Kflight_control[m[K’ was not declared in this scope
[1.663s]    11 |         TakeoffMode(std::shared_ptr<[01;31m[Kflight_control[m[K::OffboardController> offboard_controller, float takeoff_height);
[1.663s]       |                                     [01;31m[K^~~~~~~~~~~~~~[m[K
[1.663s] [01m[K/home/henryshum0/SUAS/src/flight_control/include/flight_mode/takeoff_mode.hpp:11:71:[m[K [01;31m[Kerror: [m[Ktemplate argument 1 is invalid
[1.663s]    11 |         TakeoffMode(std::shared_ptr<flight_control::OffboardController[01;31m[K>[m[K offboard_controller, float takeoff_height);
[1.664s]       |                                                                       [01;31m[K^[m[K
[1.664s] [01m[K/home/henryshum0/SUAS/src/flight_control/include/flight_mode/takeoff_mode.hpp:17:9:[m[K [01;31m[Kerror: [m[K‘[01m[KVector3f[m[K’ does not name a type
[1.664s]    17 |         [01;31m[KVector3f[m[K target_pos;
[1.664s]       |         [01;31m[K^~~~~~~~[m[K
[1.670s] [01m[K/home/henryshum0/SUAS/src/flight_control/src/take_off_mode.cpp:5:46:[m[K [01;31m[Kerror: [m[K‘[01m[Kflight_control[m[K’ was not declared in this scope
[1.670s]     5 |     TakeoffMode::TakeoffMode(std::shared_ptr<[01;31m[Kflight_control[m[K::OffboardController> offboard_controller, float takeoff_height)
[1.670s]       |                                              [01;31m[K^~~~~~~~~~~~~~[m[K
[1.670s] [01m[K/home/henryshum0/SUAS/src/flight_control/src/take_off_mode.cpp:5:80:[m[K [01;31m[Kerror: [m[Ktemplate argument 1 is invalid
[1.670s]     5 |     TakeoffMode::TakeoffMode(std::shared_ptr<flight_control::OffboardController[01;31m[K>[m[K offboard_controller, float takeoff_height)
[1.670s]       |                                                                                [01;31m[K^[m[K
[1.675s] [01m[K/home/henryshum0/SUAS/src/flight_control/src/take_off_mode.cpp:5:46:[m[K [01;31m[Kerror: [m[K‘[01m[Kflight_control[m[K’ was not declared in this scope
[1.675s]     5 |     TakeoffMode::TakeoffMode(std::shared_ptr<[01;31m[Kflight_control[m[K::OffboardController> offboard_controller, float takeoff_height)
[1.676s]       |                                              [01;31m[K^~~~~~~~~~~~~~[m[K
[1.676s] [01m[K/home/henryshum0/SUAS/src/flight_control/src/take_off_mode.cpp:5:80:[m[K [01;31m[Kerror: [m[Ktemplate argument 1 is invalid
[1.676s]     5 |     TakeoffMode::TakeoffMode(std::shared_ptr<flight_control::OffboardController[01;31m[K>[m[K offboard_controller, float takeoff_height)
[1.676s]       |                                                                                [01;31m[K^[m[K
[1.681s] [01m[K/home/henryshum0/SUAS/src/flight_control/src/take_off_mode.cpp:5:46:[m[K [01;31m[Kerror: [m[K‘[01m[Kflight_control[m[K’ was not declared in this scope
[1.681s]     5 |     TakeoffMode::TakeoffMode(std::shared_ptr<[01;31m[Kflight_control[m[K::OffboardController> offboard_controller, float takeoff_height)
[1.681s]       |                                              [01;31m[K^~~~~~~~~~~~~~[m[K
[1.681s] [01m[K/home/henryshum0/SUAS/src/flight_control/src/take_off_mode.cpp:5:80:[m[K [01;31m[Kerror: [m[Ktemplate argument 1 is invalid
[1.681s]     5 |     TakeoffMode::TakeoffMode(std::shared_ptr<flight_control::OffboardController[01;31m[K>[m[K offboard_controller, float takeoff_height)
[1.681s]       |                                                                                [01;31m[K^[m[K
[1.681s] [01m[K/home/henryshum0/SUAS/src/flight_control/src/take_off_mode.cpp:5:30:[m[K [01;31m[Kerror: [m[Kinvalid template-id
[1.681s]     5 |     TakeoffMode::TakeoffMode([01;31m[Kstd[m[K::shared_ptr<flight_control::OffboardController> offboard_controller, float takeoff_height)
[1.681s]       |                              [01;31m[K^~~[m[K
[1.686s] [01m[K/home/henryshum0/SUAS/src/flight_control/src/take_off_mode.cpp:5:46:[m[K [01;31m[Kerror: [m[K‘[01m[Kflight_control[m[K’ was not declared in this scope
[1.686s]     5 |     TakeoffMode::TakeoffMode(std::shared_ptr<[01;31m[Kflight_control[m[K::OffboardController> offboard_controller, float takeoff_height)
[1.686s]       |                                              [01;31m[K^~~~~~~~~~~~~~[m[K
[1.686s] [01m[K/home/henryshum0/SUAS/src/flight_control/src/take_off_mode.cpp:5:29:[m[K [01;31m[Kerror: [m[Kexpected constructor, destructor, or type conversion before ‘[01m[K([m[K’ token
[1.686s]     5 |     TakeoffMode::TakeoffMode[01;31m[K([m[Kstd::shared_ptr<flight_control::OffboardController> offboard_controller, float takeoff_height)
[1.686s]       |                             [01;31m[K^[m[K
[1.686s] [01m[K/home/henryshum0/SUAS/src/flight_control/src/take_off_mode.cpp:[m[K In member function ‘[01m[Kvoid flight_mode::TakeoffMode::execute_mode()[m[K’:
[1.686s] [01m[K/home/henryshum0/SUAS/src/flight_control/src/take_off_mode.cpp:20:45:[m[K [01;31m[Kerror: [m[K‘[01m[KVehicleCommand[m[K’ has not been declared
[1.687s]    20 |             this -> publish_vehicle_command([01;31m[KVehicleCommand[m[K::VEHICLE_CMD_COMPONENT_ARM_DISARM, 1.0);
[1.687s]       |                                             [01;31m[K^~~~~~~~~~~~~~[m[K
[1.688s] [01m[K/home/henryshum0/SUAS/src/flight_control/src/take_off_mode.cpp:24:19:[m[K [01;31m[Kerror: [m[K‘[01m[KVector3f[m[K’ does not name a type
[1.688s]    24 |             const [01;31m[KVector3f[m[K pos = this->get_enu_local();
[1.688s]       |                   [01;31m[K^~~~~~~~[m[K
[1.691s] [01m[K/home/henryshum0/SUAS/src/flight_control/src/take_off_mode.cpp:25:33:[m[K [01;31m[Kerror: [m[K‘[01m[Kpos[m[K’ was not declared in this scope; did you mean ‘[01m[Kpow[m[K’?
[1.691s]    25 |             const float rmsd = ([01;31m[Kpos[m[K - this->target_pos).norm();
[1.691s]       |                                 [01;31m[K^~~[m[K
[1.691s]       |                                 [32m[Kpow[m[K
[1.691s] [01m[K/home/henryshum0/SUAS/src/flight_control/src/take_off_mode.cpp:25:45:[m[K [01;31m[Kerror: [m[K‘[01m[Kclass flight_mode::TakeoffMode[m[K’ has no member named ‘[01m[Ktarget_pos[m[K’
[1.691s]    25 |             const float rmsd = (pos - this->[01;31m[Ktarget_pos[m[K).norm();
[1.691s]       |                                             [01;31m[K^~~~~~~~~~[m[K
[1.691s] [01m[K/home/henryshum0/SUAS/src/flight_control/src/take_off_mode.cpp:30:53:[m[K [01;31m[Kerror: [m[K‘[01m[Kclass flight_mode::TakeoffMode[m[K’ has no member named ‘[01m[Ktarget_pos[m[K’
[1.691s]    30 |             this->publish_trajectory_setpoint(this->[01;31m[Ktarget_pos[m[K);
[1.691s]       |                                                     [01;31m[K^~~~~~~~~~[m[K
[1.952s] gmake[2]: *** [CMakeFiles/flight_control_lib.dir/build.make:76: CMakeFiles/flight_control_lib.dir/src/flight_mode.cpp.o] Error 1
[1.953s] gmake[2]: *** Waiting for unfinished jobs....
[1.980s] gmake[2]: *** [CMakeFiles/flight_control_lib.dir/build.make:90: CMakeFiles/flight_control_lib.dir/src/take_off_mode.cpp.o] Error 1
[1.980s] gmake[1]: *** [CMakeFiles/Makefile2:139: CMakeFiles/flight_control_lib.dir/all] Error 2
[1.980s] gmake: *** [Makefile:146: all] Error 2
[1.982s] Invoked command in '/home/henryshum0/SUAS/build/flight_control' returned '2': AMENT_PREFIX_PATH=/home/henryshum0/SUAS/install/px4_ros_com:/home/henryshum0/SUAS/install/px4_msgs:${AMENT_PREFIX_PATH} CMAKE_PREFIX_PATH=/home/henryshum0/SUAS/install/px4_ros_com:/home/henryshum0/SUAS/install/px4_msgs:/opt/ros/humble LD_LIBRARY_PATH=/home/henryshum0/SUAS/install/px4_ros_com/lib:/home/henryshum0/SUAS/install/px4_msgs/lib:${LD_LIBRARY_PATH} PYTHONPATH=/home/henryshum0/SUAS/install/px4_ros_com/local/lib/python3.10/dist-packages:/home/henryshum0/SUAS/install/px4_msgs/local/lib/python3.10/dist-packages:${PYTHONPATH} /usr/bin/cmake --build /home/henryshum0/SUAS/build/flight_control -- -j16 -l16
