[35m[1mConsolidate compiler generated dependencies of target user_input[0m
[  6%] Built target publish_trj_listener
[ 15%] Built target nodesoup
[ 15%] Built target sensor_combined_listener
[ 23%] Built target vehicle_pos_listener
[ 30%] Built target flight_control_lib
[ 33%] Built target cmd_ack_listener
[ 34%] [32mBuilding CXX object CMakeFiles/user_input.dir/src/user_input.cpp.o[0m
[ 38%] Built target offboard_controller
[ 98%] Built target matplot
[100%] [32m[1mLinking CXX executable user_input[0m
[100%] Built target user_input
-- Install configuration: ""
-- Up-to-date: /home/henryshum0/SUAS/install/flight_control/lib/flight_control/offboard_controller
-- Installing: /home/henryshum0/SUAS/install/flight_control/lib/flight_control/user_input
-- Set runtime path of "/home/henryshum0/SUAS/install/flight_control/lib/flight_control/user_input" to ""
-- Up-to-date: /home/henryshum0/SUAS/install/flight_control/lib/flight_control/sensor_combined_listener
-- Up-to-date: /home/henryshum0/SUAS/install/flight_control/lib/flight_control/publish_trj_listener
-- Up-to-date: /home/henryshum0/SUAS/install/flight_control/lib/flight_control/vehicle_pos_listener
-- Up-to-date: /home/henryshum0/SUAS/install/flight_control/lib/flight_control/cmd_ack_listener
-- Up-to-date: /home/henryshum0/SUAS/install/flight_control/include/flight_control/include
-- Up-to-date: /home/henryshum0/SUAS/install/flight_control/include/flight_control/include/lib
-- Up-to-date: /home/henryshum0/SUAS/install/flight_control/include/flight_control/include/lib/utils.hpp
-- Up-to-date: /home/henryshum0/SUAS/install/flight_control/include/flight_control/include/vehicle_storage
-- Up-to-date: /home/henryshum0/SUAS/install/flight_control/include/flight_control/include/vehicle_storage/executor_storage.hpp
-- Up-to-date: /home/henryshum0/SUAS/install/flight_control/include/flight_control/include/vehicle_storage/vehicle_state_storage.hpp
-- Up-to-date: /home/henryshum0/SUAS/install/flight_control/include/flight_control/include/flight_control
-- Up-to-date: /home/henryshum0/SUAS/install/flight_control/include/flight_control/include/flight_control/state_subscribers.hpp
-- Up-to-date: /home/henryshum0/SUAS/install/flight_control/include/flight_control/include/flight_control/flight_executor.hpp
-- Up-to-date: /home/henryshum0/SUAS/install/flight_control/include/flight_control/include/flight_control/control_publishers.hpp
-- Up-to-date: /home/henryshum0/SUAS/install/flight_control/include/flight_control/include/flight_control/input_parser.hpp
-- Up-to-date: /home/henryshum0/SUAS/install/flight_control/lib/libflight_control_lib.so
-- Up-to-date: /home/henryshum0/SUAS/install/flight_control/share/ament_index/resource_index/package_run_dependencies/flight_control
-- Up-to-date: /home/henryshum0/SUAS/install/flight_control/share/ament_index/resource_index/parent_prefix_path/flight_control
-- Up-to-date: /home/henryshum0/SUAS/install/flight_control/share/flight_control/environment/ament_prefix_path.sh
-- Up-to-date: /home/henryshum0/SUAS/install/flight_control/share/flight_control/environment/ament_prefix_path.dsv
-- Up-to-date: /home/henryshum0/SUAS/install/flight_control/share/flight_control/environment/path.sh
-- Up-to-date: /home/henryshum0/SUAS/install/flight_control/share/flight_control/environment/path.dsv
-- Up-to-date: /home/henryshum0/SUAS/install/flight_control/share/flight_control/local_setup.bash
-- Up-to-date: /home/henryshum0/SUAS/install/flight_control/share/flight_control/local_setup.sh
-- Up-to-date: /home/henryshum0/SUAS/install/flight_control/share/flight_control/local_setup.zsh
-- Up-to-date: /home/henryshum0/SUAS/install/flight_control/share/flight_control/local_setup.dsv
-- Installing: /home/henryshum0/SUAS/install/flight_control/share/flight_control/package.dsv
-- Up-to-date: /home/henryshum0/SUAS/install/flight_control/share/ament_index/resource_index/packages/flight_control
-- Up-to-date: /home/henryshum0/SUAS/install/flight_control/share/flight_control/cmake/flight_controlConfig.cmake
-- Up-to-date: /home/henryshum0/SUAS/install/flight_control/share/flight_control/cmake/flight_controlConfig-version.cmake
-- Up-to-date: /home/henryshum0/SUAS/install/flight_control/share/flight_control/package.xml
-- Up-to-date: /home/henryshum0/SUAS/install/flight_control/include/matplot/detail/exports.h
