[0.015s] Invoking command in '/home/henryshum0/SUAS/build/offboard_control_interfaces': CMAKE_PREFIX_PATH=${CMAKE_PREFIX_PATH}:/opt/ros/humble /usr/bin/cmake --build /home/henryshum0/SUAS/build/offboard_control_interfaces -- -j16 -l16
[0.058s] [  3%] Built target offboard_control_interfaces__cpp
[0.059s] [ 12%] Built target offboard_control_interfaces__rosidl_generator_c
[0.071s] [ 12%] Built target ament_cmake_python_copy_offboard_control_interfaces
[0.074s] [ 51%] Built target offboard_control_interfaces__rosidl_typesupport_introspection_c
[0.074s] [ 51%] Built target offboard_control_interfaces__rosidl_typesupport_cpp
[0.074s] [ 51%] Built target offboard_control_interfaces__rosidl_typesupport_introspection_cpp
[0.074s] [ 51%] Built target offboard_control_interfaces__rosidl_typesupport_c
[0.076s] [ 70%] Built target offboard_control_interfaces__rosidl_typesupport_fastrtps_cpp
[0.076s] [ 70%] Built target offboard_control_interfaces__rosidl_typesupport_fastrtps_c
[0.088s] [ 70%] Built target offboard_control_interfaces
[0.100s] [ 74%] Built target offboard_control_interfaces__py
[0.114s] [ 80%] Built target offboard_control_interfaces__rosidl_generator_py
[0.128s] [ 87%] Built target offboard_control_interfaces__rosidl_typesupport_fastrtps_c__pyext
[0.130s] [ 93%] Built target offboard_control_interfaces__rosidl_typesupport_introspection_c__pyext
[0.131s] [100%] Built target offboard_control_interfaces__rosidl_typesupport_c__pyext
[0.236s] running egg_info
[0.236s] writing offboard_control_interfaces.egg-info/PKG-INFO
[0.237s] writing dependency_links to offboard_control_interfaces.egg-info/dependency_links.txt
[0.237s] writing top-level names to offboard_control_interfaces.egg-info/top_level.txt
[0.239s] reading manifest file 'offboard_control_interfaces.egg-info/SOURCES.txt'
[0.240s] writing manifest file 'offboard_control_interfaces.egg-info/SOURCES.txt'
[0.256s] [100%] Built target ament_cmake_python_build_offboard_control_interfaces_egg
[0.263s] Invoked command in '/home/henryshum0/SUAS/build/offboard_control_interfaces' returned '0': CMAKE_PREFIX_PATH=${CMAKE_PREFIX_PATH}:/opt/ros/humble /usr/bin/cmake --build /home/henryshum0/SUAS/build/offboard_control_interfaces -- -j16 -l16
[0.269s] Invoking command in '/home/henryshum0/SUAS/build/offboard_control_interfaces': CMAKE_PREFIX_PATH=${CMAKE_PREFIX_PATH}:/opt/ros/humble /usr/bin/cmake --install /home/henryshum0/SUAS/build/offboard_control_interfaces
[0.274s] -- Install configuration: ""
[0.274s] -- Up-to-date: /home/henryshum0/SUAS/install/offboard_control_interfaces/share/ament_index/resource_index/rosidl_interfaces/offboard_control_interfaces
[0.274s] -- Up-to-date: /home/henryshum0/SUAS/install/offboard_control_interfaces/include/offboard_control_interfaces/offboard_control_interfaces
[0.274s] -- Up-to-date: /home/henryshum0/SUAS/install/offboard_control_interfaces/include/offboard_control_interfaces/offboard_control_interfaces/msg
[0.274s] -- Up-to-date: /home/henryshum0/SUAS/install/offboard_control_interfaces/include/offboard_control_interfaces/offboard_control_interfaces/msg/rosidl_generator_c__visibility_control.h
[0.274s] -- Up-to-date: /home/henryshum0/SUAS/install/offboard_control_interfaces/include/offboard_control_interfaces/offboard_control_interfaces/msg/detail
[0.275s] -- Up-to-date: /home/henryshum0/SUAS/install/offboard_control_interfaces/include/offboard_control_interfaces/offboard_control_interfaces/msg/detail/user_command__struct.h
[0.275s] -- Up-to-date: /home/henryshum0/SUAS/install/offboard_control_interfaces/include/offboard_control_interfaces/offboard_control_interfaces/msg/detail/user_command__functions.h
[0.275s] -- Up-to-date: /home/henryshum0/SUAS/install/offboard_control_interfaces/include/offboard_control_interfaces/offboard_control_interfaces/msg/detail/user_command__functions.c
[0.275s] -- Up-to-date: /home/henryshum0/SUAS/install/offboard_control_interfaces/include/offboard_control_interfaces/offboard_control_interfaces/msg/detail/user_command__type_support.h
[0.275s] -- Up-to-date: /home/henryshum0/SUAS/install/offboard_control_interfaces/include/offboard_control_interfaces/offboard_control_interfaces/msg/user_command.h
[0.275s] -- Up-to-date: /home/henryshum0/SUAS/install/offboard_control_interfaces/share/offboard_control_interfaces/environment/library_path.sh
[0.275s] -- Up-to-date: /home/henryshum0/SUAS/install/offboard_control_interfaces/share/offboard_control_interfaces/environment/library_path.dsv
[0.276s] -- Up-to-date: /home/henryshum0/SUAS/install/offboard_control_interfaces/lib/liboffboard_control_interfaces__rosidl_generator_c.so
[0.276s] -- Up-to-date: /home/henryshum0/SUAS/install/offboard_control_interfaces/include/offboard_control_interfaces/offboard_control_interfaces
[0.276s] -- Up-to-date: /home/henryshum0/SUAS/install/offboard_control_interfaces/include/offboard_control_interfaces/offboard_control_interfaces/msg
[0.276s] -- Up-to-date: /home/henryshum0/SUAS/install/offboard_control_interfaces/include/offboard_control_interfaces/offboard_control_interfaces/msg/rosidl_typesupport_fastrtps_c__visibility_control.h
[0.276s] -- Up-to-date: /home/henryshum0/SUAS/install/offboard_control_interfaces/include/offboard_control_interfaces/offboard_control_interfaces/msg/detail
[0.276s] -- Up-to-date: /home/henryshum0/SUAS/install/offboard_control_interfaces/include/offboard_control_interfaces/offboard_control_interfaces/msg/detail/user_command__rosidl_typesupport_fastrtps_c.h
[0.277s] -- Up-to-date: /home/henryshum0/SUAS/install/offboard_control_interfaces/lib/liboffboard_control_interfaces__rosidl_typesupport_fastrtps_c.so
[0.277s] -- Up-to-date: /home/henryshum0/SUAS/install/offboard_control_interfaces/include/offboard_control_interfaces/offboard_control_interfaces
[0.277s] -- Up-to-date: /home/henryshum0/SUAS/install/offboard_control_interfaces/include/offboard_control_interfaces/offboard_control_interfaces/msg
[0.277s] -- Up-to-date: /home/henryshum0/SUAS/install/offboard_control_interfaces/include/offboard_control_interfaces/offboard_control_interfaces/msg/rosidl_typesupport_introspection_c__visibility_control.h
[0.277s] -- Up-to-date: /home/henryshum0/SUAS/install/offboard_control_interfaces/include/offboard_control_interfaces/offboard_control_interfaces/msg/detail
[0.277s] -- Up-to-date: /home/henryshum0/SUAS/install/offboard_control_interfaces/include/offboard_control_interfaces/offboard_control_interfaces/msg/detail/user_command__type_support.c
[0.277s] -- Up-to-date: /home/henryshum0/SUAS/install/offboard_control_interfaces/include/offboard_control_interfaces/offboard_control_interfaces/msg/detail/user_command__rosidl_typesupport_introspection_c.h
[0.277s] -- Up-to-date: /home/henryshum0/SUAS/install/offboard_control_interfaces/lib/liboffboard_control_interfaces__rosidl_typesupport_introspection_c.so
[0.278s] -- Up-to-date: /home/henryshum0/SUAS/install/offboard_control_interfaces/lib/liboffboard_control_interfaces__rosidl_typesupport_c.so
[0.278s] -- Up-to-date: /home/henryshum0/SUAS/install/offboard_control_interfaces/include/offboard_control_interfaces/offboard_control_interfaces
[0.278s] -- Up-to-date: /home/henryshum0/SUAS/install/offboard_control_interfaces/include/offboard_control_interfaces/offboard_control_interfaces/msg
[0.278s] -- Up-to-date: /home/henryshum0/SUAS/install/offboard_control_interfaces/include/offboard_control_interfaces/offboard_control_interfaces/msg/rosidl_generator_cpp__visibility_control.hpp
[0.279s] -- Up-to-date: /home/henryshum0/SUAS/install/offboard_control_interfaces/include/offboard_control_interfaces/offboard_control_interfaces/msg/user_command.hpp
[0.279s] -- Up-to-date: /home/henryshum0/SUAS/install/offboard_control_interfaces/include/offboard_control_interfaces/offboard_control_interfaces/msg/detail
[0.279s] -- Up-to-date: /home/henryshum0/SUAS/install/offboard_control_interfaces/include/offboard_control_interfaces/offboard_control_interfaces/msg/detail/user_command__traits.hpp
[0.279s] -- Up-to-date: /home/henryshum0/SUAS/install/offboard_control_interfaces/include/offboard_control_interfaces/offboard_control_interfaces/msg/detail/user_command__struct.hpp
[0.279s] -- Up-to-date: /home/henryshum0/SUAS/install/offboard_control_interfaces/include/offboard_control_interfaces/offboard_control_interfaces/msg/detail/user_command__type_support.hpp
[0.279s] -- Up-to-date: /home/henryshum0/SUAS/install/offboard_control_interfaces/include/offboard_control_interfaces/offboard_control_interfaces/msg/detail/user_command__builder.hpp
[0.279s] -- Up-to-date: /home/henryshum0/SUAS/install/offboard_control_interfaces/include/offboard_control_interfaces/offboard_control_interfaces
[0.279s] -- Up-to-date: /home/henryshum0/SUAS/install/offboard_control_interfaces/include/offboard_control_interfaces/offboard_control_interfaces/msg
[0.279s] -- Up-to-date: /home/henryshum0/SUAS/install/offboard_control_interfaces/include/offboard_control_interfaces/offboard_control_interfaces/msg/rosidl_typesupport_fastrtps_cpp__visibility_control.h
[0.280s] -- Up-to-date: /home/henryshum0/SUAS/install/offboard_control_interfaces/include/offboard_control_interfaces/offboard_control_interfaces/msg/detail
[0.280s] -- Up-to-date: /home/henryshum0/SUAS/install/offboard_control_interfaces/include/offboard_control_interfaces/offboard_control_interfaces/msg/detail/user_command__rosidl_typesupport_fastrtps_cpp.hpp
[0.280s] -- Up-to-date: /home/henryshum0/SUAS/install/offboard_control_interfaces/include/offboard_control_interfaces/offboard_control_interfaces/msg/detail/dds_fastrtps
[0.281s] -- Up-to-date: /home/henryshum0/SUAS/install/offboard_control_interfaces/lib/liboffboard_control_interfaces__rosidl_typesupport_fastrtps_cpp.so
[0.281s] -- Up-to-date: /home/henryshum0/SUAS/install/offboard_control_interfaces/include/offboard_control_interfaces/offboard_control_interfaces
[0.281s] -- Up-to-date: /home/henryshum0/SUAS/install/offboard_control_interfaces/include/offboard_control_interfaces/offboard_control_interfaces/msg
[0.281s] -- Up-to-date: /home/henryshum0/SUAS/install/offboard_control_interfaces/include/offboard_control_interfaces/offboard_control_interfaces/msg/detail
[0.281s] -- Up-to-date: /home/henryshum0/SUAS/install/offboard_control_interfaces/include/offboard_control_interfaces/offboard_control_interfaces/msg/detail/user_command__rosidl_typesupport_introspection_cpp.hpp
[0.281s] -- Up-to-date: /home/henryshum0/SUAS/install/offboard_control_interfaces/include/offboard_control_interfaces/offboard_control_interfaces/msg/detail/user_command__type_support.cpp
[0.282s] -- Up-to-date: /home/henryshum0/SUAS/install/offboard_control_interfaces/lib/liboffboard_control_interfaces__rosidl_typesupport_introspection_cpp.so
[0.282s] -- Up-to-date: /home/henryshum0/SUAS/install/offboard_control_interfaces/lib/liboffboard_control_interfaces__rosidl_typesupport_cpp.so
[0.283s] -- Up-to-date: /home/henryshum0/SUAS/install/offboard_control_interfaces/share/offboard_control_interfaces/environment/pythonpath.sh
[0.283s] -- Up-to-date: /home/henryshum0/SUAS/install/offboard_control_interfaces/share/offboard_control_interfaces/environment/pythonpath.dsv
[0.283s] -- Up-to-date: /home/henryshum0/SUAS/install/offboard_control_interfaces/local/lib/python3.10/dist-packages/offboard_control_interfaces-0.0.0-py3.10.egg-info
[0.283s] -- Installing: /home/henryshum0/SUAS/install/offboard_control_interfaces/local/lib/python3.10/dist-packages/offboard_control_interfaces-0.0.0-py3.10.egg-info/top_level.txt
[0.283s] -- Installing: /home/henryshum0/SUAS/install/offboard_control_interfaces/local/lib/python3.10/dist-packages/offboard_control_interfaces-0.0.0-py3.10.egg-info/SOURCES.txt
[0.283s] -- Installing: /home/henryshum0/SUAS/install/offboard_control_interfaces/local/lib/python3.10/dist-packages/offboard_control_interfaces-0.0.0-py3.10.egg-info/dependency_links.txt
[0.283s] -- Installing: /home/henryshum0/SUAS/install/offboard_control_interfaces/local/lib/python3.10/dist-packages/offboard_control_interfaces-0.0.0-py3.10.egg-info/PKG-INFO
[0.283s] -- Up-to-date: /home/henryshum0/SUAS/install/offboard_control_interfaces/local/lib/python3.10/dist-packages/offboard_control_interfaces
[0.283s] -- Up-to-date: /home/henryshum0/SUAS/install/offboard_control_interfaces/local/lib/python3.10/dist-packages/offboard_control_interfaces/_offboard_control_interfaces_s.ep.rosidl_typesupport_c.c
[0.283s] -- Up-to-date: /home/henryshum0/SUAS/install/offboard_control_interfaces/local/lib/python3.10/dist-packages/offboard_control_interfaces/_offboard_control_interfaces_s.ep.rosidl_typesupport_introspection_c.c
[0.283s] -- Up-to-date: /home/henryshum0/SUAS/install/offboard_control_interfaces/local/lib/python3.10/dist-packages/offboard_control_interfaces/offboard_control_interfaces_s__rosidl_typesupport_fastrtps_c.cpython-310-x86_64-linux-gnu.so
[0.283s] -- Up-to-date: /home/henryshum0/SUAS/install/offboard_control_interfaces/local/lib/python3.10/dist-packages/offboard_control_interfaces/offboard_control_interfaces_s__rosidl_typesupport_introspection_c.cpython-310-x86_64-linux-gnu.so
[0.283s] -- Up-to-date: /home/henryshum0/SUAS/install/offboard_control_interfaces/local/lib/python3.10/dist-packages/offboard_control_interfaces/_offboard_control_interfaces_s.ep.rosidl_typesupport_fastrtps_c.c
[0.284s] -- Up-to-date: /home/henryshum0/SUAS/install/offboard_control_interfaces/local/lib/python3.10/dist-packages/offboard_control_interfaces/offboard_control_interfaces_s__rosidl_typesupport_c.cpython-310-x86_64-linux-gnu.so
[0.284s] -- Up-to-date: /home/henryshum0/SUAS/install/offboard_control_interfaces/local/lib/python3.10/dist-packages/offboard_control_interfaces/msg
[0.284s] -- Up-to-date: /home/henryshum0/SUAS/install/offboard_control_interfaces/local/lib/python3.10/dist-packages/offboard_control_interfaces/msg/__init__.py
[0.284s] -- Up-to-date: /home/henryshum0/SUAS/install/offboard_control_interfaces/local/lib/python3.10/dist-packages/offboard_control_interfaces/msg/_user_command.py
[0.284s] -- Up-to-date: /home/henryshum0/SUAS/install/offboard_control_interfaces/local/lib/python3.10/dist-packages/offboard_control_interfaces/msg/_user_command_s.c
[0.284s] -- Up-to-date: /home/henryshum0/SUAS/install/offboard_control_interfaces/local/lib/python3.10/dist-packages/offboard_control_interfaces/__init__.py
[0.284s] -- Up-to-date: /home/henryshum0/SUAS/install/offboard_control_interfaces/local/lib/python3.10/dist-packages/offboard_control_interfaces/liboffboard_control_interfaces__rosidl_generator_py.so
[0.307s] Listing '/home/henryshum0/SUAS/install/offboard_control_interfaces/local/lib/python3.10/dist-packages/offboard_control_interfaces'...
[0.307s] Listing '/home/henryshum0/SUAS/install/offboard_control_interfaces/local/lib/python3.10/dist-packages/offboard_control_interfaces/msg'...
[0.310s] -- Up-to-date: /home/henryshum0/SUAS/install/offboard_control_interfaces/local/lib/python3.10/dist-packages/offboard_control_interfaces/offboard_control_interfaces_s__rosidl_typesupport_fastrtps_c.cpython-310-x86_64-linux-gnu.so
[0.311s] -- Up-to-date: /home/henryshum0/SUAS/install/offboard_control_interfaces/local/lib/python3.10/dist-packages/offboard_control_interfaces/offboard_control_interfaces_s__rosidl_typesupport_introspection_c.cpython-310-x86_64-linux-gnu.so
[0.311s] -- Up-to-date: /home/henryshum0/SUAS/install/offboard_control_interfaces/local/lib/python3.10/dist-packages/offboard_control_interfaces/offboard_control_interfaces_s__rosidl_typesupport_c.cpython-310-x86_64-linux-gnu.so
[0.312s] -- Up-to-date: /home/henryshum0/SUAS/install/offboard_control_interfaces/lib/liboffboard_control_interfaces__rosidl_generator_py.so
[0.312s] -- Up-to-date: /home/henryshum0/SUAS/install/offboard_control_interfaces/share/offboard_control_interfaces/msg/UserCommand.idl
[0.312s] -- Up-to-date: /home/henryshum0/SUAS/install/offboard_control_interfaces/share/offboard_control_interfaces/msg/UserCommand.msg
[0.312s] -- Up-to-date: /home/henryshum0/SUAS/install/offboard_control_interfaces/share/ament_index/resource_index/package_run_dependencies/offboard_control_interfaces
[0.313s] -- Up-to-date: /home/henryshum0/SUAS/install/offboard_control_interfaces/share/ament_index/resource_index/parent_prefix_path/offboard_control_interfaces
[0.313s] -- Up-to-date: /home/henryshum0/SUAS/install/offboard_control_interfaces/share/offboard_control_interfaces/environment/ament_prefix_path.sh
[0.313s] -- Up-to-date: /home/henryshum0/SUAS/install/offboard_control_interfaces/share/offboard_control_interfaces/environment/ament_prefix_path.dsv
[0.313s] -- Up-to-date: /home/henryshum0/SUAS/install/offboard_control_interfaces/share/offboard_control_interfaces/environment/path.sh
[0.313s] -- Up-to-date: /home/henryshum0/SUAS/install/offboard_control_interfaces/share/offboard_control_interfaces/environment/path.dsv
[0.313s] -- Up-to-date: /home/henryshum0/SUAS/install/offboard_control_interfaces/share/offboard_control_interfaces/local_setup.bash
[0.313s] -- Up-to-date: /home/henryshum0/SUAS/install/offboard_control_interfaces/share/offboard_control_interfaces/local_setup.sh
[0.313s] -- Up-to-date: /home/henryshum0/SUAS/install/offboard_control_interfaces/share/offboard_control_interfaces/local_setup.zsh
[0.313s] -- Up-to-date: /home/henryshum0/SUAS/install/offboard_control_interfaces/share/offboard_control_interfaces/local_setup.dsv
[0.313s] -- Installing: /home/henryshum0/SUAS/install/offboard_control_interfaces/share/offboard_control_interfaces/package.dsv
[0.313s] -- Up-to-date: /home/henryshum0/SUAS/install/offboard_control_interfaces/share/ament_index/resource_index/packages/offboard_control_interfaces
[0.314s] -- Up-to-date: /home/henryshum0/SUAS/install/offboard_control_interfaces/share/offboard_control_interfaces/cmake/export_offboard_control_interfaces__rosidl_generator_cExport.cmake
[0.314s] -- Up-to-date: /home/henryshum0/SUAS/install/offboard_control_interfaces/share/offboard_control_interfaces/cmake/export_offboard_control_interfaces__rosidl_generator_cExport-noconfig.cmake
[0.314s] -- Up-to-date: /home/henryshum0/SUAS/install/offboard_control_interfaces/share/offboard_control_interfaces/cmake/export_offboard_control_interfaces__rosidl_typesupport_fastrtps_cExport.cmake
[0.314s] -- Up-to-date: /home/henryshum0/SUAS/install/offboard_control_interfaces/share/offboard_control_interfaces/cmake/export_offboard_control_interfaces__rosidl_typesupport_fastrtps_cExport-noconfig.cmake
[0.314s] -- Up-to-date: /home/henryshum0/SUAS/install/offboard_control_interfaces/share/offboard_control_interfaces/cmake/offboard_control_interfaces__rosidl_typesupport_introspection_cExport.cmake
[0.315s] -- Up-to-date: /home/henryshum0/SUAS/install/offboard_control_interfaces/share/offboard_control_interfaces/cmake/offboard_control_interfaces__rosidl_typesupport_introspection_cExport-noconfig.cmake
[0.315s] -- Up-to-date: /home/henryshum0/SUAS/install/offboard_control_interfaces/share/offboard_control_interfaces/cmake/offboard_control_interfaces__rosidl_typesupport_cExport.cmake
[0.315s] -- Up-to-date: /home/henryshum0/SUAS/install/offboard_control_interfaces/share/offboard_control_interfaces/cmake/offboard_control_interfaces__rosidl_typesupport_cExport-noconfig.cmake
[0.316s] -- Up-to-date: /home/henryshum0/SUAS/install/offboard_control_interfaces/share/offboard_control_interfaces/cmake/export_offboard_control_interfaces__rosidl_generator_cppExport.cmake
[0.316s] -- Up-to-date: /home/henryshum0/SUAS/install/offboard_control_interfaces/share/offboard_control_interfaces/cmake/export_offboard_control_interfaces__rosidl_typesupport_fastrtps_cppExport.cmake
[0.316s] -- Up-to-date: /home/henryshum0/SUAS/install/offboard_control_interfaces/share/offboard_control_interfaces/cmake/export_offboard_control_interfaces__rosidl_typesupport_fastrtps_cppExport-noconfig.cmake
[0.317s] -- Up-to-date: /home/henryshum0/SUAS/install/offboard_control_interfaces/share/offboard_control_interfaces/cmake/offboard_control_interfaces__rosidl_typesupport_introspection_cppExport.cmake
[0.317s] -- Up-to-date: /home/henryshum0/SUAS/install/offboard_control_interfaces/share/offboard_control_interfaces/cmake/offboard_control_interfaces__rosidl_typesupport_introspection_cppExport-noconfig.cmake
[0.317s] -- Up-to-date: /home/henryshum0/SUAS/install/offboard_control_interfaces/share/offboard_control_interfaces/cmake/offboard_control_interfaces__rosidl_typesupport_cppExport.cmake
[0.317s] -- Up-to-date: /home/henryshum0/SUAS/install/offboard_control_interfaces/share/offboard_control_interfaces/cmake/offboard_control_interfaces__rosidl_typesupport_cppExport-noconfig.cmake
[0.318s] -- Up-to-date: /home/henryshum0/SUAS/install/offboard_control_interfaces/share/offboard_control_interfaces/cmake/export_offboard_control_interfaces__rosidl_generator_pyExport.cmake
[0.318s] -- Up-to-date: /home/henryshum0/SUAS/install/offboard_control_interfaces/share/offboard_control_interfaces/cmake/export_offboard_control_interfaces__rosidl_generator_pyExport-noconfig.cmake
[0.318s] -- Up-to-date: /home/henryshum0/SUAS/install/offboard_control_interfaces/share/offboard_control_interfaces/cmake/rosidl_cmake-extras.cmake
[0.318s] -- Up-to-date: /home/henryshum0/SUAS/install/offboard_control_interfaces/share/offboard_control_interfaces/cmake/ament_cmake_export_include_directories-extras.cmake
[0.318s] -- Up-to-date: /home/henryshum0/SUAS/install/offboard_control_interfaces/share/offboard_control_interfaces/cmake/ament_cmake_export_libraries-extras.cmake
[0.318s] -- Up-to-date: /home/henryshum0/SUAS/install/offboard_control_interfaces/share/offboard_control_interfaces/cmake/ament_cmake_export_targets-extras.cmake
[0.318s] -- Up-to-date: /home/henryshum0/SUAS/install/offboard_control_interfaces/share/offboard_control_interfaces/cmake/rosidl_cmake_export_typesupport_targets-extras.cmake
[0.319s] -- Up-to-date: /home/henryshum0/SUAS/install/offboard_control_interfaces/share/offboard_control_interfaces/cmake/ament_cmake_export_dependencies-extras.cmake
[0.319s] -- Up-to-date: /home/henryshum0/SUAS/install/offboard_control_interfaces/share/offboard_control_interfaces/cmake/rosidl_cmake_export_typesupport_libraries-extras.cmake
[0.319s] -- Up-to-date: /home/henryshum0/SUAS/install/offboard_control_interfaces/share/offboard_control_interfaces/cmake/offboard_control_interfacesConfig.cmake
[0.319s] -- Up-to-date: /home/henryshum0/SUAS/install/offboard_control_interfaces/share/offboard_control_interfaces/cmake/offboard_control_interfacesConfig-version.cmake
[0.319s] -- Up-to-date: /home/henryshum0/SUAS/install/offboard_control_interfaces/share/offboard_control_interfaces/package.xml
[0.321s] Invoked command in '/home/henryshum0/SUAS/build/offboard_control_interfaces' returned '0': CMAKE_PREFIX_PATH=${CMAKE_PREFIX_PATH}:/opt/ros/humble /usr/bin/cmake --install /home/henryshum0/SUAS/build/offboard_control_interfaces
