-- Found ament_cmake: 1.3.11 (/opt/ros/humble/share/ament_cmake/cmake)
-- Found rclcpp: 16.0.11 (/opt/ros/humble/share/rclcpp/cmake)
-- Found rosidl_generator_c: 3.1.6 (/opt/ros/humble/share/rosidl_generator_c/cmake)
-- Found rosidl_adapter: 3.1.6 (/opt/ros/humble/share/rosidl_adapter/cmake)
-- Found rosidl_generator_cpp: 3.1.6 (/opt/ros/humble/share/rosidl_generator_cpp/cmake)
-- Using all available rosidl_typesupport_c: rosidl_typesupport_fastrtps_c;rosidl_typesupport_introspection_c
-- Using all available rosidl_typesupport_cpp: rosidl_typesupport_fastrtps_cpp;rosidl_typesupport_introspection_cpp
-- Found rmw_implementation_cmake: 6.1.2 (/opt/ros/humble/share/rmw_implementation_cmake/cmake)
-- Found rmw_fastrtps_cpp: 6.2.7 (/opt/ros/humble/share/rmw_fastrtps_cpp/cmake)
-- Using RMW implementation 'rmw_fastrtps_cpp' as default
-- Found px4_msgs: 2.0.1 (/home/henryshum0/SUAS/install/px4_msgs/share/px4_msgs/cmake)
-- Found px4_ros_com: 0.1.0 (/home/henryshum0/SUAS/install/px4_ros_com/share/px4_ros_com/cmake)
-- Found ament_lint_auto: 0.12.11 (/opt/ros/humble/share/ament_lint_auto/cmake)
-- Added test 'cppcheck' to perform static code analysis on C / C++ code
-- Configured cppcheck include dirs: /home/henryshum0/SUAS/src/flight_control/include;$<BUILD_INTERFACE:/home/henryshum0/SUAS/src/flight_control/include>
-- Configured cppcheck exclude dirs and/or files: 
-- Added test 'lint_cmake' to check CMake code style
-- Added test 'uncrustify' to check C / C++ code style
-- Configured uncrustify additional arguments: 
-- Added test 'xmllint' to check XML markup files
-- Configuring done
-- Generating done
-- Build files have been written to: /home/henryshum0/SUAS/build/flight_control
[ 12%] [32mBuilding CXX object CMakeFiles/flight_control_lib.dir/src/flight_control/control_publishers.cpp.o[0m
[ 50%] [32mBuilding CXX object CMakeFiles/flight_control_lib.dir/src/flight_control/state_subscribers.cpp.o[0m
[ 62%] [32mBuilding CXX object CMakeFiles/flight_control_lib.dir/src/lib/frame_conversion.cpp.o[0m
[ 62%] [32mBuilding CXX object CMakeFiles/flight_control_lib.dir/src/flight_control/vehicle_state.cpp.o[0m
[ 50%] [32mBuilding CXX object CMakeFiles/flight_control_lib.dir/src/flight_control/mode_executor.cpp.o[0m
[01m[K/home/henryshum0/SUAS/src/flight_control/src/flight_control/state_subscribers.cpp:[m[K In constructor ‘[01m[KStateSubscriber::StateSubscriber(std::shared_ptr<VehicleState>)[m[K’:
[01m[K/home/henryshum0/SUAS/src/flight_control/src/flight_control/state_subscribers.cpp:10:24:[m[K [01;31m[Kerror: [m[Kinvalid use of non-static member function ‘[01m[Kvoid StateSubscriber::local_pos_callback(px4_msgs::msg::VehicleLocalPosition_<std::allocator<void> >::UniquePtr)[m[K’
   10 |         qos, std::bind([01;31m[Klocal_pos_callback[m[K, this, std::placeholders::_1));
      |                        [01;31m[K^~~~~~~~~~~~~~~~~~[m[K
In file included from [01m[K/home/henryshum0/SUAS/src/flight_control/src/flight_control/state_subscribers.cpp:1[m[K:
[01m[K/home/henryshum0/SUAS/src/flight_control/include/flight_control/state_subscribers.hpp:32:10:[m[K [01;36m[Knote: [m[Kdeclared here
   32 |     void [01;36m[Klocal_pos_callback[m[K(const VehicleLocalPosition::UniquePtr msg);
      |          [01;36m[K^~~~~~~~~~~~~~~~~~[m[K
[01m[K/home/henryshum0/SUAS/src/flight_control/src/flight_control/state_subscribers.cpp:12:24:[m[K [01;31m[Kerror: [m[Kinvalid use of non-static member function ‘[01m[Kvoid StateSubscriber::vehicle_status_callback(px4_msgs::msg::VehicleStatus_<std::allocator<void> >::UniquePtr)[m[K’
   12 |         qos, std::bind([01;31m[Kvehicle_status_callback[m[K, this, std::placeholders::_1));
      |                        [01;31m[K^~~~~~~~~~~~~~~~~~~~~~~[m[K
In file included from [01m[K/home/henryshum0/SUAS/src/flight_control/src/flight_control/state_subscribers.cpp:1[m[K:
[01m[K/home/henryshum0/SUAS/src/flight_control/include/flight_control/state_subscribers.hpp:33:10:[m[K [01;36m[Knote: [m[Kdeclared here
   33 |     void [01;36m[Kvehicle_status_callback[m[K(const VehicleStatus::UniquePtr msg);
      |          [01;36m[K^~~~~~~~~~~~~~~~~~~~~~~[m[K
[01m[K/home/henryshum0/SUAS/src/flight_control/src/flight_control/state_subscribers.cpp:14:24:[m[K [01;31m[Kerror: [m[Kinvalid use of non-static member function ‘[01m[Kvoid StateSubscriber::vehicle_land_callback(px4_msgs::msg::VehicleLandDetected_<std::allocator<void> >::UniquePtr)[m[K’
   14 |         qos, std::bind([01;31m[Kvehicle_land_callback[m[K, this, std::placeholders::_1));
      |                        [01;31m[K^~~~~~~~~~~~~~~~~~~~~[m[K
In file included from [01m[K/home/henryshum0/SUAS/src/flight_control/src/flight_control/state_subscribers.cpp:1[m[K:
[01m[K/home/henryshum0/SUAS/src/flight_control/include/flight_control/state_subscribers.hpp:34:10:[m[K [01;36m[Knote: [m[Kdeclared here
   34 |     void [01;36m[Kvehicle_land_callback[m[K(const VehicleLandDetected::UniquePtr msg);
      |          [01;36m[K^~~~~~~~~~~~~~~~~~~~~[m[K
gmake[2]: *** [CMakeFiles/flight_control_lib.dir/build.make:90: CMakeFiles/flight_control_lib.dir/src/flight_control/state_subscribers.cpp.o] Error 1
gmake[2]: *** Waiting for unfinished jobs....
gmake[1]: *** [CMakeFiles/Makefile2:139: CMakeFiles/flight_control_lib.dir/all] Error 2
gmake: *** [Makefile:146: all] Error 2
