[0mSetting matplotplusplus compiler options[0m
[01m[K/home/henryshum0/SUAS/src/flight_control/src/flight_control/input_parser.cpp:[m[K In member function ‘[01m[Kvoid InputParser::new_input_callback(offboard_control_interfaces::msg::UserCommand_<std::allocator<void> >::UniquePtr)[m[K’:
[01m[K/home/henryshum0/SUAS/src/flight_control/src/flight_control/input_parser.cpp:52:27:[m[K [01;31m[Kerror: [m[Kjump to case label
   52 |         case UserCommand::[01;31m[KWAYPOINT[m[K:
      |                           [01;31m[K^~~~~~~~[m[K
[01m[K/home/henryshum0/SUAS/src/flight_control/src/flight_control/input_parser.cpp:22:17:[m[K [01;36m[Knote: [m[K  crosses initialization of ‘[01m[Kint landing_c[m[K’
   22 |             int [01;36m[Klanding_c[m[K = executor_storage->get_mission_count(MISSION::LAND);
      |                 [01;36m[K^~~~~~~~~[m[K
[01m[K/home/henryshum0/SUAS/src/flight_control/src/flight_control/input_parser.cpp:21:17:[m[K [01;36m[Knote: [m[K  crosses initialization of ‘[01m[Kint takeoff_c[m[K’
   21 |             int [01;36m[Ktakeoff_c[m[K = executor_storage->get_mission_count(MISSION::TAKEOFF);
      |                 [01;36m[K^~~~~~~~~[m[K
[01m[K/home/henryshum0/SUAS/src/flight_control/src/flight_control/input_parser.cpp:55:27:[m[K [01;31m[Kerror: [m[Kjump to case label
   55 |         case UserCommand::[01;31m[KEXECUTE[m[K:
      |                           [01;31m[K^~~~~~~[m[K
[01m[K/home/henryshum0/SUAS/src/flight_control/src/flight_control/input_parser.cpp:22:17:[m[K [01;36m[Knote: [m[K  crosses initialization of ‘[01m[Kint landing_c[m[K’
   22 |             int [01;36m[Klanding_c[m[K = executor_storage->get_mission_count(MISSION::LAND);
      |                 [01;36m[K^~~~~~~~~[m[K
[01m[K/home/henryshum0/SUAS/src/flight_control/src/flight_control/input_parser.cpp:21:17:[m[K [01;36m[Knote: [m[K  crosses initialization of ‘[01m[Kint takeoff_c[m[K’
   21 |             int [01;36m[Ktakeoff_c[m[K = executor_storage->get_mission_count(MISSION::TAKEOFF);
      |                 [01;36m[K^~~~~~~~~[m[K
[01m[K/home/henryshum0/SUAS/src/flight_control/src/flight_control/input_parser.cpp:61:9:[m[K [01;31m[Kerror: [m[Kjump to case label
   61 |         [01;31m[Kdefault[m[K:
      |         [01;31m[K^~~~~~~[m[K
[01m[K/home/henryshum0/SUAS/src/flight_control/src/flight_control/input_parser.cpp:22:17:[m[K [01;36m[Knote: [m[K  crosses initialization of ‘[01m[Kint landing_c[m[K’
   22 |             int [01;36m[Klanding_c[m[K = executor_storage->get_mission_count(MISSION::LAND);
      |                 [01;36m[K^~~~~~~~~[m[K
[01m[K/home/henryshum0/SUAS/src/flight_control/src/flight_control/input_parser.cpp:21:17:[m[K [01;36m[Knote: [m[K  crosses initialization of ‘[01m[Kint takeoff_c[m[K’
   21 |             int [01;36m[Ktakeoff_c[m[K = executor_storage->get_mission_count(MISSION::TAKEOFF);
      |                 [01;36m[K^~~~~~~~~[m[K
[01m[K/home/henryshum0/SUAS/src/flight_control/src/flight_control/input_parser.cpp:[m[K In member function ‘[01m[Kvoid InputParser::print_rej_msg(uint8_t)[m[K’:
[01m[K/home/henryshum0/SUAS/src/flight_control/src/flight_control/input_parser.cpp:86:26:[m[K [01;35m[Kwarning: [m[Kthis statement may fall through [[01;35m[K]8;;https://gcc.gnu.org/onlinedocs/gcc/Warning-Options.html#index-Wimplicit-fallthrough=-Wimplicit-fallthrough=]8;;[m[K]
   86 |             reason_str = [01;35m[K"take off height is not feasible"[m[K;
      |                          [01;35m[K^~~~~~~~~~~~~~~~~~~~~~~~~~~~~~~~~[m[K
[01m[K/home/henryshum0/SUAS/src/flight_control/src/flight_control/input_parser.cpp:87:9:[m[K [01;36m[Knote: [m[Khere
   87 |         [01;36m[Kcase[m[K UserCommand::REJECT_SPEED_INFEASIBLE:
      |         [01;36m[K^~~~[m[K
[01m[K/home/henryshum0/SUAS/src/flight_control/src/flight_control/input_parser.cpp:88:26:[m[K [01;35m[Kwarning: [m[Kthis statement may fall through [[01;35m[K]8;;https://gcc.gnu.org/onlinedocs/gcc/Warning-Options.html#index-Wimplicit-fallthrough=-Wimplicit-fallthrough=]8;;[m[K]
   88 |             reason_str = [01;35m[K"speed is not feasible"[m[K;
      |                          [01;35m[K^~~~~~~~~~~~~~~~~~~~~~~[m[K
[01m[K/home/henryshum0/SUAS/src/flight_control/src/flight_control/input_parser.cpp:89:9:[m[K [01;36m[Knote: [m[Khere
   89 |         [01;36m[Kdefault[m[K:
      |         [01;36m[K^~~~~~~[m[K
gmake[2]: *** [CMakeFiles/flight_control_lib.dir/build.make:118: CMakeFiles/flight_control_lib.dir/src/flight_control/input_parser.cpp.o] Error 1
gmake[2]: *** Waiting for unfinished jobs....
gmake[1]: *** [CMakeFiles/Makefile2:214: CMakeFiles/flight_control_lib.dir/all] Error 2
gmake: *** [Makefile:146: all] Error 2
