[0.072s] Invoking command in '/home/henryshum0/SUAS/build/flight_control': CMAKE_PREFIX_PATH=/home/henryshum0/SUAS/install/px4_ros_com:/home/henryshum0/SUAS/install/px4_msgs:/home/henryshum0/SUAS/install/offboard_control_interfaces:/home/henryshum0/SUAS/install/flight_control:/opt/ros/humble LD_LIBRARY_PATH=/home/henryshum0/SUAS/install/px4_ros_com/lib:/home/henryshum0/SUAS/install/px4_msgs/lib:/home/henryshum0/SUAS/install/offboard_control_interfaces/lib:/home/henryshum0/SUAS/install/flight_control/lib:/opt/ros/humble/opt/rviz_ogre_vendor/lib:/opt/ros/humble/lib/x86_64-linux-gnu:/opt/ros/humble/lib /usr/bin/cmake --build /home/henryshum0/SUAS/build/flight_control -- -j16 -l16
[0.085s] -- Found ament_cmake: 1.3.11 (/opt/ros/humble/share/ament_cmake/cmake)
[0.164s] -- Found rclcpp: 16.0.11 (/opt/ros/humble/share/rclcpp/cmake)
[0.218s] -- Found rosidl_generator_c: 3.1.6 (/opt/ros/humble/share/rosidl_generator_c/cmake)
[0.220s] -- Found rosidl_adapter: 3.1.6 (/opt/ros/humble/share/rosidl_adapter/cmake)
[0.223s] -- Found rosidl_generator_cpp: 3.1.6 (/opt/ros/humble/share/rosidl_generator_cpp/cmake)
[0.229s] -- Using all available rosidl_typesupport_c: rosidl_typesupport_fastrtps_c;rosidl_typesupport_introspection_c
[0.235s] -- Using all available rosidl_typesupport_cpp: rosidl_typesupport_fastrtps_cpp;rosidl_typesupport_introspection_cpp
[0.253s] -- Found rmw_implementation_cmake: 6.1.2 (/opt/ros/humble/share/rmw_implementation_cmake/cmake)
[0.253s] -- Found rmw_fastrtps_cpp: 6.2.7 (/opt/ros/humble/share/rmw_fastrtps_cpp/cmake)
[1.987s] -- Using RMW implementation 'rmw_fastrtps_cpp' as default
[2.016s] -- Found px4_msgs: 2.0.1 (/home/henryshum0/SUAS/install/px4_msgs/share/px4_msgs/cmake)
[2.023s] -- Found px4_ros_com: 0.1.0 (/home/henryshum0/SUAS/install/px4_ros_com/share/px4_ros_com/cmake)
[2.045s] -- Found offboard_control_interfaces: 0.0.0 (/home/henryshum0/SUAS/install/offboard_control_interfaces/share/offboard_control_interfaces/cmake)
[5.259s] -- Could NOT find FFTW (missing: FFTW_INCLUDE_DIRS) 
[5.264s] [0mSetting matplotplusplus compiler options[0m
[5.269s] -- Found ament_lint_auto: 0.12.11 (/opt/ros/humble/share/ament_lint_auto/cmake)
[5.343s] -- Added test 'cppcheck' to perform static code analysis on C / C++ code
[5.343s] -- Configured cppcheck include dirs: /home/henryshum0/SUAS/src/flight_control/include;$<BUILD_INTERFACE:/home/henryshum0/SUAS/src/flight_control/include>
[5.343s] -- Configured cppcheck exclude dirs and/or files: 
[5.354s] -- Added test 'lint_cmake' to check CMake code style
[5.385s] -- Added test 'uncrustify' to check C / C++ code style
[5.385s] -- Configured uncrustify additional arguments: 
[5.388s] -- Added test 'xmllint' to check XML markup files
[5.389s] -- Configuring done
[5.415s] -- Generating done
[5.425s] -- Build files have been written to: /home/henryshum0/SUAS/build/flight_control
[5.445s] [35m[1mConsolidate compiler generated dependencies of target cmd_ack_listener[0m
[5.445s] [35m[1mConsolidate compiler generated dependencies of target user_input[0m
[5.445s] [35m[1mConsolidate compiler generated dependencies of target sensor_combined_listener[0m
[5.446s] [35m[1mConsolidate compiler generated dependencies of target publish_trj_listener[0m
[5.446s] [35m[1mConsolidate compiler generated dependencies of target nodesoup[0m
[5.447s] [35m[1mConsolidate compiler generated dependencies of target flight_control_lib[0m
[5.448s] [35m[1mConsolidate compiler generated dependencies of target vehicle_pos_listener[0m
[5.456s] [  9%] Built target nodesoup
[5.457s] [ 12%] Built target sensor_combined_listener
[5.457s] [ 15%] Built target cmd_ack_listener
[5.457s] [ 18%] Built target user_input
[5.460s] [ 21%] Built target vehicle_pos_listener
[5.461s] [ 25%] Built target publish_trj_listener
[5.467s] [ 26%] [32mBuilding CXX object CMakeFiles/flight_control_lib.dir/src/flight_control/control_publishers.cpp.o[0m
[5.468s] [ 28%] [32mBuilding CXX object CMakeFiles/flight_control_lib.dir/src/flight_control/flight_executor.cpp.o[0m
[5.468s] [ 29%] [32mBuilding CXX object CMakeFiles/flight_control_lib.dir/src/flight_control/state_subscribers.cpp.o[0m
[5.469s] [ 31%] [32mBuilding CXX object CMakeFiles/flight_control_lib.dir/src/vehicle_storage/vehicle_state_storage.cpp.o[0m
[5.470s] [35m[1mConsolidate compiler generated dependencies of target matplot[0m
[5.470s] [ 32%] [32mBuilding CXX object CMakeFiles/flight_control_lib.dir/src/lib/frame_conversion.cpp.o[0m
[5.471s] [ 34%] [32mBuilding CXX object CMakeFiles/flight_control_lib.dir/src/flight_control/input_parser.cpp.o[0m
[5.471s] [ 35%] [32mBuilding CXX object CMakeFiles/flight_control_lib.dir/src/vehicle_storage/executor_storage.cpp.o[0m
[5.503s] [ 95%] Built target matplot
[7.908s] [01m[K/home/henryshum0/SUAS/src/flight_control/src/flight_control/input_parser.cpp:[m[K In member function ‘[01m[Kvoid InputParser::new_input_callback(offboard_control_interfaces::msg::UserCommand_<std::allocator<void> >::UniquePtr)[m[K’:
[7.909s] [01m[K/home/henryshum0/SUAS/src/flight_control/src/flight_control/input_parser.cpp:52:27:[m[K [01;31m[Kerror: [m[Kjump to case label
[7.909s]    52 |         case UserCommand::[01;31m[KWAYPOINT[m[K:
[7.909s]       |                           [01;31m[K^~~~~~~~[m[K
[7.909s] [01m[K/home/henryshum0/SUAS/src/flight_control/src/flight_control/input_parser.cpp:22:17:[m[K [01;36m[Knote: [m[K  crosses initialization of ‘[01m[Kint landing_c[m[K’
[7.909s]    22 |             int [01;36m[Klanding_c[m[K = executor_storage->get_mission_count(MISSION::LAND);
[7.909s]       |                 [01;36m[K^~~~~~~~~[m[K
[7.909s] [01m[K/home/henryshum0/SUAS/src/flight_control/src/flight_control/input_parser.cpp:21:17:[m[K [01;36m[Knote: [m[K  crosses initialization of ‘[01m[Kint takeoff_c[m[K’
[7.909s]    21 |             int [01;36m[Ktakeoff_c[m[K = executor_storage->get_mission_count(MISSION::TAKEOFF);
[7.909s]       |                 [01;36m[K^~~~~~~~~[m[K
[7.909s] [01m[K/home/henryshum0/SUAS/src/flight_control/src/flight_control/input_parser.cpp:55:27:[m[K [01;31m[Kerror: [m[Kjump to case label
[7.909s]    55 |         case UserCommand::[01;31m[KEXECUTE[m[K:
[7.909s]       |                           [01;31m[K^~~~~~~[m[K
[7.909s] [01m[K/home/henryshum0/SUAS/src/flight_control/src/flight_control/input_parser.cpp:22:17:[m[K [01;36m[Knote: [m[K  crosses initialization of ‘[01m[Kint landing_c[m[K’
[7.909s]    22 |             int [01;36m[Klanding_c[m[K = executor_storage->get_mission_count(MISSION::LAND);
[7.909s]       |                 [01;36m[K^~~~~~~~~[m[K
[7.909s] [01m[K/home/henryshum0/SUAS/src/flight_control/src/flight_control/input_parser.cpp:21:17:[m[K [01;36m[Knote: [m[K  crosses initialization of ‘[01m[Kint takeoff_c[m[K’
[7.909s]    21 |             int [01;36m[Ktakeoff_c[m[K = executor_storage->get_mission_count(MISSION::TAKEOFF);
[7.909s]       |                 [01;36m[K^~~~~~~~~[m[K
[7.909s] [01m[K/home/henryshum0/SUAS/src/flight_control/src/flight_control/input_parser.cpp:61:9:[m[K [01;31m[Kerror: [m[Kjump to case label
[7.909s]    61 |         [01;31m[Kdefault[m[K:
[7.910s]       |         [01;31m[K^~~~~~~[m[K
[7.910s] [01m[K/home/henryshum0/SUAS/src/flight_control/src/flight_control/input_parser.cpp:22:17:[m[K [01;36m[Knote: [m[K  crosses initialization of ‘[01m[Kint landing_c[m[K’
[7.910s]    22 |             int [01;36m[Klanding_c[m[K = executor_storage->get_mission_count(MISSION::LAND);
[7.910s]       |                 [01;36m[K^~~~~~~~~[m[K
[7.910s] [01m[K/home/henryshum0/SUAS/src/flight_control/src/flight_control/input_parser.cpp:21:17:[m[K [01;36m[Knote: [m[K  crosses initialization of ‘[01m[Kint takeoff_c[m[K’
[7.910s]    21 |             int [01;36m[Ktakeoff_c[m[K = executor_storage->get_mission_count(MISSION::TAKEOFF);
[7.910s]       |                 [01;36m[K^~~~~~~~~[m[K
[10.029s] [01m[K/home/henryshum0/SUAS/src/flight_control/src/flight_control/input_parser.cpp:[m[K In member function ‘[01m[Kvoid InputParser::print_rej_msg(uint8_t)[m[K’:
[10.029s] [01m[K/home/henryshum0/SUAS/src/flight_control/src/flight_control/input_parser.cpp:86:26:[m[K [01;35m[Kwarning: [m[Kthis statement may fall through [[01;35m[K]8;;https://gcc.gnu.org/onlinedocs/gcc/Warning-Options.html#index-Wimplicit-fallthrough=-Wimplicit-fallthrough=]8;;[m[K]
[10.030s]    86 |             reason_str = [01;35m[K"take off height is not feasible"[m[K;
[10.030s]       |                          [01;35m[K^~~~~~~~~~~~~~~~~~~~~~~~~~~~~~~~~[m[K
[10.030s] [01m[K/home/henryshum0/SUAS/src/flight_control/src/flight_control/input_parser.cpp:87:9:[m[K [01;36m[Knote: [m[Khere
[10.030s]    87 |         [01;36m[Kcase[m[K UserCommand::REJECT_SPEED_INFEASIBLE:
[10.030s]       |         [01;36m[K^~~~[m[K
[10.030s] [01m[K/home/henryshum0/SUAS/src/flight_control/src/flight_control/input_parser.cpp:88:26:[m[K [01;35m[Kwarning: [m[Kthis statement may fall through [[01;35m[K]8;;https://gcc.gnu.org/onlinedocs/gcc/Warning-Options.html#index-Wimplicit-fallthrough=-Wimplicit-fallthrough=]8;;[m[K]
[10.030s]    88 |             reason_str = [01;35m[K"speed is not feasible"[m[K;
[10.030s]       |                          [01;35m[K^~~~~~~~~~~~~~~~~~~~~~~[m[K
[10.030s] [01m[K/home/henryshum0/SUAS/src/flight_control/src/flight_control/input_parser.cpp:89:9:[m[K [01;36m[Knote: [m[Khere
[10.030s]    89 |         [01;36m[Kdefault[m[K:
[10.030s]       |         [01;36m[K^~~~~~~[m[K
[10.058s] gmake[2]: *** [CMakeFiles/flight_control_lib.dir/build.make:118: CMakeFiles/flight_control_lib.dir/src/flight_control/input_parser.cpp.o] Error 1
[10.058s] gmake[2]: *** Waiting for unfinished jobs....
[16.987s] gmake[1]: *** [CMakeFiles/Makefile2:214: CMakeFiles/flight_control_lib.dir/all] Error 2
[16.987s] gmake: *** [Makefile:146: all] Error 2
[16.991s] Invoked command in '/home/henryshum0/SUAS/build/flight_control' returned '2': CMAKE_PREFIX_PATH=/home/henryshum0/SUAS/install/px4_ros_com:/home/henryshum0/SUAS/install/px4_msgs:/home/henryshum0/SUAS/install/offboard_control_interfaces:/home/henryshum0/SUAS/install/flight_control:/opt/ros/humble LD_LIBRARY_PATH=/home/henryshum0/SUAS/install/px4_ros_com/lib:/home/henryshum0/SUAS/install/px4_msgs/lib:/home/henryshum0/SUAS/install/offboard_control_interfaces/lib:/home/henryshum0/SUAS/install/flight_control/lib:/opt/ros/humble/opt/rviz_ogre_vendor/lib:/opt/ros/humble/lib/x86_64-linux-gnu:/opt/ros/humble/lib /usr/bin/cmake --build /home/henryshum0/SUAS/build/flight_control -- -j16 -l16
