[0.089s] DEBUG:colcon:Command line arguments: ['/usr/bin/colcon', 'build', '--packages-select', 'matplotplusplus']
[0.090s] DEBUG:colcon:Parsed command line arguments: Namespace(log_base=None, log_level=None, verb_name='build', build_base='build', install_base='install', merge_install=False, symlink_install=False, test_result_base=None, continue_on_error=False, executor='parallel', parallel_workers=16, event_handlers=None, ignore_user_meta=False, metas=['./colcon.meta'], base_paths=['.'], packages_ignore=None, packages_ignore_regex=None, paths=None, packages_up_to=None, packages_up_to_regex=None, packages_above=None, packages_above_and_dependencies=None, packages_above_depth=None, packages_select_by_dep=None, packages_skip_by_dep=None, packages_skip_up_to=None, packages_select_build_failed=False, packages_skip_build_finished=False, packages_select_test_failures=False, packages_skip_test_passed=False, packages_select=['matplotplusplus'], packages_skip=None, packages_select_regex=None, packages_skip_regex=None, packages_start=None, packages_end=None, allow_overriding=[], cmake_args=None, cmake_target=None, cmake_target_skip_unavailable=False, cmake_clean_cache=False, cmake_clean_first=False, cmake_force_configure=False, ament_cmake_args=None, catkin_cmake_args=None, catkin_skip_building_tests=False, mixin_files=None, mixin=None, verb_parser=<colcon_mixin.mixin.mixin_argument.MixinArgumentDecorator object at 0x7f8df6d1a140>, verb_extension=<colcon_core.verb.build.BuildVerb object at 0x7f8df6e9b0d0>, main=<bound method BuildVerb.main of <colcon_core.verb.build.BuildVerb object at 0x7f8df6e9b0d0>>, mixin_verb=('build',))
[0.174s] Level 1:colcon.colcon_core.package_discovery:discover_packages(colcon_meta) check parameters
[0.174s] Level 1:colcon.colcon_core.package_discovery:discover_packages(recursive) check parameters
[0.175s] Level 1:colcon.colcon_core.package_discovery:discover_packages(ignore) check parameters
[0.175s] Level 1:colcon.colcon_core.package_discovery:discover_packages(path) check parameters
[0.175s] Level 1:colcon.colcon_core.package_discovery:discover_packages(colcon_meta) discover
[0.175s] Level 1:colcon.colcon_core.package_discovery:discover_packages(recursive) discover
[0.175s] INFO:colcon.colcon_core.package_discovery:Crawling recursively for packages in '/home/henryshum0/SUAS'
[0.175s] Level 1:colcon.colcon_core.package_identification:_identify(.) by extensions ['ignore', 'ignore_ament_install']
[0.175s] Level 1:colcon.colcon_core.package_identification:_identify(.) by extension 'ignore'
[0.175s] Level 1:colcon.colcon_core.package_identification:_identify(.) by extension 'ignore_ament_install'
[0.175s] Level 1:colcon.colcon_core.package_identification:_identify(.) by extensions ['colcon_pkg']
[0.175s] Level 1:colcon.colcon_core.package_identification:_identify(.) by extension 'colcon_pkg'
[0.175s] Level 1:colcon.colcon_core.package_identification:_identify(.) by extensions ['colcon_meta']
[0.175s] Level 1:colcon.colcon_core.package_identification:_identify(.) by extension 'colcon_meta'
[0.175s] Level 1:colcon.colcon_core.package_identification:_identify(.) by extensions ['ros']
[0.175s] Level 1:colcon.colcon_core.package_identification:_identify(.) by extension 'ros'
[0.182s] Level 1:colcon.colcon_core.package_identification:_identify(.) by extensions ['cmake', 'python']
[0.182s] Level 1:colcon.colcon_core.package_identification:_identify(.) by extension 'cmake'
[0.182s] Level 1:colcon.colcon_core.package_identification:_identify(.) by extension 'python'
[0.182s] Level 1:colcon.colcon_core.package_identification:_identify(.) by extensions ['python_setup_py']
[0.182s] Level 1:colcon.colcon_core.package_identification:_identify(.) by extension 'python_setup_py'
[0.182s] Level 1:colcon.colcon_core.package_identification:_identify(build) by extensions ['ignore', 'ignore_ament_install']
[0.182s] Level 1:colcon.colcon_core.package_identification:_identify(build) by extension 'ignore'
[0.182s] Level 1:colcon.colcon_core.package_identification:_identify(build) ignored
[0.182s] Level 1:colcon.colcon_core.package_identification:_identify(install) by extensions ['ignore', 'ignore_ament_install']
[0.182s] Level 1:colcon.colcon_core.package_identification:_identify(install) by extension 'ignore'
[0.182s] Level 1:colcon.colcon_core.package_identification:_identify(install) ignored
[0.182s] Level 1:colcon.colcon_core.package_identification:_identify(log) by extensions ['ignore', 'ignore_ament_install']
[0.183s] Level 1:colcon.colcon_core.package_identification:_identify(log) by extension 'ignore'
[0.183s] Level 1:colcon.colcon_core.package_identification:_identify(log) ignored
[0.183s] Level 1:colcon.colcon_core.package_identification:_identify(ros2log) by extensions ['ignore', 'ignore_ament_install']
[0.183s] Level 1:colcon.colcon_core.package_identification:_identify(ros2log) by extension 'ignore'
[0.183s] Level 1:colcon.colcon_core.package_identification:_identify(ros2log) by extension 'ignore_ament_install'
[0.183s] Level 1:colcon.colcon_core.package_identification:_identify(ros2log) by extensions ['colcon_pkg']
[0.183s] Level 1:colcon.colcon_core.package_identification:_identify(ros2log) by extension 'colcon_pkg'
[0.183s] Level 1:colcon.colcon_core.package_identification:_identify(ros2log) by extensions ['colcon_meta']
[0.183s] Level 1:colcon.colcon_core.package_identification:_identify(ros2log) by extension 'colcon_meta'
[0.183s] Level 1:colcon.colcon_core.package_identification:_identify(ros2log) by extensions ['ros']
[0.183s] Level 1:colcon.colcon_core.package_identification:_identify(ros2log) by extension 'ros'
[0.183s] Level 1:colcon.colcon_core.package_identification:_identify(ros2log) by extensions ['cmake', 'python']
[0.183s] Level 1:colcon.colcon_core.package_identification:_identify(ros2log) by extension 'cmake'
[0.183s] Level 1:colcon.colcon_core.package_identification:_identify(ros2log) by extension 'python'
[0.183s] Level 1:colcon.colcon_core.package_identification:_identify(ros2log) by extensions ['python_setup_py']
[0.183s] Level 1:colcon.colcon_core.package_identification:_identify(ros2log) by extension 'python_setup_py'
[0.183s] Level 1:colcon.colcon_core.package_identification:_identify(src) by extensions ['ignore', 'ignore_ament_install']
[0.183s] Level 1:colcon.colcon_core.package_identification:_identify(src) by extension 'ignore'
[0.183s] Level 1:colcon.colcon_core.package_identification:_identify(src) by extension 'ignore_ament_install'
[0.183s] Level 1:colcon.colcon_core.package_identification:_identify(src) by extensions ['colcon_pkg']
[0.183s] Level 1:colcon.colcon_core.package_identification:_identify(src) by extension 'colcon_pkg'
[0.183s] Level 1:colcon.colcon_core.package_identification:_identify(src) by extensions ['colcon_meta']
[0.183s] Level 1:colcon.colcon_core.package_identification:_identify(src) by extension 'colcon_meta'
[0.183s] Level 1:colcon.colcon_core.package_identification:_identify(src) by extensions ['ros']
[0.183s] Level 1:colcon.colcon_core.package_identification:_identify(src) by extension 'ros'
[0.183s] Level 1:colcon.colcon_core.package_identification:_identify(src) by extensions ['cmake', 'python']
[0.183s] Level 1:colcon.colcon_core.package_identification:_identify(src) by extension 'cmake'
[0.184s] Level 1:colcon.colcon_core.package_identification:_identify(src) by extension 'python'
[0.184s] Level 1:colcon.colcon_core.package_identification:_identify(src) by extensions ['python_setup_py']
[0.184s] Level 1:colcon.colcon_core.package_identification:_identify(src) by extension 'python_setup_py'
[0.184s] Level 1:colcon.colcon_core.package_identification:_identify(src/flight_control) by extensions ['ignore', 'ignore_ament_install']
[0.184s] Level 1:colcon.colcon_core.package_identification:_identify(src/flight_control) by extension 'ignore'
[0.184s] Level 1:colcon.colcon_core.package_identification:_identify(src/flight_control) by extension 'ignore_ament_install'
[0.184s] Level 1:colcon.colcon_core.package_identification:_identify(src/flight_control) by extensions ['colcon_pkg']
[0.184s] Level 1:colcon.colcon_core.package_identification:_identify(src/flight_control) by extension 'colcon_pkg'
[0.184s] Level 1:colcon.colcon_core.package_identification:_identify(src/flight_control) by extensions ['colcon_meta']
[0.184s] Level 1:colcon.colcon_core.package_identification:_identify(src/flight_control) by extension 'colcon_meta'
[0.184s] Level 1:colcon.colcon_core.package_identification:_identify(src/flight_control) by extensions ['ros']
[0.185s] Level 1:colcon.colcon_core.package_identification:_identify(src/flight_control) by extension 'ros'
[0.187s] DEBUG:colcon.colcon_core.package_identification:Package 'src/flight_control' with type 'ros.ament_cmake' and name 'flight_control'
[0.187s] Level 1:colcon.colcon_core.package_identification:_identify(src/matplotplusplus) by extensions ['ignore', 'ignore_ament_install']
[0.187s] Level 1:colcon.colcon_core.package_identification:_identify(src/matplotplusplus) by extension 'ignore'
[0.187s] Level 1:colcon.colcon_core.package_identification:_identify(src/matplotplusplus) by extension 'ignore_ament_install'
[0.187s] Level 1:colcon.colcon_core.package_identification:_identify(src/matplotplusplus) by extensions ['colcon_pkg']
[0.187s] Level 1:colcon.colcon_core.package_identification:_identify(src/matplotplusplus) by extension 'colcon_pkg'
[0.187s] Level 1:colcon.colcon_core.package_identification:_identify(src/matplotplusplus) by extensions ['colcon_meta']
[0.187s] Level 1:colcon.colcon_core.package_identification:_identify(src/matplotplusplus) by extension 'colcon_meta'
[0.187s] Level 1:colcon.colcon_core.package_identification:_identify(src/matplotplusplus) by extensions ['ros']
[0.187s] Level 1:colcon.colcon_core.package_identification:_identify(src/matplotplusplus) by extension 'ros'
[0.187s] Level 1:colcon.colcon_core.package_identification:_identify(src/matplotplusplus) by extensions ['cmake', 'python']
[0.187s] Level 1:colcon.colcon_core.package_identification:_identify(src/matplotplusplus) by extension 'cmake'
[0.200s] Level 1:colcon.colcon_core.package_identification:_identify(src/matplotplusplus) by extension 'python'
[0.200s] DEBUG:colcon.colcon_core.package_identification:Package 'src/matplotplusplus' with type 'cmake' and name 'matplotplusplus'
[0.201s] Level 1:colcon.colcon_core.package_identification:_identify(src/px4_msgs) by extensions ['ignore', 'ignore_ament_install']
[0.201s] Level 1:colcon.colcon_core.package_identification:_identify(src/px4_msgs) by extension 'ignore'
[0.201s] Level 1:colcon.colcon_core.package_identification:_identify(src/px4_msgs) by extension 'ignore_ament_install'
[0.201s] Level 1:colcon.colcon_core.package_identification:_identify(src/px4_msgs) by extensions ['colcon_pkg']
[0.201s] Level 1:colcon.colcon_core.package_identification:_identify(src/px4_msgs) by extension 'colcon_pkg'
[0.201s] Level 1:colcon.colcon_core.package_identification:_identify(src/px4_msgs) by extensions ['colcon_meta']
[0.201s] Level 1:colcon.colcon_core.package_identification:_identify(src/px4_msgs) by extension 'colcon_meta'
[0.201s] Level 1:colcon.colcon_core.package_identification:_identify(src/px4_msgs) by extensions ['ros']
[0.201s] Level 1:colcon.colcon_core.package_identification:_identify(src/px4_msgs) by extension 'ros'
[0.201s] DEBUG:colcon.colcon_core.package_identification:Package 'src/px4_msgs' with type 'ros.ament_cmake' and name 'px4_msgs'
[0.201s] Level 1:colcon.colcon_core.package_identification:_identify(src/px4_ros_com) by extensions ['ignore', 'ignore_ament_install']
[0.202s] Level 1:colcon.colcon_core.package_identification:_identify(src/px4_ros_com) by extension 'ignore'
[0.202s] Level 1:colcon.colcon_core.package_identification:_identify(src/px4_ros_com) by extension 'ignore_ament_install'
[0.202s] Level 1:colcon.colcon_core.package_identification:_identify(src/px4_ros_com) by extensions ['colcon_pkg']
[0.202s] Level 1:colcon.colcon_core.package_identification:_identify(src/px4_ros_com) by extension 'colcon_pkg'
[0.202s] Level 1:colcon.colcon_core.package_identification:_identify(src/px4_ros_com) by extensions ['colcon_meta']
[0.202s] Level 1:colcon.colcon_core.package_identification:_identify(src/px4_ros_com) by extension 'colcon_meta'
[0.202s] Level 1:colcon.colcon_core.package_identification:_identify(src/px4_ros_com) by extensions ['ros']
[0.202s] Level 1:colcon.colcon_core.package_identification:_identify(src/px4_ros_com) by extension 'ros'
[0.202s] DEBUG:colcon.colcon_core.package_identification:Package 'src/px4_ros_com' with type 'ros.ament_cmake' and name 'px4_ros_com'
[0.202s] Level 1:colcon.colcon_core.package_discovery:discover_packages(recursive) using defaults
[0.203s] Level 1:colcon.colcon_core.package_discovery:discover_packages(ignore) discover
[0.203s] Level 1:colcon.colcon_core.package_discovery:discover_packages(ignore) using defaults
[0.203s] Level 1:colcon.colcon_core.package_discovery:discover_packages(path) discover
[0.203s] Level 1:colcon.colcon_core.package_discovery:discover_packages(path) using defaults
[0.220s] INFO:colcon.colcon_core.package_selection:Skipping not selected package 'px4_msgs' in 'src/px4_msgs'
[0.220s] INFO:colcon.colcon_core.package_selection:Skipping not selected package 'px4_ros_com' in 'src/px4_ros_com'
[0.220s] INFO:colcon.colcon_core.package_selection:Skipping not selected package 'flight_control' in 'src/flight_control'
[0.220s] Level 1:colcon.colcon_core.package_discovery:discover_packages(prefix_path) check parameters
[0.220s] Level 1:colcon.colcon_core.package_discovery:discover_packages(prefix_path) discover
[0.221s] DEBUG:colcon.colcon_installed_package_information.package_discovery:Found 3 installed packages in /home/henryshum0/SUAS/install
[0.222s] DEBUG:colcon.colcon_installed_package_information.package_discovery:Found 271 installed packages in /opt/ros/humble
[0.223s] Level 1:colcon.colcon_core.package_discovery:discover_packages(prefix_path) using defaults
[0.242s] Level 5:colcon.colcon_core.verb:set package 'matplotplusplus' build argument 'cmake_args' from command line to 'None'
[0.242s] Level 5:colcon.colcon_core.verb:set package 'matplotplusplus' build argument 'cmake_target' from command line to 'None'
[0.242s] Level 5:colcon.colcon_core.verb:set package 'matplotplusplus' build argument 'cmake_target_skip_unavailable' from command line to 'False'
[0.242s] Level 5:colcon.colcon_core.verb:set package 'matplotplusplus' build argument 'cmake_clean_cache' from command line to 'False'
[0.242s] Level 5:colcon.colcon_core.verb:set package 'matplotplusplus' build argument 'cmake_clean_first' from command line to 'False'
[0.242s] Level 5:colcon.colcon_core.verb:set package 'matplotplusplus' build argument 'cmake_force_configure' from command line to 'False'
[0.242s] Level 5:colcon.colcon_core.verb:set package 'matplotplusplus' build argument 'ament_cmake_args' from command line to 'None'
[0.242s] Level 5:colcon.colcon_core.verb:set package 'matplotplusplus' build argument 'catkin_cmake_args' from command line to 'None'
[0.242s] Level 5:colcon.colcon_core.verb:set package 'matplotplusplus' build argument 'catkin_skip_building_tests' from command line to 'False'
[0.242s] DEBUG:colcon.colcon_core.verb:Building package 'matplotplusplus' with the following arguments: {'ament_cmake_args': None, 'build_base': '/home/henryshum0/SUAS/build/matplotplusplus', 'catkin_cmake_args': None, 'catkin_skip_building_tests': False, 'cmake_args': None, 'cmake_clean_cache': False, 'cmake_clean_first': False, 'cmake_force_configure': False, 'cmake_target': None, 'cmake_target_skip_unavailable': False, 'install_base': '/home/henryshum0/SUAS/install/matplotplusplus', 'merge_install': False, 'path': '/home/henryshum0/SUAS/src/matplotplusplus', 'symlink_install': False, 'test_result_base': None}
[0.242s] INFO:colcon.colcon_core.executor:Executing jobs using 'parallel' executor
[0.243s] DEBUG:colcon.colcon_parallel_executor.executor.parallel:run_until_complete
[0.243s] INFO:colcon.colcon_cmake.task.cmake.build:Building CMake package in '/home/henryshum0/SUAS/src/matplotplusplus'
[0.245s] INFO:colcon.colcon_core.plugin_system:Skipping extension 'colcon_core.shell.bat': Not used on non-Windows systems
[0.245s] INFO:colcon.colcon_core.shell:Skip shell extension 'powershell' for command environment: Not usable outside of PowerShell
[0.245s] DEBUG:colcon.colcon_core.shell:Skip shell extension 'dsv' for command environment
[0.252s] DEBUG:colcon.colcon_core.event_handler.log_command:Invoking command in '/home/henryshum0/SUAS/build/matplotplusplus': /usr/bin/cmake /home/henryshum0/SUAS/src/matplotplusplus -DCMAKE_INSTALL_PREFIX=/home/henryshum0/SUAS/install/matplotplusplus
[5.240s] DEBUG:colcon.colcon_core.event_handler.log_command:Invoked command in '/home/henryshum0/SUAS/build/matplotplusplus' returned '0': /usr/bin/cmake /home/henryshum0/SUAS/src/matplotplusplus -DCMAKE_INSTALL_PREFIX=/home/henryshum0/SUAS/install/matplotplusplus
[5.241s] DEBUG:colcon.colcon_core.event_handler.log_command:Invoking command in '/home/henryshum0/SUAS/build/matplotplusplus': /usr/bin/cmake --build /home/henryshum0/SUAS/build/matplotplusplus -- -j16 -l16
[204.399s] DEBUG:colcon.colcon_core.event_handler.log_command:Invoked command in '/home/henryshum0/SUAS/build/matplotplusplus' returned '0': /usr/bin/cmake --build /home/henryshum0/SUAS/build/matplotplusplus -- -j16 -l16
[204.407s] DEBUG:colcon.colcon_core.event_handler.log_command:Invoking command in '/home/henryshum0/SUAS/build/matplotplusplus': /usr/bin/cmake --install /home/henryshum0/SUAS/build/matplotplusplus
[204.892s] Level 1:colcon.colcon_core.environment:create_environment_scripts_only(matplotplusplus)
[204.893s] DEBUG:colcon.colcon_core.event_handler.log_command:Invoked command in '/home/henryshum0/SUAS/build/matplotplusplus' returned '0': /usr/bin/cmake --install /home/henryshum0/SUAS/build/matplotplusplus
[204.900s] Level 1:colcon.colcon_core.environment:checking '/home/henryshum0/SUAS/install/matplotplusplus' for CMake module files
[204.900s] Level 1:colcon.colcon_core.environment:checking '/home/henryshum0/SUAS/install/matplotplusplus' for CMake config files
[204.900s] Level 1:colcon.colcon_core.shell:create_environment_hook('matplotplusplus', 'cmake_prefix_path')
[204.900s] INFO:colcon.colcon_core.shell:Creating environment hook '/home/henryshum0/SUAS/install/matplotplusplus/share/matplotplusplus/hook/cmake_prefix_path.ps1'
[204.902s] INFO:colcon.colcon_core.shell:Creating environment descriptor '/home/henryshum0/SUAS/install/matplotplusplus/share/matplotplusplus/hook/cmake_prefix_path.dsv'
[204.902s] INFO:colcon.colcon_core.shell:Creating environment hook '/home/henryshum0/SUAS/install/matplotplusplus/share/matplotplusplus/hook/cmake_prefix_path.sh'
[204.903s] Level 1:colcon.colcon_core.environment:checking '/home/henryshum0/SUAS/install/matplotplusplus/lib'
[204.903s] Level 1:colcon.colcon_core.environment:checking '/home/henryshum0/SUAS/install/matplotplusplus/bin'
[204.903s] Level 1:colcon.colcon_core.environment:checking '/home/henryshum0/SUAS/install/matplotplusplus/lib/pkgconfig/matplotplusplus.pc'
[204.903s] Level 1:colcon.colcon_core.environment:checking '/home/henryshum0/SUAS/install/matplotplusplus/lib/python3.10/site-packages'
[204.904s] Level 1:colcon.colcon_core.environment:checking '/home/henryshum0/SUAS/install/matplotplusplus/bin'
[204.904s] INFO:colcon.colcon_core.shell:Creating package script '/home/henryshum0/SUAS/install/matplotplusplus/share/matplotplusplus/package.ps1'
[204.904s] INFO:colcon.colcon_core.shell:Creating package descriptor '/home/henryshum0/SUAS/install/matplotplusplus/share/matplotplusplus/package.dsv'
[204.905s] INFO:colcon.colcon_core.shell:Creating package script '/home/henryshum0/SUAS/install/matplotplusplus/share/matplotplusplus/package.sh'
[204.905s] INFO:colcon.colcon_core.shell:Creating package script '/home/henryshum0/SUAS/install/matplotplusplus/share/matplotplusplus/package.bash'
[204.906s] INFO:colcon.colcon_core.shell:Creating package script '/home/henryshum0/SUAS/install/matplotplusplus/share/matplotplusplus/package.zsh'
[204.907s] Level 1:colcon.colcon_core.environment:create_file_with_runtime_dependencies(/home/henryshum0/SUAS/install/matplotplusplus/share/colcon-core/packages/matplotplusplus)
[204.908s] DEBUG:colcon.colcon_parallel_executor.executor.parallel:closing loop
[204.908s] DEBUG:colcon.colcon_parallel_executor.executor.parallel:loop closed
[204.908s] DEBUG:colcon.colcon_parallel_executor.executor.parallel:run_until_complete finished with '0'
[204.908s] DEBUG:colcon.colcon_core.event_reactor:joining thread
[204.928s] INFO:colcon.colcon_core.plugin_system:Skipping extension 'colcon_notification.desktop_notification.notify_send': Could not find 'notify-send'
[204.928s] INFO:colcon.colcon_core.plugin_system:Skipping extension 'colcon_notification.desktop_notification.terminal_notifier': Not used on non-Darwin systems
[204.928s] INFO:colcon.colcon_core.plugin_system:Skipping extension 'colcon_notification.desktop_notification.win32': Not used on non-Windows systems
[204.928s] INFO:colcon.colcon_notification.desktop_notification:Sending desktop notification using 'notify2'
[204.928s] DEBUG:colcon.colcon_notification.desktop_notification.notify2:Failed to initialize notify2: org.freedesktop.DBus.Error.FileNotFound: Failed to connect to socket /run/user/1000/bus: No such file or directory
[204.928s] DEBUG:colcon.colcon_core.event_reactor:joined thread
[204.928s] INFO:colcon.colcon_core.shell:Creating prefix script '/home/henryshum0/SUAS/install/local_setup.ps1'
[204.929s] INFO:colcon.colcon_core.shell:Creating prefix util module '/home/henryshum0/SUAS/install/_local_setup_util_ps1.py'
[204.931s] INFO:colcon.colcon_core.shell:Creating prefix chain script '/home/henryshum0/SUAS/install/setup.ps1'
[204.932s] INFO:colcon.colcon_core.shell:Creating prefix script '/home/henryshum0/SUAS/install/local_setup.sh'
[204.933s] INFO:colcon.colcon_core.shell:Creating prefix util module '/home/henryshum0/SUAS/install/_local_setup_util_sh.py'
[204.933s] INFO:colcon.colcon_core.shell:Creating prefix chain script '/home/henryshum0/SUAS/install/setup.sh'
[204.934s] INFO:colcon.colcon_core.shell:Creating prefix script '/home/henryshum0/SUAS/install/local_setup.bash'
[204.934s] INFO:colcon.colcon_core.shell:Creating prefix chain script '/home/henryshum0/SUAS/install/setup.bash'
[204.935s] INFO:colcon.colcon_core.shell:Creating prefix script '/home/henryshum0/SUAS/install/local_setup.zsh'
[204.935s] INFO:colcon.colcon_core.shell:Creating prefix chain script '/home/henryshum0/SUAS/install/setup.zsh'
