In file included from [01m[K/home/henryshum0/SUAS/src/flight_control/include/flight_mode/takeoff_mode.hpp:4[m[K,
                 from [01m[K/home/henryshum0/SUAS/src/flight_control/include/flight_control/offboard_controller.hpp:21[m[K,
                 from [01m[K/home/henryshum0/SUAS/src/flight_control/src/offboard_controller.cpp:1[m[K:
[01m[K/home/henryshum0/SUAS/src/flight_control/include/flight_mode/flight_mode.hpp:28:36:[m[K [01;31m[Kerror: [m[K‘[01m[Kflight_control[m[K’ was not declared in this scope
   28 |         FlightMode(std::shared_ptr<[01;31m[Kflight_control[m[K::OffboardController> offboard_controller, std::string mode_name);
      |                                    [01;31m[K^~~~~~~~~~~~~~[m[K
[01m[K/home/henryshum0/SUAS/src/flight_control/include/flight_mode/flight_mode.hpp:28:70:[m[K [01;31m[Kerror: [m[Ktemplate argument 1 is invalid
   28 |         FlightMode(std::shared_ptr<flight_control::OffboardController[01;31m[K>[m[K offboard_controller, std::string mode_name);
      |                                                                      [01;31m[K^[m[K
[01m[K/home/henryshum0/SUAS/src/flight_control/include/flight_mode/flight_mode.hpp:46:48:[m[K [01;31m[Kerror: [m[K‘[01m[KVector3f[m[K’ does not name a type
   46 |         void publish_trajectory_setpoint(const [01;31m[KVector3f[m[K& input, const float yaw = 0.0);
      |                                                [01;31m[K^~~~~~~~[m[K
[01m[K/home/henryshum0/SUAS/src/flight_control/include/flight_mode/flight_mode.hpp:49:9:[m[K [01;31m[Kerror: [m[K‘[01m[KVector3f[m[K’ does not name a type
   49 |         [01;31m[KVector3f[m[K get_enu_local();
      |         [01;31m[K^~~~~~~~[m[K
[01m[K/home/henryshum0/SUAS/src/flight_control/include/flight_mode/flight_mode.hpp:50:9:[m[K [01;31m[Kerror: [m[K‘[01m[KVector3f[m[K’ does not name a type
   50 |         [01;31m[KVector3f[m[K get_enu_vel();
      |         [01;31m[K^~~~~~~~[m[K
[01m[K/home/henryshum0/SUAS/src/flight_control/include/flight_mode/flight_mode.hpp:51:9:[m[K [01;31m[Kerror: [m[K‘[01m[KVector3f[m[K’ does not name a type
   51 |         [01;31m[KVector3f[m[K get_enu_accel();
      |         [01;31m[K^~~~~~~~[m[K
[01m[K/home/henryshum0/SUAS/src/flight_control/include/flight_mode/flight_mode.hpp:60:25:[m[K [01;31m[Kerror: [m[K‘[01m[Kflight_control[m[K’ was not declared in this scope
   60 |         std::shared_ptr<[01;31m[Kflight_control[m[K::OffboardController> offboard_controller;
      |                         [01;31m[K^~~~~~~~~~~~~~[m[K
[01m[K/home/henryshum0/SUAS/src/flight_control/include/flight_mode/flight_mode.hpp:60:59:[m[K [01;31m[Kerror: [m[Ktemplate argument 1 is invalid
   60 |         std::shared_ptr<flight_control::OffboardController[01;31m[K>[m[K offboard_controller;
      |                                                           [01;31m[K^[m[K
In file included from [01m[K/home/henryshum0/SUAS/src/flight_control/include/flight_control/offboard_controller.hpp:21[m[K,
                 from [01m[K/home/henryshum0/SUAS/src/flight_control/src/offboard_controller.cpp:1[m[K:
[01m[K/home/henryshum0/SUAS/src/flight_control/include/flight_mode/takeoff_mode.hpp:11:37:[m[K [01;31m[Kerror: [m[K‘[01m[Kflight_control[m[K’ was not declared in this scope
   11 |         TakeoffMode(std::shared_ptr<[01;31m[Kflight_control[m[K::OffboardController> offboard_controller, float takeoff_height);
      |                                     [01;31m[K^~~~~~~~~~~~~~[m[K
[01m[K/home/henryshum0/SUAS/src/flight_control/include/flight_mode/takeoff_mode.hpp:11:71:[m[K [01;31m[Kerror: [m[Ktemplate argument 1 is invalid
   11 |         TakeoffMode(std::shared_ptr<flight_control::OffboardController[01;31m[K>[m[K offboard_controller, float takeoff_height);
      |                                                                       [01;31m[K^[m[K
[01m[K/home/henryshum0/SUAS/src/flight_control/include/flight_mode/takeoff_mode.hpp:17:9:[m[K [01;31m[Kerror: [m[K‘[01m[KVector3f[m[K’ does not name a type
   17 |         [01;31m[KVector3f[m[K target_pos;
      |         [01;31m[K^~~~~~~~[m[K
In file included from [01m[K/home/henryshum0/SUAS/src/flight_control/include/flight_control/offboard_controller.hpp:21[m[K,
                 from [01m[K/home/henryshum0/SUAS/src/flight_control/include/flight_mode/flight_mode.hpp:12[m[K,
                 from [01m[K/home/henryshum0/SUAS/src/flight_control/src/flight_mode.cpp:1[m[K:
[01m[K/home/henryshum0/SUAS/src/flight_control/include/flight_mode/takeoff_mode.hpp:9:5:[m[K [01;31m[Kerror: [m[Kexpected class-name before ‘[01m[K{[m[K’ token
    9 |     [01;31m[K{[m[K
      |     [01;31m[K^[m[K
[01m[K/home/henryshum0/SUAS/src/flight_control/include/flight_mode/takeoff_mode.hpp:11:37:[m[K [01;31m[Kerror: [m[K‘[01m[Kflight_control[m[K’ was not declared in this scope
   11 |         TakeoffMode(std::shared_ptr<[01;31m[Kflight_control[m[K::OffboardController> offboard_controller, float takeoff_height);
      |                                     [01;31m[K^~~~~~~~~~~~~~[m[K
[01m[K/home/henryshum0/SUAS/src/flight_control/include/flight_mode/takeoff_mode.hpp:11:71:[m[K [01;31m[Kerror: [m[Ktemplate argument 1 is invalid
   11 |         TakeoffMode(std::shared_ptr<flight_control::OffboardController[01;31m[K>[m[K offboard_controller, float takeoff_height);
      |                                                                       [01;31m[K^[m[K
[01m[K/home/henryshum0/SUAS/src/flight_control/include/flight_mode/takeoff_mode.hpp:17:9:[m[K [01;31m[Kerror: [m[K‘[01m[KVector3f[m[K’ does not name a type
   17 |         [01;31m[KVector3f[m[K target_pos;
      |         [01;31m[K^~~~~~~~[m[K
[01m[K/home/henryshum0/SUAS/src/flight_control/src/offboard_controller.cpp:[m[K In member function ‘[01m[Kvoid flight_control::OffboardController::execute()[m[K’:
[01m[K/home/henryshum0/SUAS/src/flight_control/src/offboard_controller.cpp:47:110:[m[K [01;31m[Kerror: [m[Kno matching function for call to ‘[01m[Kflight_mode::TakeoffMode::TakeoffMode(std::shared_ptr<flight_control::OffboardController>&, float)[m[K’
   47 |             auto take_off = std::unique_ptr<flight_mode::TakeoffMode>(new flight_mode::TakeoffMode(self, 5.0f[01;31m[K)[m[K);
      |                                                                                                              [01;31m[K^[m[K
In file included from [01m[K/home/henryshum0/SUAS/src/flight_control/include/flight_control/offboard_controller.hpp:21[m[K,
                 from [01m[K/home/henryshum0/SUAS/src/flight_control/src/offboard_controller.cpp:1[m[K:
[01m[K/home/henryshum0/SUAS/src/flight_control/include/flight_mode/takeoff_mode.hpp:11:9:[m[K [01;36m[Knote: [m[Kcandidate: ‘[01m[Kflight_mode::TakeoffMode::TakeoffMode(int, float)[m[K’
   11 |         [01;36m[KTakeoffMode[m[K(std::shared_ptr<flight_control::OffboardController> offboard_controller, float takeoff_height);
      |         [01;36m[K^~~~~~~~~~~[m[K
[01m[K/home/henryshum0/SUAS/src/flight_control/include/flight_mode/takeoff_mode.hpp:11:73:[m[K [01;36m[Knote: [m[K  no known conversion for argument 1 from ‘[01m[Kstd::shared_ptr<flight_control::OffboardController>[m[K’ to ‘[01m[Kint[m[K’
   11 |         TakeoffMode([01;36m[Kstd::shared_ptr<flight_control::OffboardController> offboard_controller[m[K, float takeoff_height);
      |                     [01;36m[K~~~~~~~~~~~~~~~~~~~~~~~~~~~~~~~~~~~~~~~~~~~~~~~~~~~~^~~~~~~~~~~~~~~~~~~[m[K
[01m[K/home/henryshum0/SUAS/src/flight_control/include/flight_mode/takeoff_mode.hpp:8:11:[m[K [01;36m[Knote: [m[Kcandidate: ‘[01m[Kflight_mode::TakeoffMode::TakeoffMode(const flight_mode::TakeoffMode&)[m[K’
    8 |     class [01;36m[KTakeoffMode[m[K : public FlightMode
      |           [01;36m[K^~~~~~~~~~~[m[K
[01m[K/home/henryshum0/SUAS/src/flight_control/include/flight_mode/takeoff_mode.hpp:8:11:[m[K [01;36m[Knote: [m[K  candidate expects 1 argument, 2 provided
[01m[K/home/henryshum0/SUAS/src/flight_control/include/flight_mode/takeoff_mode.hpp:8:11:[m[K [01;36m[Knote: [m[Kcandidate: ‘[01m[Kflight_mode::TakeoffMode::TakeoffMode(flight_mode::TakeoffMode&&)[m[K’
[01m[K/home/henryshum0/SUAS/src/flight_control/include/flight_mode/takeoff_mode.hpp:8:11:[m[K [01;36m[Knote: [m[K  candidate expects 1 argument, 2 provided
gmake[2]: *** [CMakeFiles/flight_control_lib.dir/build.make:90: CMakeFiles/flight_control_lib.dir/src/flight_mode.cpp.o] Error 1
gmake[2]: *** Waiting for unfinished jobs....
gmake[2]: *** [CMakeFiles/flight_control_lib.dir/build.make:76: CMakeFiles/flight_control_lib.dir/src/offboard_controller.cpp.o] Error 1
gmake[1]: *** [CMakeFiles/Makefile2:139: CMakeFiles/flight_control_lib.dir/all] Error 2
gmake: *** [Makefile:146: all] Error 2
