[01m[K/home/henryshum0/SUAS/src/flight_control/src/flight_control/control_publishers.cpp:[m[K In member function ‘[01m[Kvoid ControlPublisher::timer_query_cmd_callback()[m[K’:
[01m[K/home/henryshum0/SUAS/src/flight_control/src/flight_control/control_publishers.cpp:81:22:[m[K [01;31m[Kerror: [m[Kjump to case label
   81 |     case VehicleCMD::[01;31m[KTERMINATE[m[K:
      |                      [01;31m[K^~~~~~~~~[m[K
[01m[K/home/henryshum0/SUAS/src/flight_control/src/flight_control/control_publishers.cpp:78:21:[m[K [01;36m[Knote: [m[K  crosses initialization of ‘[01m[Kconst float desired_yaw[m[K’
   78 |         const float [01;36m[Kdesired_yaw[m[K = this->executor_command->get_desired_yaw();
      |                     [01;36m[K^~~~~~~~~~~[m[K
[01m[K/home/henryshum0/SUAS/src/flight_control/src/flight_control/control_publishers.cpp:77:24:[m[K [01;36m[Knote: [m[K  crosses initialization of ‘[01m[Kconst Vector3f desired_trj[m[K’
   77 |         const Vector3f [01;36m[Kdesired_trj[m[K =  this->executor_command->get_desired_trj();
      |                        [01;36m[K^~~~~~~~~~~[m[K
[01m[K/home/henryshum0/SUAS/src/flight_control/src/flight_control/control_publishers.cpp:84:22:[m[K [01;31m[Kerror: [m[Kjump to case label
   84 |     case VehicleCMD::[01;31m[KNO_CMD[m[K:
      |                      [01;31m[K^~~~~~[m[K
[01m[K/home/henryshum0/SUAS/src/flight_control/src/flight_control/control_publishers.cpp:78:21:[m[K [01;36m[Knote: [m[K  crosses initialization of ‘[01m[Kconst float desired_yaw[m[K’
   78 |         const float [01;36m[Kdesired_yaw[m[K = this->executor_command->get_desired_yaw();
      |                     [01;36m[K^~~~~~~~~~~[m[K
[01m[K/home/henryshum0/SUAS/src/flight_control/src/flight_control/control_publishers.cpp:77:24:[m[K [01;36m[Knote: [m[K  crosses initialization of ‘[01m[Kconst Vector3f desired_trj[m[K’
   77 |         const Vector3f [01;36m[Kdesired_trj[m[K =  this->executor_command->get_desired_trj();
      |                        [01;36m[K^~~~~~~~~~~[m[K
[01m[K/home/henryshum0/SUAS/src/flight_control/src/flight_control/control_publishers.cpp:68:12:[m[K [01;35m[Kwarning: [m[Kenumeration value ‘[01m[KTERMINATE[m[K’ not handled in switch [[01;35m[K]8;;https://gcc.gnu.org/onlinedocs/gcc/Warning-Options.html#index-Wswitch-Wswitch]8;;[m[K]
   68 |     switch [01;35m[K([m[Kcmd_curr)
      |            [01;35m[K^[m[K
[01m[K/home/henryshum0/SUAS/src/flight_control/src/flight_control/control_publishers.cpp:68:12:[m[K [01;35m[Kwarning: [m[Kenumeration value ‘[01m[KNO_CMD[m[K’ not handled in switch [[01;35m[K]8;;https://gcc.gnu.org/onlinedocs/gcc/Warning-Options.html#index-Wswitch-Wswitch]8;;[m[K]
gmake[2]: *** [CMakeFiles/flight_control_lib.dir/build.make:76: CMakeFiles/flight_control_lib.dir/src/flight_control/control_publishers.cpp.o] Error 1
gmake[1]: *** [CMakeFiles/Makefile2:139: CMakeFiles/flight_control_lib.dir/all] Error 2
gmake: *** [Makefile:146: all] Error 2
