[0.091s] Invoking command in '/home/henryshum0/SUAS/build/flight_control': CMAKE_PREFIX_PATH=/home/henryshum0/SUAS/install/px4_ros_com:/home/henryshum0/SUAS/install/px4_msgs:/home/henryshum0/SUAS/install/flight_control:/opt/ros/humble LD_LIBRARY_PATH=/home/henryshum0/SUAS/install/px4_ros_com/lib:/home/henryshum0/SUAS/install/px4_msgs/lib:/home/henryshum0/SUAS/install/flight_control/lib:/opt/ros/humble/opt/rviz_ogre_vendor/lib:/opt/ros/humble/lib/x86_64-linux-gnu:/opt/ros/humble/lib /usr/bin/cmake --build /home/henryshum0/SUAS/build/flight_control -- -j16 -l16
[0.140s] [35m[1mConsolidate compiler generated dependencies of target flight_control__rosidl_generator_c[0m
[0.141s] [35m[1mConsolidate compiler generated dependencies of target publish_trj_listener[0m
[0.141s] [35m[1mConsolidate compiler generated dependencies of target cmd_ack_listener[0m
[0.141s] [35m[1mConsolidate compiler generated dependencies of target vehicle_pos_listener[0m
[0.142s] [35m[1mConsolidate compiler generated dependencies of target sensor_combined_listener[0m
[0.144s] [  1%] Built target flight_control__cpp
[0.144s] [35m[1mConsolidate compiler generated dependencies of target nodesoup[0m
[0.150s] [  4%] Built target flight_control__rosidl_generator_c
[0.153s] [35m[1mConsolidate compiler generated dependencies of target flight_control_lib[0m
[0.153s] [35m[1mConsolidate compiler generated dependencies of target flight_control__rosidl_typesupport_cpp[0m
[0.154s] [35m[1mConsolidate compiler generated dependencies of target flight_control__rosidl_typesupport_introspection_cpp[0m
[0.155s] [  6%] Built target cmd_ack_listener
[0.155s] [  6%] Built target ament_cmake_python_copy_flight_control
[0.156s] [ 13%] Built target nodesoup
[0.157s] [ 15%] Built target vehicle_pos_listener
[0.157s] [35m[1mConsolidate compiler generated dependencies of target flight_control__rosidl_typesupport_fastrtps_cpp[0m
[0.157s] [ 17%] Built target publish_trj_listener
[0.157s] [ 19%] Built target sensor_combined_listener
[0.160s] [35m[1mConsolidate compiler generated dependencies of target flight_control__rosidl_typesupport_c[0m
[0.160s] [35m[1mConsolidate compiler generated dependencies of target flight_control__rosidl_typesupport_fastrtps_c[0m
[0.163s] [35m[1mConsolidate compiler generated dependencies of target flight_control__rosidl_typesupport_introspection_c[0m
[0.164s] [ 22%] Built target flight_control__rosidl_typesupport_cpp
[0.164s] [ 26%] Built target flight_control__rosidl_typesupport_introspection_cpp
[0.167s] [ 29%] Built target flight_control__rosidl_typesupport_fastrtps_cpp
[0.168s] [ 32%] Built target flight_control__rosidl_typesupport_c
[0.170s] [ 35%] Built target flight_control__rosidl_typesupport_fastrtps_c
[0.172s] [ 39%] Built target flight_control__rosidl_typesupport_introspection_c
[0.176s] [ 41%] [32mBuilding CXX object CMakeFiles/flight_control_lib.dir/src/vehicle_storage/executor_storage.cpp.o[0m
[0.176s] [ 40%] [32mBuilding CXX object CMakeFiles/flight_control_lib.dir/src/flight_control/flight_executor.cpp.o[0m
[0.186s] [ 41%] Built target flight_control
[0.191s] [35m[1mConsolidate compiler generated dependencies of target matplot[0m
[0.199s] [ 42%] Built target flight_control__py
[0.210s] [35m[1mConsolidate compiler generated dependencies of target flight_control__rosidl_generator_py[0m
[0.218s] [ 44%] Built target flight_control__rosidl_generator_py
[0.220s] [ 85%] Built target matplot
[0.226s] [35m[1mConsolidate compiler generated dependencies of target flight_control__rosidl_typesupport_fastrtps_c__pyext[0m
[0.226s] [35m[1mConsolidate compiler generated dependencies of target flight_control__rosidl_typesupport_c__pyext[0m
[0.226s] [35m[1mConsolidate compiler generated dependencies of target flight_control__rosidl_typesupport_introspection_c__pyext[0m
[0.234s] [ 88%] Built target flight_control__rosidl_typesupport_introspection_c__pyext
[0.234s] [ 92%] Built target flight_control__rosidl_typesupport_fastrtps_c__pyext
[0.234s] [ 92%] Built target flight_control__rosidl_typesupport_c__pyext
[0.316s] running egg_info
[0.317s] writing flight_control.egg-info/PKG-INFO
[0.317s] writing dependency_links to flight_control.egg-info/dependency_links.txt
[0.317s] writing top-level names to flight_control.egg-info/top_level.txt
[0.319s] reading manifest file 'flight_control.egg-info/SOURCES.txt'
[0.320s] writing manifest file 'flight_control.egg-info/SOURCES.txt'
[0.338s] [ 92%] Built target ament_cmake_python_build_flight_control_egg
[3.085s] [ 93%] [32m[1mLinking CXX shared library libflight_control_lib.so[0m
[3.816s] [ 97%] Built target flight_control_lib
[3.826s] [35m[1mConsolidate compiler generated dependencies of target offboard_controller[0m
[3.837s] [ 98%] [32m[1mLinking CXX executable offboard_controller[0m
[4.097s] [100%] Built target offboard_controller
[4.105s] Invoked command in '/home/henryshum0/SUAS/build/flight_control' returned '0': CMAKE_PREFIX_PATH=/home/henryshum0/SUAS/install/px4_ros_com:/home/henryshum0/SUAS/install/px4_msgs:/home/henryshum0/SUAS/install/flight_control:/opt/ros/humble LD_LIBRARY_PATH=/home/henryshum0/SUAS/install/px4_ros_com/lib:/home/henryshum0/SUAS/install/px4_msgs/lib:/home/henryshum0/SUAS/install/flight_control/lib:/opt/ros/humble/opt/rviz_ogre_vendor/lib:/opt/ros/humble/lib/x86_64-linux-gnu:/opt/ros/humble/lib /usr/bin/cmake --build /home/henryshum0/SUAS/build/flight_control -- -j16 -l16
[4.112s] Invoking command in '/home/henryshum0/SUAS/build/flight_control': CMAKE_PREFIX_PATH=/home/henryshum0/SUAS/install/px4_ros_com:/home/henryshum0/SUAS/install/px4_msgs:/home/henryshum0/SUAS/install/flight_control:/opt/ros/humble LD_LIBRARY_PATH=/home/henryshum0/SUAS/install/px4_ros_com/lib:/home/henryshum0/SUAS/install/px4_msgs/lib:/home/henryshum0/SUAS/install/flight_control/lib:/opt/ros/humble/opt/rviz_ogre_vendor/lib:/opt/ros/humble/lib/x86_64-linux-gnu:/opt/ros/humble/lib /usr/bin/cmake --install /home/henryshum0/SUAS/build/flight_control
[4.116s] -- Install configuration: ""
[4.116s] -- Up-to-date: /home/henryshum0/SUAS/install/flight_control/share/ament_index/resource_index/rosidl_interfaces/flight_control
[4.116s] -- Up-to-date: /home/henryshum0/SUAS/install/flight_control/include/flight_control/flight_control
[4.116s] -- Up-to-date: /home/henryshum0/SUAS/install/flight_control/include/flight_control/flight_control/msg
[4.117s] -- Up-to-date: /home/henryshum0/SUAS/install/flight_control/include/flight_control/flight_control/msg/rosidl_generator_c__visibility_control.h
[4.117s] -- Up-to-date: /home/henryshum0/SUAS/install/flight_control/include/flight_control/flight_control/msg/detail
[4.117s] -- Up-to-date: /home/henryshum0/SUAS/install/flight_control/include/flight_control/flight_control/msg/detail/user_command__struct.h
[4.117s] -- Up-to-date: /home/henryshum0/SUAS/install/flight_control/include/flight_control/flight_control/msg/detail/user_command__functions.h
[4.117s] -- Up-to-date: /home/henryshum0/SUAS/install/flight_control/include/flight_control/flight_control/msg/detail/user_command__functions.c
[4.117s] -- Up-to-date: /home/henryshum0/SUAS/install/flight_control/include/flight_control/flight_control/msg/detail/user_command__type_support.h
[4.117s] -- Up-to-date: /home/henryshum0/SUAS/install/flight_control/include/flight_control/flight_control/msg/user_command.h
[4.117s] -- Up-to-date: /home/henryshum0/SUAS/install/flight_control/share/flight_control/environment/library_path.sh
[4.117s] -- Up-to-date: /home/henryshum0/SUAS/install/flight_control/share/flight_control/environment/library_path.dsv
[4.118s] -- Up-to-date: /home/henryshum0/SUAS/install/flight_control/lib/libflight_control__rosidl_generator_c.so
[4.118s] -- Up-to-date: /home/henryshum0/SUAS/install/flight_control/include/flight_control/flight_control
[4.118s] -- Up-to-date: /home/henryshum0/SUAS/install/flight_control/include/flight_control/flight_control/msg
[4.118s] -- Up-to-date: /home/henryshum0/SUAS/install/flight_control/include/flight_control/flight_control/msg/rosidl_typesupport_fastrtps_c__visibility_control.h
[4.118s] -- Up-to-date: /home/henryshum0/SUAS/install/flight_control/include/flight_control/flight_control/msg/detail
[4.118s] -- Up-to-date: /home/henryshum0/SUAS/install/flight_control/include/flight_control/flight_control/msg/detail/user_command__rosidl_typesupport_fastrtps_c.h
[4.119s] -- Up-to-date: /home/henryshum0/SUAS/install/flight_control/lib/libflight_control__rosidl_typesupport_fastrtps_c.so
[4.119s] -- Up-to-date: /home/henryshum0/SUAS/install/flight_control/include/flight_control/flight_control
[4.119s] -- Up-to-date: /home/henryshum0/SUAS/install/flight_control/include/flight_control/flight_control/msg
[4.119s] -- Up-to-date: /home/henryshum0/SUAS/install/flight_control/include/flight_control/flight_control/msg/rosidl_generator_cpp__visibility_control.hpp
[4.120s] -- Up-to-date: /home/henryshum0/SUAS/install/flight_control/include/flight_control/flight_control/msg/user_command.hpp
[4.120s] -- Up-to-date: /home/henryshum0/SUAS/install/flight_control/include/flight_control/flight_control/msg/detail
[4.120s] -- Up-to-date: /home/henryshum0/SUAS/install/flight_control/include/flight_control/flight_control/msg/detail/user_command__traits.hpp
[4.120s] -- Up-to-date: /home/henryshum0/SUAS/install/flight_control/include/flight_control/flight_control/msg/detail/user_command__struct.hpp
[4.120s] -- Up-to-date: /home/henryshum0/SUAS/install/flight_control/include/flight_control/flight_control/msg/detail/user_command__type_support.hpp
[4.120s] -- Up-to-date: /home/henryshum0/SUAS/install/flight_control/include/flight_control/flight_control/msg/detail/user_command__builder.hpp
[4.120s] -- Up-to-date: /home/henryshum0/SUAS/install/flight_control/include/flight_control/flight_control
[4.120s] -- Up-to-date: /home/henryshum0/SUAS/install/flight_control/include/flight_control/flight_control/msg
[4.120s] -- Up-to-date: /home/henryshum0/SUAS/install/flight_control/include/flight_control/flight_control/msg/rosidl_typesupport_fastrtps_cpp__visibility_control.h
[4.120s] -- Up-to-date: /home/henryshum0/SUAS/install/flight_control/include/flight_control/flight_control/msg/detail
[4.120s] -- Up-to-date: /home/henryshum0/SUAS/install/flight_control/include/flight_control/flight_control/msg/detail/user_command__rosidl_typesupport_fastrtps_cpp.hpp
[4.120s] -- Up-to-date: /home/henryshum0/SUAS/install/flight_control/include/flight_control/flight_control/msg/detail/dds_fastrtps
[4.121s] -- Up-to-date: /home/henryshum0/SUAS/install/flight_control/lib/libflight_control__rosidl_typesupport_fastrtps_cpp.so
[4.121s] -- Up-to-date: /home/henryshum0/SUAS/install/flight_control/include/flight_control/flight_control
[4.121s] -- Up-to-date: /home/henryshum0/SUAS/install/flight_control/include/flight_control/flight_control/msg
[4.121s] -- Up-to-date: /home/henryshum0/SUAS/install/flight_control/include/flight_control/flight_control/msg/rosidl_typesupport_introspection_c__visibility_control.h
[4.121s] -- Up-to-date: /home/henryshum0/SUAS/install/flight_control/include/flight_control/flight_control/msg/detail
[4.122s] -- Up-to-date: /home/henryshum0/SUAS/install/flight_control/include/flight_control/flight_control/msg/detail/user_command__type_support.c
[4.122s] -- Up-to-date: /home/henryshum0/SUAS/install/flight_control/include/flight_control/flight_control/msg/detail/user_command__rosidl_typesupport_introspection_c.h
[4.122s] -- Up-to-date: /home/henryshum0/SUAS/install/flight_control/lib/libflight_control__rosidl_typesupport_introspection_c.so
[4.123s] -- Up-to-date: /home/henryshum0/SUAS/install/flight_control/lib/libflight_control__rosidl_typesupport_c.so
[4.123s] -- Up-to-date: /home/henryshum0/SUAS/install/flight_control/include/flight_control/flight_control
[4.123s] -- Up-to-date: /home/henryshum0/SUAS/install/flight_control/include/flight_control/flight_control/msg
[4.123s] -- Up-to-date: /home/henryshum0/SUAS/install/flight_control/include/flight_control/flight_control/msg/detail
[4.123s] -- Up-to-date: /home/henryshum0/SUAS/install/flight_control/include/flight_control/flight_control/msg/detail/user_command__rosidl_typesupport_introspection_cpp.hpp
[4.124s] -- Up-to-date: /home/henryshum0/SUAS/install/flight_control/include/flight_control/flight_control/msg/detail/user_command__type_support.cpp
[4.124s] -- Up-to-date: /home/henryshum0/SUAS/install/flight_control/lib/libflight_control__rosidl_typesupport_introspection_cpp.so
[4.124s] -- Up-to-date: /home/henryshum0/SUAS/install/flight_control/lib/libflight_control__rosidl_typesupport_cpp.so
[4.125s] -- Up-to-date: /home/henryshum0/SUAS/install/flight_control/share/flight_control/environment/pythonpath.sh
[4.125s] -- Up-to-date: /home/henryshum0/SUAS/install/flight_control/share/flight_control/environment/pythonpath.dsv
[4.125s] -- Up-to-date: /home/henryshum0/SUAS/install/flight_control/local/lib/python3.10/dist-packages/flight_control-0.0.0-py3.10.egg-info
[4.125s] -- Installing: /home/henryshum0/SUAS/install/flight_control/local/lib/python3.10/dist-packages/flight_control-0.0.0-py3.10.egg-info/top_level.txt
[4.125s] -- Installing: /home/henryshum0/SUAS/install/flight_control/local/lib/python3.10/dist-packages/flight_control-0.0.0-py3.10.egg-info/SOURCES.txt
[4.125s] -- Installing: /home/henryshum0/SUAS/install/flight_control/local/lib/python3.10/dist-packages/flight_control-0.0.0-py3.10.egg-info/dependency_links.txt
[4.125s] -- Installing: /home/henryshum0/SUAS/install/flight_control/local/lib/python3.10/dist-packages/flight_control-0.0.0-py3.10.egg-info/PKG-INFO
[4.125s] -- Up-to-date: /home/henryshum0/SUAS/install/flight_control/local/lib/python3.10/dist-packages/flight_control
[4.125s] -- Up-to-date: /home/henryshum0/SUAS/install/flight_control/local/lib/python3.10/dist-packages/flight_control/flight_control_s__rosidl_typesupport_introspection_c.cpython-310-x86_64-linux-gnu.so
[4.125s] -- Up-to-date: /home/henryshum0/SUAS/install/flight_control/local/lib/python3.10/dist-packages/flight_control/_flight_control_s.ep.rosidl_typesupport_fastrtps_c.c
[4.125s] -- Up-to-date: /home/henryshum0/SUAS/install/flight_control/local/lib/python3.10/dist-packages/flight_control/msg
[4.125s] -- Up-to-date: /home/henryshum0/SUAS/install/flight_control/local/lib/python3.10/dist-packages/flight_control/msg/__init__.py
[4.126s] -- Up-to-date: /home/henryshum0/SUAS/install/flight_control/local/lib/python3.10/dist-packages/flight_control/msg/_user_command.py
[4.126s] -- Up-to-date: /home/henryshum0/SUAS/install/flight_control/local/lib/python3.10/dist-packages/flight_control/msg/_user_command_s.c
[4.126s] -- Up-to-date: /home/henryshum0/SUAS/install/flight_control/local/lib/python3.10/dist-packages/flight_control/_flight_control_s.ep.rosidl_typesupport_introspection_c.c
[4.126s] -- Up-to-date: /home/henryshum0/SUAS/install/flight_control/local/lib/python3.10/dist-packages/flight_control/libflight_control__rosidl_generator_py.so
[4.126s] -- Up-to-date: /home/henryshum0/SUAS/install/flight_control/local/lib/python3.10/dist-packages/flight_control/__init__.py
[4.126s] -- Up-to-date: /home/henryshum0/SUAS/install/flight_control/local/lib/python3.10/dist-packages/flight_control/_flight_control_s.ep.rosidl_typesupport_c.c
[4.126s] -- Up-to-date: /home/henryshum0/SUAS/install/flight_control/local/lib/python3.10/dist-packages/flight_control/flight_control_s__rosidl_typesupport_c.cpython-310-x86_64-linux-gnu.so
[4.126s] -- Up-to-date: /home/henryshum0/SUAS/install/flight_control/local/lib/python3.10/dist-packages/flight_control/flight_control_s__rosidl_typesupport_fastrtps_c.cpython-310-x86_64-linux-gnu.so
[4.147s] Listing '/home/henryshum0/SUAS/install/flight_control/local/lib/python3.10/dist-packages/flight_control'...
[4.147s] Listing '/home/henryshum0/SUAS/install/flight_control/local/lib/python3.10/dist-packages/flight_control/msg'...
[4.150s] -- Up-to-date: /home/henryshum0/SUAS/install/flight_control/local/lib/python3.10/dist-packages/flight_control/flight_control_s__rosidl_typesupport_fastrtps_c.cpython-310-x86_64-linux-gnu.so
[4.151s] -- Up-to-date: /home/henryshum0/SUAS/install/flight_control/local/lib/python3.10/dist-packages/flight_control/flight_control_s__rosidl_typesupport_introspection_c.cpython-310-x86_64-linux-gnu.so
[4.151s] -- Up-to-date: /home/henryshum0/SUAS/install/flight_control/local/lib/python3.10/dist-packages/flight_control/flight_control_s__rosidl_typesupport_c.cpython-310-x86_64-linux-gnu.so
[4.152s] -- Up-to-date: /home/henryshum0/SUAS/install/flight_control/lib/libflight_control__rosidl_generator_py.so
[4.152s] -- Up-to-date: /home/henryshum0/SUAS/install/flight_control/share/flight_control/msg/UserCommand.idl
[4.152s] -- Up-to-date: /home/henryshum0/SUAS/install/flight_control/share/flight_control/msg/UserCommand.msg
[4.153s] -- Installing: /home/henryshum0/SUAS/install/flight_control/lib/flight_control/offboard_controller
[4.153s] -- Set runtime path of "/home/henryshum0/SUAS/install/flight_control/lib/flight_control/offboard_controller" to ""
[4.154s] -- Up-to-date: /home/henryshum0/SUAS/install/flight_control/lib/flight_control/sensor_combined_listener
[4.155s] -- Up-to-date: /home/henryshum0/SUAS/install/flight_control/lib/flight_control/publish_trj_listener
[4.156s] -- Up-to-date: /home/henryshum0/SUAS/install/flight_control/lib/flight_control/vehicle_pos_listener
[4.157s] -- Up-to-date: /home/henryshum0/SUAS/install/flight_control/lib/flight_control/cmd_ack_listener
[4.157s] -- Up-to-date: /home/henryshum0/SUAS/install/flight_control/include/flight_control/include
[4.157s] -- Up-to-date: /home/henryshum0/SUAS/install/flight_control/include/flight_control/include/lib
[4.157s] -- Up-to-date: /home/henryshum0/SUAS/install/flight_control/include/flight_control/include/lib/utils.hpp
[4.157s] -- Up-to-date: /home/henryshum0/SUAS/install/flight_control/include/flight_control/include/vehicle_storage
[4.157s] -- Up-to-date: /home/henryshum0/SUAS/install/flight_control/include/flight_control/include/vehicle_storage/executor_storage.hpp
[4.157s] -- Up-to-date: /home/henryshum0/SUAS/install/flight_control/include/flight_control/include/vehicle_storage/vehicle_state_storage.hpp
[4.157s] -- Up-to-date: /home/henryshum0/SUAS/install/flight_control/include/flight_control/include/flight_control
[4.157s] -- Up-to-date: /home/henryshum0/SUAS/install/flight_control/include/flight_control/include/flight_control/state_subscribers.hpp
[4.157s] -- Up-to-date: /home/henryshum0/SUAS/install/flight_control/include/flight_control/include/flight_control/flight_executor.hpp
[4.157s] -- Up-to-date: /home/henryshum0/SUAS/install/flight_control/include/flight_control/include/flight_control/control_publishers.hpp
[4.158s] -- Installing: /home/henryshum0/SUAS/install/flight_control/lib/libflight_control_lib.so
[4.172s] -- Set runtime path of "/home/henryshum0/SUAS/install/flight_control/lib/libflight_control_lib.so" to ""
[4.172s] -- Up-to-date: /home/henryshum0/SUAS/install/flight_control/share/ament_index/resource_index/package_run_dependencies/flight_control
[4.172s] -- Up-to-date: /home/henryshum0/SUAS/install/flight_control/share/ament_index/resource_index/parent_prefix_path/flight_control
[4.172s] -- Up-to-date: /home/henryshum0/SUAS/install/flight_control/share/flight_control/environment/ament_prefix_path.sh
[4.173s] -- Up-to-date: /home/henryshum0/SUAS/install/flight_control/share/flight_control/environment/ament_prefix_path.dsv
[4.173s] -- Up-to-date: /home/henryshum0/SUAS/install/flight_control/share/flight_control/environment/path.sh
[4.173s] -- Up-to-date: /home/henryshum0/SUAS/install/flight_control/share/flight_control/environment/path.dsv
[4.173s] -- Up-to-date: /home/henryshum0/SUAS/install/flight_control/share/flight_control/local_setup.bash
[4.173s] -- Up-to-date: /home/henryshum0/SUAS/install/flight_control/share/flight_control/local_setup.sh
[4.173s] -- Up-to-date: /home/henryshum0/SUAS/install/flight_control/share/flight_control/local_setup.zsh
[4.173s] -- Up-to-date: /home/henryshum0/SUAS/install/flight_control/share/flight_control/local_setup.dsv
[4.173s] -- Installing: /home/henryshum0/SUAS/install/flight_control/share/flight_control/package.dsv
[4.173s] -- Up-to-date: /home/henryshum0/SUAS/install/flight_control/share/ament_index/resource_index/packages/flight_control
[4.174s] -- Up-to-date: /home/henryshum0/SUAS/install/flight_control/share/flight_control/cmake/export_flight_control__rosidl_generator_cExport.cmake
[4.174s] -- Up-to-date: /home/henryshum0/SUAS/install/flight_control/share/flight_control/cmake/export_flight_control__rosidl_generator_cExport-noconfig.cmake
[4.175s] -- Up-to-date: /home/henryshum0/SUAS/install/flight_control/share/flight_control/cmake/export_flight_control__rosidl_typesupport_fastrtps_cExport.cmake
[4.175s] -- Up-to-date: /home/henryshum0/SUAS/install/flight_control/share/flight_control/cmake/export_flight_control__rosidl_typesupport_fastrtps_cExport-noconfig.cmake
[4.175s] -- Up-to-date: /home/henryshum0/SUAS/install/flight_control/share/flight_control/cmake/export_flight_control__rosidl_generator_cppExport.cmake
[4.175s] -- Up-to-date: /home/henryshum0/SUAS/install/flight_control/share/flight_control/cmake/export_flight_control__rosidl_typesupport_fastrtps_cppExport.cmake
[4.176s] -- Up-to-date: /home/henryshum0/SUAS/install/flight_control/share/flight_control/cmake/export_flight_control__rosidl_typesupport_fastrtps_cppExport-noconfig.cmake
[4.176s] -- Up-to-date: /home/henryshum0/SUAS/install/flight_control/share/flight_control/cmake/flight_control__rosidl_typesupport_introspection_cExport.cmake
[4.176s] -- Up-to-date: /home/henryshum0/SUAS/install/flight_control/share/flight_control/cmake/flight_control__rosidl_typesupport_introspection_cExport-noconfig.cmake
[4.177s] -- Up-to-date: /home/henryshum0/SUAS/install/flight_control/share/flight_control/cmake/flight_control__rosidl_typesupport_cExport.cmake
[4.177s] -- Up-to-date: /home/henryshum0/SUAS/install/flight_control/share/flight_control/cmake/flight_control__rosidl_typesupport_cExport-noconfig.cmake
[4.177s] -- Up-to-date: /home/henryshum0/SUAS/install/flight_control/share/flight_control/cmake/flight_control__rosidl_typesupport_introspection_cppExport.cmake
[4.177s] -- Up-to-date: /home/henryshum0/SUAS/install/flight_control/share/flight_control/cmake/flight_control__rosidl_typesupport_introspection_cppExport-noconfig.cmake
[4.178s] -- Up-to-date: /home/henryshum0/SUAS/install/flight_control/share/flight_control/cmake/flight_control__rosidl_typesupport_cppExport.cmake
[4.178s] -- Up-to-date: /home/henryshum0/SUAS/install/flight_control/share/flight_control/cmake/flight_control__rosidl_typesupport_cppExport-noconfig.cmake
[4.179s] -- Up-to-date: /home/henryshum0/SUAS/install/flight_control/share/flight_control/cmake/export_flight_control__rosidl_generator_pyExport.cmake
[4.179s] -- Up-to-date: /home/henryshum0/SUAS/install/flight_control/share/flight_control/cmake/export_flight_control__rosidl_generator_pyExport-noconfig.cmake
[4.179s] -- Up-to-date: /home/henryshum0/SUAS/install/flight_control/share/flight_control/cmake/rosidl_cmake-extras.cmake
[4.179s] -- Up-to-date: /home/henryshum0/SUAS/install/flight_control/share/flight_control/cmake/ament_cmake_export_include_directories-extras.cmake
[4.179s] -- Up-to-date: /home/henryshum0/SUAS/install/flight_control/share/flight_control/cmake/ament_cmake_export_libraries-extras.cmake
[4.179s] -- Up-to-date: /home/henryshum0/SUAS/install/flight_control/share/flight_control/cmake/ament_cmake_export_targets-extras.cmake
[4.179s] -- Up-to-date: /home/henryshum0/SUAS/install/flight_control/share/flight_control/cmake/rosidl_cmake_export_typesupport_targets-extras.cmake
[4.179s] -- Up-to-date: /home/henryshum0/SUAS/install/flight_control/share/flight_control/cmake/ament_cmake_export_dependencies-extras.cmake
[4.179s] -- Up-to-date: /home/henryshum0/SUAS/install/flight_control/share/flight_control/cmake/rosidl_cmake_export_typesupport_libraries-extras.cmake
[4.179s] -- Up-to-date: /home/henryshum0/SUAS/install/flight_control/share/flight_control/cmake/flight_controlConfig.cmake
[4.179s] -- Up-to-date: /home/henryshum0/SUAS/install/flight_control/share/flight_control/cmake/flight_controlConfig-version.cmake
[4.179s] -- Up-to-date: /home/henryshum0/SUAS/install/flight_control/share/flight_control/package.xml
[4.180s] -- Up-to-date: /home/henryshum0/SUAS/install/flight_control/include/matplot/detail/exports.h
[4.182s] Invoked command in '/home/henryshum0/SUAS/build/flight_control' returned '0': CMAKE_PREFIX_PATH=/home/henryshum0/SUAS/install/px4_ros_com:/home/henryshum0/SUAS/install/px4_msgs:/home/henryshum0/SUAS/install/flight_control:/opt/ros/humble LD_LIBRARY_PATH=/home/henryshum0/SUAS/install/px4_ros_com/lib:/home/henryshum0/SUAS/install/px4_msgs/lib:/home/henryshum0/SUAS/install/flight_control/lib:/opt/ros/humble/opt/rviz_ogre_vendor/lib:/opt/ros/humble/lib/x86_64-linux-gnu:/opt/ros/humble/lib /usr/bin/cmake --install /home/henryshum0/SUAS/build/flight_control
