[0.127s] Invoking command in '/home/henryshum0/SUAS/build/flight_control': CMAKE_PREFIX_PATH=/home/henryshum0/SUAS/install/px4_ros_com:/home/henryshum0/SUAS/install/px4_msgs:/home/henryshum0/SUAS/install/offboard_control_interfaces:/home/henryshum0/SUAS/install/flight_control:/opt/ros/humble LD_LIBRARY_PATH=/home/henryshum0/SUAS/install/px4_ros_com/lib:/home/henryshum0/SUAS/install/px4_msgs/lib:/home/henryshum0/SUAS/install/offboard_control_interfaces/lib:/home/henryshum0/SUAS/install/flight_control/lib:/opt/ros/humble/opt/rviz_ogre_vendor/lib:/opt/ros/humble/lib/x86_64-linux-gnu:/opt/ros/humble/lib /usr/bin/cmake --build /home/henryshum0/SUAS/build/flight_control -- -j16 -l16
[0.166s] [35m[1mConsolidate compiler generated dependencies of target user_input[0m
[0.174s] [  9%] Built target vehicle_pos_listener
[0.174s] [ 12%] Built target nodesoup
[0.175s] [ 15%] Built target publish_trj_listener
[0.175s] [ 19%] Built target cmd_ack_listener
[0.175s] [ 22%] Built target sensor_combined_listener
[0.179s] [ 23%] [32mBuilding CXX object CMakeFiles/user_input.dir/src/user_input.cpp.o[0m
[0.181s] [ 26%] [32mBuilding CXX object CMakeFiles/flight_control_lib.dir/src/vehicle_storage/executor_storage.cpp.o[0m
[0.181s] [ 26%] [32mBuilding CXX object CMakeFiles/flight_control_lib.dir/src/flight_control/flight_executor.cpp.o[0m
[0.181s] [ 28%] [32mBuilding CXX object CMakeFiles/flight_control_lib.dir/src/flight_control/control_publishers.cpp.o[0m
[0.205s] [ 88%] Built target matplot
[3.367s] [ 90%] [32m[1mLinking CXX executable user_input[0m
[3.528s] [ 90%] Built target user_input
[4.620s] [ 92%] [32m[1mLinking CXX shared library libflight_control_lib.so[0m
[5.382s] [ 96%] Built target flight_control_lib
[5.399s] [ 98%] [32mBuilding CXX object CMakeFiles/offboard_controller.dir/src/main.cpp.o[0m
[7.965s] [100%] [32m[1mLinking CXX executable offboard_controller[0m
[8.245s] [100%] Built target offboard_controller
[8.252s] Invoked command in '/home/henryshum0/SUAS/build/flight_control' returned '0': CMAKE_PREFIX_PATH=/home/henryshum0/SUAS/install/px4_ros_com:/home/henryshum0/SUAS/install/px4_msgs:/home/henryshum0/SUAS/install/offboard_control_interfaces:/home/henryshum0/SUAS/install/flight_control:/opt/ros/humble LD_LIBRARY_PATH=/home/henryshum0/SUAS/install/px4_ros_com/lib:/home/henryshum0/SUAS/install/px4_msgs/lib:/home/henryshum0/SUAS/install/offboard_control_interfaces/lib:/home/henryshum0/SUAS/install/flight_control/lib:/opt/ros/humble/opt/rviz_ogre_vendor/lib:/opt/ros/humble/lib/x86_64-linux-gnu:/opt/ros/humble/lib /usr/bin/cmake --build /home/henryshum0/SUAS/build/flight_control -- -j16 -l16
[8.259s] Invoking command in '/home/henryshum0/SUAS/build/flight_control': CMAKE_PREFIX_PATH=/home/henryshum0/SUAS/install/px4_ros_com:/home/henryshum0/SUAS/install/px4_msgs:/home/henryshum0/SUAS/install/offboard_control_interfaces:/home/henryshum0/SUAS/install/flight_control:/opt/ros/humble LD_LIBRARY_PATH=/home/henryshum0/SUAS/install/px4_ros_com/lib:/home/henryshum0/SUAS/install/px4_msgs/lib:/home/henryshum0/SUAS/install/offboard_control_interfaces/lib:/home/henryshum0/SUAS/install/flight_control/lib:/opt/ros/humble/opt/rviz_ogre_vendor/lib:/opt/ros/humble/lib/x86_64-linux-gnu:/opt/ros/humble/lib /usr/bin/cmake --install /home/henryshum0/SUAS/build/flight_control
[8.262s] -- Install configuration: ""
[8.263s] -- Installing: /home/henryshum0/SUAS/install/flight_control/lib/flight_control/offboard_controller
[8.264s] -- Set runtime path of "/home/henryshum0/SUAS/install/flight_control/lib/flight_control/offboard_controller" to ""
[8.264s] -- Installing: /home/henryshum0/SUAS/install/flight_control/lib/flight_control/user_input
[8.266s] -- Set runtime path of "/home/henryshum0/SUAS/install/flight_control/lib/flight_control/user_input" to ""
[8.267s] -- Up-to-date: /home/henryshum0/SUAS/install/flight_control/lib/flight_control/sensor_combined_listener
[8.268s] -- Up-to-date: /home/henryshum0/SUAS/install/flight_control/lib/flight_control/publish_trj_listener
[8.268s] -- Up-to-date: /home/henryshum0/SUAS/install/flight_control/lib/flight_control/vehicle_pos_listener
[8.269s] -- Up-to-date: /home/henryshum0/SUAS/install/flight_control/lib/flight_control/cmd_ack_listener
[8.269s] -- Up-to-date: /home/henryshum0/SUAS/install/flight_control/include/flight_control/include
[8.269s] -- Up-to-date: /home/henryshum0/SUAS/install/flight_control/include/flight_control/include/lib
[8.269s] -- Up-to-date: /home/henryshum0/SUAS/install/flight_control/include/flight_control/include/lib/utils.hpp
[8.269s] -- Up-to-date: /home/henryshum0/SUAS/install/flight_control/include/flight_control/include/vehicle_storage
[8.269s] -- Installing: /home/henryshum0/SUAS/install/flight_control/include/flight_control/include/vehicle_storage/executor_storage.hpp
[8.270s] -- Up-to-date: /home/henryshum0/SUAS/install/flight_control/include/flight_control/include/vehicle_storage/vehicle_state_storage.hpp
[8.270s] -- Up-to-date: /home/henryshum0/SUAS/install/flight_control/include/flight_control/include/flight_control
[8.270s] -- Up-to-date: /home/henryshum0/SUAS/install/flight_control/include/flight_control/include/flight_control/state_subscribers.hpp
[8.270s] -- Up-to-date: /home/henryshum0/SUAS/install/flight_control/include/flight_control/include/flight_control/flight_executor.hpp
[8.270s] -- Up-to-date: /home/henryshum0/SUAS/install/flight_control/include/flight_control/include/flight_control/control_publishers.hpp
[8.270s] -- Installing: /home/henryshum0/SUAS/install/flight_control/include/flight_control/include/flight_control/input_parser.hpp
[8.271s] -- Installing: /home/henryshum0/SUAS/install/flight_control/lib/libflight_control_lib.so
[8.281s] -- Set runtime path of "/home/henryshum0/SUAS/install/flight_control/lib/libflight_control_lib.so" to ""
[8.281s] -- Up-to-date: /home/henryshum0/SUAS/install/flight_control/share/ament_index/resource_index/package_run_dependencies/flight_control
[8.281s] -- Up-to-date: /home/henryshum0/SUAS/install/flight_control/share/ament_index/resource_index/parent_prefix_path/flight_control
[8.281s] -- Up-to-date: /home/henryshum0/SUAS/install/flight_control/share/flight_control/environment/ament_prefix_path.sh
[8.281s] -- Up-to-date: /home/henryshum0/SUAS/install/flight_control/share/flight_control/environment/ament_prefix_path.dsv
[8.281s] -- Up-to-date: /home/henryshum0/SUAS/install/flight_control/share/flight_control/environment/path.sh
[8.281s] -- Up-to-date: /home/henryshum0/SUAS/install/flight_control/share/flight_control/environment/path.dsv
[8.281s] -- Up-to-date: /home/henryshum0/SUAS/install/flight_control/share/flight_control/local_setup.bash
[8.282s] -- Up-to-date: /home/henryshum0/SUAS/install/flight_control/share/flight_control/local_setup.sh
[8.282s] -- Up-to-date: /home/henryshum0/SUAS/install/flight_control/share/flight_control/local_setup.zsh
[8.282s] -- Up-to-date: /home/henryshum0/SUAS/install/flight_control/share/flight_control/local_setup.dsv
[8.282s] -- Installing: /home/henryshum0/SUAS/install/flight_control/share/flight_control/package.dsv
[8.283s] -- Up-to-date: /home/henryshum0/SUAS/install/flight_control/share/ament_index/resource_index/packages/flight_control
[8.283s] -- Up-to-date: /home/henryshum0/SUAS/install/flight_control/share/flight_control/cmake/flight_controlConfig.cmake
[8.283s] -- Up-to-date: /home/henryshum0/SUAS/install/flight_control/share/flight_control/cmake/flight_controlConfig-version.cmake
[8.283s] -- Up-to-date: /home/henryshum0/SUAS/install/flight_control/share/flight_control/package.xml
[8.284s] -- Up-to-date: /home/henryshum0/SUAS/install/flight_control/include/matplot/detail/exports.h
[8.286s] Invoked command in '/home/henryshum0/SUAS/build/flight_control' returned '0': CMAKE_PREFIX_PATH=/home/henryshum0/SUAS/install/px4_ros_com:/home/henryshum0/SUAS/install/px4_msgs:/home/henryshum0/SUAS/install/offboard_control_interfaces:/home/henryshum0/SUAS/install/flight_control:/opt/ros/humble LD_LIBRARY_PATH=/home/henryshum0/SUAS/install/px4_ros_com/lib:/home/henryshum0/SUAS/install/px4_msgs/lib:/home/henryshum0/SUAS/install/offboard_control_interfaces/lib:/home/henryshum0/SUAS/install/flight_control/lib:/opt/ros/humble/opt/rviz_ogre_vendor/lib:/opt/ros/humble/lib/x86_64-linux-gnu:/opt/ros/humble/lib /usr/bin/cmake --install /home/henryshum0/SUAS/build/flight_control
