[0.094s] Invoking command in '/home/henryshum0/SUAS/build/flight_control': CMAKE_PREFIX_PATH=/home/henryshum0/SUAS/install/px4_ros_com:/home/henryshum0/SUAS/install/px4_msgs:/home/henryshum0/SUAS/install/flight_control:/opt/ros/humble LD_LIBRARY_PATH=/home/henryshum0/SUAS/install/px4_ros_com/lib:/home/henryshum0/SUAS/install/px4_msgs/lib:/home/henryshum0/SUAS/install/flight_control/lib:/opt/ros/humble/opt/rviz_ogre_vendor/lib:/opt/ros/humble/lib/x86_64-linux-gnu:/opt/ros/humble/lib /usr/bin/cmake --build /home/henryshum0/SUAS/build/flight_control -- -j16 -l16
[0.130s] [35m[1mConsolidate compiler generated dependencies of target flight_control_lib[0m
[0.134s] [ 30%] Built target sensor_combined_listener
[0.134s] [ 30%] Built target publish_trj_listener
[0.149s] [ 38%] [32mBuilding CXX object CMakeFiles/flight_control_lib.dir/src/flight_control/flight_executor.cpp.o[0m
[2.937s] [ 46%] [32m[1mLinking CXX shared library libflight_control_lib.so[0m
[3.822s] [ 84%] Built target flight_control_lib
[3.842s] [ 92%] [32m[1mLinking CXX executable offboard_controller[0m
[4.144s] [100%] Built target offboard_controller
[4.151s] Invoked command in '/home/henryshum0/SUAS/build/flight_control' returned '0': CMAKE_PREFIX_PATH=/home/henryshum0/SUAS/install/px4_ros_com:/home/henryshum0/SUAS/install/px4_msgs:/home/henryshum0/SUAS/install/flight_control:/opt/ros/humble LD_LIBRARY_PATH=/home/henryshum0/SUAS/install/px4_ros_com/lib:/home/henryshum0/SUAS/install/px4_msgs/lib:/home/henryshum0/SUAS/install/flight_control/lib:/opt/ros/humble/opt/rviz_ogre_vendor/lib:/opt/ros/humble/lib/x86_64-linux-gnu:/opt/ros/humble/lib /usr/bin/cmake --build /home/henryshum0/SUAS/build/flight_control -- -j16 -l16
[4.158s] Invoking command in '/home/henryshum0/SUAS/build/flight_control': CMAKE_PREFIX_PATH=/home/henryshum0/SUAS/install/px4_ros_com:/home/henryshum0/SUAS/install/px4_msgs:/home/henryshum0/SUAS/install/flight_control:/opt/ros/humble LD_LIBRARY_PATH=/home/henryshum0/SUAS/install/px4_ros_com/lib:/home/henryshum0/SUAS/install/px4_msgs/lib:/home/henryshum0/SUAS/install/flight_control/lib:/opt/ros/humble/opt/rviz_ogre_vendor/lib:/opt/ros/humble/lib/x86_64-linux-gnu:/opt/ros/humble/lib /usr/bin/cmake --install /home/henryshum0/SUAS/build/flight_control
[4.164s] -- Install configuration: ""
[4.165s] -- Installing: /home/henryshum0/SUAS/install/flight_control/lib/flight_control/offboard_controller
[4.166s] -- Set runtime path of "/home/henryshum0/SUAS/install/flight_control/lib/flight_control/offboard_controller" to ""
[4.166s] -- Up-to-date: /home/henryshum0/SUAS/install/flight_control/lib/flight_control/sensor_combined_listener
[4.167s] -- Up-to-date: /home/henryshum0/SUAS/install/flight_control/lib/flight_control/publish_trj_listener
[4.167s] -- Up-to-date: /home/henryshum0/SUAS/install/flight_control/include/flight_control/include
[4.167s] -- Up-to-date: /home/henryshum0/SUAS/install/flight_control/include/flight_control/include/lib
[4.167s] -- Up-to-date: /home/henryshum0/SUAS/install/flight_control/include/flight_control/include/lib/utils.hpp
[4.167s] -- Up-to-date: /home/henryshum0/SUAS/install/flight_control/include/flight_control/include/vehicle_storage
[4.167s] -- Up-to-date: /home/henryshum0/SUAS/install/flight_control/include/flight_control/include/vehicle_storage/executor_cmd_storage.hpp
[4.167s] -- Up-to-date: /home/henryshum0/SUAS/install/flight_control/include/flight_control/include/vehicle_storage/vehicle_state_storage.hpp
[4.167s] -- Up-to-date: /home/henryshum0/SUAS/install/flight_control/include/flight_control/include/flight_control
[4.167s] -- Up-to-date: /home/henryshum0/SUAS/install/flight_control/include/flight_control/include/flight_control/state_subscribers.hpp
[4.167s] -- Up-to-date: /home/henryshum0/SUAS/install/flight_control/include/flight_control/include/flight_control/offboard_controller.hpp
[4.167s] -- Up-to-date: /home/henryshum0/SUAS/install/flight_control/include/flight_control/include/flight_control/flight_executor.hpp
[4.167s] -- Up-to-date: /home/henryshum0/SUAS/install/flight_control/include/flight_control/include/flight_control/control_publishers.hpp
[4.168s] -- Installing: /home/henryshum0/SUAS/install/flight_control/lib/libflight_control_lib.so
[4.176s] -- Set runtime path of "/home/henryshum0/SUAS/install/flight_control/lib/libflight_control_lib.so" to ""
[4.176s] -- Up-to-date: /home/henryshum0/SUAS/install/flight_control/share/ament_index/resource_index/package_run_dependencies/flight_control
[4.176s] -- Up-to-date: /home/henryshum0/SUAS/install/flight_control/share/ament_index/resource_index/parent_prefix_path/flight_control
[4.176s] -- Up-to-date: /home/henryshum0/SUAS/install/flight_control/share/flight_control/environment/ament_prefix_path.sh
[4.177s] -- Up-to-date: /home/henryshum0/SUAS/install/flight_control/share/flight_control/environment/ament_prefix_path.dsv
[4.177s] -- Up-to-date: /home/henryshum0/SUAS/install/flight_control/share/flight_control/environment/path.sh
[4.177s] -- Up-to-date: /home/henryshum0/SUAS/install/flight_control/share/flight_control/environment/path.dsv
[4.177s] -- Up-to-date: /home/henryshum0/SUAS/install/flight_control/share/flight_control/local_setup.bash
[4.177s] -- Up-to-date: /home/henryshum0/SUAS/install/flight_control/share/flight_control/local_setup.sh
[4.177s] -- Up-to-date: /home/henryshum0/SUAS/install/flight_control/share/flight_control/local_setup.zsh
[4.177s] -- Up-to-date: /home/henryshum0/SUAS/install/flight_control/share/flight_control/local_setup.dsv
[4.177s] -- Installing: /home/henryshum0/SUAS/install/flight_control/share/flight_control/package.dsv
[4.177s] -- Up-to-date: /home/henryshum0/SUAS/install/flight_control/share/ament_index/resource_index/packages/flight_control
[4.177s] -- Up-to-date: /home/henryshum0/SUAS/install/flight_control/share/flight_control/cmake/flight_controlConfig.cmake
[4.177s] -- Up-to-date: /home/henryshum0/SUAS/install/flight_control/share/flight_control/cmake/flight_controlConfig-version.cmake
[4.177s] -- Up-to-date: /home/henryshum0/SUAS/install/flight_control/share/flight_control/package.xml
[4.179s] Invoked command in '/home/henryshum0/SUAS/build/flight_control' returned '0': CMAKE_PREFIX_PATH=/home/henryshum0/SUAS/install/px4_ros_com:/home/henryshum0/SUAS/install/px4_msgs:/home/henryshum0/SUAS/install/flight_control:/opt/ros/humble LD_LIBRARY_PATH=/home/henryshum0/SUAS/install/px4_ros_com/lib:/home/henryshum0/SUAS/install/px4_msgs/lib:/home/henryshum0/SUAS/install/flight_control/lib:/opt/ros/humble/opt/rviz_ogre_vendor/lib:/opt/ros/humble/lib/x86_64-linux-gnu:/opt/ros/humble/lib /usr/bin/cmake --install /home/henryshum0/SUAS/build/flight_control
