[ 50%] Built target frame_conversion
[ 75%] [32mBuilding CXX object CMakeFiles/test_functions.dir/src/test.cpp.o[0m
[100%] [32m[1mLinking CXX executable test_functions[0m
[100%] Built target test_functions
-- Install configuration: ""
-- Installing: /home/henryshum0/SUAS/install/flight_control/lib/flight_control/test_functions
-- Set runtime path of "/home/henryshum0/SUAS/install/flight_control/lib/flight_control/test_functions" to ""
-- Up-to-date: /home/henryshum0/SUAS/install/flight_control/share/flight_control/environment/library_path.sh
-- Up-to-date: /home/henryshum0/SUAS/install/flight_control/share/flight_control/environment/library_path.dsv
-- Up-to-date: /home/henryshum0/SUAS/install/flight_control/include/flight_control
-- Up-to-date: /home/henryshum0/SUAS/install/flight_control/include/flight_control/frame_conversion.hpp
-- Up-to-date: /home/henryshum0/SUAS/install/flight_control/lib/libframe_conversion.so
-- Up-to-date: /home/henryshum0/SUAS/install/flight_control/share/ament_index/resource_index/package_run_dependencies/flight_control
-- Up-to-date: /home/henryshum0/SUAS/install/flight_control/share/ament_index/resource_index/parent_prefix_path/flight_control
-- Up-to-date: /home/henryshum0/SUAS/install/flight_control/share/flight_control/environment/ament_prefix_path.sh
-- Up-to-date: /home/henryshum0/SUAS/install/flight_control/share/flight_control/environment/ament_prefix_path.dsv
-- Up-to-date: /home/henryshum0/SUAS/install/flight_control/share/flight_control/environment/path.sh
-- Up-to-date: /home/henryshum0/SUAS/install/flight_control/share/flight_control/environment/path.dsv
-- Up-to-date: /home/henryshum0/SUAS/install/flight_control/share/flight_control/local_setup.bash
-- Up-to-date: /home/henryshum0/SUAS/install/flight_control/share/flight_control/local_setup.sh
-- Up-to-date: /home/henryshum0/SUAS/install/flight_control/share/flight_control/local_setup.zsh
-- Up-to-date: /home/henryshum0/SUAS/install/flight_control/share/flight_control/local_setup.dsv
-- Up-to-date: /home/henryshum0/SUAS/install/flight_control/share/flight_control/package.dsv
-- Up-to-date: /home/henryshum0/SUAS/install/flight_control/share/ament_index/resource_index/packages/flight_control
-- Up-to-date: /home/henryshum0/SUAS/install/flight_control/share/flight_control/cmake/export_frame_conversionExport.cmake
-- Up-to-date: /home/henryshum0/SUAS/install/flight_control/share/flight_control/cmake/export_frame_conversionExport-noconfig.cmake
-- Up-to-date: /home/henryshum0/SUAS/install/flight_control/share/flight_control/cmake/ament_cmake_export_targets-extras.cmake
-- Up-to-date: /home/henryshum0/SUAS/install/flight_control/share/flight_control/cmake/ament_cmake_export_include_directories-extras.cmake
-- Up-to-date: /home/henryshum0/SUAS/install/flight_control/share/flight_control/cmake/ament_cmake_export_libraries-extras.cmake
-- Up-to-date: /home/henryshum0/SUAS/install/flight_control/share/flight_control/cmake/flight_controlConfig.cmake
-- Up-to-date: /home/henryshum0/SUAS/install/flight_control/share/flight_control/cmake/flight_controlConfig-version.cmake
-- Up-to-date: /home/henryshum0/SUAS/install/flight_control/share/flight_control/package.xml
