[0.012s] Invoking command in '/home/henryshum0/SUAS/build/flight_control': CMAKE_PREFIX_PATH=/opt/ros/humble /usr/bin/cmake --build /home/henryshum0/SUAS/build/flight_control -- -j16 -l16
[0.040s] [ 50%] Built target frame_conversion
[0.054s] [ 75%] [32mBuilding CXX object CMakeFiles/test_functions.dir/src/test.cpp.o[0m
[1.078s] [100%] [32m[1mLinking CXX executable test_functions[0m
[1.089s] [100%] Built target test_functions
[1.091s] Invoked command in '/home/henryshum0/SUAS/build/flight_control' returned '0': CMAKE_PREFIX_PATH=/opt/ros/humble /usr/bin/cmake --build /home/henryshum0/SUAS/build/flight_control -- -j16 -l16
[1.092s] Invoking command in '/home/henryshum0/SUAS/build/flight_control': CMAKE_PREFIX_PATH=/opt/ros/humble /usr/bin/cmake --install /home/henryshum0/SUAS/build/flight_control
[1.092s] -- Install configuration: ""
[1.093s] -- Installing: /home/henryshum0/SUAS/install/flight_control/lib/flight_control/test_functions
[1.093s] -- Set runtime path of "/home/henryshum0/SUAS/install/flight_control/lib/flight_control/test_functions" to ""
[1.093s] -- Up-to-date: /home/henryshum0/SUAS/install/flight_control/share/flight_control/environment/library_path.sh
[1.093s] -- Up-to-date: /home/henryshum0/SUAS/install/flight_control/share/flight_control/environment/library_path.dsv
[1.093s] -- Up-to-date: /home/henryshum0/SUAS/install/flight_control/include/flight_control
[1.093s] -- Up-to-date: /home/henryshum0/SUAS/install/flight_control/include/flight_control/frame_conversion.hpp
[1.094s] -- Up-to-date: /home/henryshum0/SUAS/install/flight_control/lib/libframe_conversion.so
[1.094s] -- Up-to-date: /home/henryshum0/SUAS/install/flight_control/share/ament_index/resource_index/package_run_dependencies/flight_control
[1.094s] -- Up-to-date: /home/henryshum0/SUAS/install/flight_control/share/ament_index/resource_index/parent_prefix_path/flight_control
[1.094s] -- Up-to-date: /home/henryshum0/SUAS/install/flight_control/share/flight_control/environment/ament_prefix_path.sh
[1.094s] -- Up-to-date: /home/henryshum0/SUAS/install/flight_control/share/flight_control/environment/ament_prefix_path.dsv
[1.094s] -- Up-to-date: /home/henryshum0/SUAS/install/flight_control/share/flight_control/environment/path.sh
[1.094s] -- Up-to-date: /home/henryshum0/SUAS/install/flight_control/share/flight_control/environment/path.dsv
[1.094s] -- Up-to-date: /home/henryshum0/SUAS/install/flight_control/share/flight_control/local_setup.bash
[1.094s] -- Up-to-date: /home/henryshum0/SUAS/install/flight_control/share/flight_control/local_setup.sh
[1.094s] -- Up-to-date: /home/henryshum0/SUAS/install/flight_control/share/flight_control/local_setup.zsh
[1.094s] -- Up-to-date: /home/henryshum0/SUAS/install/flight_control/share/flight_control/local_setup.dsv
[1.094s] -- Up-to-date: /home/henryshum0/SUAS/install/flight_control/share/flight_control/package.dsv
[1.094s] -- Up-to-date: /home/henryshum0/SUAS/install/flight_control/share/ament_index/resource_index/packages/flight_control
[1.095s] -- Up-to-date: /home/henryshum0/SUAS/install/flight_control/share/flight_control/cmake/export_frame_conversionExport.cmake
[1.095s] -- Up-to-date: /home/henryshum0/SUAS/install/flight_control/share/flight_control/cmake/export_frame_conversionExport-noconfig.cmake
[1.095s] -- Up-to-date: /home/henryshum0/SUAS/install/flight_control/share/flight_control/cmake/ament_cmake_export_targets-extras.cmake
[1.095s] -- Up-to-date: /home/henryshum0/SUAS/install/flight_control/share/flight_control/cmake/ament_cmake_export_include_directories-extras.cmake
[1.095s] -- Up-to-date: /home/henryshum0/SUAS/install/flight_control/share/flight_control/cmake/ament_cmake_export_libraries-extras.cmake
[1.095s] -- Up-to-date: /home/henryshum0/SUAS/install/flight_control/share/flight_control/cmake/flight_controlConfig.cmake
[1.096s] -- Up-to-date: /home/henryshum0/SUAS/install/flight_control/share/flight_control/cmake/flight_controlConfig-version.cmake
[1.096s] -- Up-to-date: /home/henryshum0/SUAS/install/flight_control/share/flight_control/package.xml
[1.096s] Invoked command in '/home/henryshum0/SUAS/build/flight_control' returned '0': CMAKE_PREFIX_PATH=/opt/ros/humble /usr/bin/cmake --install /home/henryshum0/SUAS/build/flight_control
