[0.154s] DEBUG:colcon:Command line arguments: ['/usr/bin/colcon', 'build']
[0.154s] DEBUG:colcon:Parsed command line arguments: Namespace(log_base=None, log_level=None, verb_name='build', build_base='build', install_base='install', merge_install=False, symlink_install=False, test_result_base=None, continue_on_error=False, executor='parallel', parallel_workers=16, event_handlers=None, ignore_user_meta=False, metas=['./colcon.meta'], base_paths=['.'], packages_ignore=None, packages_ignore_regex=None, paths=None, packages_up_to=None, packages_up_to_regex=None, packages_above=None, packages_above_and_dependencies=None, packages_above_depth=None, packages_select_by_dep=None, packages_skip_by_dep=None, packages_skip_up_to=None, packages_select_build_failed=False, packages_skip_build_finished=False, packages_select_test_failures=False, packages_skip_test_passed=False, packages_select=None, packages_skip=None, packages_select_regex=None, packages_skip_regex=None, packages_start=None, packages_end=None, allow_overriding=[], cmake_args=None, cmake_target=None, cmake_target_skip_unavailable=False, cmake_clean_cache=False, cmake_clean_first=False, cmake_force_configure=False, ament_cmake_args=None, catkin_cmake_args=None, catkin_skip_building_tests=False, mixin_files=None, mixin=None, verb_parser=<colcon_mixin.mixin.mixin_argument.MixinArgumentDecorator object at 0x7fa3dbdcdc60>, verb_extension=<colcon_core.verb.build.BuildVerb object at 0x7fa3dbf4ebf0>, main=<bound method BuildVerb.main of <colcon_core.verb.build.BuildVerb object at 0x7fa3dbf4ebf0>>, mixin_verb=('build',))
[0.359s] Level 1:colcon.colcon_core.package_discovery:discover_packages(colcon_meta) check parameters
[0.359s] Level 1:colcon.colcon_core.package_discovery:discover_packages(recursive) check parameters
[0.359s] Level 1:colcon.colcon_core.package_discovery:discover_packages(ignore) check parameters
[0.359s] Level 1:colcon.colcon_core.package_discovery:discover_packages(path) check parameters
[0.359s] Level 1:colcon.colcon_core.package_discovery:discover_packages(colcon_meta) discover
[0.359s] Level 1:colcon.colcon_core.package_discovery:discover_packages(recursive) discover
[0.359s] INFO:colcon.colcon_core.package_discovery:Crawling recursively for packages in '/home/henryshum0/SUAS'
[0.359s] Level 1:colcon.colcon_core.package_identification:_identify(.) by extensions ['ignore', 'ignore_ament_install']
[0.360s] Level 1:colcon.colcon_core.package_identification:_identify(.) by extension 'ignore'
[0.360s] Level 1:colcon.colcon_core.package_identification:_identify(.) by extension 'ignore_ament_install'
[0.360s] Level 1:colcon.colcon_core.package_identification:_identify(.) by extensions ['colcon_pkg']
[0.360s] Level 1:colcon.colcon_core.package_identification:_identify(.) by extension 'colcon_pkg'
[0.360s] Level 1:colcon.colcon_core.package_identification:_identify(.) by extensions ['colcon_meta']
[0.360s] Level 1:colcon.colcon_core.package_identification:_identify(.) by extension 'colcon_meta'
[0.360s] Level 1:colcon.colcon_core.package_identification:_identify(.) by extensions ['ros']
[0.360s] Level 1:colcon.colcon_core.package_identification:_identify(.) by extension 'ros'
[0.369s] Level 1:colcon.colcon_core.package_identification:_identify(.) by extensions ['cmake', 'python']
[0.369s] Level 1:colcon.colcon_core.package_identification:_identify(.) by extension 'cmake'
[0.369s] Level 1:colcon.colcon_core.package_identification:_identify(.) by extension 'python'
[0.369s] Level 1:colcon.colcon_core.package_identification:_identify(.) by extensions ['python_setup_py']
[0.369s] Level 1:colcon.colcon_core.package_identification:_identify(.) by extension 'python_setup_py'
[0.369s] Level 1:colcon.colcon_core.package_identification:_identify(build) by extensions ['ignore', 'ignore_ament_install']
[0.369s] Level 1:colcon.colcon_core.package_identification:_identify(build) by extension 'ignore'
[0.369s] Level 1:colcon.colcon_core.package_identification:_identify(build) ignored
[0.370s] Level 1:colcon.colcon_core.package_identification:_identify(install) by extensions ['ignore', 'ignore_ament_install']
[0.370s] Level 1:colcon.colcon_core.package_identification:_identify(install) by extension 'ignore'
[0.370s] Level 1:colcon.colcon_core.package_identification:_identify(install) ignored
[0.370s] Level 1:colcon.colcon_core.package_identification:_identify(log) by extensions ['ignore', 'ignore_ament_install']
[0.370s] Level 1:colcon.colcon_core.package_identification:_identify(log) by extension 'ignore'
[0.370s] Level 1:colcon.colcon_core.package_identification:_identify(log) ignored
[0.370s] Level 1:colcon.colcon_core.package_identification:_identify(src) by extensions ['ignore', 'ignore_ament_install']
[0.370s] Level 1:colcon.colcon_core.package_identification:_identify(src) by extension 'ignore'
[0.370s] Level 1:colcon.colcon_core.package_identification:_identify(src) by extension 'ignore_ament_install'
[0.370s] Level 1:colcon.colcon_core.package_identification:_identify(src) by extensions ['colcon_pkg']
[0.370s] Level 1:colcon.colcon_core.package_identification:_identify(src) by extension 'colcon_pkg'
[0.370s] Level 1:colcon.colcon_core.package_identification:_identify(src) by extensions ['colcon_meta']
[0.370s] Level 1:colcon.colcon_core.package_identification:_identify(src) by extension 'colcon_meta'
[0.370s] Level 1:colcon.colcon_core.package_identification:_identify(src) by extensions ['ros']
[0.370s] Level 1:colcon.colcon_core.package_identification:_identify(src) by extension 'ros'
[0.370s] Level 1:colcon.colcon_core.package_identification:_identify(src) by extensions ['cmake', 'python']
[0.370s] Level 1:colcon.colcon_core.package_identification:_identify(src) by extension 'cmake'
[0.370s] Level 1:colcon.colcon_core.package_identification:_identify(src) by extension 'python'
[0.370s] Level 1:colcon.colcon_core.package_identification:_identify(src) by extensions ['python_setup_py']
[0.370s] Level 1:colcon.colcon_core.package_identification:_identify(src) by extension 'python_setup_py'
[0.370s] Level 1:colcon.colcon_core.package_identification:_identify(src/flight_control) by extensions ['ignore', 'ignore_ament_install']
[0.370s] Level 1:colcon.colcon_core.package_identification:_identify(src/flight_control) by extension 'ignore'
[0.370s] Level 1:colcon.colcon_core.package_identification:_identify(src/flight_control) by extension 'ignore_ament_install'
[0.371s] Level 1:colcon.colcon_core.package_identification:_identify(src/flight_control) by extensions ['colcon_pkg']
[0.371s] Level 1:colcon.colcon_core.package_identification:_identify(src/flight_control) by extension 'colcon_pkg'
[0.371s] Level 1:colcon.colcon_core.package_identification:_identify(src/flight_control) by extensions ['colcon_meta']
[0.371s] Level 1:colcon.colcon_core.package_identification:_identify(src/flight_control) by extension 'colcon_meta'
[0.371s] Level 1:colcon.colcon_core.package_identification:_identify(src/flight_control) by extensions ['ros']
[0.371s] Level 1:colcon.colcon_core.package_identification:_identify(src/flight_control) by extension 'ros'
[0.373s] DEBUG:colcon.colcon_core.package_identification:Package 'src/flight_control' with type 'ros.ament_cmake' and name 'flight_control'
[0.373s] Level 1:colcon.colcon_core.package_identification:_identify(src/px4_msgs) by extensions ['ignore', 'ignore_ament_install']
[0.373s] Level 1:colcon.colcon_core.package_identification:_identify(src/px4_msgs) by extension 'ignore'
[0.373s] Level 1:colcon.colcon_core.package_identification:_identify(src/px4_msgs) by extension 'ignore_ament_install'
[0.373s] Level 1:colcon.colcon_core.package_identification:_identify(src/px4_msgs) by extensions ['colcon_pkg']
[0.373s] Level 1:colcon.colcon_core.package_identification:_identify(src/px4_msgs) by extension 'colcon_pkg'
[0.373s] Level 1:colcon.colcon_core.package_identification:_identify(src/px4_msgs) by extensions ['colcon_meta']
[0.373s] Level 1:colcon.colcon_core.package_identification:_identify(src/px4_msgs) by extension 'colcon_meta'
[0.373s] Level 1:colcon.colcon_core.package_identification:_identify(src/px4_msgs) by extensions ['ros']
[0.373s] Level 1:colcon.colcon_core.package_identification:_identify(src/px4_msgs) by extension 'ros'
[0.374s] DEBUG:colcon.colcon_core.package_identification:Package 'src/px4_msgs' with type 'ros.ament_cmake' and name 'px4_msgs'
[0.374s] Level 1:colcon.colcon_core.package_identification:_identify(src/px4_ros_com) by extensions ['ignore', 'ignore_ament_install']
[0.374s] Level 1:colcon.colcon_core.package_identification:_identify(src/px4_ros_com) by extension 'ignore'
[0.374s] Level 1:colcon.colcon_core.package_identification:_identify(src/px4_ros_com) by extension 'ignore_ament_install'
[0.374s] Level 1:colcon.colcon_core.package_identification:_identify(src/px4_ros_com) by extensions ['colcon_pkg']
[0.374s] Level 1:colcon.colcon_core.package_identification:_identify(src/px4_ros_com) by extension 'colcon_pkg'
[0.374s] Level 1:colcon.colcon_core.package_identification:_identify(src/px4_ros_com) by extensions ['colcon_meta']
[0.374s] Level 1:colcon.colcon_core.package_identification:_identify(src/px4_ros_com) by extension 'colcon_meta'
[0.374s] Level 1:colcon.colcon_core.package_identification:_identify(src/px4_ros_com) by extensions ['ros']
[0.374s] Level 1:colcon.colcon_core.package_identification:_identify(src/px4_ros_com) by extension 'ros'
[0.376s] DEBUG:colcon.colcon_core.package_identification:Package 'src/px4_ros_com' with type 'ros.ament_cmake' and name 'px4_ros_com'
[0.376s] Level 1:colcon.colcon_core.package_discovery:discover_packages(recursive) using defaults
[0.376s] Level 1:colcon.colcon_core.package_discovery:discover_packages(ignore) discover
[0.376s] Level 1:colcon.colcon_core.package_discovery:discover_packages(ignore) using defaults
[0.376s] Level 1:colcon.colcon_core.package_discovery:discover_packages(path) discover
[0.376s] Level 1:colcon.colcon_core.package_discovery:discover_packages(path) using defaults
[0.404s] Level 1:colcon.colcon_core.package_discovery:discover_packages(prefix_path) check parameters
[0.404s] Level 1:colcon.colcon_core.package_discovery:discover_packages(prefix_path) discover
[0.409s] DEBUG:colcon.colcon_installed_package_information.package_discovery:Found 271 installed packages in /opt/ros/humble
[0.410s] Level 1:colcon.colcon_core.package_discovery:discover_packages(prefix_path) using defaults
[0.473s] Level 5:colcon.colcon_core.verb:set package 'px4_msgs' build argument 'cmake_args' from command line to 'None'
[0.473s] Level 5:colcon.colcon_core.verb:set package 'px4_msgs' build argument 'cmake_target' from command line to 'None'
[0.473s] Level 5:colcon.colcon_core.verb:set package 'px4_msgs' build argument 'cmake_target_skip_unavailable' from command line to 'False'
[0.473s] Level 5:colcon.colcon_core.verb:set package 'px4_msgs' build argument 'cmake_clean_cache' from command line to 'False'
[0.473s] Level 5:colcon.colcon_core.verb:set package 'px4_msgs' build argument 'cmake_clean_first' from command line to 'False'
[0.473s] Level 5:colcon.colcon_core.verb:set package 'px4_msgs' build argument 'cmake_force_configure' from command line to 'False'
[0.473s] Level 5:colcon.colcon_core.verb:set package 'px4_msgs' build argument 'ament_cmake_args' from command line to 'None'
[0.473s] Level 5:colcon.colcon_core.verb:set package 'px4_msgs' build argument 'catkin_cmake_args' from command line to 'None'
[0.473s] Level 5:colcon.colcon_core.verb:set package 'px4_msgs' build argument 'catkin_skip_building_tests' from command line to 'False'
[0.473s] DEBUG:colcon.colcon_core.verb:Building package 'px4_msgs' with the following arguments: {'ament_cmake_args': None, 'build_base': '/home/henryshum0/SUAS/build/px4_msgs', 'catkin_cmake_args': None, 'catkin_skip_building_tests': False, 'cmake_args': None, 'cmake_clean_cache': False, 'cmake_clean_first': False, 'cmake_force_configure': False, 'cmake_target': None, 'cmake_target_skip_unavailable': False, 'install_base': '/home/henryshum0/SUAS/install/px4_msgs', 'merge_install': False, 'path': '/home/henryshum0/SUAS/src/px4_msgs', 'symlink_install': False, 'test_result_base': None}
[0.473s] Level 5:colcon.colcon_core.verb:set package 'px4_ros_com' build argument 'cmake_args' from command line to 'None'
[0.474s] Level 5:colcon.colcon_core.verb:set package 'px4_ros_com' build argument 'cmake_target' from command line to 'None'
[0.474s] Level 5:colcon.colcon_core.verb:set package 'px4_ros_com' build argument 'cmake_target_skip_unavailable' from command line to 'False'
[0.474s] Level 5:colcon.colcon_core.verb:set package 'px4_ros_com' build argument 'cmake_clean_cache' from command line to 'False'
[0.474s] Level 5:colcon.colcon_core.verb:set package 'px4_ros_com' build argument 'cmake_clean_first' from command line to 'False'
[0.474s] Level 5:colcon.colcon_core.verb:set package 'px4_ros_com' build argument 'cmake_force_configure' from command line to 'False'
[0.474s] Level 5:colcon.colcon_core.verb:set package 'px4_ros_com' build argument 'ament_cmake_args' from command line to 'None'
[0.474s] Level 5:colcon.colcon_core.verb:set package 'px4_ros_com' build argument 'catkin_cmake_args' from command line to 'None'
[0.474s] Level 5:colcon.colcon_core.verb:set package 'px4_ros_com' build argument 'catkin_skip_building_tests' from command line to 'False'
[0.474s] DEBUG:colcon.colcon_core.verb:Building package 'px4_ros_com' with the following arguments: {'ament_cmake_args': None, 'build_base': '/home/henryshum0/SUAS/build/px4_ros_com', 'catkin_cmake_args': None, 'catkin_skip_building_tests': False, 'cmake_args': None, 'cmake_clean_cache': False, 'cmake_clean_first': False, 'cmake_force_configure': False, 'cmake_target': None, 'cmake_target_skip_unavailable': False, 'install_base': '/home/henryshum0/SUAS/install/px4_ros_com', 'merge_install': False, 'path': '/home/henryshum0/SUAS/src/px4_ros_com', 'symlink_install': False, 'test_result_base': None}
[0.474s] Level 5:colcon.colcon_core.verb:set package 'flight_control' build argument 'cmake_args' from command line to 'None'
[0.474s] Level 5:colcon.colcon_core.verb:set package 'flight_control' build argument 'cmake_target' from command line to 'None'
[0.474s] Level 5:colcon.colcon_core.verb:set package 'flight_control' build argument 'cmake_target_skip_unavailable' from command line to 'False'
[0.474s] Level 5:colcon.colcon_core.verb:set package 'flight_control' build argument 'cmake_clean_cache' from command line to 'False'
[0.474s] Level 5:colcon.colcon_core.verb:set package 'flight_control' build argument 'cmake_clean_first' from command line to 'False'
[0.474s] Level 5:colcon.colcon_core.verb:set package 'flight_control' build argument 'cmake_force_configure' from command line to 'False'
[0.474s] Level 5:colcon.colcon_core.verb:set package 'flight_control' build argument 'ament_cmake_args' from command line to 'None'
[0.474s] Level 5:colcon.colcon_core.verb:set package 'flight_control' build argument 'catkin_cmake_args' from command line to 'None'
[0.474s] Level 5:colcon.colcon_core.verb:set package 'flight_control' build argument 'catkin_skip_building_tests' from command line to 'False'
[0.474s] DEBUG:colcon.colcon_core.verb:Building package 'flight_control' with the following arguments: {'ament_cmake_args': None, 'build_base': '/home/henryshum0/SUAS/build/flight_control', 'catkin_cmake_args': None, 'catkin_skip_building_tests': False, 'cmake_args': None, 'cmake_clean_cache': False, 'cmake_clean_first': False, 'cmake_force_configure': False, 'cmake_target': None, 'cmake_target_skip_unavailable': False, 'install_base': '/home/henryshum0/SUAS/install/flight_control', 'merge_install': False, 'path': '/home/henryshum0/SUAS/src/flight_control', 'symlink_install': False, 'test_result_base': None}
[0.474s] INFO:colcon.colcon_core.executor:Executing jobs using 'parallel' executor
[0.475s] DEBUG:colcon.colcon_parallel_executor.executor.parallel:run_until_complete
[0.475s] INFO:colcon.colcon_ros.task.ament_cmake.build:Building ROS package in '/home/henryshum0/SUAS/src/px4_msgs' with build type 'ament_cmake'
[0.476s] INFO:colcon.colcon_cmake.task.cmake.build:Building CMake package in '/home/henryshum0/SUAS/src/px4_msgs'
[0.479s] INFO:colcon.colcon_core.plugin_system:Skipping extension 'colcon_core.shell.bat': Not used on non-Windows systems
[0.479s] INFO:colcon.colcon_core.shell:Skip shell extension 'powershell' for command environment: Not usable outside of PowerShell
[0.480s] DEBUG:colcon.colcon_core.shell:Skip shell extension 'dsv' for command environment
[0.488s] DEBUG:colcon.colcon_core.event_handler.log_command:Invoking command in '/home/henryshum0/SUAS/build/px4_msgs': CMAKE_PREFIX_PATH=/opt/ros/humble /usr/bin/cmake --build /home/henryshum0/SUAS/build/px4_msgs -- -j16 -l16
[1.210s] DEBUG:colcon.colcon_core.event_handler.log_command:Invoked command in '/home/henryshum0/SUAS/build/px4_msgs' returned '0': CMAKE_PREFIX_PATH=/opt/ros/humble /usr/bin/cmake --build /home/henryshum0/SUAS/build/px4_msgs -- -j16 -l16
[1.217s] DEBUG:colcon.colcon_core.event_handler.log_command:Invoking command in '/home/henryshum0/SUAS/build/px4_msgs': CMAKE_PREFIX_PATH=/opt/ros/humble /usr/bin/cmake --install /home/henryshum0/SUAS/build/px4_msgs
[1.516s] Level 1:colcon.colcon_core.environment:create_environment_scripts_only(px4_msgs)
[1.516s] DEBUG:colcon.colcon_core.event_handler.log_command:Invoked command in '/home/henryshum0/SUAS/build/px4_msgs' returned '0': CMAKE_PREFIX_PATH=/opt/ros/humble /usr/bin/cmake --install /home/henryshum0/SUAS/build/px4_msgs
[1.520s] Level 1:colcon.colcon_core.environment:checking '/home/henryshum0/SUAS/install/px4_msgs' for CMake module files
[1.521s] Level 1:colcon.colcon_core.environment:checking '/home/henryshum0/SUAS/install/px4_msgs' for CMake config files
[1.523s] Level 1:colcon.colcon_core.shell:create_environment_hook('px4_msgs', 'cmake_prefix_path')
[1.523s] INFO:colcon.colcon_core.shell:Creating environment hook '/home/henryshum0/SUAS/install/px4_msgs/share/px4_msgs/hook/cmake_prefix_path.ps1'
[1.523s] INFO:colcon.colcon_core.shell:Creating environment descriptor '/home/henryshum0/SUAS/install/px4_msgs/share/px4_msgs/hook/cmake_prefix_path.dsv'
[1.524s] INFO:colcon.colcon_core.shell:Creating environment hook '/home/henryshum0/SUAS/install/px4_msgs/share/px4_msgs/hook/cmake_prefix_path.sh'
[1.524s] Level 1:colcon.colcon_core.environment:checking '/home/henryshum0/SUAS/install/px4_msgs/lib'
[1.525s] Level 1:colcon.colcon_core.shell:create_environment_hook('px4_msgs', 'ld_library_path_lib')
[1.525s] INFO:colcon.colcon_core.shell:Creating environment hook '/home/henryshum0/SUAS/install/px4_msgs/share/px4_msgs/hook/ld_library_path_lib.ps1'
[1.525s] INFO:colcon.colcon_core.shell:Creating environment descriptor '/home/henryshum0/SUAS/install/px4_msgs/share/px4_msgs/hook/ld_library_path_lib.dsv'
[1.525s] INFO:colcon.colcon_core.shell:Creating environment hook '/home/henryshum0/SUAS/install/px4_msgs/share/px4_msgs/hook/ld_library_path_lib.sh'
[1.525s] Level 1:colcon.colcon_core.environment:checking '/home/henryshum0/SUAS/install/px4_msgs/bin'
[1.525s] Level 1:colcon.colcon_core.environment:checking '/home/henryshum0/SUAS/install/px4_msgs/lib/pkgconfig/px4_msgs.pc'
[1.525s] Level 1:colcon.colcon_core.environment:checking '/home/henryshum0/SUAS/install/px4_msgs/lib/python3.10/site-packages'
[1.526s] Level 1:colcon.colcon_core.environment:checking '/home/henryshum0/SUAS/install/px4_msgs/bin'
[1.526s] INFO:colcon.colcon_core.shell:Creating package script '/home/henryshum0/SUAS/install/px4_msgs/share/px4_msgs/package.ps1'
[1.527s] INFO:colcon.colcon_core.shell:Creating package descriptor '/home/henryshum0/SUAS/install/px4_msgs/share/px4_msgs/package.dsv'
[1.527s] INFO:colcon.colcon_core.shell:Creating package script '/home/henryshum0/SUAS/install/px4_msgs/share/px4_msgs/package.sh'
[1.528s] INFO:colcon.colcon_core.shell:Creating package script '/home/henryshum0/SUAS/install/px4_msgs/share/px4_msgs/package.bash'
[1.528s] INFO:colcon.colcon_core.shell:Creating package script '/home/henryshum0/SUAS/install/px4_msgs/share/px4_msgs/package.zsh'
[1.529s] Level 1:colcon.colcon_core.environment:create_file_with_runtime_dependencies(/home/henryshum0/SUAS/install/px4_msgs/share/colcon-core/packages/px4_msgs)
[1.529s] Level 1:colcon.colcon_core.environment:create_environment_scripts_only(px4_msgs)
[1.530s] Level 1:colcon.colcon_core.environment:checking '/home/henryshum0/SUAS/install/px4_msgs' for CMake module files
[1.530s] Level 1:colcon.colcon_core.environment:checking '/home/henryshum0/SUAS/install/px4_msgs' for CMake config files
[1.530s] Level 1:colcon.colcon_core.shell:create_environment_hook('px4_msgs', 'cmake_prefix_path')
[1.530s] INFO:colcon.colcon_core.shell:Creating environment hook '/home/henryshum0/SUAS/install/px4_msgs/share/px4_msgs/hook/cmake_prefix_path.ps1'
[1.530s] INFO:colcon.colcon_core.shell:Creating environment descriptor '/home/henryshum0/SUAS/install/px4_msgs/share/px4_msgs/hook/cmake_prefix_path.dsv'
[1.530s] INFO:colcon.colcon_core.shell:Creating environment hook '/home/henryshum0/SUAS/install/px4_msgs/share/px4_msgs/hook/cmake_prefix_path.sh'
[1.531s] Level 1:colcon.colcon_core.environment:checking '/home/henryshum0/SUAS/install/px4_msgs/lib'
[1.531s] Level 1:colcon.colcon_core.shell:create_environment_hook('px4_msgs', 'ld_library_path_lib')
[1.531s] INFO:colcon.colcon_core.shell:Creating environment hook '/home/henryshum0/SUAS/install/px4_msgs/share/px4_msgs/hook/ld_library_path_lib.ps1'
[1.531s] INFO:colcon.colcon_core.shell:Creating environment descriptor '/home/henryshum0/SUAS/install/px4_msgs/share/px4_msgs/hook/ld_library_path_lib.dsv'
[1.531s] INFO:colcon.colcon_core.shell:Creating environment hook '/home/henryshum0/SUAS/install/px4_msgs/share/px4_msgs/hook/ld_library_path_lib.sh'
[1.531s] Level 1:colcon.colcon_core.environment:checking '/home/henryshum0/SUAS/install/px4_msgs/bin'
[1.531s] Level 1:colcon.colcon_core.environment:checking '/home/henryshum0/SUAS/install/px4_msgs/lib/pkgconfig/px4_msgs.pc'
[1.532s] Level 1:colcon.colcon_core.environment:checking '/home/henryshum0/SUAS/install/px4_msgs/lib/python3.10/site-packages'
[1.532s] Level 1:colcon.colcon_core.environment:checking '/home/henryshum0/SUAS/install/px4_msgs/bin'
[1.532s] INFO:colcon.colcon_core.shell:Creating package script '/home/henryshum0/SUAS/install/px4_msgs/share/px4_msgs/package.ps1'
[1.532s] INFO:colcon.colcon_core.shell:Creating package descriptor '/home/henryshum0/SUAS/install/px4_msgs/share/px4_msgs/package.dsv'
[1.532s] INFO:colcon.colcon_core.shell:Creating package script '/home/henryshum0/SUAS/install/px4_msgs/share/px4_msgs/package.sh'
[1.533s] INFO:colcon.colcon_core.shell:Creating package script '/home/henryshum0/SUAS/install/px4_msgs/share/px4_msgs/package.bash'
[1.533s] INFO:colcon.colcon_core.shell:Creating package script '/home/henryshum0/SUAS/install/px4_msgs/share/px4_msgs/package.zsh'
[1.533s] Level 1:colcon.colcon_core.environment:create_file_with_runtime_dependencies(/home/henryshum0/SUAS/install/px4_msgs/share/colcon-core/packages/px4_msgs)
[1.533s] INFO:colcon.colcon_ros.task.ament_cmake.build:Building ROS package in '/home/henryshum0/SUAS/src/px4_ros_com' with build type 'ament_cmake'
[1.533s] INFO:colcon.colcon_cmake.task.cmake.build:Building CMake package in '/home/henryshum0/SUAS/src/px4_ros_com'
[1.533s] INFO:colcon.colcon_core.shell:Skip shell extension 'powershell' for command environment: Not usable outside of PowerShell
[1.533s] DEBUG:colcon.colcon_core.shell:Skip shell extension 'dsv' for command environment
[1.572s] DEBUG:colcon.colcon_core.event_handler.log_command:Invoking command in '/home/henryshum0/SUAS/build/px4_ros_com': AMENT_PREFIX_PATH=/home/henryshum0/SUAS/install/px4_msgs:${AMENT_PREFIX_PATH} CMAKE_PREFIX_PATH=/home/henryshum0/SUAS/install/px4_msgs:/opt/ros/humble LD_LIBRARY_PATH=/home/henryshum0/SUAS/install/px4_msgs/lib:${LD_LIBRARY_PATH} PYTHONPATH=/home/henryshum0/SUAS/install/px4_msgs/local/lib/python3.10/dist-packages:${PYTHONPATH} /usr/bin/cmake --build /home/henryshum0/SUAS/build/px4_ros_com -- -j16 -l16
[1.780s] DEBUG:colcon.colcon_core.event_handler.log_command:Invoked command in '/home/henryshum0/SUAS/build/px4_ros_com' returned '0': AMENT_PREFIX_PATH=/home/henryshum0/SUAS/install/px4_msgs:${AMENT_PREFIX_PATH} CMAKE_PREFIX_PATH=/home/henryshum0/SUAS/install/px4_msgs:/opt/ros/humble LD_LIBRARY_PATH=/home/henryshum0/SUAS/install/px4_msgs/lib:${LD_LIBRARY_PATH} PYTHONPATH=/home/henryshum0/SUAS/install/px4_msgs/local/lib/python3.10/dist-packages:${PYTHONPATH} /usr/bin/cmake --build /home/henryshum0/SUAS/build/px4_ros_com -- -j16 -l16
[1.783s] DEBUG:colcon.colcon_core.event_handler.log_command:Invoking command in '/home/henryshum0/SUAS/build/px4_ros_com': AMENT_PREFIX_PATH=/home/henryshum0/SUAS/install/px4_msgs:${AMENT_PREFIX_PATH} CMAKE_PREFIX_PATH=/home/henryshum0/SUAS/install/px4_msgs:/opt/ros/humble LD_LIBRARY_PATH=/home/henryshum0/SUAS/install/px4_msgs/lib:${LD_LIBRARY_PATH} PYTHONPATH=/home/henryshum0/SUAS/install/px4_msgs/local/lib/python3.10/dist-packages:${PYTHONPATH} /usr/bin/cmake --install /home/henryshum0/SUAS/build/px4_ros_com
[1.824s] Level 1:colcon.colcon_core.environment:create_environment_scripts_only(px4_ros_com)
[1.825s] Level 1:colcon.colcon_core.environment:checking '/home/henryshum0/SUAS/install/px4_ros_com' for CMake module files
[1.825s] DEBUG:colcon.colcon_core.event_handler.log_command:Invoked command in '/home/henryshum0/SUAS/build/px4_ros_com' returned '0': AMENT_PREFIX_PATH=/home/henryshum0/SUAS/install/px4_msgs:${AMENT_PREFIX_PATH} CMAKE_PREFIX_PATH=/home/henryshum0/SUAS/install/px4_msgs:/opt/ros/humble LD_LIBRARY_PATH=/home/henryshum0/SUAS/install/px4_msgs/lib:${LD_LIBRARY_PATH} PYTHONPATH=/home/henryshum0/SUAS/install/px4_msgs/local/lib/python3.10/dist-packages:${PYTHONPATH} /usr/bin/cmake --install /home/henryshum0/SUAS/build/px4_ros_com
[1.826s] Level 1:colcon.colcon_core.environment:checking '/home/henryshum0/SUAS/install/px4_ros_com' for CMake config files
[1.829s] Level 1:colcon.colcon_core.shell:create_environment_hook('px4_ros_com', 'cmake_prefix_path')
[1.829s] INFO:colcon.colcon_core.shell:Creating environment hook '/home/henryshum0/SUAS/install/px4_ros_com/share/px4_ros_com/hook/cmake_prefix_path.ps1'
[1.829s] INFO:colcon.colcon_core.shell:Creating environment descriptor '/home/henryshum0/SUAS/install/px4_ros_com/share/px4_ros_com/hook/cmake_prefix_path.dsv'
[1.829s] INFO:colcon.colcon_core.shell:Creating environment hook '/home/henryshum0/SUAS/install/px4_ros_com/share/px4_ros_com/hook/cmake_prefix_path.sh'
[1.830s] Level 1:colcon.colcon_core.environment:checking '/home/henryshum0/SUAS/install/px4_ros_com/lib'
[1.830s] Level 1:colcon.colcon_core.shell:create_environment_hook('px4_ros_com', 'ld_library_path_lib')
[1.830s] INFO:colcon.colcon_core.shell:Creating environment hook '/home/henryshum0/SUAS/install/px4_ros_com/share/px4_ros_com/hook/ld_library_path_lib.ps1'
[1.830s] INFO:colcon.colcon_core.shell:Creating environment descriptor '/home/henryshum0/SUAS/install/px4_ros_com/share/px4_ros_com/hook/ld_library_path_lib.dsv'
[1.831s] INFO:colcon.colcon_core.shell:Creating environment hook '/home/henryshum0/SUAS/install/px4_ros_com/share/px4_ros_com/hook/ld_library_path_lib.sh'
[1.831s] Level 1:colcon.colcon_core.environment:checking '/home/henryshum0/SUAS/install/px4_ros_com/bin'
[1.831s] Level 1:colcon.colcon_core.environment:checking '/home/henryshum0/SUAS/install/px4_ros_com/lib/pkgconfig/px4_ros_com.pc'
[1.831s] Level 1:colcon.colcon_core.environment:checking '/home/henryshum0/SUAS/install/px4_ros_com/lib/python3.10/site-packages'
[1.831s] Level 1:colcon.colcon_core.environment:checking '/home/henryshum0/SUAS/install/px4_ros_com/bin'
[1.831s] INFO:colcon.colcon_core.shell:Creating package script '/home/henryshum0/SUAS/install/px4_ros_com/share/px4_ros_com/package.ps1'
[1.832s] INFO:colcon.colcon_core.shell:Creating package descriptor '/home/henryshum0/SUAS/install/px4_ros_com/share/px4_ros_com/package.dsv'
[1.832s] INFO:colcon.colcon_core.shell:Creating package script '/home/henryshum0/SUAS/install/px4_ros_com/share/px4_ros_com/package.sh'
[1.832s] INFO:colcon.colcon_core.shell:Creating package script '/home/henryshum0/SUAS/install/px4_ros_com/share/px4_ros_com/package.bash'
[1.832s] INFO:colcon.colcon_core.shell:Creating package script '/home/henryshum0/SUAS/install/px4_ros_com/share/px4_ros_com/package.zsh'
[1.833s] Level 1:colcon.colcon_core.environment:create_file_with_runtime_dependencies(/home/henryshum0/SUAS/install/px4_ros_com/share/colcon-core/packages/px4_ros_com)
[1.833s] Level 1:colcon.colcon_core.environment:create_environment_scripts_only(px4_ros_com)
[1.833s] Level 1:colcon.colcon_core.environment:checking '/home/henryshum0/SUAS/install/px4_ros_com' for CMake module files
[1.834s] Level 1:colcon.colcon_core.environment:checking '/home/henryshum0/SUAS/install/px4_ros_com' for CMake config files
[1.834s] Level 1:colcon.colcon_core.shell:create_environment_hook('px4_ros_com', 'cmake_prefix_path')
[1.834s] INFO:colcon.colcon_core.shell:Creating environment hook '/home/henryshum0/SUAS/install/px4_ros_com/share/px4_ros_com/hook/cmake_prefix_path.ps1'
[1.835s] INFO:colcon.colcon_core.shell:Creating environment descriptor '/home/henryshum0/SUAS/install/px4_ros_com/share/px4_ros_com/hook/cmake_prefix_path.dsv'
[1.835s] INFO:colcon.colcon_core.shell:Creating environment hook '/home/henryshum0/SUAS/install/px4_ros_com/share/px4_ros_com/hook/cmake_prefix_path.sh'
[1.835s] Level 1:colcon.colcon_core.environment:checking '/home/henryshum0/SUAS/install/px4_ros_com/lib'
[1.835s] Level 1:colcon.colcon_core.shell:create_environment_hook('px4_ros_com', 'ld_library_path_lib')
[1.836s] INFO:colcon.colcon_core.shell:Creating environment hook '/home/henryshum0/SUAS/install/px4_ros_com/share/px4_ros_com/hook/ld_library_path_lib.ps1'
[1.836s] INFO:colcon.colcon_core.shell:Creating environment descriptor '/home/henryshum0/SUAS/install/px4_ros_com/share/px4_ros_com/hook/ld_library_path_lib.dsv'
[1.836s] INFO:colcon.colcon_core.shell:Creating environment hook '/home/henryshum0/SUAS/install/px4_ros_com/share/px4_ros_com/hook/ld_library_path_lib.sh'
[1.836s] Level 1:colcon.colcon_core.environment:checking '/home/henryshum0/SUAS/install/px4_ros_com/bin'
[1.836s] Level 1:colcon.colcon_core.environment:checking '/home/henryshum0/SUAS/install/px4_ros_com/lib/pkgconfig/px4_ros_com.pc'
[1.836s] Level 1:colcon.colcon_core.environment:checking '/home/henryshum0/SUAS/install/px4_ros_com/lib/python3.10/site-packages'
[1.837s] Level 1:colcon.colcon_core.environment:checking '/home/henryshum0/SUAS/install/px4_ros_com/bin'
[1.837s] INFO:colcon.colcon_core.shell:Creating package script '/home/henryshum0/SUAS/install/px4_ros_com/share/px4_ros_com/package.ps1'
[1.837s] INFO:colcon.colcon_core.shell:Creating package descriptor '/home/henryshum0/SUAS/install/px4_ros_com/share/px4_ros_com/package.dsv'
[1.837s] INFO:colcon.colcon_core.shell:Creating package script '/home/henryshum0/SUAS/install/px4_ros_com/share/px4_ros_com/package.sh'
[1.838s] INFO:colcon.colcon_core.shell:Creating package script '/home/henryshum0/SUAS/install/px4_ros_com/share/px4_ros_com/package.bash'
[1.838s] INFO:colcon.colcon_core.shell:Creating package script '/home/henryshum0/SUAS/install/px4_ros_com/share/px4_ros_com/package.zsh'
[1.838s] Level 1:colcon.colcon_core.environment:create_file_with_runtime_dependencies(/home/henryshum0/SUAS/install/px4_ros_com/share/colcon-core/packages/px4_ros_com)
[1.838s] INFO:colcon.colcon_ros.task.ament_cmake.build:Building ROS package in '/home/henryshum0/SUAS/src/flight_control' with build type 'ament_cmake'
[1.839s] INFO:colcon.colcon_cmake.task.cmake.build:Building CMake package in '/home/henryshum0/SUAS/src/flight_control'
[1.839s] INFO:colcon.colcon_core.shell:Skip shell extension 'powershell' for command environment: Not usable outside of PowerShell
[1.839s] DEBUG:colcon.colcon_core.shell:Skip shell extension 'dsv' for command environment
[1.917s] DEBUG:colcon.colcon_core.event_handler.log_command:Invoking command in '/home/henryshum0/SUAS/build/flight_control': AMENT_PREFIX_PATH=/home/henryshum0/SUAS/install/px4_ros_com:/home/henryshum0/SUAS/install/px4_msgs:${AMENT_PREFIX_PATH} CMAKE_PREFIX_PATH=/home/henryshum0/SUAS/install/px4_ros_com:/home/henryshum0/SUAS/install/px4_msgs:/opt/ros/humble LD_LIBRARY_PATH=/home/henryshum0/SUAS/install/px4_ros_com/lib:/home/henryshum0/SUAS/install/px4_msgs/lib:${LD_LIBRARY_PATH} PYTHONPATH=/home/henryshum0/SUAS/install/px4_ros_com/local/lib/python3.10/dist-packages:/home/henryshum0/SUAS/install/px4_msgs/local/lib/python3.10/dist-packages:${PYTHONPATH} /usr/bin/cmake --build /home/henryshum0/SUAS/build/flight_control -- -j16 -l16
[7.766s] DEBUG:colcon.colcon_core.event_handler.log_command:Invoked command in '/home/henryshum0/SUAS/build/flight_control' returned '2': AMENT_PREFIX_PATH=/home/henryshum0/SUAS/install/px4_ros_com:/home/henryshum0/SUAS/install/px4_msgs:${AMENT_PREFIX_PATH} CMAKE_PREFIX_PATH=/home/henryshum0/SUAS/install/px4_ros_com:/home/henryshum0/SUAS/install/px4_msgs:/opt/ros/humble LD_LIBRARY_PATH=/home/henryshum0/SUAS/install/px4_ros_com/lib:/home/henryshum0/SUAS/install/px4_msgs/lib:${LD_LIBRARY_PATH} PYTHONPATH=/home/henryshum0/SUAS/install/px4_ros_com/local/lib/python3.10/dist-packages:/home/henryshum0/SUAS/install/px4_msgs/local/lib/python3.10/dist-packages:${PYTHONPATH} /usr/bin/cmake --build /home/henryshum0/SUAS/build/flight_control -- -j16 -l16
[7.768s] Level 1:colcon.colcon_core.environment:create_environment_scripts_only(flight_control)
[7.768s] Level 1:colcon.colcon_core.environment:checking '/home/henryshum0/SUAS/install/flight_control' for CMake module files
[7.769s] Level 1:colcon.colcon_core.environment:checking '/home/henryshum0/SUAS/install/flight_control' for CMake config files
[7.769s] Level 1:colcon.colcon_core.environment:checking '/home/henryshum0/SUAS/install/flight_control/bin'
[7.770s] Level 1:colcon.colcon_core.environment:checking '/home/henryshum0/SUAS/install/flight_control/lib/pkgconfig/flight_control.pc'
[7.770s] Level 1:colcon.colcon_core.environment:checking '/home/henryshum0/SUAS/install/flight_control/lib/python3.10/site-packages'
[7.770s] Level 1:colcon.colcon_core.environment:checking '/home/henryshum0/SUAS/install/flight_control/bin'
[7.770s] INFO:colcon.colcon_core.shell:Creating package script '/home/henryshum0/SUAS/install/flight_control/share/flight_control/package.ps1'
[7.770s] INFO:colcon.colcon_core.shell:Creating package descriptor '/home/henryshum0/SUAS/install/flight_control/share/flight_control/package.dsv'
[7.771s] INFO:colcon.colcon_core.shell:Creating package script '/home/henryshum0/SUAS/install/flight_control/share/flight_control/package.sh'
[7.771s] INFO:colcon.colcon_core.shell:Creating package script '/home/henryshum0/SUAS/install/flight_control/share/flight_control/package.bash'
[7.771s] INFO:colcon.colcon_core.shell:Creating package script '/home/henryshum0/SUAS/install/flight_control/share/flight_control/package.zsh'
[7.771s] Level 1:colcon.colcon_core.environment:create_file_with_runtime_dependencies(/home/henryshum0/SUAS/install/flight_control/share/colcon-core/packages/flight_control)
[7.782s] DEBUG:colcon.colcon_parallel_executor.executor.parallel:closing loop
[7.782s] DEBUG:colcon.colcon_parallel_executor.executor.parallel:loop closed
[7.782s] DEBUG:colcon.colcon_parallel_executor.executor.parallel:run_until_complete finished with '2'
[7.782s] DEBUG:colcon.colcon_core.event_reactor:joining thread
[7.811s] INFO:colcon.colcon_core.plugin_system:Skipping extension 'colcon_notification.desktop_notification.notify_send': Could not find 'notify-send'
[7.811s] INFO:colcon.colcon_core.plugin_system:Skipping extension 'colcon_notification.desktop_notification.terminal_notifier': Not used on non-Darwin systems
[7.811s] INFO:colcon.colcon_core.plugin_system:Skipping extension 'colcon_notification.desktop_notification.win32': Not used on non-Windows systems
[7.811s] INFO:colcon.colcon_notification.desktop_notification:Sending desktop notification using 'notify2'
[7.812s] DEBUG:colcon.colcon_notification.desktop_notification.notify2:Failed to initialize notify2: org.freedesktop.DBus.Error.FileNotFound: Failed to connect to socket /run/user/1000/bus: No such file or directory
[7.812s] DEBUG:colcon.colcon_core.event_reactor:joined thread
[7.812s] INFO:colcon.colcon_core.shell:Creating prefix script '/home/henryshum0/SUAS/install/local_setup.ps1'
[7.813s] INFO:colcon.colcon_core.shell:Creating prefix util module '/home/henryshum0/SUAS/install/_local_setup_util_ps1.py'
[7.815s] INFO:colcon.colcon_core.shell:Creating prefix chain script '/home/henryshum0/SUAS/install/setup.ps1'
[7.816s] INFO:colcon.colcon_core.shell:Creating prefix script '/home/henryshum0/SUAS/install/local_setup.sh'
[7.817s] INFO:colcon.colcon_core.shell:Creating prefix util module '/home/henryshum0/SUAS/install/_local_setup_util_sh.py'
[7.818s] INFO:colcon.colcon_core.shell:Creating prefix chain script '/home/henryshum0/SUAS/install/setup.sh'
[7.819s] INFO:colcon.colcon_core.shell:Creating prefix script '/home/henryshum0/SUAS/install/local_setup.bash'
[7.819s] INFO:colcon.colcon_core.shell:Creating prefix chain script '/home/henryshum0/SUAS/install/setup.bash'
[7.820s] INFO:colcon.colcon_core.shell:Creating prefix script '/home/henryshum0/SUAS/install/local_setup.zsh'
[7.820s] INFO:colcon.colcon_core.shell:Creating prefix chain script '/home/henryshum0/SUAS/install/setup.zsh'
