[0.009s] Invoking command in '/home/henryshum0/SUAS/build/offboard_control_interfaces': CMAKE_PREFIX_PATH=${CMAKE_PREFIX_PATH}:/opt/ros/humble /usr/bin/cmake --build /home/henryshum0/SUAS/build/offboard_control_interfaces -- -j16 -l16
[0.025s] -- Found ament_cmake: 1.3.11 (/opt/ros/humble/share/ament_cmake/cmake)
[0.111s] -- Found rosidl_default_generators: 1.2.0 (/opt/ros/humble/share/rosidl_default_generators/cmake)
[0.112s] -- Using all available rosidl_typesupport_c: rosidl_typesupport_fastrtps_c;rosidl_typesupport_introspection_c
[0.113s] -- Found rosidl_adapter: 3.1.6 (/opt/ros/humble/share/rosidl_adapter/cmake)
[0.220s] -- Using all available rosidl_typesupport_cpp: rosidl_typesupport_fastrtps_cpp;rosidl_typesupport_introspection_cpp
[0.364s] [31mCMake Error at /opt/ros/humble/share/rosidl_adapter/cmake/rosidl_adapt_interfaces.cmake:59 (message):
[0.364s]   execute_process(/usr/bin/python3 -m rosidl_adapter --package-name
[0.364s]   offboard_control_interfaces --arguments-file
[0.364s]   /home/henryshum0/SUAS/build/offboard_control_interfaces/rosidl_adapter__arguments__offboard_control_interfaces.json
[0.364s]   --output-dir
[0.364s]   /home/henryshum0/SUAS/build/offboard_control_interfaces/rosidl_adapter/offboard_control_interfaces
[0.364s]   --output-file
[0.364s]   /home/henryshum0/SUAS/build/offboard_control_interfaces/rosidl_adapter/offboard_control_interfaces.idls)
[0.364s]   returned error code 1:
[0.365s] 
[0.365s]   Traceback (most recent call last):
[0.365s] 
[0.365s]     File "/usr/lib/python3.10/runpy.py", line 196, in _run_module_as_main
[0.365s]       return _run_code(code, main_globals, None,
[0.365s]     File "/usr/lib/python3.10/runpy.py", line 86, in _run_code
[0.365s]       exec(code, run_globals)
[0.365s]     File "/opt/ros/humble/local/lib/python3.10/dist-packages/rosidl_adapter/__main__.py", line 19, in <module>
[0.365s]       sys.exit(main())
[0.365s]     File "/opt/ros/humble/local/lib/python3.10/dist-packages/rosidl_adapter/main.py", line 53, in main
[0.365s]       abs_idl_file = convert_to_idl(
[0.365s]     File "/opt/ros/humble/local/lib/python3.10/dist-packages/rosidl_adapter/__init__.py", line 19, in convert_to_idl
[0.365s]       return convert_msg_to_idl(
[0.365s]     File "/opt/ros/humble/local/lib/python3.10/dist-packages/rosidl_adapter/msg/__init__.py", line 28, in convert_msg_to_idl
[0.365s]       msg = parse_message_string(package_name, input_file.stem, content)
[0.365s]     File "/opt/ros/humble/local/lib/python3.10/dist-packages/rosidl_adapter/parser.py", line 535, in parse_message_string
[0.365s]       constants.append(Constant(type_string, name, value))
[0.365s]     File "/opt/ros/humble/local/lib/python3.10/dist-packages/rosidl_adapter/parser.py", line 316, in __init__
[0.365s]       raise TypeError("the constant type '%s' must be a primitive type" %
[0.365s] 
[0.365s]   TypeError: the constant type 'uint' must be a primitive type
[0.365s] 
[0.365s] Call Stack (most recent call first):
[0.365s]   /opt/ros/humble/share/rosidl_cmake/cmake/rosidl_generate_interfaces.cmake:130 (rosidl_adapt_interfaces)
[0.365s]   CMakeLists.txt:16 (rosidl_generate_interfaces)
[0.365s] 
[0.366s] [0m
[0.366s] -- Configuring incomplete, errors occurred!
[0.366s] See also "/home/henryshum0/SUAS/build/offboard_control_interfaces/CMakeFiles/CMakeOutput.log".
[0.369s] gmake: *** [Makefile:747: cmake_check_build_system] Error 1
[0.372s] Invoked command in '/home/henryshum0/SUAS/build/offboard_control_interfaces' returned '2': CMAKE_PREFIX_PATH=${CMAKE_PREFIX_PATH}:/opt/ros/humble /usr/bin/cmake --build /home/henryshum0/SUAS/build/offboard_control_interfaces -- -j16 -l16
