[0.038s] Invoking command in '/home/henryshum0/SUAS/build/px4_ros_com': CMAKE_PREFIX_PATH=/home/henryshum0/SUAS/install/px4_msgs:/home/henryshum0/SUAS/install/flight_control:/home/henryshum0/SUAS/install/px4_ros_com:/opt/ros/humble LD_LIBRARY_PATH=/home/henryshum0/SUAS/install/px4_msgs/lib:/home/henryshum0/SUAS/install/flight_control/lib:/home/henryshum0/SUAS/install/px4_ros_com/lib:/opt/ros/humble/opt/rviz_ogre_vendor/lib:/opt/ros/humble/lib/x86_64-linux-gnu:/opt/ros/humble/lib /usr/bin/cmake --build /home/henryshum0/SUAS/build/px4_ros_com -- -j16 -l16
[0.062s] [35m[1mConsolidate compiler generated dependencies of target offboard_control[0m
[0.068s] [ 14%] Built target frame_transforms
[0.069s] [ 28%] Built target debug_vect_advertiser
[0.069s] [ 42%] Built target vehicle_gps_position_listener
[0.070s] [ 57%] Built target offboard_control_srv
[0.070s] [ 71%] Built target sensor_combined_listener
[0.071s] [ 85%] Built target vehicle_status
[0.073s] [ 85%] Built target ament_cmake_python_copy_px4_ros_com
[0.074s] [ 92%] [32mBuilding CXX object CMakeFiles/offboard_control.dir/src/examples/offboard/offboard_control.cpp.o[0m
[0.227s] running egg_info
[0.227s] writing px4_ros_com.egg-info/PKG-INFO
[0.228s] writing dependency_links to px4_ros_com.egg-info/dependency_links.txt
[0.228s] writing top-level names to px4_ros_com.egg-info/top_level.txt
[0.229s] reading manifest file 'px4_ros_com.egg-info/SOURCES.txt'
[0.229s] writing manifest file 'px4_ros_com.egg-info/SOURCES.txt'
[0.263s] [ 92%] Built target ament_cmake_python_build_px4_ros_com_egg
[3.474s] [100%] [32m[1mLinking CXX executable offboard_control[0m
[3.639s] [100%] Built target offboard_control
[3.648s] Invoked command in '/home/henryshum0/SUAS/build/px4_ros_com' returned '0': CMAKE_PREFIX_PATH=/home/henryshum0/SUAS/install/px4_msgs:/home/henryshum0/SUAS/install/flight_control:/home/henryshum0/SUAS/install/px4_ros_com:/opt/ros/humble LD_LIBRARY_PATH=/home/henryshum0/SUAS/install/px4_msgs/lib:/home/henryshum0/SUAS/install/flight_control/lib:/home/henryshum0/SUAS/install/px4_ros_com/lib:/opt/ros/humble/opt/rviz_ogre_vendor/lib:/opt/ros/humble/lib/x86_64-linux-gnu:/opt/ros/humble/lib /usr/bin/cmake --build /home/henryshum0/SUAS/build/px4_ros_com -- -j16 -l16
[3.655s] Invoking command in '/home/henryshum0/SUAS/build/px4_ros_com': CMAKE_PREFIX_PATH=/home/henryshum0/SUAS/install/px4_msgs:/home/henryshum0/SUAS/install/flight_control:/home/henryshum0/SUAS/install/px4_ros_com:/opt/ros/humble LD_LIBRARY_PATH=/home/henryshum0/SUAS/install/px4_msgs/lib:/home/henryshum0/SUAS/install/flight_control/lib:/home/henryshum0/SUAS/install/px4_ros_com/lib:/opt/ros/humble/opt/rviz_ogre_vendor/lib:/opt/ros/humble/lib/x86_64-linux-gnu:/opt/ros/humble/lib /usr/bin/cmake --install /home/henryshum0/SUAS/build/px4_ros_com
[3.659s] -- Install configuration: ""
[3.659s] -- Up-to-date: /home/henryshum0/SUAS/install/px4_ros_com/lib/px4_ros_com/sensor_combined_listener
[3.659s] -- Up-to-date: /home/henryshum0/SUAS/install/px4_ros_com/lib/px4_ros_com/vehicle_gps_position_listener
[3.659s] -- Up-to-date: /home/henryshum0/SUAS/install/px4_ros_com/lib/px4_ros_com/debug_vect_advertiser
[3.659s] -- Installing: /home/henryshum0/SUAS/install/px4_ros_com/lib/px4_ros_com/offboard_control
[3.660s] -- Set runtime path of "/home/henryshum0/SUAS/install/px4_ros_com/lib/px4_ros_com/offboard_control" to ""
[3.661s] -- Up-to-date: /home/henryshum0/SUAS/install/px4_ros_com/lib/px4_ros_com/offboard_control_srv
[3.661s] -- Up-to-date: /home/henryshum0/SUAS/install/px4_ros_com/lib/px4_ros_com/vehicle_status
[3.661s] -- Up-to-date: /home/henryshum0/SUAS/install/px4_ros_com/share/px4_ros_com/environment/library_path.sh
[3.661s] -- Up-to-date: /home/henryshum0/SUAS/install/px4_ros_com/share/px4_ros_com/environment/library_path.dsv
[3.661s] -- Up-to-date: /home/henryshum0/SUAS/install/px4_ros_com/include/px4_ros_com
[3.662s] -- Up-to-date: /home/henryshum0/SUAS/install/px4_ros_com/include/px4_ros_com/frame_transforms.h
[3.662s] -- Up-to-date: /home/henryshum0/SUAS/install/px4_ros_com/lib/libframe_transforms.so
[3.662s] -- Up-to-date: /home/henryshum0/SUAS/install/px4_ros_com/share/px4_ros_com//launch
[3.662s] -- Up-to-date: /home/henryshum0/SUAS/install/px4_ros_com/share/px4_ros_com//launch/sensor_combined_listener.launch.py
[3.662s] -- Up-to-date: /home/henryshum0/SUAS/install/px4_ros_com/share/px4_ros_com//launch/offboard_control_launch.yaml
[3.662s] -- Up-to-date: /home/henryshum0/SUAS/install/px4_ros_com/share/px4_ros_com//test
[3.662s] -- Up-to-date: /home/henryshum0/SUAS/install/px4_ros_com/share/px4_ros_com//test/test_output.py
[3.662s] -- Up-to-date: /home/henryshum0/SUAS/install/px4_ros_com/share/px4_ros_com//test/test_input.py
[3.662s] -- Up-to-date: /home/henryshum0/SUAS/install/px4_ros_com/share/px4_ros_com//test/__init__.py
[3.662s] -- Up-to-date: /home/henryshum0/SUAS/install/px4_ros_com/share/px4_ros_com//test/pipeline_io_test.py
[3.662s] -- Up-to-date: /home/henryshum0/SUAS/install/px4_ros_com/share/px4_ros_com/environment/pythonpath.sh
[3.662s] -- Up-to-date: /home/henryshum0/SUAS/install/px4_ros_com/share/px4_ros_com/environment/pythonpath.dsv
[3.662s] -- Up-to-date: /home/henryshum0/SUAS/install/px4_ros_com/local/lib/python3.10/dist-packages/px4_ros_com-0.1.0-py3.10.egg-info
[3.662s] -- Installing: /home/henryshum0/SUAS/install/px4_ros_com/local/lib/python3.10/dist-packages/px4_ros_com-0.1.0-py3.10.egg-info/top_level.txt
[3.662s] -- Installing: /home/henryshum0/SUAS/install/px4_ros_com/local/lib/python3.10/dist-packages/px4_ros_com-0.1.0-py3.10.egg-info/SOURCES.txt
[3.662s] -- Installing: /home/henryshum0/SUAS/install/px4_ros_com/local/lib/python3.10/dist-packages/px4_ros_com-0.1.0-py3.10.egg-info/dependency_links.txt
[3.662s] -- Installing: /home/henryshum0/SUAS/install/px4_ros_com/local/lib/python3.10/dist-packages/px4_ros_com-0.1.0-py3.10.egg-info/PKG-INFO
[3.662s] -- Up-to-date: /home/henryshum0/SUAS/install/px4_ros_com/local/lib/python3.10/dist-packages/px4_ros_com
[3.662s] -- Up-to-date: /home/henryshum0/SUAS/install/px4_ros_com/local/lib/python3.10/dist-packages/px4_ros_com/__init__.py
[3.662s] -- Up-to-date: /home/henryshum0/SUAS/install/px4_ros_com/local/lib/python3.10/dist-packages/px4_ros_com/module_to_import.py
[3.681s] Listing '/home/henryshum0/SUAS/install/px4_ros_com/local/lib/python3.10/dist-packages/px4_ros_com'...
[3.684s] -- Up-to-date: /home/henryshum0/SUAS/install/px4_ros_com/lib/px4_ros_com/offboard_control.py
[3.684s] -- Up-to-date: /home/henryshum0/SUAS/install/px4_ros_com/share/ament_index/resource_index/package_run_dependencies/px4_ros_com
[3.685s] -- Up-to-date: /home/henryshum0/SUAS/install/px4_ros_com/share/ament_index/resource_index/parent_prefix_path/px4_ros_com
[3.685s] -- Up-to-date: /home/henryshum0/SUAS/install/px4_ros_com/share/px4_ros_com/environment/ament_prefix_path.sh
[3.685s] -- Up-to-date: /home/henryshum0/SUAS/install/px4_ros_com/share/px4_ros_com/environment/ament_prefix_path.dsv
[3.685s] -- Up-to-date: /home/henryshum0/SUAS/install/px4_ros_com/share/px4_ros_com/environment/path.sh
[3.685s] -- Up-to-date: /home/henryshum0/SUAS/install/px4_ros_com/share/px4_ros_com/environment/path.dsv
[3.685s] -- Up-to-date: /home/henryshum0/SUAS/install/px4_ros_com/share/px4_ros_com/local_setup.bash
[3.685s] -- Up-to-date: /home/henryshum0/SUAS/install/px4_ros_com/share/px4_ros_com/local_setup.sh
[3.685s] -- Up-to-date: /home/henryshum0/SUAS/install/px4_ros_com/share/px4_ros_com/local_setup.zsh
[3.685s] -- Up-to-date: /home/henryshum0/SUAS/install/px4_ros_com/share/px4_ros_com/local_setup.dsv
[3.685s] -- Installing: /home/henryshum0/SUAS/install/px4_ros_com/share/px4_ros_com/package.dsv
[3.685s] -- Up-to-date: /home/henryshum0/SUAS/install/px4_ros_com/share/ament_index/resource_index/packages/px4_ros_com
[3.685s] -- Up-to-date: /home/henryshum0/SUAS/install/px4_ros_com/share/px4_ros_com/cmake/export_frame_transformsExport.cmake
[3.685s] -- Up-to-date: /home/henryshum0/SUAS/install/px4_ros_com/share/px4_ros_com/cmake/export_frame_transformsExport-noconfig.cmake
[3.685s] -- Up-to-date: /home/henryshum0/SUAS/install/px4_ros_com/share/px4_ros_com/cmake/ament_cmake_export_dependencies-extras.cmake
[3.686s] -- Up-to-date: /home/henryshum0/SUAS/install/px4_ros_com/share/px4_ros_com/cmake/ament_cmake_export_targets-extras.cmake
[3.686s] -- Up-to-date: /home/henryshum0/SUAS/install/px4_ros_com/share/px4_ros_com/cmake/ament_cmake_export_include_directories-extras.cmake
[3.686s] -- Up-to-date: /home/henryshum0/SUAS/install/px4_ros_com/share/px4_ros_com/cmake/ament_cmake_export_libraries-extras.cmake
[3.686s] -- Up-to-date: /home/henryshum0/SUAS/install/px4_ros_com/share/px4_ros_com/cmake/px4_ros_comConfig.cmake
[3.686s] -- Up-to-date: /home/henryshum0/SUAS/install/px4_ros_com/share/px4_ros_com/cmake/px4_ros_comConfig-version.cmake
[3.686s] -- Up-to-date: /home/henryshum0/SUAS/install/px4_ros_com/share/px4_ros_com/package.xml
[3.687s] Invoked command in '/home/henryshum0/SUAS/build/px4_ros_com' returned '0': CMAKE_PREFIX_PATH=/home/henryshum0/SUAS/install/px4_msgs:/home/henryshum0/SUAS/install/flight_control:/home/henryshum0/SUAS/install/px4_ros_com:/opt/ros/humble LD_LIBRARY_PATH=/home/henryshum0/SUAS/install/px4_msgs/lib:/home/henryshum0/SUAS/install/flight_control/lib:/home/henryshum0/SUAS/install/px4_ros_com/lib:/opt/ros/humble/opt/rviz_ogre_vendor/lib:/opt/ros/humble/lib/x86_64-linux-gnu:/opt/ros/humble/lib /usr/bin/cmake --install /home/henryshum0/SUAS/build/px4_ros_com
