[0.044s] Invoking command in '/home/henryshum0/SUAS/build/flight_control': CMAKE_PREFIX_PATH=/home/henryshum0/SUAS/install/px4_ros_com:/home/henryshum0/SUAS/install/px4_msgs:/home/henryshum0/SUAS/install/flight_control:/opt/ros/humble LD_LIBRARY_PATH=/home/henryshum0/SUAS/install/px4_ros_com/lib:/home/henryshum0/SUAS/install/px4_msgs/lib:/home/henryshum0/SUAS/install/flight_control/lib:/opt/ros/humble/opt/rviz_ogre_vendor/lib:/opt/ros/humble/lib/x86_64-linux-gnu:/opt/ros/humble/lib /usr/bin/cmake --build /home/henryshum0/SUAS/build/flight_control -- -j16 -l16
[0.067s] [35m[1mConsolidate compiler generated dependencies of target flight_control_lib[0m
[0.081s] [ 71%] Built target flight_control_lib
[0.088s] [35m[1mConsolidate compiler generated dependencies of target offboard_controller[0m
[0.098s] [ 85%] [32mBuilding CXX object CMakeFiles/offboard_controller.dir/src/main.cpp.o[0m
[2.807s] [01m[K/home/henryshum0/SUAS/src/flight_control/src/main.cpp:[m[K In function ‘[01m[Kint main(int, char**)[m[K’:
[2.807s] [01m[K/home/henryshum0/SUAS/src/flight_control/src/main.cpp:14:111:[m[K [01;35m[Kwarning: [m[K‘[01m[Kthis[m[K’ pointer is null [[01;35m[K]8;;https://gcc.gnu.org/onlinedocs/gcc/Warning-Options.html#index-Wnonnull-Wnonnull]8;;[m[K]
[2.807s]    14 |     auto mode_executor = std::make_unique<flight_control::ModeExecutor>([01;35m[Koffboard_controller_node->get_this_ptr()[m[K);
[2.807s]       |                                                                         [01;35m[K~~~~~~~~~~~~~~~~~~~~~~~~~~~~~~~~~~~~~~^~[m[K
[2.807s] In file included from [01m[K/home/henryshum0/SUAS/src/flight_control/include/flight_control/mode_executor.hpp:4[m[K,
[2.807s]                  from [01m[K/home/henryshum0/SUAS/src/flight_control/src/main.cpp:1[m[K:
[2.807s] [01m[K/home/henryshum0/SUAS/src/flight_control/include/flight_control/offboard_controller.hpp:54:45:[m[K [01;36m[Knote: [m[Kin a call to non-static member function ‘[01m[Kstd::shared_ptr<flight_control::OffboardController> flight_control::OffboardController::get_this_ptr()[m[K’
[2.807s]    54 |         std::shared_ptr<OffboardController> [01;36m[Kget_this_ptr[m[K();
[2.807s]       |                                             [01;36m[K^~~~~~~~~~~~[m[K
[2.883s] [100%] [32m[1mLinking CXX executable offboard_controller[0m
[2.982s] [100%] Built target offboard_controller
[2.988s] Invoked command in '/home/henryshum0/SUAS/build/flight_control' returned '0': CMAKE_PREFIX_PATH=/home/henryshum0/SUAS/install/px4_ros_com:/home/henryshum0/SUAS/install/px4_msgs:/home/henryshum0/SUAS/install/flight_control:/opt/ros/humble LD_LIBRARY_PATH=/home/henryshum0/SUAS/install/px4_ros_com/lib:/home/henryshum0/SUAS/install/px4_msgs/lib:/home/henryshum0/SUAS/install/flight_control/lib:/opt/ros/humble/opt/rviz_ogre_vendor/lib:/opt/ros/humble/lib/x86_64-linux-gnu:/opt/ros/humble/lib /usr/bin/cmake --build /home/henryshum0/SUAS/build/flight_control -- -j16 -l16
[2.994s] Invoking command in '/home/henryshum0/SUAS/build/flight_control': CMAKE_PREFIX_PATH=/home/henryshum0/SUAS/install/px4_ros_com:/home/henryshum0/SUAS/install/px4_msgs:/home/henryshum0/SUAS/install/flight_control:/opt/ros/humble LD_LIBRARY_PATH=/home/henryshum0/SUAS/install/px4_ros_com/lib:/home/henryshum0/SUAS/install/px4_msgs/lib:/home/henryshum0/SUAS/install/flight_control/lib:/opt/ros/humble/opt/rviz_ogre_vendor/lib:/opt/ros/humble/lib/x86_64-linux-gnu:/opt/ros/humble/lib /usr/bin/cmake --install /home/henryshum0/SUAS/build/flight_control
[2.998s] -- Install configuration: "RelWithDebInfo"
[2.998s] -- Installing: /home/henryshum0/SUAS/install/flight_control/lib/flight_control/offboard_controller
[2.999s] -- Set runtime path of "/home/henryshum0/SUAS/install/flight_control/lib/flight_control/offboard_controller" to ""
[2.999s] -- Up-to-date: /home/henryshum0/SUAS/install/flight_control/include/flight_control/include
[2.999s] -- Up-to-date: /home/henryshum0/SUAS/install/flight_control/include/flight_control/include/flight_mode
[2.999s] -- Up-to-date: /home/henryshum0/SUAS/install/flight_control/include/flight_control/include/flight_mode/flight_mode.hpp
[2.999s] -- Up-to-date: /home/henryshum0/SUAS/install/flight_control/include/flight_control/include/flight_mode/flight_mode_enums.hpp
[2.999s] -- Up-to-date: /home/henryshum0/SUAS/install/flight_control/include/flight_control/include/flight_control
[2.999s] -- Up-to-date: /home/henryshum0/SUAS/install/flight_control/include/flight_control/include/flight_control/mode_executor.hpp
[2.999s] -- Up-to-date: /home/henryshum0/SUAS/install/flight_control/include/flight_control/include/flight_control/offboard_controller.hpp
[3.000s] -- Up-to-date: /home/henryshum0/SUAS/install/flight_control/include/flight_control/include/flight_control/utils.hpp
[3.000s] -- Up-to-date: /home/henryshum0/SUAS/install/flight_control/lib/libflight_control_lib.so
[3.000s] -- Up-to-date: /home/henryshum0/SUAS/install/flight_control/share/ament_index/resource_index/package_run_dependencies/flight_control
[3.000s] -- Up-to-date: /home/henryshum0/SUAS/install/flight_control/share/ament_index/resource_index/parent_prefix_path/flight_control
[3.000s] -- Up-to-date: /home/henryshum0/SUAS/install/flight_control/share/flight_control/environment/ament_prefix_path.sh
[3.000s] -- Up-to-date: /home/henryshum0/SUAS/install/flight_control/share/flight_control/environment/ament_prefix_path.dsv
[3.000s] -- Up-to-date: /home/henryshum0/SUAS/install/flight_control/share/flight_control/environment/path.sh
[3.000s] -- Up-to-date: /home/henryshum0/SUAS/install/flight_control/share/flight_control/environment/path.dsv
[3.000s] -- Up-to-date: /home/henryshum0/SUAS/install/flight_control/share/flight_control/local_setup.bash
[3.000s] -- Up-to-date: /home/henryshum0/SUAS/install/flight_control/share/flight_control/local_setup.sh
[3.000s] -- Up-to-date: /home/henryshum0/SUAS/install/flight_control/share/flight_control/local_setup.zsh
[3.000s] -- Up-to-date: /home/henryshum0/SUAS/install/flight_control/share/flight_control/local_setup.dsv
[3.000s] -- Installing: /home/henryshum0/SUAS/install/flight_control/share/flight_control/package.dsv
[3.000s] -- Up-to-date: /home/henryshum0/SUAS/install/flight_control/share/ament_index/resource_index/packages/flight_control
[3.001s] -- Up-to-date: /home/henryshum0/SUAS/install/flight_control/share/flight_control/cmake/flight_controlConfig.cmake
[3.001s] -- Up-to-date: /home/henryshum0/SUAS/install/flight_control/share/flight_control/cmake/flight_controlConfig-version.cmake
[3.001s] -- Up-to-date: /home/henryshum0/SUAS/install/flight_control/share/flight_control/package.xml
[3.001s] Invoked command in '/home/henryshum0/SUAS/build/flight_control' returned '0': CMAKE_PREFIX_PATH=/home/henryshum0/SUAS/install/px4_ros_com:/home/henryshum0/SUAS/install/px4_msgs:/home/henryshum0/SUAS/install/flight_control:/opt/ros/humble LD_LIBRARY_PATH=/home/henryshum0/SUAS/install/px4_ros_com/lib:/home/henryshum0/SUAS/install/px4_msgs/lib:/home/henryshum0/SUAS/install/flight_control/lib:/opt/ros/humble/opt/rviz_ogre_vendor/lib:/opt/ros/humble/lib/x86_64-linux-gnu:/opt/ros/humble/lib /usr/bin/cmake --install /home/henryshum0/SUAS/build/flight_control
