[0.159s] Invoking command in '/home/henryshum0/SUAS/build/flight_control': CMAKE_PREFIX_PATH=/home/henryshum0/SUAS/install/px4_ros_com:/home/henryshum0/SUAS/install/px4_msgs:/home/henryshum0/SUAS/install/offboard_control_interfaces:/home/henryshum0/SUAS/install/flight_control:/opt/ros/humble LD_LIBRARY_PATH=/home/henryshum0/SUAS/install/px4_ros_com/lib:/home/henryshum0/SUAS/install/px4_msgs/lib:/home/henryshum0/SUAS/install/offboard_control_interfaces/lib:/home/henryshum0/SUAS/install/flight_control/lib:/opt/ros/humble/opt/rviz_ogre_vendor/lib:/opt/ros/humble/lib/x86_64-linux-gnu:/opt/ros/humble/lib /usr/bin/cmake --build /home/henryshum0/SUAS/build/flight_control -- -j16 -l16
[0.214s] [35m[1mConsolidate compiler generated dependencies of target user_input[0m
[0.223s] [35m[1mConsolidate compiler generated dependencies of target flight_control_lib[0m
[0.226s] [  3%] Built target cmd_ack_listener
[0.229s] [  7%] Built target sensor_combined_listener
[0.230s] [ 15%] Built target nodesoup
[0.231s] [ 20%] Built target vehicle_pos_listener
[0.231s] [ 20%] [32mBuilding CXX object CMakeFiles/user_input.dir/src/user_input.cpp.o[0m
[0.231s] [ 23%] Built target publish_trj_listener
[0.263s] [ 25%] [32mBuilding CXX object CMakeFiles/flight_control_lib.dir/src/flight_control/input_parser.cpp.o[0m
[0.292s] [ 84%] Built target matplot
[8.237s] [ 85%] [32m[1mLinking CXX executable user_input[0m
[8.673s] [ 85%] Built target user_input
[8.830s] [ 87%] [32m[1mLinking CXX shared library libflight_control_lib.so[0m
[10.272s] [ 96%] Built target flight_control_lib
[10.281s] [35m[1mConsolidate compiler generated dependencies of target offboard_controller[0m
[10.294s] [ 98%] [32m[1mLinking CXX executable offboard_controller[0m
[10.753s] [100%] Built target offboard_controller
[10.762s] Invoked command in '/home/henryshum0/SUAS/build/flight_control' returned '0': CMAKE_PREFIX_PATH=/home/henryshum0/SUAS/install/px4_ros_com:/home/henryshum0/SUAS/install/px4_msgs:/home/henryshum0/SUAS/install/offboard_control_interfaces:/home/henryshum0/SUAS/install/flight_control:/opt/ros/humble LD_LIBRARY_PATH=/home/henryshum0/SUAS/install/px4_ros_com/lib:/home/henryshum0/SUAS/install/px4_msgs/lib:/home/henryshum0/SUAS/install/offboard_control_interfaces/lib:/home/henryshum0/SUAS/install/flight_control/lib:/opt/ros/humble/opt/rviz_ogre_vendor/lib:/opt/ros/humble/lib/x86_64-linux-gnu:/opt/ros/humble/lib /usr/bin/cmake --build /home/henryshum0/SUAS/build/flight_control -- -j16 -l16
[10.764s] Invoking command in '/home/henryshum0/SUAS/build/flight_control': CMAKE_PREFIX_PATH=/home/henryshum0/SUAS/install/px4_ros_com:/home/henryshum0/SUAS/install/px4_msgs:/home/henryshum0/SUAS/install/offboard_control_interfaces:/home/henryshum0/SUAS/install/flight_control:/opt/ros/humble LD_LIBRARY_PATH=/home/henryshum0/SUAS/install/px4_ros_com/lib:/home/henryshum0/SUAS/install/px4_msgs/lib:/home/henryshum0/SUAS/install/offboard_control_interfaces/lib:/home/henryshum0/SUAS/install/flight_control/lib:/opt/ros/humble/opt/rviz_ogre_vendor/lib:/opt/ros/humble/lib/x86_64-linux-gnu:/opt/ros/humble/lib /usr/bin/cmake --install /home/henryshum0/SUAS/build/flight_control
[10.768s] -- Install configuration: ""
[10.769s] -- Installing: /home/henryshum0/SUAS/install/flight_control/lib/flight_control/offboard_controller
[10.769s] -- Set runtime path of "/home/henryshum0/SUAS/install/flight_control/lib/flight_control/offboard_controller" to ""
[10.769s] -- Installing: /home/henryshum0/SUAS/install/flight_control/lib/flight_control/user_input
[10.772s] -- Set runtime path of "/home/henryshum0/SUAS/install/flight_control/lib/flight_control/user_input" to ""
[10.772s] -- Up-to-date: /home/henryshum0/SUAS/install/flight_control/lib/flight_control/sensor_combined_listener
[10.772s] -- Up-to-date: /home/henryshum0/SUAS/install/flight_control/lib/flight_control/publish_trj_listener
[10.772s] -- Up-to-date: /home/henryshum0/SUAS/install/flight_control/lib/flight_control/vehicle_pos_listener
[10.772s] -- Up-to-date: /home/henryshum0/SUAS/install/flight_control/lib/flight_control/cmd_ack_listener
[10.773s] -- Up-to-date: /home/henryshum0/SUAS/install/flight_control/include/flight_control/include
[10.773s] -- Up-to-date: /home/henryshum0/SUAS/install/flight_control/include/flight_control/include/lib
[10.773s] -- Up-to-date: /home/henryshum0/SUAS/install/flight_control/include/flight_control/include/lib/utils.hpp
[10.773s] -- Up-to-date: /home/henryshum0/SUAS/install/flight_control/include/flight_control/include/vehicle_storage
[10.773s] -- Up-to-date: /home/henryshum0/SUAS/install/flight_control/include/flight_control/include/vehicle_storage/executor_storage.hpp
[10.773s] -- Up-to-date: /home/henryshum0/SUAS/install/flight_control/include/flight_control/include/vehicle_storage/vehicle_state_storage.hpp
[10.773s] -- Up-to-date: /home/henryshum0/SUAS/install/flight_control/include/flight_control/include/flight_control
[10.773s] -- Up-to-date: /home/henryshum0/SUAS/install/flight_control/include/flight_control/include/flight_control/state_subscribers.hpp
[10.773s] -- Up-to-date: /home/henryshum0/SUAS/install/flight_control/include/flight_control/include/flight_control/flight_executor.hpp
[10.773s] -- Up-to-date: /home/henryshum0/SUAS/install/flight_control/include/flight_control/include/flight_control/control_publishers.hpp
[10.773s] -- Up-to-date: /home/henryshum0/SUAS/install/flight_control/include/flight_control/include/flight_control/input_parser.hpp
[10.773s] -- Installing: /home/henryshum0/SUAS/install/flight_control/lib/libflight_control_lib.so
[10.794s] -- Set runtime path of "/home/henryshum0/SUAS/install/flight_control/lib/libflight_control_lib.so" to ""
[10.794s] -- Up-to-date: /home/henryshum0/SUAS/install/flight_control/share/ament_index/resource_index/package_run_dependencies/flight_control
[10.794s] -- Up-to-date: /home/henryshum0/SUAS/install/flight_control/share/ament_index/resource_index/parent_prefix_path/flight_control
[10.794s] -- Up-to-date: /home/henryshum0/SUAS/install/flight_control/share/flight_control/environment/ament_prefix_path.sh
[10.794s] -- Up-to-date: /home/henryshum0/SUAS/install/flight_control/share/flight_control/environment/ament_prefix_path.dsv
[10.794s] -- Up-to-date: /home/henryshum0/SUAS/install/flight_control/share/flight_control/environment/path.sh
[10.794s] -- Up-to-date: /home/henryshum0/SUAS/install/flight_control/share/flight_control/environment/path.dsv
[10.794s] -- Up-to-date: /home/henryshum0/SUAS/install/flight_control/share/flight_control/local_setup.bash
[10.794s] -- Up-to-date: /home/henryshum0/SUAS/install/flight_control/share/flight_control/local_setup.sh
[10.794s] -- Up-to-date: /home/henryshum0/SUAS/install/flight_control/share/flight_control/local_setup.zsh
[10.794s] -- Up-to-date: /home/henryshum0/SUAS/install/flight_control/share/flight_control/local_setup.dsv
[10.794s] -- Installing: /home/henryshum0/SUAS/install/flight_control/share/flight_control/package.dsv
[10.794s] -- Up-to-date: /home/henryshum0/SUAS/install/flight_control/share/ament_index/resource_index/packages/flight_control
[10.794s] -- Up-to-date: /home/henryshum0/SUAS/install/flight_control/share/flight_control/cmake/flight_controlConfig.cmake
[10.795s] -- Up-to-date: /home/henryshum0/SUAS/install/flight_control/share/flight_control/cmake/flight_controlConfig-version.cmake
[10.795s] -- Up-to-date: /home/henryshum0/SUAS/install/flight_control/share/flight_control/package.xml
[10.795s] -- Up-to-date: /home/henryshum0/SUAS/install/flight_control/include/matplot/detail/exports.h
[10.796s] Invoked command in '/home/henryshum0/SUAS/build/flight_control' returned '0': CMAKE_PREFIX_PATH=/home/henryshum0/SUAS/install/px4_ros_com:/home/henryshum0/SUAS/install/px4_msgs:/home/henryshum0/SUAS/install/offboard_control_interfaces:/home/henryshum0/SUAS/install/flight_control:/opt/ros/humble LD_LIBRARY_PATH=/home/henryshum0/SUAS/install/px4_ros_com/lib:/home/henryshum0/SUAS/install/px4_msgs/lib:/home/henryshum0/SUAS/install/offboard_control_interfaces/lib:/home/henryshum0/SUAS/install/flight_control/lib:/opt/ros/humble/opt/rviz_ogre_vendor/lib:/opt/ros/humble/lib/x86_64-linux-gnu:/opt/ros/humble/lib /usr/bin/cmake --install /home/henryshum0/SUAS/build/flight_control
