[0.014s] Invoking command in '/home/henryshum0/SUAS/build/flight_control': CMAKE_PREFIX_PATH=/opt/ros/humble /usr/bin/cmake /home/henryshum0/SUAS/src/flight_control -DCMAKE_INSTALL_PREFIX=/home/henryshum0/SUAS/install/flight_control
[0.115s] -- The C compiler identification is GNU 11.4.0
[0.343s] -- The CXX compiler identification is GNU 11.4.0
[0.559s] -- Detecting C compiler ABI info
[0.640s] -- Detecting C compiler ABI info - done
[0.645s] -- Check for working C compiler: /usr/bin/cc - skipped
[0.645s] -- Detecting C compile features
[0.646s] -- Detecting C compile features - done
[0.648s] -- Detecting CXX compiler ABI info
[0.740s] -- Detecting CXX compiler ABI info - done
[0.746s] -- Check for working CXX compiler: /usr/bin/c++ - skipped
[0.746s] -- Detecting CXX compile features
[0.746s] -- Detecting CXX compile features - done
[0.748s] -- Found ament_cmake: 1.3.11 (/opt/ros/humble/share/ament_cmake/cmake)
[0.955s] -- Found Python3: /usr/bin/python3 (found version "3.10.12") found components: Interpreter 
[1.144s] -- Found rclcpp: 16.0.11 (/opt/ros/humble/share/rclcpp/cmake)
[1.192s] -- Found rosidl_generator_c: 3.1.6 (/opt/ros/humble/share/rosidl_generator_c/cmake)
[1.194s] -- Found rosidl_adapter: 3.1.6 (/opt/ros/humble/share/rosidl_adapter/cmake)
[1.196s] -- Found rosidl_generator_cpp: 3.1.6 (/opt/ros/humble/share/rosidl_generator_cpp/cmake)
[1.201s] -- Using all available rosidl_typesupport_c: rosidl_typesupport_fastrtps_c;rosidl_typesupport_introspection_c
[1.209s] -- Using all available rosidl_typesupport_cpp: rosidl_typesupport_fastrtps_cpp;rosidl_typesupport_introspection_cpp
[1.215s] -- Found rmw_implementation_cmake: 6.1.2 (/opt/ros/humble/share/rmw_implementation_cmake/cmake)
[1.215s] -- Found rmw_fastrtps_cpp: 6.2.7 (/opt/ros/humble/share/rmw_fastrtps_cpp/cmake)
[1.852s] -- Found OpenSSL: /usr/lib/x86_64-linux-gnu/libcrypto.so (found version "3.0.2")  
[2.513s] -- Found FastRTPS: /opt/ros/humble/include  
[3.748s] -- Using RMW implementation 'rmw_fastrtps_cpp' as default
[3.753s] -- Looking for pthread.h
[3.826s] -- Looking for pthread.h - found
[3.826s] -- Performing Test CMAKE_HAVE_LIBC_PTHREAD
[3.904s] -- Performing Test CMAKE_HAVE_LIBC_PTHREAD - Success
[3.905s] -- Found Threads: TRUE  
[3.940s] [31mCMake Error at CMakeLists.txt:12 (include):
[3.940s]   include requested file is a directory:
[3.940s] 
[3.940s]     /home/henryshum0/SUAS/src/flight_control/include
[3.941s] 
[3.941s] [0m
[3.941s] [31mCMake Error at /opt/ros/humble/share/ament_cmake_target_dependencies/cmake/ament_target_dependencies.cmake:77 (message):
[3.941s]   ament_target_dependencies() the passed package name 'Eigen3' was not found
[3.941s]   before
[3.941s] Call Stack (most recent call first):
[3.941s]   CMakeLists.txt:15 (ament_target_dependencies)
[3.941s] 
[3.941s] [0m
[3.941s] -- Configuring incomplete, errors occurred!
[3.941s] See also "/home/henryshum0/SUAS/build/flight_control/CMakeFiles/CMakeOutput.log".
[3.948s] Invoked command in '/home/henryshum0/SUAS/build/flight_control' returned '1': CMAKE_PREFIX_PATH=/opt/ros/humble /usr/bin/cmake /home/henryshum0/SUAS/src/flight_control -DCMAKE_INSTALL_PREFIX=/home/henryshum0/SUAS/install/flight_control
