[0.011s] Invoking command in '/home/henryshum0/SUAS/build/flight_control': CMAKE_PREFIX_PATH=/opt/ros/humble /usr/bin/cmake --build /home/henryshum0/SUAS/build/flight_control -- -j16 -l16
[0.023s] -- Found ament_cmake: 1.3.11 (/opt/ros/humble/share/ament_cmake/cmake)
[0.103s] -- Found rclcpp: 16.0.11 (/opt/ros/humble/share/rclcpp/cmake)
[0.182s] -- Found rosidl_generator_c: 3.1.6 (/opt/ros/humble/share/rosidl_generator_c/cmake)
[0.184s] -- Found rosidl_adapter: 3.1.6 (/opt/ros/humble/share/rosidl_adapter/cmake)
[0.188s] -- Found rosidl_generator_cpp: 3.1.6 (/opt/ros/humble/share/rosidl_generator_cpp/cmake)
[0.193s] -- Using all available rosidl_typesupport_c: rosidl_typesupport_fastrtps_c;rosidl_typesupport_introspection_c
[0.201s] -- Using all available rosidl_typesupport_cpp: rosidl_typesupport_fastrtps_cpp;rosidl_typesupport_introspection_cpp
[0.220s] -- Found rmw_implementation_cmake: 6.1.2 (/opt/ros/humble/share/rmw_implementation_cmake/cmake)
[0.221s] -- Found rmw_fastrtps_cpp: 6.2.7 (/opt/ros/humble/share/rmw_fastrtps_cpp/cmake)
[2.944s] -- Using RMW implementation 'rmw_fastrtps_cpp' as default
[2.974s] -- Found eigen3_cmake_module: 0.1.1 (/opt/ros/humble/share/eigen3_cmake_module/cmake)
[2.978s] -- Found ament_lint_auto: 0.12.11 (/opt/ros/humble/share/ament_lint_auto/cmake)
[3.024s] -- Added test 'cppcheck' to perform static code analysis on C / C++ code
[3.024s] -- Configured cppcheck include dirs: /home/henryshum0/SUAS/src/flight_control/include;/home/henryshum0/SUAS/src/flight_control/include/flight_control
[3.024s] -- Configured cppcheck exclude dirs and/or files: 
[3.024s] -- Added test 'lint_cmake' to check CMake code style
[3.024s] -- Added test 'uncrustify' to check C / C++ code style
[3.024s] -- Configured uncrustify additional arguments: 
[3.025s] -- Added test 'xmllint' to check XML markup files
[3.025s] -- Configuring done
[3.030s] [31mCMake Error in CMakeLists.txt:
[3.030s]   Target "frame_conversion" INTERFACE_INCLUDE_DIRECTORIES property contains
[3.031s]   path:
[3.031s] 
[3.031s]     "/home/henryshum0/SUAS/src/flight_control/include/flight_control"
[3.031s] 
[3.031s]   which is prefixed in the source directory.
[3.031s] 
[3.031s] [0m
[3.031s] -- Generating done
[3.031s] [0mCMake Generate step failed.  Build files cannot be regenerated correctly.[0m
[3.037s] gmake: *** [Makefile:308: cmake_check_build_system] Error 1
[3.038s] Invoked command in '/home/henryshum0/SUAS/build/flight_control' returned '2': CMAKE_PREFIX_PATH=/opt/ros/humble /usr/bin/cmake --build /home/henryshum0/SUAS/build/flight_control -- -j16 -l16
