[0.061s] Invoking command in '/home/henryshum0/SUAS/build/flight_control': AMENT_PREFIX_PATH=/home/henryshum0/SUAS/install/px4_ros_com:/home/henryshum0/SUAS/install/px4_msgs:${AMENT_PREFIX_PATH} CMAKE_PREFIX_PATH=/home/henryshum0/SUAS/install/px4_ros_com:/home/henryshum0/SUAS/install/px4_msgs:/opt/ros/humble LD_LIBRARY_PATH=/home/henryshum0/SUAS/install/px4_ros_com/lib:/home/henryshum0/SUAS/install/px4_msgs/lib:${LD_LIBRARY_PATH} PYTHONPATH=/home/henryshum0/SUAS/install/px4_ros_com/local/lib/python3.10/dist-packages:/home/henryshum0/SUAS/install/px4_msgs/local/lib/python3.10/dist-packages:${PYTHONPATH} /usr/bin/cmake --build /home/henryshum0/SUAS/build/flight_control -- -j16 -l16
[0.086s] [35m[1mConsolidate compiler generated dependencies of target flight_control_lib[0m
[0.100s] [ 14%] [32mBuilding CXX object CMakeFiles/flight_control_lib.dir/src/flight_mode.cpp.o[0m
[0.100s] [ 42%] [32mBuilding CXX object CMakeFiles/flight_control_lib.dir/src/take_off_mode.cpp.o[0m
[0.100s] [ 42%] [32mBuilding CXX object CMakeFiles/flight_control_lib.dir/src/offboard_controller.cpp.o[0m
[7.821s] [ 57%] [32m[1mLinking CXX shared library libflight_control_lib.so[0m
[8.283s] [ 71%] Built target flight_control_lib
[8.290s] [35m[1mConsolidate compiler generated dependencies of target offboard_controller[0m
[8.300s] [ 85%] [32mBuilding CXX object CMakeFiles/offboard_controller.dir/src/main.cpp.o[0m
[10.490s] [100%] [32m[1mLinking CXX executable offboard_controller[0m
[10.661s] [100%] Built target offboard_controller
[10.667s] Invoked command in '/home/henryshum0/SUAS/build/flight_control' returned '0': AMENT_PREFIX_PATH=/home/henryshum0/SUAS/install/px4_ros_com:/home/henryshum0/SUAS/install/px4_msgs:${AMENT_PREFIX_PATH} CMAKE_PREFIX_PATH=/home/henryshum0/SUAS/install/px4_ros_com:/home/henryshum0/SUAS/install/px4_msgs:/opt/ros/humble LD_LIBRARY_PATH=/home/henryshum0/SUAS/install/px4_ros_com/lib:/home/henryshum0/SUAS/install/px4_msgs/lib:${LD_LIBRARY_PATH} PYTHONPATH=/home/henryshum0/SUAS/install/px4_ros_com/local/lib/python3.10/dist-packages:/home/henryshum0/SUAS/install/px4_msgs/local/lib/python3.10/dist-packages:${PYTHONPATH} /usr/bin/cmake --build /home/henryshum0/SUAS/build/flight_control -- -j16 -l16
[10.668s] Invoking command in '/home/henryshum0/SUAS/build/flight_control': AMENT_PREFIX_PATH=/home/henryshum0/SUAS/install/px4_ros_com:/home/henryshum0/SUAS/install/px4_msgs:${AMENT_PREFIX_PATH} CMAKE_PREFIX_PATH=/home/henryshum0/SUAS/install/px4_ros_com:/home/henryshum0/SUAS/install/px4_msgs:/opt/ros/humble LD_LIBRARY_PATH=/home/henryshum0/SUAS/install/px4_ros_com/lib:/home/henryshum0/SUAS/install/px4_msgs/lib:${LD_LIBRARY_PATH} PYTHONPATH=/home/henryshum0/SUAS/install/px4_ros_com/local/lib/python3.10/dist-packages:/home/henryshum0/SUAS/install/px4_msgs/local/lib/python3.10/dist-packages:${PYTHONPATH} /usr/bin/cmake --install /home/henryshum0/SUAS/build/flight_control
[10.672s] -- Install configuration: ""
[10.672s] -- Installing: /home/henryshum0/SUAS/install/flight_control/lib/flight_control/offboard_controller
[10.673s] -- Set runtime path of "/home/henryshum0/SUAS/install/flight_control/lib/flight_control/offboard_controller" to ""
[10.673s] -- Up-to-date: /home/henryshum0/SUAS/install/flight_control/include/flight_control/include
[10.673s] -- Up-to-date: /home/henryshum0/SUAS/install/flight_control/include/flight_control/include/flight_mode
[10.673s] -- Up-to-date: /home/henryshum0/SUAS/install/flight_control/include/flight_control/include/flight_mode/takeoff_mode.hpp
[10.673s] -- Up-to-date: /home/henryshum0/SUAS/install/flight_control/include/flight_control/include/flight_mode/flight_mode.hpp
[10.673s] -- Up-to-date: /home/henryshum0/SUAS/install/flight_control/include/flight_control/include/flight_mode/flight_mode_enums.hpp
[10.673s] -- Up-to-date: /home/henryshum0/SUAS/install/flight_control/include/flight_control/include/flight_control
[10.673s] -- Installing: /home/henryshum0/SUAS/install/flight_control/include/flight_control/include/flight_control/offboard_controller.hpp
[10.673s] -- Up-to-date: /home/henryshum0/SUAS/install/flight_control/include/flight_control/include/flight_control/utils.hpp
[10.673s] -- Up-to-date: /home/henryshum0/SUAS/install/flight_control/share/ament_index/resource_index/package_run_dependencies/flight_control
[10.673s] -- Up-to-date: /home/henryshum0/SUAS/install/flight_control/share/ament_index/resource_index/parent_prefix_path/flight_control
[10.673s] -- Up-to-date: /home/henryshum0/SUAS/install/flight_control/share/flight_control/environment/ament_prefix_path.sh
[10.673s] -- Up-to-date: /home/henryshum0/SUAS/install/flight_control/share/flight_control/environment/ament_prefix_path.dsv
[10.674s] -- Up-to-date: /home/henryshum0/SUAS/install/flight_control/share/flight_control/environment/path.sh
[10.674s] -- Up-to-date: /home/henryshum0/SUAS/install/flight_control/share/flight_control/environment/path.dsv
[10.674s] -- Up-to-date: /home/henryshum0/SUAS/install/flight_control/share/flight_control/local_setup.bash
[10.674s] -- Up-to-date: /home/henryshum0/SUAS/install/flight_control/share/flight_control/local_setup.sh
[10.674s] -- Up-to-date: /home/henryshum0/SUAS/install/flight_control/share/flight_control/local_setup.zsh
[10.674s] -- Up-to-date: /home/henryshum0/SUAS/install/flight_control/share/flight_control/local_setup.dsv
[10.674s] -- Installing: /home/henryshum0/SUAS/install/flight_control/share/flight_control/package.dsv
[10.674s] -- Up-to-date: /home/henryshum0/SUAS/install/flight_control/share/ament_index/resource_index/packages/flight_control
[10.674s] -- Up-to-date: /home/henryshum0/SUAS/install/flight_control/share/flight_control/cmake/flight_controlConfig.cmake
[10.674s] -- Up-to-date: /home/henryshum0/SUAS/install/flight_control/share/flight_control/cmake/flight_controlConfig-version.cmake
[10.674s] -- Up-to-date: /home/henryshum0/SUAS/install/flight_control/share/flight_control/package.xml
[10.675s] Invoked command in '/home/henryshum0/SUAS/build/flight_control' returned '0': AMENT_PREFIX_PATH=/home/henryshum0/SUAS/install/px4_ros_com:/home/henryshum0/SUAS/install/px4_msgs:${AMENT_PREFIX_PATH} CMAKE_PREFIX_PATH=/home/henryshum0/SUAS/install/px4_ros_com:/home/henryshum0/SUAS/install/px4_msgs:/opt/ros/humble LD_LIBRARY_PATH=/home/henryshum0/SUAS/install/px4_ros_com/lib:/home/henryshum0/SUAS/install/px4_msgs/lib:${LD_LIBRARY_PATH} PYTHONPATH=/home/henryshum0/SUAS/install/px4_ros_com/local/lib/python3.10/dist-packages:/home/henryshum0/SUAS/install/px4_msgs/local/lib/python3.10/dist-packages:${PYTHONPATH} /usr/bin/cmake --install /home/henryshum0/SUAS/build/flight_control
