[0.014s] Invoking command in '/home/henryshum0/SUAS/build/offboard_control_interfaces': CMAKE_PREFIX_PATH=${CMAKE_PREFIX_PATH}:/opt/ros/humble /usr/bin/cmake --build /home/henryshum0/SUAS/build/offboard_control_interfaces -- -j16 -l16
[0.058s] [35m[1mConsolidate compiler generated dependencies of target offboard_control_interfaces__rosidl_generator_c[0m
[0.063s] [  3%] Built target offboard_control_interfaces__cpp
[0.068s] [ 12%] Built target offboard_control_interfaces__rosidl_generator_c
[0.072s] [35m[1mConsolidate compiler generated dependencies of target offboard_control_interfaces__rosidl_typesupport_introspection_cpp[0m
[0.073s] [35m[1mConsolidate compiler generated dependencies of target offboard_control_interfaces__rosidl_typesupport_cpp[0m
[0.073s] [35m[1mConsolidate compiler generated dependencies of target offboard_control_interfaces__rosidl_typesupport_fastrtps_cpp[0m
[0.076s] [ 12%] Built target ament_cmake_python_copy_offboard_control_interfaces
[0.078s] [35m[1mConsolidate compiler generated dependencies of target offboard_control_interfaces__rosidl_typesupport_introspection_c[0m
[0.078s] [35m[1mConsolidate compiler generated dependencies of target offboard_control_interfaces__rosidl_typesupport_c[0m
[0.079s] [35m[1mConsolidate compiler generated dependencies of target offboard_control_interfaces__rosidl_typesupport_fastrtps_c[0m
[0.082s] [ 22%] Built target offboard_control_interfaces__rosidl_typesupport_introspection_cpp
[0.083s] [ 32%] Built target offboard_control_interfaces__rosidl_typesupport_cpp
[0.085s] [ 41%] Built target offboard_control_interfaces__rosidl_typesupport_fastrtps_cpp
[0.086s] [ 51%] Built target offboard_control_interfaces__rosidl_typesupport_c
[0.086s] [ 61%] Built target offboard_control_interfaces__rosidl_typesupport_introspection_c
[0.087s] [ 70%] Built target offboard_control_interfaces__rosidl_typesupport_fastrtps_c
[0.098s] [ 70%] Built target offboard_control_interfaces
[0.111s] [ 74%] Built target offboard_control_interfaces__py
[0.118s] [35m[1mConsolidate compiler generated dependencies of target offboard_control_interfaces__rosidl_generator_py[0m
[0.126s] [ 80%] Built target offboard_control_interfaces__rosidl_generator_py
[0.133s] [35m[1mConsolidate compiler generated dependencies of target offboard_control_interfaces__rosidl_typesupport_c__pyext[0m
[0.133s] [35m[1mConsolidate compiler generated dependencies of target offboard_control_interfaces__rosidl_typesupport_introspection_c__pyext[0m
[0.133s] [35m[1mConsolidate compiler generated dependencies of target offboard_control_interfaces__rosidl_typesupport_fastrtps_c__pyext[0m
[0.141s] [ 87%] Built target offboard_control_interfaces__rosidl_typesupport_c__pyext
[0.141s] [ 93%] Built target offboard_control_interfaces__rosidl_typesupport_introspection_c__pyext
[0.142s] [100%] Built target offboard_control_interfaces__rosidl_typesupport_fastrtps_c__pyext
[0.233s] running egg_info
[0.233s] writing offboard_control_interfaces.egg-info/PKG-INFO
[0.234s] writing dependency_links to offboard_control_interfaces.egg-info/dependency_links.txt
[0.234s] writing top-level names to offboard_control_interfaces.egg-info/top_level.txt
[0.235s] reading manifest file 'offboard_control_interfaces.egg-info/SOURCES.txt'
[0.236s] writing manifest file 'offboard_control_interfaces.egg-info/SOURCES.txt'
[0.255s] [100%] Built target ament_cmake_python_build_offboard_control_interfaces_egg
[0.262s] Invoked command in '/home/henryshum0/SUAS/build/offboard_control_interfaces' returned '0': CMAKE_PREFIX_PATH=${CMAKE_PREFIX_PATH}:/opt/ros/humble /usr/bin/cmake --build /home/henryshum0/SUAS/build/offboard_control_interfaces -- -j16 -l16
[0.268s] Invoking command in '/home/henryshum0/SUAS/build/offboard_control_interfaces': CMAKE_PREFIX_PATH=${CMAKE_PREFIX_PATH}:/opt/ros/humble /usr/bin/cmake --install /home/henryshum0/SUAS/build/offboard_control_interfaces
[0.273s] -- Install configuration: ""
[0.273s] -- Up-to-date: /home/henryshum0/SUAS/install/offboard_control_interfaces/share/ament_index/resource_index/rosidl_interfaces/offboard_control_interfaces
[0.273s] -- Up-to-date: /home/henryshum0/SUAS/install/offboard_control_interfaces/include/offboard_control_interfaces/offboard_control_interfaces
[0.273s] -- Up-to-date: /home/henryshum0/SUAS/install/offboard_control_interfaces/include/offboard_control_interfaces/offboard_control_interfaces/msg
[0.274s] -- Up-to-date: /home/henryshum0/SUAS/install/offboard_control_interfaces/include/offboard_control_interfaces/offboard_control_interfaces/msg/rosidl_generator_c__visibility_control.h
[0.274s] -- Up-to-date: /home/henryshum0/SUAS/install/offboard_control_interfaces/include/offboard_control_interfaces/offboard_control_interfaces/msg/detail
[0.274s] -- Up-to-date: /home/henryshum0/SUAS/install/offboard_control_interfaces/include/offboard_control_interfaces/offboard_control_interfaces/msg/detail/user_command__struct.h
[0.274s] -- Up-to-date: /home/henryshum0/SUAS/install/offboard_control_interfaces/include/offboard_control_interfaces/offboard_control_interfaces/msg/detail/user_command__functions.h
[0.274s] -- Up-to-date: /home/henryshum0/SUAS/install/offboard_control_interfaces/include/offboard_control_interfaces/offboard_control_interfaces/msg/detail/user_command__functions.c
[0.274s] -- Up-to-date: /home/henryshum0/SUAS/install/offboard_control_interfaces/include/offboard_control_interfaces/offboard_control_interfaces/msg/detail/user_command__type_support.h
[0.274s] -- Up-to-date: /home/henryshum0/SUAS/install/offboard_control_interfaces/include/offboard_control_interfaces/offboard_control_interfaces/msg/user_command.h
[0.274s] -- Up-to-date: /home/henryshum0/SUAS/install/offboard_control_interfaces/share/offboard_control_interfaces/environment/library_path.sh
[0.274s] -- Up-to-date: /home/henryshum0/SUAS/install/offboard_control_interfaces/share/offboard_control_interfaces/environment/library_path.dsv
[0.275s] -- Up-to-date: /home/henryshum0/SUAS/install/offboard_control_interfaces/lib/liboffboard_control_interfaces__rosidl_generator_c.so
[0.275s] -- Up-to-date: /home/henryshum0/SUAS/install/offboard_control_interfaces/include/offboard_control_interfaces/offboard_control_interfaces
[0.275s] -- Up-to-date: /home/henryshum0/SUAS/install/offboard_control_interfaces/include/offboard_control_interfaces/offboard_control_interfaces/msg
[0.275s] -- Up-to-date: /home/henryshum0/SUAS/install/offboard_control_interfaces/include/offboard_control_interfaces/offboard_control_interfaces/msg/rosidl_typesupport_fastrtps_c__visibility_control.h
[0.275s] -- Up-to-date: /home/henryshum0/SUAS/install/offboard_control_interfaces/include/offboard_control_interfaces/offboard_control_interfaces/msg/detail
[0.275s] -- Up-to-date: /home/henryshum0/SUAS/install/offboard_control_interfaces/include/offboard_control_interfaces/offboard_control_interfaces/msg/detail/user_command__rosidl_typesupport_fastrtps_c.h
[0.276s] -- Up-to-date: /home/henryshum0/SUAS/install/offboard_control_interfaces/lib/liboffboard_control_interfaces__rosidl_typesupport_fastrtps_c.so
[0.276s] -- Up-to-date: /home/henryshum0/SUAS/install/offboard_control_interfaces/include/offboard_control_interfaces/offboard_control_interfaces
[0.276s] -- Up-to-date: /home/henryshum0/SUAS/install/offboard_control_interfaces/include/offboard_control_interfaces/offboard_control_interfaces/msg
[0.276s] -- Up-to-date: /home/henryshum0/SUAS/install/offboard_control_interfaces/include/offboard_control_interfaces/offboard_control_interfaces/msg/rosidl_typesupport_introspection_c__visibility_control.h
[0.276s] -- Up-to-date: /home/henryshum0/SUAS/install/offboard_control_interfaces/include/offboard_control_interfaces/offboard_control_interfaces/msg/detail
[0.277s] -- Up-to-date: /home/henryshum0/SUAS/install/offboard_control_interfaces/include/offboard_control_interfaces/offboard_control_interfaces/msg/detail/user_command__type_support.c
[0.277s] -- Up-to-date: /home/henryshum0/SUAS/install/offboard_control_interfaces/include/offboard_control_interfaces/offboard_control_interfaces/msg/detail/user_command__rosidl_typesupport_introspection_c.h
[0.277s] -- Up-to-date: /home/henryshum0/SUAS/install/offboard_control_interfaces/lib/liboffboard_control_interfaces__rosidl_typesupport_introspection_c.so
[0.278s] -- Up-to-date: /home/henryshum0/SUAS/install/offboard_control_interfaces/lib/liboffboard_control_interfaces__rosidl_typesupport_c.so
[0.278s] -- Up-to-date: /home/henryshum0/SUAS/install/offboard_control_interfaces/include/offboard_control_interfaces/offboard_control_interfaces
[0.278s] -- Up-to-date: /home/henryshum0/SUAS/install/offboard_control_interfaces/include/offboard_control_interfaces/offboard_control_interfaces/msg
[0.278s] -- Up-to-date: /home/henryshum0/SUAS/install/offboard_control_interfaces/include/offboard_control_interfaces/offboard_control_interfaces/msg/rosidl_generator_cpp__visibility_control.hpp
[0.278s] -- Up-to-date: /home/henryshum0/SUAS/install/offboard_control_interfaces/include/offboard_control_interfaces/offboard_control_interfaces/msg/user_command.hpp
[0.278s] -- Up-to-date: /home/henryshum0/SUAS/install/offboard_control_interfaces/include/offboard_control_interfaces/offboard_control_interfaces/msg/detail
[0.278s] -- Up-to-date: /home/henryshum0/SUAS/install/offboard_control_interfaces/include/offboard_control_interfaces/offboard_control_interfaces/msg/detail/user_command__traits.hpp
[0.279s] -- Up-to-date: /home/henryshum0/SUAS/install/offboard_control_interfaces/include/offboard_control_interfaces/offboard_control_interfaces/msg/detail/user_command__struct.hpp
[0.279s] -- Up-to-date: /home/henryshum0/SUAS/install/offboard_control_interfaces/include/offboard_control_interfaces/offboard_control_interfaces/msg/detail/user_command__type_support.hpp
[0.279s] -- Up-to-date: /home/henryshum0/SUAS/install/offboard_control_interfaces/include/offboard_control_interfaces/offboard_control_interfaces/msg/detail/user_command__builder.hpp
[0.279s] -- Up-to-date: /home/henryshum0/SUAS/install/offboard_control_interfaces/include/offboard_control_interfaces/offboard_control_interfaces
[0.279s] -- Up-to-date: /home/henryshum0/SUAS/install/offboard_control_interfaces/include/offboard_control_interfaces/offboard_control_interfaces/msg
[0.279s] -- Up-to-date: /home/henryshum0/SUAS/install/offboard_control_interfaces/include/offboard_control_interfaces/offboard_control_interfaces/msg/rosidl_typesupport_fastrtps_cpp__visibility_control.h
[0.279s] -- Up-to-date: /home/henryshum0/SUAS/install/offboard_control_interfaces/include/offboard_control_interfaces/offboard_control_interfaces/msg/detail
[0.279s] -- Up-to-date: /home/henryshum0/SUAS/install/offboard_control_interfaces/include/offboard_control_interfaces/offboard_control_interfaces/msg/detail/user_command__rosidl_typesupport_fastrtps_cpp.hpp
[0.279s] -- Up-to-date: /home/henryshum0/SUAS/install/offboard_control_interfaces/include/offboard_control_interfaces/offboard_control_interfaces/msg/detail/dds_fastrtps
[0.280s] -- Up-to-date: /home/henryshum0/SUAS/install/offboard_control_interfaces/lib/liboffboard_control_interfaces__rosidl_typesupport_fastrtps_cpp.so
[0.280s] -- Up-to-date: /home/henryshum0/SUAS/install/offboard_control_interfaces/include/offboard_control_interfaces/offboard_control_interfaces
[0.280s] -- Up-to-date: /home/henryshum0/SUAS/install/offboard_control_interfaces/include/offboard_control_interfaces/offboard_control_interfaces/msg
[0.281s] -- Up-to-date: /home/henryshum0/SUAS/install/offboard_control_interfaces/include/offboard_control_interfaces/offboard_control_interfaces/msg/detail
[0.281s] -- Up-to-date: /home/henryshum0/SUAS/install/offboard_control_interfaces/include/offboard_control_interfaces/offboard_control_interfaces/msg/detail/user_command__rosidl_typesupport_introspection_cpp.hpp
[0.281s] -- Up-to-date: /home/henryshum0/SUAS/install/offboard_control_interfaces/include/offboard_control_interfaces/offboard_control_interfaces/msg/detail/user_command__type_support.cpp
[0.281s] -- Up-to-date: /home/henryshum0/SUAS/install/offboard_control_interfaces/lib/liboffboard_control_interfaces__rosidl_typesupport_introspection_cpp.so
[0.282s] -- Up-to-date: /home/henryshum0/SUAS/install/offboard_control_interfaces/lib/liboffboard_control_interfaces__rosidl_typesupport_cpp.so
[0.282s] -- Up-to-date: /home/henryshum0/SUAS/install/offboard_control_interfaces/share/offboard_control_interfaces/environment/pythonpath.sh
[0.282s] -- Up-to-date: /home/henryshum0/SUAS/install/offboard_control_interfaces/share/offboard_control_interfaces/environment/pythonpath.dsv
[0.282s] -- Up-to-date: /home/henryshum0/SUAS/install/offboard_control_interfaces/local/lib/python3.10/dist-packages/offboard_control_interfaces-0.0.0-py3.10.egg-info
[0.282s] -- Installing: /home/henryshum0/SUAS/install/offboard_control_interfaces/local/lib/python3.10/dist-packages/offboard_control_interfaces-0.0.0-py3.10.egg-info/top_level.txt
[0.282s] -- Installing: /home/henryshum0/SUAS/install/offboard_control_interfaces/local/lib/python3.10/dist-packages/offboard_control_interfaces-0.0.0-py3.10.egg-info/SOURCES.txt
[0.282s] -- Installing: /home/henryshum0/SUAS/install/offboard_control_interfaces/local/lib/python3.10/dist-packages/offboard_control_interfaces-0.0.0-py3.10.egg-info/dependency_links.txt
[0.282s] -- Installing: /home/henryshum0/SUAS/install/offboard_control_interfaces/local/lib/python3.10/dist-packages/offboard_control_interfaces-0.0.0-py3.10.egg-info/PKG-INFO
[0.282s] -- Up-to-date: /home/henryshum0/SUAS/install/offboard_control_interfaces/local/lib/python3.10/dist-packages/offboard_control_interfaces
[0.282s] -- Up-to-date: /home/henryshum0/SUAS/install/offboard_control_interfaces/local/lib/python3.10/dist-packages/offboard_control_interfaces/_offboard_control_interfaces_s.ep.rosidl_typesupport_c.c
[0.283s] -- Up-to-date: /home/henryshum0/SUAS/install/offboard_control_interfaces/local/lib/python3.10/dist-packages/offboard_control_interfaces/_offboard_control_interfaces_s.ep.rosidl_typesupport_introspection_c.c
[0.283s] -- Up-to-date: /home/henryshum0/SUAS/install/offboard_control_interfaces/local/lib/python3.10/dist-packages/offboard_control_interfaces/offboard_control_interfaces_s__rosidl_typesupport_fastrtps_c.cpython-310-x86_64-linux-gnu.so
[0.283s] -- Up-to-date: /home/henryshum0/SUAS/install/offboard_control_interfaces/local/lib/python3.10/dist-packages/offboard_control_interfaces/offboard_control_interfaces_s__rosidl_typesupport_introspection_c.cpython-310-x86_64-linux-gnu.so
[0.283s] -- Up-to-date: /home/henryshum0/SUAS/install/offboard_control_interfaces/local/lib/python3.10/dist-packages/offboard_control_interfaces/_offboard_control_interfaces_s.ep.rosidl_typesupport_fastrtps_c.c
[0.283s] -- Up-to-date: /home/henryshum0/SUAS/install/offboard_control_interfaces/local/lib/python3.10/dist-packages/offboard_control_interfaces/offboard_control_interfaces_s__rosidl_typesupport_c.cpython-310-x86_64-linux-gnu.so
[0.283s] -- Up-to-date: /home/henryshum0/SUAS/install/offboard_control_interfaces/local/lib/python3.10/dist-packages/offboard_control_interfaces/msg
[0.283s] -- Up-to-date: /home/henryshum0/SUAS/install/offboard_control_interfaces/local/lib/python3.10/dist-packages/offboard_control_interfaces/msg/__init__.py
[0.283s] -- Up-to-date: /home/henryshum0/SUAS/install/offboard_control_interfaces/local/lib/python3.10/dist-packages/offboard_control_interfaces/msg/_user_command.py
[0.283s] -- Up-to-date: /home/henryshum0/SUAS/install/offboard_control_interfaces/local/lib/python3.10/dist-packages/offboard_control_interfaces/msg/_user_command_s.c
[0.283s] -- Up-to-date: /home/henryshum0/SUAS/install/offboard_control_interfaces/local/lib/python3.10/dist-packages/offboard_control_interfaces/__init__.py
[0.283s] -- Up-to-date: /home/henryshum0/SUAS/install/offboard_control_interfaces/local/lib/python3.10/dist-packages/offboard_control_interfaces/liboffboard_control_interfaces__rosidl_generator_py.so
[0.305s] Listing '/home/henryshum0/SUAS/install/offboard_control_interfaces/local/lib/python3.10/dist-packages/offboard_control_interfaces'...
[0.305s] Listing '/home/henryshum0/SUAS/install/offboard_control_interfaces/local/lib/python3.10/dist-packages/offboard_control_interfaces/msg'...
[0.309s] -- Up-to-date: /home/henryshum0/SUAS/install/offboard_control_interfaces/local/lib/python3.10/dist-packages/offboard_control_interfaces/offboard_control_interfaces_s__rosidl_typesupport_fastrtps_c.cpython-310-x86_64-linux-gnu.so
[0.309s] -- Up-to-date: /home/henryshum0/SUAS/install/offboard_control_interfaces/local/lib/python3.10/dist-packages/offboard_control_interfaces/offboard_control_interfaces_s__rosidl_typesupport_introspection_c.cpython-310-x86_64-linux-gnu.so
[0.310s] -- Up-to-date: /home/henryshum0/SUAS/install/offboard_control_interfaces/local/lib/python3.10/dist-packages/offboard_control_interfaces/offboard_control_interfaces_s__rosidl_typesupport_c.cpython-310-x86_64-linux-gnu.so
[0.311s] -- Up-to-date: /home/henryshum0/SUAS/install/offboard_control_interfaces/lib/liboffboard_control_interfaces__rosidl_generator_py.so
[0.311s] -- Up-to-date: /home/henryshum0/SUAS/install/offboard_control_interfaces/share/offboard_control_interfaces/msg/UserCommand.idl
[0.311s] -- Up-to-date: /home/henryshum0/SUAS/install/offboard_control_interfaces/share/offboard_control_interfaces/msg/UserCommand.msg
[0.311s] -- Up-to-date: /home/henryshum0/SUAS/install/offboard_control_interfaces/share/ament_index/resource_index/package_run_dependencies/offboard_control_interfaces
[0.311s] -- Up-to-date: /home/henryshum0/SUAS/install/offboard_control_interfaces/share/ament_index/resource_index/parent_prefix_path/offboard_control_interfaces
[0.311s] -- Up-to-date: /home/henryshum0/SUAS/install/offboard_control_interfaces/share/offboard_control_interfaces/environment/ament_prefix_path.sh
[0.311s] -- Up-to-date: /home/henryshum0/SUAS/install/offboard_control_interfaces/share/offboard_control_interfaces/environment/ament_prefix_path.dsv
[0.311s] -- Up-to-date: /home/henryshum0/SUAS/install/offboard_control_interfaces/share/offboard_control_interfaces/environment/path.sh
[0.311s] -- Up-to-date: /home/henryshum0/SUAS/install/offboard_control_interfaces/share/offboard_control_interfaces/environment/path.dsv
[0.311s] -- Up-to-date: /home/henryshum0/SUAS/install/offboard_control_interfaces/share/offboard_control_interfaces/local_setup.bash
[0.312s] -- Up-to-date: /home/henryshum0/SUAS/install/offboard_control_interfaces/share/offboard_control_interfaces/local_setup.sh
[0.312s] -- Up-to-date: /home/henryshum0/SUAS/install/offboard_control_interfaces/share/offboard_control_interfaces/local_setup.zsh
[0.312s] -- Up-to-date: /home/henryshum0/SUAS/install/offboard_control_interfaces/share/offboard_control_interfaces/local_setup.dsv
[0.312s] -- Installing: /home/henryshum0/SUAS/install/offboard_control_interfaces/share/offboard_control_interfaces/package.dsv
[0.312s] -- Up-to-date: /home/henryshum0/SUAS/install/offboard_control_interfaces/share/ament_index/resource_index/packages/offboard_control_interfaces
[0.313s] -- Up-to-date: /home/henryshum0/SUAS/install/offboard_control_interfaces/share/offboard_control_interfaces/cmake/export_offboard_control_interfaces__rosidl_generator_cExport.cmake
[0.313s] -- Up-to-date: /home/henryshum0/SUAS/install/offboard_control_interfaces/share/offboard_control_interfaces/cmake/export_offboard_control_interfaces__rosidl_generator_cExport-noconfig.cmake
[0.314s] -- Up-to-date: /home/henryshum0/SUAS/install/offboard_control_interfaces/share/offboard_control_interfaces/cmake/export_offboard_control_interfaces__rosidl_typesupport_fastrtps_cExport.cmake
[0.314s] -- Up-to-date: /home/henryshum0/SUAS/install/offboard_control_interfaces/share/offboard_control_interfaces/cmake/export_offboard_control_interfaces__rosidl_typesupport_fastrtps_cExport-noconfig.cmake
[0.314s] -- Up-to-date: /home/henryshum0/SUAS/install/offboard_control_interfaces/share/offboard_control_interfaces/cmake/offboard_control_interfaces__rosidl_typesupport_introspection_cExport.cmake
[0.314s] -- Up-to-date: /home/henryshum0/SUAS/install/offboard_control_interfaces/share/offboard_control_interfaces/cmake/offboard_control_interfaces__rosidl_typesupport_introspection_cExport-noconfig.cmake
[0.314s] -- Up-to-date: /home/henryshum0/SUAS/install/offboard_control_interfaces/share/offboard_control_interfaces/cmake/offboard_control_interfaces__rosidl_typesupport_cExport.cmake
[0.314s] -- Up-to-date: /home/henryshum0/SUAS/install/offboard_control_interfaces/share/offboard_control_interfaces/cmake/offboard_control_interfaces__rosidl_typesupport_cExport-noconfig.cmake
[0.315s] -- Up-to-date: /home/henryshum0/SUAS/install/offboard_control_interfaces/share/offboard_control_interfaces/cmake/export_offboard_control_interfaces__rosidl_generator_cppExport.cmake
[0.316s] -- Up-to-date: /home/henryshum0/SUAS/install/offboard_control_interfaces/share/offboard_control_interfaces/cmake/export_offboard_control_interfaces__rosidl_typesupport_fastrtps_cppExport.cmake
[0.316s] -- Up-to-date: /home/henryshum0/SUAS/install/offboard_control_interfaces/share/offboard_control_interfaces/cmake/export_offboard_control_interfaces__rosidl_typesupport_fastrtps_cppExport-noconfig.cmake
[0.316s] -- Up-to-date: /home/henryshum0/SUAS/install/offboard_control_interfaces/share/offboard_control_interfaces/cmake/offboard_control_interfaces__rosidl_typesupport_introspection_cppExport.cmake
[0.316s] -- Up-to-date: /home/henryshum0/SUAS/install/offboard_control_interfaces/share/offboard_control_interfaces/cmake/offboard_control_interfaces__rosidl_typesupport_introspection_cppExport-noconfig.cmake
[0.317s] -- Up-to-date: /home/henryshum0/SUAS/install/offboard_control_interfaces/share/offboard_control_interfaces/cmake/offboard_control_interfaces__rosidl_typesupport_cppExport.cmake
[0.317s] -- Up-to-date: /home/henryshum0/SUAS/install/offboard_control_interfaces/share/offboard_control_interfaces/cmake/offboard_control_interfaces__rosidl_typesupport_cppExport-noconfig.cmake
[0.317s] -- Up-to-date: /home/henryshum0/SUAS/install/offboard_control_interfaces/share/offboard_control_interfaces/cmake/export_offboard_control_interfaces__rosidl_generator_pyExport.cmake
[0.317s] -- Up-to-date: /home/henryshum0/SUAS/install/offboard_control_interfaces/share/offboard_control_interfaces/cmake/export_offboard_control_interfaces__rosidl_generator_pyExport-noconfig.cmake
[0.318s] -- Up-to-date: /home/henryshum0/SUAS/install/offboard_control_interfaces/share/offboard_control_interfaces/cmake/rosidl_cmake-extras.cmake
[0.318s] -- Up-to-date: /home/henryshum0/SUAS/install/offboard_control_interfaces/share/offboard_control_interfaces/cmake/ament_cmake_export_include_directories-extras.cmake
[0.318s] -- Up-to-date: /home/henryshum0/SUAS/install/offboard_control_interfaces/share/offboard_control_interfaces/cmake/ament_cmake_export_libraries-extras.cmake
[0.318s] -- Up-to-date: /home/henryshum0/SUAS/install/offboard_control_interfaces/share/offboard_control_interfaces/cmake/ament_cmake_export_targets-extras.cmake
[0.318s] -- Up-to-date: /home/henryshum0/SUAS/install/offboard_control_interfaces/share/offboard_control_interfaces/cmake/rosidl_cmake_export_typesupport_targets-extras.cmake
[0.318s] -- Up-to-date: /home/henryshum0/SUAS/install/offboard_control_interfaces/share/offboard_control_interfaces/cmake/ament_cmake_export_dependencies-extras.cmake
[0.318s] -- Up-to-date: /home/henryshum0/SUAS/install/offboard_control_interfaces/share/offboard_control_interfaces/cmake/rosidl_cmake_export_typesupport_libraries-extras.cmake
[0.318s] -- Up-to-date: /home/henryshum0/SUAS/install/offboard_control_interfaces/share/offboard_control_interfaces/cmake/offboard_control_interfacesConfig.cmake
[0.318s] -- Up-to-date: /home/henryshum0/SUAS/install/offboard_control_interfaces/share/offboard_control_interfaces/cmake/offboard_control_interfacesConfig-version.cmake
[0.318s] -- Up-to-date: /home/henryshum0/SUAS/install/offboard_control_interfaces/share/offboard_control_interfaces/package.xml
[0.320s] Invoked command in '/home/henryshum0/SUAS/build/offboard_control_interfaces' returned '0': CMAKE_PREFIX_PATH=${CMAKE_PREFIX_PATH}:/opt/ros/humble /usr/bin/cmake --install /home/henryshum0/SUAS/build/offboard_control_interfaces
