[0.041s] Invoking command in '/home/henryshum0/SUAS/build/px4_ros_com': AMENT_PREFIX_PATH=/home/henryshum0/SUAS/install/px4_msgs:${AMENT_PREFIX_PATH} CMAKE_PREFIX_PATH=/home/henryshum0/SUAS/install/px4_msgs:/opt/ros/humble LD_LIBRARY_PATH=/home/henryshum0/SUAS/install/px4_msgs/lib:${LD_LIBRARY_PATH} PYTHONPATH=/home/henryshum0/SUAS/install/px4_msgs/local/lib/python3.10/dist-packages:${PYTHONPATH} /usr/bin/cmake /home/henryshum0/SUAS/src/px4_ros_com -DCMAKE_INSTALL_PREFIX=/home/henryshum0/SUAS/install/px4_ros_com
[0.106s] -- The C compiler identification is GNU 11.4.0
[0.331s] -- The CXX compiler identification is GNU 11.4.0
[0.485s] -- Detecting C compiler ABI info
[0.562s] -- Detecting C compiler ABI info - done
[0.567s] -- Check for working C compiler: /usr/bin/cc - skipped
[0.567s] -- Detecting C compile features
[0.567s] -- Detecting C compile features - done
[0.569s] -- Detecting CXX compiler ABI info
[0.653s] -- Detecting CXX compiler ABI info - done
[0.657s] -- Check for working CXX compiler: /usr/bin/c++ - skipped
[0.657s] -- Detecting CXX compile features
[0.657s] -- Detecting CXX compile features - done
[0.659s] -- Found ament_cmake: 1.3.11 (/opt/ros/humble/share/ament_cmake/cmake)
[0.758s] -- Found Python3: /usr/bin/python3 (found version "3.10.12") found components: Interpreter 
[0.824s] -- Found builtin_interfaces: 1.2.1 (/opt/ros/humble/share/builtin_interfaces/cmake)
[0.909s] -- Found rosidl_generator_c: 3.1.6 (/opt/ros/humble/share/rosidl_generator_c/cmake)
[0.911s] -- Found rosidl_adapter: 3.1.6 (/opt/ros/humble/share/rosidl_adapter/cmake)
[0.916s] -- Found rosidl_generator_cpp: 3.1.6 (/opt/ros/humble/share/rosidl_generator_cpp/cmake)
[0.924s] -- Using all available rosidl_typesupport_c: rosidl_typesupport_fastrtps_c;rosidl_typesupport_introspection_c
[0.935s] -- Using all available rosidl_typesupport_cpp: rosidl_typesupport_fastrtps_cpp;rosidl_typesupport_introspection_cpp
[0.945s] -- Found eigen3_cmake_module: 0.1.1 (/opt/ros/humble/share/eigen3_cmake_module/cmake)
[0.952s] -- Found Eigen3: TRUE (found version "3.4.0") 
[0.953s] -- Found geometry_msgs: 4.2.4 (/opt/ros/humble/share/geometry_msgs/cmake)
[0.989s] -- Found px4_msgs: 2.0.1 (/home/henryshum0/SUAS/install/px4_msgs/share/px4_msgs/cmake)
[0.999s] -- Found rclcpp: 16.0.11 (/opt/ros/humble/share/rclcpp/cmake)
[1.049s] -- Found rmw_implementation_cmake: 6.1.2 (/opt/ros/humble/share/rmw_implementation_cmake/cmake)
[1.053s] -- Found rmw_fastrtps_cpp: 6.2.7 (/opt/ros/humble/share/rmw_fastrtps_cpp/cmake)
[1.780s] -- Found OpenSSL: /usr/lib/x86_64-linux-gnu/libcrypto.so (found version "3.0.2")  
[2.509s] -- Found FastRTPS: /opt/ros/humble/include  
[3.896s] -- Using RMW implementation 'rmw_fastrtps_cpp' as default
[3.907s] -- Looking for pthread.h
[3.985s] -- Looking for pthread.h - found
[3.986s] -- Performing Test CMAKE_HAVE_LIBC_PTHREAD
[4.066s] -- Performing Test CMAKE_HAVE_LIBC_PTHREAD - Success
[4.067s] -- Found Threads: TRUE  
[4.112s] -- Found sensor_msgs: 4.2.4 (/opt/ros/humble/share/sensor_msgs/cmake)
[4.131s] -- Found rclpy: 3.3.15 (/opt/ros/humble/share/rclpy/cmake)
[4.137s] -- Found ament_lint_auto: 0.12.11 (/opt/ros/humble/share/ament_lint_auto/cmake)
[4.212s] -- Added test 'copyright' to check source files copyright and LICENSE
[4.214s] -- Added test 'cppcheck' to perform static code analysis on C / C++ code
[4.214s] -- Configured cppcheck include dirs: /home/henryshum0/SUAS/src/px4_ros_com/include;$<BUILD_INTERFACE:/home/henryshum0/SUAS/src/px4_ros_com/include/px4_ros_com>
[4.214s] -- Configured cppcheck exclude dirs and/or files: 
[4.216s] -- Added test 'cpplint' to check C / C++ code against the Google style
[4.217s] -- Configured cpplint exclude dirs and/or files: 
[4.217s] -- Added test 'flake8' to check Python code syntax and style conventions
[4.219s] -- Added test 'lint_cmake' to check CMake code style
[4.220s] -- Added test 'pep257' to check Python code against some of the docstring style conventions in PEP 257
[4.221s] -- Added test 'uncrustify' to check C / C++ code style
[4.221s] -- Configured uncrustify additional arguments: 
[4.222s] -- Added test 'xmllint' to check XML markup files
[4.224s] -- Configuring done
[4.241s] -- Generating done
[4.248s] -- Build files have been written to: /home/henryshum0/SUAS/build/px4_ros_com
[4.255s] Invoked command in '/home/henryshum0/SUAS/build/px4_ros_com' returned '0': AMENT_PREFIX_PATH=/home/henryshum0/SUAS/install/px4_msgs:${AMENT_PREFIX_PATH} CMAKE_PREFIX_PATH=/home/henryshum0/SUAS/install/px4_msgs:/opt/ros/humble LD_LIBRARY_PATH=/home/henryshum0/SUAS/install/px4_msgs/lib:${LD_LIBRARY_PATH} PYTHONPATH=/home/henryshum0/SUAS/install/px4_msgs/local/lib/python3.10/dist-packages:${PYTHONPATH} /usr/bin/cmake /home/henryshum0/SUAS/src/px4_ros_com -DCMAKE_INSTALL_PREFIX=/home/henryshum0/SUAS/install/px4_ros_com
[4.256s] Invoking command in '/home/henryshum0/SUAS/build/px4_ros_com': AMENT_PREFIX_PATH=/home/henryshum0/SUAS/install/px4_msgs:${AMENT_PREFIX_PATH} CMAKE_PREFIX_PATH=/home/henryshum0/SUAS/install/px4_msgs:/opt/ros/humble LD_LIBRARY_PATH=/home/henryshum0/SUAS/install/px4_msgs/lib:${LD_LIBRARY_PATH} PYTHONPATH=/home/henryshum0/SUAS/install/px4_msgs/local/lib/python3.10/dist-packages:${PYTHONPATH} /usr/bin/cmake --build /home/henryshum0/SUAS/build/px4_ros_com -- -j16 -l16
[4.286s] [  8%] [32mBuilding CXX object CMakeFiles/frame_transforms.dir/src/lib/frame_transforms.cpp.o[0m
[4.287s] [ 16%] [32mBuilding CXX object CMakeFiles/offboard_control.dir/src/examples/offboard/offboard_control.cpp.o[0m
[4.287s] [ 25%] [32mBuilding CXX object CMakeFiles/debug_vect_advertiser.dir/src/examples/advertisers/debug_vect_advertiser.cpp.o[0m
[4.287s] [ 41%] [32mBuilding CXX object CMakeFiles/vehicle_gps_position_listener.dir/src/examples/listeners/vehicle_gps_position_listener.cpp.o[0m
[4.287s] [ 41%] [32mBuilding CXX object CMakeFiles/offboard_control_srv.dir/src/examples/offboard/offboard_control_srv.cpp.o[0m
[4.287s] [ 50%] [32mBuilding CXX object CMakeFiles/sensor_combined_listener.dir/src/examples/listeners/sensor_combined_listener.cpp.o[0m
[4.298s] [ 50%] Built target ament_cmake_python_copy_px4_ros_com
[4.488s] running egg_info
[4.489s] creating px4_ros_com.egg-info
[4.489s] writing px4_ros_com.egg-info/PKG-INFO
[4.489s] writing dependency_links to px4_ros_com.egg-info/dependency_links.txt
[4.489s] writing top-level names to px4_ros_com.egg-info/top_level.txt
[4.489s] writing manifest file 'px4_ros_com.egg-info/SOURCES.txt'
[4.491s] reading manifest file 'px4_ros_com.egg-info/SOURCES.txt'
[4.491s] writing manifest file 'px4_ros_com.egg-info/SOURCES.txt'
[4.522s] [ 50%] Built target ament_cmake_python_build_px4_ros_com_egg
[8.813s] [ 58%] [32m[1mLinking CXX executable debug_vect_advertiser[0m
[9.125s] [ 58%] Built target debug_vect_advertiser
[9.490s] [ 66%] [32m[1mLinking CXX executable offboard_control[0m
[9.723s] [ 66%] Built target offboard_control
[10.218s] [ 75%] [32m[1mLinking CXX executable offboard_control_srv[0m
[10.433s] [ 75%] Built target offboard_control_srv
[11.141s] [ 83%] [32m[1mLinking CXX shared library libframe_transforms.so[0m
[11.415s] [ 83%] Built target frame_transforms
[11.892s] [ 91%] [32m[1mLinking CXX executable vehicle_gps_position_listener[0m
[11.897s] [100%] [32m[1mLinking CXX executable sensor_combined_listener[0m
[12.186s] [100%] Built target vehicle_gps_position_listener
[12.200s] [100%] Built target sensor_combined_listener
[12.207s] Invoked command in '/home/henryshum0/SUAS/build/px4_ros_com' returned '0': AMENT_PREFIX_PATH=/home/henryshum0/SUAS/install/px4_msgs:${AMENT_PREFIX_PATH} CMAKE_PREFIX_PATH=/home/henryshum0/SUAS/install/px4_msgs:/opt/ros/humble LD_LIBRARY_PATH=/home/henryshum0/SUAS/install/px4_msgs/lib:${LD_LIBRARY_PATH} PYTHONPATH=/home/henryshum0/SUAS/install/px4_msgs/local/lib/python3.10/dist-packages:${PYTHONPATH} /usr/bin/cmake --build /home/henryshum0/SUAS/build/px4_ros_com -- -j16 -l16
[12.209s] Invoking command in '/home/henryshum0/SUAS/build/px4_ros_com': AMENT_PREFIX_PATH=/home/henryshum0/SUAS/install/px4_msgs:${AMENT_PREFIX_PATH} CMAKE_PREFIX_PATH=/home/henryshum0/SUAS/install/px4_msgs:/opt/ros/humble LD_LIBRARY_PATH=/home/henryshum0/SUAS/install/px4_msgs/lib:${LD_LIBRARY_PATH} PYTHONPATH=/home/henryshum0/SUAS/install/px4_msgs/local/lib/python3.10/dist-packages:${PYTHONPATH} /usr/bin/cmake --install /home/henryshum0/SUAS/build/px4_ros_com
[12.214s] -- Install configuration: ""
[12.214s] -- Installing: /home/henryshum0/SUAS/install/px4_ros_com/lib/px4_ros_com/sensor_combined_listener
[12.216s] -- Set runtime path of "/home/henryshum0/SUAS/install/px4_ros_com/lib/px4_ros_com/sensor_combined_listener" to ""
[12.216s] -- Installing: /home/henryshum0/SUAS/install/px4_ros_com/lib/px4_ros_com/vehicle_gps_position_listener
[12.217s] -- Set runtime path of "/home/henryshum0/SUAS/install/px4_ros_com/lib/px4_ros_com/vehicle_gps_position_listener" to ""
[12.217s] -- Installing: /home/henryshum0/SUAS/install/px4_ros_com/lib/px4_ros_com/debug_vect_advertiser
[12.218s] -- Set runtime path of "/home/henryshum0/SUAS/install/px4_ros_com/lib/px4_ros_com/debug_vect_advertiser" to ""
[12.218s] -- Installing: /home/henryshum0/SUAS/install/px4_ros_com/lib/px4_ros_com/offboard_control
[12.219s] -- Set runtime path of "/home/henryshum0/SUAS/install/px4_ros_com/lib/px4_ros_com/offboard_control" to ""
[12.219s] -- Installing: /home/henryshum0/SUAS/install/px4_ros_com/lib/px4_ros_com/offboard_control_srv
[12.220s] -- Set runtime path of "/home/henryshum0/SUAS/install/px4_ros_com/lib/px4_ros_com/offboard_control_srv" to ""
[12.220s] -- Installing: /home/henryshum0/SUAS/install/px4_ros_com/share/px4_ros_com/environment/library_path.sh
[12.220s] -- Installing: /home/henryshum0/SUAS/install/px4_ros_com/share/px4_ros_com/environment/library_path.dsv
[12.220s] -- Installing: /home/henryshum0/SUAS/install/px4_ros_com/include/px4_ros_com
[12.220s] -- Installing: /home/henryshum0/SUAS/install/px4_ros_com/include/px4_ros_com/frame_transforms.h
[12.220s] -- Installing: /home/henryshum0/SUAS/install/px4_ros_com/lib/libframe_transforms.so
[12.223s] -- Set runtime path of "/home/henryshum0/SUAS/install/px4_ros_com/lib/libframe_transforms.so" to ""
[12.223s] -- Installing: /home/henryshum0/SUAS/install/px4_ros_com/share/px4_ros_com//launch
[12.223s] -- Installing: /home/henryshum0/SUAS/install/px4_ros_com/share/px4_ros_com//launch/sensor_combined_listener.launch.py
[12.223s] -- Installing: /home/henryshum0/SUAS/install/px4_ros_com/share/px4_ros_com//launch/offboard_control_launch.yaml
[12.223s] -- Installing: /home/henryshum0/SUAS/install/px4_ros_com/share/px4_ros_com//test
[12.223s] -- Installing: /home/henryshum0/SUAS/install/px4_ros_com/share/px4_ros_com//test/test_output.py
[12.224s] -- Installing: /home/henryshum0/SUAS/install/px4_ros_com/share/px4_ros_com//test/test_input.py
[12.224s] -- Installing: /home/henryshum0/SUAS/install/px4_ros_com/share/px4_ros_com//test/__init__.py
[12.224s] -- Installing: /home/henryshum0/SUAS/install/px4_ros_com/share/px4_ros_com//test/pipeline_io_test.py
[12.224s] -- Installing: /home/henryshum0/SUAS/install/px4_ros_com/share/px4_ros_com/environment/pythonpath.sh
[12.224s] -- Installing: /home/henryshum0/SUAS/install/px4_ros_com/share/px4_ros_com/environment/pythonpath.dsv
[12.224s] -- Installing: /home/henryshum0/SUAS/install/px4_ros_com/local/lib/python3.10/dist-packages/px4_ros_com-0.1.0-py3.10.egg-info
[12.224s] -- Installing: /home/henryshum0/SUAS/install/px4_ros_com/local/lib/python3.10/dist-packages/px4_ros_com-0.1.0-py3.10.egg-info/top_level.txt
[12.224s] -- Installing: /home/henryshum0/SUAS/install/px4_ros_com/local/lib/python3.10/dist-packages/px4_ros_com-0.1.0-py3.10.egg-info/SOURCES.txt
[12.224s] -- Installing: /home/henryshum0/SUAS/install/px4_ros_com/local/lib/python3.10/dist-packages/px4_ros_com-0.1.0-py3.10.egg-info/dependency_links.txt
[12.225s] -- Installing: /home/henryshum0/SUAS/install/px4_ros_com/local/lib/python3.10/dist-packages/px4_ros_com-0.1.0-py3.10.egg-info/PKG-INFO
[12.225s] -- Installing: /home/henryshum0/SUAS/install/px4_ros_com/local/lib/python3.10/dist-packages/px4_ros_com
[12.225s] -- Installing: /home/henryshum0/SUAS/install/px4_ros_com/local/lib/python3.10/dist-packages/px4_ros_com/__init__.py
[12.225s] -- Installing: /home/henryshum0/SUAS/install/px4_ros_com/local/lib/python3.10/dist-packages/px4_ros_com/module_to_import.py
[12.244s] Listing '/home/henryshum0/SUAS/install/px4_ros_com/local/lib/python3.10/dist-packages/px4_ros_com'...
[12.244s] Compiling '/home/henryshum0/SUAS/install/px4_ros_com/local/lib/python3.10/dist-packages/px4_ros_com/__init__.py'...
[12.244s] Compiling '/home/henryshum0/SUAS/install/px4_ros_com/local/lib/python3.10/dist-packages/px4_ros_com/module_to_import.py'...
[12.247s] -- Installing: /home/henryshum0/SUAS/install/px4_ros_com/lib/px4_ros_com/offboard_control.py
[12.248s] -- Installing: /home/henryshum0/SUAS/install/px4_ros_com/share/ament_index/resource_index/package_run_dependencies/px4_ros_com
[12.248s] -- Installing: /home/henryshum0/SUAS/install/px4_ros_com/share/ament_index/resource_index/parent_prefix_path/px4_ros_com
[12.248s] -- Installing: /home/henryshum0/SUAS/install/px4_ros_com/share/px4_ros_com/environment/ament_prefix_path.sh
[12.248s] -- Installing: /home/henryshum0/SUAS/install/px4_ros_com/share/px4_ros_com/environment/ament_prefix_path.dsv
[12.248s] -- Installing: /home/henryshum0/SUAS/install/px4_ros_com/share/px4_ros_com/environment/path.sh
[12.248s] -- Installing: /home/henryshum0/SUAS/install/px4_ros_com/share/px4_ros_com/environment/path.dsv
[12.248s] -- Installing: /home/henryshum0/SUAS/install/px4_ros_com/share/px4_ros_com/local_setup.bash
[12.248s] -- Installing: /home/henryshum0/SUAS/install/px4_ros_com/share/px4_ros_com/local_setup.sh
[12.248s] -- Installing: /home/henryshum0/SUAS/install/px4_ros_com/share/px4_ros_com/local_setup.zsh
[12.248s] -- Installing: /home/henryshum0/SUAS/install/px4_ros_com/share/px4_ros_com/local_setup.dsv
[12.249s] -- Installing: /home/henryshum0/SUAS/install/px4_ros_com/share/px4_ros_com/package.dsv
[12.249s] -- Installing: /home/henryshum0/SUAS/install/px4_ros_com/share/ament_index/resource_index/packages/px4_ros_com
[12.249s] -- Installing: /home/henryshum0/SUAS/install/px4_ros_com/share/px4_ros_com/cmake/export_frame_transformsExport.cmake
[12.249s] -- Installing: /home/henryshum0/SUAS/install/px4_ros_com/share/px4_ros_com/cmake/export_frame_transformsExport-noconfig.cmake
[12.249s] -- Installing: /home/henryshum0/SUAS/install/px4_ros_com/share/px4_ros_com/cmake/ament_cmake_export_dependencies-extras.cmake
[12.249s] -- Installing: /home/henryshum0/SUAS/install/px4_ros_com/share/px4_ros_com/cmake/ament_cmake_export_targets-extras.cmake
[12.249s] -- Installing: /home/henryshum0/SUAS/install/px4_ros_com/share/px4_ros_com/cmake/ament_cmake_export_include_directories-extras.cmake
[12.249s] -- Installing: /home/henryshum0/SUAS/install/px4_ros_com/share/px4_ros_com/cmake/ament_cmake_export_libraries-extras.cmake
[12.249s] -- Installing: /home/henryshum0/SUAS/install/px4_ros_com/share/px4_ros_com/cmake/px4_ros_comConfig.cmake
[12.249s] -- Installing: /home/henryshum0/SUAS/install/px4_ros_com/share/px4_ros_com/cmake/px4_ros_comConfig-version.cmake
[12.249s] -- Installing: /home/henryshum0/SUAS/install/px4_ros_com/share/px4_ros_com/package.xml
[12.250s] Invoked command in '/home/henryshum0/SUAS/build/px4_ros_com' returned '0': AMENT_PREFIX_PATH=/home/henryshum0/SUAS/install/px4_msgs:${AMENT_PREFIX_PATH} CMAKE_PREFIX_PATH=/home/henryshum0/SUAS/install/px4_msgs:/opt/ros/humble LD_LIBRARY_PATH=/home/henryshum0/SUAS/install/px4_msgs/lib:${LD_LIBRARY_PATH} PYTHONPATH=/home/henryshum0/SUAS/install/px4_msgs/local/lib/python3.10/dist-packages:${PYTHONPATH} /usr/bin/cmake --install /home/henryshum0/SUAS/build/px4_ros_com
