[0.012s] Invoking command in '/home/henryshum0/SUAS/build/offboard_control_interfaces': CMAKE_PREFIX_PATH=${CMAKE_PREFIX_PATH}:/opt/ros/humble /usr/bin/cmake --build /home/henryshum0/SUAS/build/offboard_control_interfaces -- -j16 -l16
[0.040s] [35m[1mConsolidate compiler generated dependencies of target offboard_control_interfaces__rosidl_generator_c[0m
[0.047s] [  3%] Built target offboard_control_interfaces__cpp
[0.047s] [ 12%] Built target offboard_control_interfaces__rosidl_generator_c
[0.056s] [ 12%] Built target ament_cmake_python_copy_offboard_control_interfaces
[0.057s] [35m[1mConsolidate compiler generated dependencies of target offboard_control_interfaces__rosidl_typesupport_cpp[0m
[0.057s] [35m[1mConsolidate compiler generated dependencies of target offboard_control_interfaces__rosidl_typesupport_fastrtps_cpp[0m
[0.057s] [35m[1mConsolidate compiler generated dependencies of target offboard_control_interfaces__rosidl_typesupport_fastrtps_c[0m
[0.057s] [35m[1mConsolidate compiler generated dependencies of target offboard_control_interfaces__rosidl_typesupport_introspection_cpp[0m
[0.057s] [35m[1mConsolidate compiler generated dependencies of target offboard_control_interfaces__rosidl_typesupport_introspection_c[0m
[0.059s] [35m[1mConsolidate compiler generated dependencies of target offboard_control_interfaces__rosidl_typesupport_c[0m
[0.069s] [ 51%] Built target offboard_control_interfaces__rosidl_typesupport_cpp
[0.069s] [ 51%] Built target offboard_control_interfaces__rosidl_typesupport_introspection_cpp
[0.069s] [ 51%] Built target offboard_control_interfaces__rosidl_typesupport_fastrtps_cpp
[0.069s] [ 51%] Built target offboard_control_interfaces__rosidl_typesupport_fastrtps_c
[0.069s] [ 61%] Built target offboard_control_interfaces__rosidl_typesupport_c
[0.071s] [ 70%] Built target offboard_control_interfaces__rosidl_typesupport_introspection_c
[0.088s] [ 70%] Built target offboard_control_interfaces
[0.108s] [ 74%] Built target offboard_control_interfaces__py
[0.122s] [35m[1mConsolidate compiler generated dependencies of target offboard_control_interfaces__rosidl_generator_py[0m
[0.137s] [ 80%] Built target offboard_control_interfaces__rosidl_generator_py
[0.148s] [35m[1mConsolidate compiler generated dependencies of target offboard_control_interfaces__rosidl_typesupport_fastrtps_c__pyext[0m
[0.148s] [35m[1mConsolidate compiler generated dependencies of target offboard_control_interfaces__rosidl_typesupport_c__pyext[0m
[0.148s] [35m[1mConsolidate compiler generated dependencies of target offboard_control_interfaces__rosidl_typesupport_introspection_c__pyext[0m
[0.162s] [ 93%] Built target offboard_control_interfaces__rosidl_typesupport_c__pyext
[0.162s] [ 93%] Built target offboard_control_interfaces__rosidl_typesupport_fastrtps_c__pyext
[0.163s] [100%] Built target offboard_control_interfaces__rosidl_typesupport_introspection_c__pyext
[0.277s] running egg_info
[0.277s] writing offboard_control_interfaces.egg-info/PKG-INFO
[0.278s] writing dependency_links to offboard_control_interfaces.egg-info/dependency_links.txt
[0.278s] writing top-level names to offboard_control_interfaces.egg-info/top_level.txt
[0.280s] reading manifest file 'offboard_control_interfaces.egg-info/SOURCES.txt'
[0.280s] writing manifest file 'offboard_control_interfaces.egg-info/SOURCES.txt'
[0.310s] [100%] Built target ament_cmake_python_build_offboard_control_interfaces_egg
[0.320s] Invoked command in '/home/henryshum0/SUAS/build/offboard_control_interfaces' returned '0': CMAKE_PREFIX_PATH=${CMAKE_PREFIX_PATH}:/opt/ros/humble /usr/bin/cmake --build /home/henryshum0/SUAS/build/offboard_control_interfaces -- -j16 -l16
[0.328s] Invoking command in '/home/henryshum0/SUAS/build/offboard_control_interfaces': CMAKE_PREFIX_PATH=${CMAKE_PREFIX_PATH}:/opt/ros/humble /usr/bin/cmake --install /home/henryshum0/SUAS/build/offboard_control_interfaces
[0.332s] -- Install configuration: ""
[0.332s] -- Up-to-date: /home/henryshum0/SUAS/install/offboard_control_interfaces/share/ament_index/resource_index/rosidl_interfaces/offboard_control_interfaces
[0.332s] -- Up-to-date: /home/henryshum0/SUAS/install/offboard_control_interfaces/include/offboard_control_interfaces/offboard_control_interfaces
[0.332s] -- Up-to-date: /home/henryshum0/SUAS/install/offboard_control_interfaces/include/offboard_control_interfaces/offboard_control_interfaces/msg
[0.333s] -- Up-to-date: /home/henryshum0/SUAS/install/offboard_control_interfaces/include/offboard_control_interfaces/offboard_control_interfaces/msg/rosidl_generator_c__visibility_control.h
[0.333s] -- Up-to-date: /home/henryshum0/SUAS/install/offboard_control_interfaces/include/offboard_control_interfaces/offboard_control_interfaces/msg/detail
[0.333s] -- Up-to-date: /home/henryshum0/SUAS/install/offboard_control_interfaces/include/offboard_control_interfaces/offboard_control_interfaces/msg/detail/user_command__struct.h
[0.333s] -- Up-to-date: /home/henryshum0/SUAS/install/offboard_control_interfaces/include/offboard_control_interfaces/offboard_control_interfaces/msg/detail/user_command__functions.h
[0.333s] -- Up-to-date: /home/henryshum0/SUAS/install/offboard_control_interfaces/include/offboard_control_interfaces/offboard_control_interfaces/msg/detail/user_command__functions.c
[0.333s] -- Up-to-date: /home/henryshum0/SUAS/install/offboard_control_interfaces/include/offboard_control_interfaces/offboard_control_interfaces/msg/detail/user_command__type_support.h
[0.334s] -- Up-to-date: /home/henryshum0/SUAS/install/offboard_control_interfaces/include/offboard_control_interfaces/offboard_control_interfaces/msg/user_command.h
[0.334s] -- Up-to-date: /home/henryshum0/SUAS/install/offboard_control_interfaces/share/offboard_control_interfaces/environment/library_path.sh
[0.334s] -- Up-to-date: /home/henryshum0/SUAS/install/offboard_control_interfaces/share/offboard_control_interfaces/environment/library_path.dsv
[0.334s] -- Up-to-date: /home/henryshum0/SUAS/install/offboard_control_interfaces/lib/liboffboard_control_interfaces__rosidl_generator_c.so
[0.335s] -- Up-to-date: /home/henryshum0/SUAS/install/offboard_control_interfaces/include/offboard_control_interfaces/offboard_control_interfaces
[0.335s] -- Up-to-date: /home/henryshum0/SUAS/install/offboard_control_interfaces/include/offboard_control_interfaces/offboard_control_interfaces/msg
[0.335s] -- Up-to-date: /home/henryshum0/SUAS/install/offboard_control_interfaces/include/offboard_control_interfaces/offboard_control_interfaces/msg/rosidl_typesupport_fastrtps_c__visibility_control.h
[0.335s] -- Up-to-date: /home/henryshum0/SUAS/install/offboard_control_interfaces/include/offboard_control_interfaces/offboard_control_interfaces/msg/detail
[0.335s] -- Up-to-date: /home/henryshum0/SUAS/install/offboard_control_interfaces/include/offboard_control_interfaces/offboard_control_interfaces/msg/detail/user_command__rosidl_typesupport_fastrtps_c.h
[0.336s] -- Up-to-date: /home/henryshum0/SUAS/install/offboard_control_interfaces/lib/liboffboard_control_interfaces__rosidl_typesupport_fastrtps_c.so
[0.336s] -- Up-to-date: /home/henryshum0/SUAS/install/offboard_control_interfaces/include/offboard_control_interfaces/offboard_control_interfaces
[0.336s] -- Up-to-date: /home/henryshum0/SUAS/install/offboard_control_interfaces/include/offboard_control_interfaces/offboard_control_interfaces/msg
[0.336s] -- Up-to-date: /home/henryshum0/SUAS/install/offboard_control_interfaces/include/offboard_control_interfaces/offboard_control_interfaces/msg/rosidl_typesupport_introspection_c__visibility_control.h
[0.336s] -- Up-to-date: /home/henryshum0/SUAS/install/offboard_control_interfaces/include/offboard_control_interfaces/offboard_control_interfaces/msg/detail
[0.336s] -- Up-to-date: /home/henryshum0/SUAS/install/offboard_control_interfaces/include/offboard_control_interfaces/offboard_control_interfaces/msg/detail/user_command__type_support.c
[0.336s] -- Up-to-date: /home/henryshum0/SUAS/install/offboard_control_interfaces/include/offboard_control_interfaces/offboard_control_interfaces/msg/detail/user_command__rosidl_typesupport_introspection_c.h
[0.336s] -- Up-to-date: /home/henryshum0/SUAS/install/offboard_control_interfaces/lib/liboffboard_control_interfaces__rosidl_typesupport_introspection_c.so
[0.336s] -- Up-to-date: /home/henryshum0/SUAS/install/offboard_control_interfaces/lib/liboffboard_control_interfaces__rosidl_typesupport_c.so
[0.336s] -- Up-to-date: /home/henryshum0/SUAS/install/offboard_control_interfaces/include/offboard_control_interfaces/offboard_control_interfaces
[0.336s] -- Up-to-date: /home/henryshum0/SUAS/install/offboard_control_interfaces/include/offboard_control_interfaces/offboard_control_interfaces/msg
[0.336s] -- Up-to-date: /home/henryshum0/SUAS/install/offboard_control_interfaces/include/offboard_control_interfaces/offboard_control_interfaces/msg/rosidl_generator_cpp__visibility_control.hpp
[0.336s] -- Up-to-date: /home/henryshum0/SUAS/install/offboard_control_interfaces/include/offboard_control_interfaces/offboard_control_interfaces/msg/user_command.hpp
[0.336s] -- Up-to-date: /home/henryshum0/SUAS/install/offboard_control_interfaces/include/offboard_control_interfaces/offboard_control_interfaces/msg/detail
[0.336s] -- Up-to-date: /home/henryshum0/SUAS/install/offboard_control_interfaces/include/offboard_control_interfaces/offboard_control_interfaces/msg/detail/user_command__traits.hpp
[0.336s] -- Up-to-date: /home/henryshum0/SUAS/install/offboard_control_interfaces/include/offboard_control_interfaces/offboard_control_interfaces/msg/detail/user_command__struct.hpp
[0.336s] -- Up-to-date: /home/henryshum0/SUAS/install/offboard_control_interfaces/include/offboard_control_interfaces/offboard_control_interfaces/msg/detail/user_command__type_support.hpp
[0.337s] -- Up-to-date: /home/henryshum0/SUAS/install/offboard_control_interfaces/include/offboard_control_interfaces/offboard_control_interfaces/msg/detail/user_command__builder.hpp
[0.337s] -- Up-to-date: /home/henryshum0/SUAS/install/offboard_control_interfaces/include/offboard_control_interfaces/offboard_control_interfaces
[0.337s] -- Up-to-date: /home/henryshum0/SUAS/install/offboard_control_interfaces/include/offboard_control_interfaces/offboard_control_interfaces/msg
[0.337s] -- Up-to-date: /home/henryshum0/SUAS/install/offboard_control_interfaces/include/offboard_control_interfaces/offboard_control_interfaces/msg/rosidl_typesupport_fastrtps_cpp__visibility_control.h
[0.337s] -- Up-to-date: /home/henryshum0/SUAS/install/offboard_control_interfaces/include/offboard_control_interfaces/offboard_control_interfaces/msg/detail
[0.337s] -- Up-to-date: /home/henryshum0/SUAS/install/offboard_control_interfaces/include/offboard_control_interfaces/offboard_control_interfaces/msg/detail/user_command__rosidl_typesupport_fastrtps_cpp.hpp
[0.337s] -- Up-to-date: /home/henryshum0/SUAS/install/offboard_control_interfaces/include/offboard_control_interfaces/offboard_control_interfaces/msg/detail/dds_fastrtps
[0.337s] -- Up-to-date: /home/henryshum0/SUAS/install/offboard_control_interfaces/lib/liboffboard_control_interfaces__rosidl_typesupport_fastrtps_cpp.so
[0.337s] -- Up-to-date: /home/henryshum0/SUAS/install/offboard_control_interfaces/include/offboard_control_interfaces/offboard_control_interfaces
[0.337s] -- Up-to-date: /home/henryshum0/SUAS/install/offboard_control_interfaces/include/offboard_control_interfaces/offboard_control_interfaces/msg
[0.337s] -- Up-to-date: /home/henryshum0/SUAS/install/offboard_control_interfaces/include/offboard_control_interfaces/offboard_control_interfaces/msg/detail
[0.337s] -- Up-to-date: /home/henryshum0/SUAS/install/offboard_control_interfaces/include/offboard_control_interfaces/offboard_control_interfaces/msg/detail/user_command__rosidl_typesupport_introspection_cpp.hpp
[0.337s] -- Up-to-date: /home/henryshum0/SUAS/install/offboard_control_interfaces/include/offboard_control_interfaces/offboard_control_interfaces/msg/detail/user_command__type_support.cpp
[0.337s] -- Up-to-date: /home/henryshum0/SUAS/install/offboard_control_interfaces/lib/liboffboard_control_interfaces__rosidl_typesupport_introspection_cpp.so
[0.337s] -- Up-to-date: /home/henryshum0/SUAS/install/offboard_control_interfaces/lib/liboffboard_control_interfaces__rosidl_typesupport_cpp.so
[0.337s] -- Up-to-date: /home/henryshum0/SUAS/install/offboard_control_interfaces/share/offboard_control_interfaces/environment/pythonpath.sh
[0.337s] -- Up-to-date: /home/henryshum0/SUAS/install/offboard_control_interfaces/share/offboard_control_interfaces/environment/pythonpath.dsv
[0.337s] -- Up-to-date: /home/henryshum0/SUAS/install/offboard_control_interfaces/local/lib/python3.10/dist-packages/offboard_control_interfaces-0.0.0-py3.10.egg-info
[0.338s] -- Installing: /home/henryshum0/SUAS/install/offboard_control_interfaces/local/lib/python3.10/dist-packages/offboard_control_interfaces-0.0.0-py3.10.egg-info/top_level.txt
[0.338s] -- Installing: /home/henryshum0/SUAS/install/offboard_control_interfaces/local/lib/python3.10/dist-packages/offboard_control_interfaces-0.0.0-py3.10.egg-info/SOURCES.txt
[0.338s] -- Installing: /home/henryshum0/SUAS/install/offboard_control_interfaces/local/lib/python3.10/dist-packages/offboard_control_interfaces-0.0.0-py3.10.egg-info/dependency_links.txt
[0.338s] -- Installing: /home/henryshum0/SUAS/install/offboard_control_interfaces/local/lib/python3.10/dist-packages/offboard_control_interfaces-0.0.0-py3.10.egg-info/PKG-INFO
[0.338s] -- Up-to-date: /home/henryshum0/SUAS/install/offboard_control_interfaces/local/lib/python3.10/dist-packages/offboard_control_interfaces
[0.338s] -- Up-to-date: /home/henryshum0/SUAS/install/offboard_control_interfaces/local/lib/python3.10/dist-packages/offboard_control_interfaces/_offboard_control_interfaces_s.ep.rosidl_typesupport_c.c
[0.338s] -- Up-to-date: /home/henryshum0/SUAS/install/offboard_control_interfaces/local/lib/python3.10/dist-packages/offboard_control_interfaces/_offboard_control_interfaces_s.ep.rosidl_typesupport_introspection_c.c
[0.338s] -- Up-to-date: /home/henryshum0/SUAS/install/offboard_control_interfaces/local/lib/python3.10/dist-packages/offboard_control_interfaces/offboard_control_interfaces_s__rosidl_typesupport_fastrtps_c.cpython-310-x86_64-linux-gnu.so
[0.338s] -- Up-to-date: /home/henryshum0/SUAS/install/offboard_control_interfaces/local/lib/python3.10/dist-packages/offboard_control_interfaces/offboard_control_interfaces_s__rosidl_typesupport_introspection_c.cpython-310-x86_64-linux-gnu.so
[0.338s] -- Up-to-date: /home/henryshum0/SUAS/install/offboard_control_interfaces/local/lib/python3.10/dist-packages/offboard_control_interfaces/_offboard_control_interfaces_s.ep.rosidl_typesupport_fastrtps_c.c
[0.338s] -- Up-to-date: /home/henryshum0/SUAS/install/offboard_control_interfaces/local/lib/python3.10/dist-packages/offboard_control_interfaces/offboard_control_interfaces_s__rosidl_typesupport_c.cpython-310-x86_64-linux-gnu.so
[0.338s] -- Up-to-date: /home/henryshum0/SUAS/install/offboard_control_interfaces/local/lib/python3.10/dist-packages/offboard_control_interfaces/msg
[0.339s] -- Up-to-date: /home/henryshum0/SUAS/install/offboard_control_interfaces/local/lib/python3.10/dist-packages/offboard_control_interfaces/msg/__init__.py
[0.339s] -- Up-to-date: /home/henryshum0/SUAS/install/offboard_control_interfaces/local/lib/python3.10/dist-packages/offboard_control_interfaces/msg/_user_command.py
[0.339s] -- Up-to-date: /home/henryshum0/SUAS/install/offboard_control_interfaces/local/lib/python3.10/dist-packages/offboard_control_interfaces/msg/_user_command_s.c
[0.339s] -- Up-to-date: /home/henryshum0/SUAS/install/offboard_control_interfaces/local/lib/python3.10/dist-packages/offboard_control_interfaces/__init__.py
[0.339s] -- Up-to-date: /home/henryshum0/SUAS/install/offboard_control_interfaces/local/lib/python3.10/dist-packages/offboard_control_interfaces/liboffboard_control_interfaces__rosidl_generator_py.so
[0.360s] Listing '/home/henryshum0/SUAS/install/offboard_control_interfaces/local/lib/python3.10/dist-packages/offboard_control_interfaces'...
[0.360s] Listing '/home/henryshum0/SUAS/install/offboard_control_interfaces/local/lib/python3.10/dist-packages/offboard_control_interfaces/msg'...
[0.363s] -- Up-to-date: /home/henryshum0/SUAS/install/offboard_control_interfaces/local/lib/python3.10/dist-packages/offboard_control_interfaces/offboard_control_interfaces_s__rosidl_typesupport_fastrtps_c.cpython-310-x86_64-linux-gnu.so
[0.363s] -- Up-to-date: /home/henryshum0/SUAS/install/offboard_control_interfaces/local/lib/python3.10/dist-packages/offboard_control_interfaces/offboard_control_interfaces_s__rosidl_typesupport_introspection_c.cpython-310-x86_64-linux-gnu.so
[0.364s] -- Up-to-date: /home/henryshum0/SUAS/install/offboard_control_interfaces/local/lib/python3.10/dist-packages/offboard_control_interfaces/offboard_control_interfaces_s__rosidl_typesupport_c.cpython-310-x86_64-linux-gnu.so
[0.364s] -- Up-to-date: /home/henryshum0/SUAS/install/offboard_control_interfaces/lib/liboffboard_control_interfaces__rosidl_generator_py.so
[0.364s] -- Up-to-date: /home/henryshum0/SUAS/install/offboard_control_interfaces/share/offboard_control_interfaces/msg/UserCommand.idl
[0.364s] -- Up-to-date: /home/henryshum0/SUAS/install/offboard_control_interfaces/share/offboard_control_interfaces/msg/UserCommand.msg
[0.365s] -- Up-to-date: /home/henryshum0/SUAS/install/offboard_control_interfaces/share/ament_index/resource_index/package_run_dependencies/offboard_control_interfaces
[0.365s] -- Up-to-date: /home/henryshum0/SUAS/install/offboard_control_interfaces/share/ament_index/resource_index/parent_prefix_path/offboard_control_interfaces
[0.365s] -- Up-to-date: /home/henryshum0/SUAS/install/offboard_control_interfaces/share/offboard_control_interfaces/environment/ament_prefix_path.sh
[0.365s] -- Up-to-date: /home/henryshum0/SUAS/install/offboard_control_interfaces/share/offboard_control_interfaces/environment/ament_prefix_path.dsv
[0.365s] -- Up-to-date: /home/henryshum0/SUAS/install/offboard_control_interfaces/share/offboard_control_interfaces/environment/path.sh
[0.365s] -- Up-to-date: /home/henryshum0/SUAS/install/offboard_control_interfaces/share/offboard_control_interfaces/environment/path.dsv
[0.365s] -- Up-to-date: /home/henryshum0/SUAS/install/offboard_control_interfaces/share/offboard_control_interfaces/local_setup.bash
[0.365s] -- Up-to-date: /home/henryshum0/SUAS/install/offboard_control_interfaces/share/offboard_control_interfaces/local_setup.sh
[0.365s] -- Up-to-date: /home/henryshum0/SUAS/install/offboard_control_interfaces/share/offboard_control_interfaces/local_setup.zsh
[0.365s] -- Up-to-date: /home/henryshum0/SUAS/install/offboard_control_interfaces/share/offboard_control_interfaces/local_setup.dsv
[0.366s] -- Installing: /home/henryshum0/SUAS/install/offboard_control_interfaces/share/offboard_control_interfaces/package.dsv
[0.366s] -- Up-to-date: /home/henryshum0/SUAS/install/offboard_control_interfaces/share/ament_index/resource_index/packages/offboard_control_interfaces
[0.366s] -- Up-to-date: /home/henryshum0/SUAS/install/offboard_control_interfaces/share/offboard_control_interfaces/cmake/export_offboard_control_interfaces__rosidl_generator_cExport.cmake
[0.366s] -- Up-to-date: /home/henryshum0/SUAS/install/offboard_control_interfaces/share/offboard_control_interfaces/cmake/export_offboard_control_interfaces__rosidl_generator_cExport-noconfig.cmake
[0.366s] -- Up-to-date: /home/henryshum0/SUAS/install/offboard_control_interfaces/share/offboard_control_interfaces/cmake/export_offboard_control_interfaces__rosidl_typesupport_fastrtps_cExport.cmake
[0.366s] -- Up-to-date: /home/henryshum0/SUAS/install/offboard_control_interfaces/share/offboard_control_interfaces/cmake/export_offboard_control_interfaces__rosidl_typesupport_fastrtps_cExport-noconfig.cmake
[0.366s] -- Up-to-date: /home/henryshum0/SUAS/install/offboard_control_interfaces/share/offboard_control_interfaces/cmake/offboard_control_interfaces__rosidl_typesupport_introspection_cExport.cmake
[0.366s] -- Up-to-date: /home/henryshum0/SUAS/install/offboard_control_interfaces/share/offboard_control_interfaces/cmake/offboard_control_interfaces__rosidl_typesupport_introspection_cExport-noconfig.cmake
[0.366s] -- Up-to-date: /home/henryshum0/SUAS/install/offboard_control_interfaces/share/offboard_control_interfaces/cmake/offboard_control_interfaces__rosidl_typesupport_cExport.cmake
[0.366s] -- Up-to-date: /home/henryshum0/SUAS/install/offboard_control_interfaces/share/offboard_control_interfaces/cmake/offboard_control_interfaces__rosidl_typesupport_cExport-noconfig.cmake
[0.366s] -- Up-to-date: /home/henryshum0/SUAS/install/offboard_control_interfaces/share/offboard_control_interfaces/cmake/export_offboard_control_interfaces__rosidl_generator_cppExport.cmake
[0.366s] -- Up-to-date: /home/henryshum0/SUAS/install/offboard_control_interfaces/share/offboard_control_interfaces/cmake/export_offboard_control_interfaces__rosidl_typesupport_fastrtps_cppExport.cmake
[0.366s] -- Up-to-date: /home/henryshum0/SUAS/install/offboard_control_interfaces/share/offboard_control_interfaces/cmake/export_offboard_control_interfaces__rosidl_typesupport_fastrtps_cppExport-noconfig.cmake
[0.366s] -- Up-to-date: /home/henryshum0/SUAS/install/offboard_control_interfaces/share/offboard_control_interfaces/cmake/offboard_control_interfaces__rosidl_typesupport_introspection_cppExport.cmake
[0.366s] -- Up-to-date: /home/henryshum0/SUAS/install/offboard_control_interfaces/share/offboard_control_interfaces/cmake/offboard_control_interfaces__rosidl_typesupport_introspection_cppExport-noconfig.cmake
[0.366s] -- Up-to-date: /home/henryshum0/SUAS/install/offboard_control_interfaces/share/offboard_control_interfaces/cmake/offboard_control_interfaces__rosidl_typesupport_cppExport.cmake
[0.366s] -- Up-to-date: /home/henryshum0/SUAS/install/offboard_control_interfaces/share/offboard_control_interfaces/cmake/offboard_control_interfaces__rosidl_typesupport_cppExport-noconfig.cmake
[0.366s] -- Up-to-date: /home/henryshum0/SUAS/install/offboard_control_interfaces/share/offboard_control_interfaces/cmake/export_offboard_control_interfaces__rosidl_generator_pyExport.cmake
[0.366s] -- Up-to-date: /home/henryshum0/SUAS/install/offboard_control_interfaces/share/offboard_control_interfaces/cmake/export_offboard_control_interfaces__rosidl_generator_pyExport-noconfig.cmake
[0.366s] -- Up-to-date: /home/henryshum0/SUAS/install/offboard_control_interfaces/share/offboard_control_interfaces/cmake/rosidl_cmake-extras.cmake
[0.366s] -- Up-to-date: /home/henryshum0/SUAS/install/offboard_control_interfaces/share/offboard_control_interfaces/cmake/ament_cmake_export_include_directories-extras.cmake
[0.366s] -- Up-to-date: /home/henryshum0/SUAS/install/offboard_control_interfaces/share/offboard_control_interfaces/cmake/ament_cmake_export_libraries-extras.cmake
[0.366s] -- Up-to-date: /home/henryshum0/SUAS/install/offboard_control_interfaces/share/offboard_control_interfaces/cmake/ament_cmake_export_targets-extras.cmake
[0.366s] -- Up-to-date: /home/henryshum0/SUAS/install/offboard_control_interfaces/share/offboard_control_interfaces/cmake/rosidl_cmake_export_typesupport_targets-extras.cmake
[0.366s] -- Up-to-date: /home/henryshum0/SUAS/install/offboard_control_interfaces/share/offboard_control_interfaces/cmake/ament_cmake_export_dependencies-extras.cmake
[0.366s] -- Up-to-date: /home/henryshum0/SUAS/install/offboard_control_interfaces/share/offboard_control_interfaces/cmake/rosidl_cmake_export_typesupport_libraries-extras.cmake
[0.366s] -- Up-to-date: /home/henryshum0/SUAS/install/offboard_control_interfaces/share/offboard_control_interfaces/cmake/offboard_control_interfacesConfig.cmake
[0.367s] -- Up-to-date: /home/henryshum0/SUAS/install/offboard_control_interfaces/share/offboard_control_interfaces/cmake/offboard_control_interfacesConfig-version.cmake
[0.367s] -- Up-to-date: /home/henryshum0/SUAS/install/offboard_control_interfaces/share/offboard_control_interfaces/package.xml
[0.369s] Invoked command in '/home/henryshum0/SUAS/build/offboard_control_interfaces' returned '0': CMAKE_PREFIX_PATH=${CMAKE_PREFIX_PATH}:/opt/ros/humble /usr/bin/cmake --install /home/henryshum0/SUAS/build/offboard_control_interfaces
