[0.028s] Invoking command in '/home/henryshum0/SUAS/build/px4_ros_com': AMENT_PREFIX_PATH=/home/henryshum0/SUAS/install/px4_msgs:${AMENT_PREFIX_PATH} CMAKE_PREFIX_PATH=/home/henryshum0/SUAS/install/px4_msgs:/opt/ros/humble LD_LIBRARY_PATH=/home/henryshum0/SUAS/install/px4_msgs/lib:${LD_LIBRARY_PATH} PYTHONPATH=/home/henryshum0/SUAS/install/px4_msgs/local/lib/python3.10/dist-packages:${PYTHONPATH} /usr/bin/cmake --build /home/henryshum0/SUAS/build/px4_ros_com -- -j16 -l16
[0.055s] [35m[1mConsolidate compiler generated dependencies of target vehicle_status[0m
[0.058s] [ 14%] Built target debug_vect_advertiser
[0.059s] [ 28%] Built target frame_transforms
[0.059s] [ 42%] Built target vehicle_gps_position_listener
[0.059s] [ 57%] Built target sensor_combined_listener
[0.060s] [ 71%] Built target offboard_control
[0.061s] [ 71%] Built target ament_cmake_python_copy_px4_ros_com
[0.062s] [ 85%] Built target offboard_control_srv
[0.064s] [ 92%] [32mBuilding CXX object CMakeFiles/vehicle_status.dir/src/examples/listeners/test.cpp.o[0m
[0.187s] running egg_info
[0.187s] writing px4_ros_com.egg-info/PKG-INFO
[0.188s] writing dependency_links to px4_ros_com.egg-info/dependency_links.txt
[0.188s] writing top-level names to px4_ros_com.egg-info/top_level.txt
[0.189s] reading manifest file 'px4_ros_com.egg-info/SOURCES.txt'
[0.190s] writing manifest file 'px4_ros_com.egg-info/SOURCES.txt'
[0.204s] [ 92%] Built target ament_cmake_python_build_px4_ros_com_egg
[4.408s] [100%] [32m[1mLinking CXX executable vehicle_status[0m
[4.632s] [100%] Built target vehicle_status
[4.638s] Invoked command in '/home/henryshum0/SUAS/build/px4_ros_com' returned '0': AMENT_PREFIX_PATH=/home/henryshum0/SUAS/install/px4_msgs:${AMENT_PREFIX_PATH} CMAKE_PREFIX_PATH=/home/henryshum0/SUAS/install/px4_msgs:/opt/ros/humble LD_LIBRARY_PATH=/home/henryshum0/SUAS/install/px4_msgs/lib:${LD_LIBRARY_PATH} PYTHONPATH=/home/henryshum0/SUAS/install/px4_msgs/local/lib/python3.10/dist-packages:${PYTHONPATH} /usr/bin/cmake --build /home/henryshum0/SUAS/build/px4_ros_com -- -j16 -l16
[4.643s] Invoking command in '/home/henryshum0/SUAS/build/px4_ros_com': AMENT_PREFIX_PATH=/home/henryshum0/SUAS/install/px4_msgs:${AMENT_PREFIX_PATH} CMAKE_PREFIX_PATH=/home/henryshum0/SUAS/install/px4_msgs:/opt/ros/humble LD_LIBRARY_PATH=/home/henryshum0/SUAS/install/px4_msgs/lib:${LD_LIBRARY_PATH} PYTHONPATH=/home/henryshum0/SUAS/install/px4_msgs/local/lib/python3.10/dist-packages:${PYTHONPATH} /usr/bin/cmake --install /home/henryshum0/SUAS/build/px4_ros_com
[4.646s] -- Install configuration: ""
[4.646s] -- Up-to-date: /home/henryshum0/SUAS/install/px4_ros_com/lib/px4_ros_com/sensor_combined_listener
[4.647s] -- Up-to-date: /home/henryshum0/SUAS/install/px4_ros_com/lib/px4_ros_com/vehicle_gps_position_listener
[4.647s] -- Up-to-date: /home/henryshum0/SUAS/install/px4_ros_com/lib/px4_ros_com/debug_vect_advertiser
[4.647s] -- Up-to-date: /home/henryshum0/SUAS/install/px4_ros_com/lib/px4_ros_com/offboard_control
[4.648s] -- Up-to-date: /home/henryshum0/SUAS/install/px4_ros_com/lib/px4_ros_com/offboard_control_srv
[4.649s] -- Installing: /home/henryshum0/SUAS/install/px4_ros_com/lib/px4_ros_com/vehicle_status
[4.650s] -- Set runtime path of "/home/henryshum0/SUAS/install/px4_ros_com/lib/px4_ros_com/vehicle_status" to ""
[4.651s] -- Up-to-date: /home/henryshum0/SUAS/install/px4_ros_com/share/px4_ros_com/environment/library_path.sh
[4.651s] -- Up-to-date: /home/henryshum0/SUAS/install/px4_ros_com/share/px4_ros_com/environment/library_path.dsv
[4.651s] -- Up-to-date: /home/henryshum0/SUAS/install/px4_ros_com/include/px4_ros_com
[4.651s] -- Up-to-date: /home/henryshum0/SUAS/install/px4_ros_com/include/px4_ros_com/frame_transforms.h
[4.651s] -- Up-to-date: /home/henryshum0/SUAS/install/px4_ros_com/lib/libframe_transforms.so
[4.651s] -- Up-to-date: /home/henryshum0/SUAS/install/px4_ros_com/share/px4_ros_com//launch
[4.651s] -- Up-to-date: /home/henryshum0/SUAS/install/px4_ros_com/share/px4_ros_com//launch/sensor_combined_listener.launch.py
[4.651s] -- Up-to-date: /home/henryshum0/SUAS/install/px4_ros_com/share/px4_ros_com//launch/offboard_control_launch.yaml
[4.651s] -- Up-to-date: /home/henryshum0/SUAS/install/px4_ros_com/share/px4_ros_com//test
[4.651s] -- Up-to-date: /home/henryshum0/SUAS/install/px4_ros_com/share/px4_ros_com//test/test_output.py
[4.651s] -- Up-to-date: /home/henryshum0/SUAS/install/px4_ros_com/share/px4_ros_com//test/test_input.py
[4.651s] -- Up-to-date: /home/henryshum0/SUAS/install/px4_ros_com/share/px4_ros_com//test/__init__.py
[4.651s] -- Up-to-date: /home/henryshum0/SUAS/install/px4_ros_com/share/px4_ros_com//test/pipeline_io_test.py
[4.651s] -- Up-to-date: /home/henryshum0/SUAS/install/px4_ros_com/share/px4_ros_com/environment/pythonpath.sh
[4.652s] -- Up-to-date: /home/henryshum0/SUAS/install/px4_ros_com/share/px4_ros_com/environment/pythonpath.dsv
[4.652s] -- Up-to-date: /home/henryshum0/SUAS/install/px4_ros_com/local/lib/python3.10/dist-packages/px4_ros_com-0.1.0-py3.10.egg-info
[4.652s] -- Installing: /home/henryshum0/SUAS/install/px4_ros_com/local/lib/python3.10/dist-packages/px4_ros_com-0.1.0-py3.10.egg-info/top_level.txt
[4.652s] -- Installing: /home/henryshum0/SUAS/install/px4_ros_com/local/lib/python3.10/dist-packages/px4_ros_com-0.1.0-py3.10.egg-info/SOURCES.txt
[4.652s] -- Installing: /home/henryshum0/SUAS/install/px4_ros_com/local/lib/python3.10/dist-packages/px4_ros_com-0.1.0-py3.10.egg-info/dependency_links.txt
[4.652s] -- Installing: /home/henryshum0/SUAS/install/px4_ros_com/local/lib/python3.10/dist-packages/px4_ros_com-0.1.0-py3.10.egg-info/PKG-INFO
[4.652s] -- Up-to-date: /home/henryshum0/SUAS/install/px4_ros_com/local/lib/python3.10/dist-packages/px4_ros_com
[4.652s] -- Up-to-date: /home/henryshum0/SUAS/install/px4_ros_com/local/lib/python3.10/dist-packages/px4_ros_com/__init__.py
[4.652s] -- Up-to-date: /home/henryshum0/SUAS/install/px4_ros_com/local/lib/python3.10/dist-packages/px4_ros_com/module_to_import.py
[4.670s] Listing '/home/henryshum0/SUAS/install/px4_ros_com/local/lib/python3.10/dist-packages/px4_ros_com'...
[4.672s] -- Up-to-date: /home/henryshum0/SUAS/install/px4_ros_com/lib/px4_ros_com/offboard_control.py
[4.672s] -- Up-to-date: /home/henryshum0/SUAS/install/px4_ros_com/share/ament_index/resource_index/package_run_dependencies/px4_ros_com
[4.672s] -- Up-to-date: /home/henryshum0/SUAS/install/px4_ros_com/share/ament_index/resource_index/parent_prefix_path/px4_ros_com
[4.673s] -- Up-to-date: /home/henryshum0/SUAS/install/px4_ros_com/share/px4_ros_com/environment/ament_prefix_path.sh
[4.673s] -- Up-to-date: /home/henryshum0/SUAS/install/px4_ros_com/share/px4_ros_com/environment/ament_prefix_path.dsv
[4.673s] -- Up-to-date: /home/henryshum0/SUAS/install/px4_ros_com/share/px4_ros_com/environment/path.sh
[4.673s] -- Up-to-date: /home/henryshum0/SUAS/install/px4_ros_com/share/px4_ros_com/environment/path.dsv
[4.673s] -- Up-to-date: /home/henryshum0/SUAS/install/px4_ros_com/share/px4_ros_com/local_setup.bash
[4.673s] -- Up-to-date: /home/henryshum0/SUAS/install/px4_ros_com/share/px4_ros_com/local_setup.sh
[4.673s] -- Up-to-date: /home/henryshum0/SUAS/install/px4_ros_com/share/px4_ros_com/local_setup.zsh
[4.673s] -- Up-to-date: /home/henryshum0/SUAS/install/px4_ros_com/share/px4_ros_com/local_setup.dsv
[4.673s] -- Installing: /home/henryshum0/SUAS/install/px4_ros_com/share/px4_ros_com/package.dsv
[4.673s] -- Up-to-date: /home/henryshum0/SUAS/install/px4_ros_com/share/ament_index/resource_index/packages/px4_ros_com
[4.673s] -- Up-to-date: /home/henryshum0/SUAS/install/px4_ros_com/share/px4_ros_com/cmake/export_frame_transformsExport.cmake
[4.674s] -- Up-to-date: /home/henryshum0/SUAS/install/px4_ros_com/share/px4_ros_com/cmake/export_frame_transformsExport-noconfig.cmake
[4.674s] -- Up-to-date: /home/henryshum0/SUAS/install/px4_ros_com/share/px4_ros_com/cmake/ament_cmake_export_dependencies-extras.cmake
[4.674s] -- Up-to-date: /home/henryshum0/SUAS/install/px4_ros_com/share/px4_ros_com/cmake/ament_cmake_export_targets-extras.cmake
[4.674s] -- Up-to-date: /home/henryshum0/SUAS/install/px4_ros_com/share/px4_ros_com/cmake/ament_cmake_export_include_directories-extras.cmake
[4.674s] -- Up-to-date: /home/henryshum0/SUAS/install/px4_ros_com/share/px4_ros_com/cmake/ament_cmake_export_libraries-extras.cmake
[4.674s] -- Up-to-date: /home/henryshum0/SUAS/install/px4_ros_com/share/px4_ros_com/cmake/px4_ros_comConfig.cmake
[4.674s] -- Up-to-date: /home/henryshum0/SUAS/install/px4_ros_com/share/px4_ros_com/cmake/px4_ros_comConfig-version.cmake
[4.674s] -- Up-to-date: /home/henryshum0/SUAS/install/px4_ros_com/share/px4_ros_com/package.xml
[4.675s] Invoked command in '/home/henryshum0/SUAS/build/px4_ros_com' returned '0': AMENT_PREFIX_PATH=/home/henryshum0/SUAS/install/px4_msgs:${AMENT_PREFIX_PATH} CMAKE_PREFIX_PATH=/home/henryshum0/SUAS/install/px4_msgs:/opt/ros/humble LD_LIBRARY_PATH=/home/henryshum0/SUAS/install/px4_msgs/lib:${LD_LIBRARY_PATH} PYTHONPATH=/home/henryshum0/SUAS/install/px4_msgs/local/lib/python3.10/dist-packages:${PYTHONPATH} /usr/bin/cmake --install /home/henryshum0/SUAS/build/px4_ros_com
