[35m[1mConsolidate compiler generated dependencies of target user_input[0m
[35m[1mConsolidate compiler generated dependencies of target sensor_combined_listener[0m
[35m[1mConsolidate compiler generated dependencies of target nodesoup[0m
[35m[1mConsolidate compiler generated dependencies of target publish_trj_listener[0m
[35m[1mConsolidate compiler generated dependencies of target vehicle_pos_listener[0m
[35m[1mConsolidate compiler generated dependencies of target cmd_ack_listener[0m
[35m[1mConsolidate compiler generated dependencies of target flight_control_lib[0m
[  1%] [32mBuilding CXX object CMakeFiles/user_input.dir/src/user_input.cpp.o[0m
[ 14%] Built target nodesoup
[ 14%] Built target publish_trj_listener
[ 17%] Built target vehicle_pos_listener
[ 20%] Built target cmd_ack_listener
[ 23%] Built target sensor_combined_listener
[ 34%] Built target flight_control_lib
[35m[1mConsolidate compiler generated dependencies of target matplot[0m
[35m[1mConsolidate compiler generated dependencies of target offboard_controller[0m
[ 36%] [32mBuilding CXX object CMakeFiles/offboard_controller.dir/src/main.cpp.o[0m
[ 96%] Built target matplot
[ 98%] [32m[1mLinking CXX executable user_input[0m
[100%] [32m[1mLinking CXX executable offboard_controller[0m
[100%] Built target user_input
[100%] Built target offboard_controller
-- Install configuration: ""
-- Installing: /home/henryshum0/SUAS/install/flight_control/lib/flight_control/offboard_controller
-- Set runtime path of "/home/henryshum0/SUAS/install/flight_control/lib/flight_control/offboard_controller" to ""
-- Installing: /home/henryshum0/SUAS/install/flight_control/lib/flight_control/user_input
-- Set runtime path of "/home/henryshum0/SUAS/install/flight_control/lib/flight_control/user_input" to ""
-- Installing: /home/henryshum0/SUAS/install/flight_control/lib/flight_control/sensor_combined_listener
-- Set runtime path of "/home/henryshum0/SUAS/install/flight_control/lib/flight_control/sensor_combined_listener" to ""
-- Installing: /home/henryshum0/SUAS/install/flight_control/lib/flight_control/publish_trj_listener
-- Set runtime path of "/home/henryshum0/SUAS/install/flight_control/lib/flight_control/publish_trj_listener" to ""
-- Installing: /home/henryshum0/SUAS/install/flight_control/lib/flight_control/vehicle_pos_listener
-- Set runtime path of "/home/henryshum0/SUAS/install/flight_control/lib/flight_control/vehicle_pos_listener" to ""
-- Installing: /home/henryshum0/SUAS/install/flight_control/lib/flight_control/cmd_ack_listener
-- Set runtime path of "/home/henryshum0/SUAS/install/flight_control/lib/flight_control/cmd_ack_listener" to ""
-- Up-to-date: /home/henryshum0/SUAS/install/flight_control/include/flight_control/include
-- Up-to-date: /home/henryshum0/SUAS/install/flight_control/include/flight_control/include/lib
-- Up-to-date: /home/henryshum0/SUAS/install/flight_control/include/flight_control/include/lib/utils.hpp
-- Up-to-date: /home/henryshum0/SUAS/install/flight_control/include/flight_control/include/vehicle_storage
-- Up-to-date: /home/henryshum0/SUAS/install/flight_control/include/flight_control/include/vehicle_storage/executor_storage.hpp
-- Up-to-date: /home/henryshum0/SUAS/install/flight_control/include/flight_control/include/vehicle_storage/vehicle_state_storage.hpp
-- Up-to-date: /home/henryshum0/SUAS/install/flight_control/include/flight_control/include/flight_control
-- Up-to-date: /home/henryshum0/SUAS/install/flight_control/include/flight_control/include/flight_control/state_subscribers.hpp
-- Up-to-date: /home/henryshum0/SUAS/install/flight_control/include/flight_control/include/flight_control/flight_executor.hpp
-- Up-to-date: /home/henryshum0/SUAS/install/flight_control/include/flight_control/include/flight_control/control_publishers.hpp
-- Installing: /home/henryshum0/SUAS/install/flight_control/lib/libflight_control_lib.so
-- Set runtime path of "/home/henryshum0/SUAS/install/flight_control/lib/libflight_control_lib.so" to ""
-- Installing: /home/henryshum0/SUAS/install/flight_control/share/ament_index/resource_index/package_run_dependencies/flight_control
-- Installing: /home/henryshum0/SUAS/install/flight_control/share/ament_index/resource_index/parent_prefix_path/flight_control
-- Up-to-date: /home/henryshum0/SUAS/install/flight_control/share/flight_control/environment/ament_prefix_path.sh
-- Installing: /home/henryshum0/SUAS/install/flight_control/share/flight_control/environment/ament_prefix_path.dsv
-- Up-to-date: /home/henryshum0/SUAS/install/flight_control/share/flight_control/environment/path.sh
-- Installing: /home/henryshum0/SUAS/install/flight_control/share/flight_control/environment/path.dsv
-- Up-to-date: /home/henryshum0/SUAS/install/flight_control/share/flight_control/local_setup.bash
-- Installing: /home/henryshum0/SUAS/install/flight_control/share/flight_control/local_setup.sh
-- Up-to-date: /home/henryshum0/SUAS/install/flight_control/share/flight_control/local_setup.zsh
-- Installing: /home/henryshum0/SUAS/install/flight_control/share/flight_control/local_setup.dsv
-- Installing: /home/henryshum0/SUAS/install/flight_control/share/flight_control/package.dsv
-- Up-to-date: /home/henryshum0/SUAS/install/flight_control/share/ament_index/resource_index/packages/flight_control
-- Installing: /home/henryshum0/SUAS/install/flight_control/share/flight_control/cmake/flight_controlConfig.cmake
-- Up-to-date: /home/henryshum0/SUAS/install/flight_control/share/flight_control/cmake/flight_controlConfig-version.cmake
-- Installing: /home/henryshum0/SUAS/install/flight_control/share/flight_control/package.xml
-- Up-to-date: /home/henryshum0/SUAS/install/flight_control/include/matplot/detail/exports.h
