In file included from [01m[K/usr/include/eigen3/Eigen/Core:164[m[K,
                 from [01m[K/usr/include/eigen3/Eigen/Dense:1[m[K,
                 from [01m[K/home/henryshum0/SUAS/src/px4_ros_com/src/examples/offboard/offboard_control.cpp:50[m[K:
/usr/include/eigen3/Eigen/src/Core/AssignEvaluator.h: In instantiation of ‘[01m[Kvoid Eigen::internal::call_assignment_no_alias(Dst&, const Src&, const Func&) [with Dst = Eigen::Matrix<double, 3, 1>; Src = Eigen::Matrix<float, 3, 1>; Func = Eigen::internal::assign_op<double, float>][m[K’:
[01m[K/usr/include/eigen3/Eigen/src/Core/PlainObjectBase.h:797:41:[m[K   required from ‘[01m[KDerived& Eigen::PlainObjectBase<Derived>::_set_noalias(const Eigen::DenseBase<OtherDerived>&) [with OtherDerived = Eigen::Matrix<float, 3, 1>; Derived = Eigen::Matrix<double, 3, 1>][m[K’
[01m[K/usr/include/eigen3/Eigen/src/Core/PlainObjectBase.h:594:19:[m[K   required from ‘[01m[KEigen::PlainObjectBase<Derived>::PlainObjectBase(const Eigen::DenseBase<OtherDerived>&) [with OtherDerived = Eigen::Matrix<float, 3, 1>; Derived = Eigen::Matrix<double, 3, 1>][m[K’
[01m[K/usr/include/eigen3/Eigen/src/Core/Matrix.h:423:29:[m[K   required from ‘[01m[KEigen::Matrix<_Scalar, _Rows, _Cols, _Options, _MaxRows, _MaxCols>::Matrix(const Eigen::EigenBase<OtherDerived>&) [with OtherDerived = Eigen::Matrix<float, 3, 1>; _Scalar = double; int _Rows = 3; int _Cols = 1; int _Options = 0; int _MaxRows = 3; int _MaxCols = 1][m[K’
[01m[K/home/henryshum0/SUAS/src/px4_ros_com/include/px4_ros_com/frame_transforms.h:348:31:[m[K   required from ‘[01m[KT px4_ros_com::frame_transforms::enu_to_ned_local_frame(const T&) [with T = Eigen::Matrix<float, 3, 1>][m[K’
[01m[K/home/henryshum0/SUAS/src/px4_ros_com/src/examples/offboard/offboard_control.cpp:158:39:[m[K   required from here
[01m[K/usr/include/eigen3/Eigen/src/Core/util/XprHelper.h:851:96:[m[K [01;31m[Kerror: [m[Kstatic assertion failed: YOU_MIXED_DIFFERENT_NUMERIC_TYPES__YOU_NEED_TO_USE_THE_CAST_METHOD_OF_MATRIXBASE_TO_CAST_NUMERIC_TYPES_EXPLICITLY
  851 |   EIGEN_STATIC_ASSERT([01;31m[K(Eigen::internal::has_ReturnType<ScalarBinaryOpTraits<LHS, RHS,BINOP> >::value)[m[K, \
      |                       [01;31m[K~~~~~~~~~~~~~~~~~~~~~~~~~~~~~~~~~~~~~~~~~~~~~~~~~~~~~~~~~~~~~~~~~~~~~~~~~^~~~~~[m[K
[01m[K/usr/include/eigen3/Eigen/src/Core/util/StaticAssert.h:33:54:[m[K [01;36m[Knote: [m[Kin definition of macro ‘[01m[KEIGEN_STATIC_ASSERT[m[K’
   33 |     #define EIGEN_STATIC_ASSERT(X,MSG) static_assert([01;36m[KX[m[K,#MSG);
      |                                                      [01;36m[K^[m[K
[01m[K/usr/include/eigen3/Eigen/src/Core/AssignEvaluator.h:888:3:[m[K [01;36m[Knote: [m[Kin expansion of macro ‘[01m[KEIGEN_CHECK_BINARY_COMPATIBILIY[m[K’
  888 |   [01;36m[KEIGEN_CHECK_BINARY_COMPATIBILIY[m[K(Func,typename ActualDstTypeCleaned::Scalar,typename Src::Scalar);
      |   [01;36m[K^~~~~~~~~~~~~~~~~~~~~~~~~~~~~~~[m[K
[01m[K/usr/include/eigen3/Eigen/src/Core/util/XprHelper.h:851:96:[m[K [01;36m[Knote: [m[K‘[01m[KEigen::internal::has_ReturnType<Eigen::ScalarBinaryOpTraits<double, float, Eigen::internal::assign_op<double, float> > >::value[m[K’ evaluates to false
  851 |   EIGEN_STATIC_ASSERT([01;36m[K(Eigen::internal::has_ReturnType<ScalarBinaryOpTraits<LHS, RHS,BINOP> >::value)[m[K, \
      |                       [01;36m[K~~~~~~~~~~~~~~~~~~~~~~~~~~~~~~~~~~~~~~~~~~~~~~~~~~~~~~~~~~~~~~~~~~~~~~~~~^~~~~~[m[K
[01m[K/usr/include/eigen3/Eigen/src/Core/util/StaticAssert.h:33:54:[m[K [01;36m[Knote: [m[Kin definition of macro ‘[01m[KEIGEN_STATIC_ASSERT[m[K’
   33 |     #define EIGEN_STATIC_ASSERT(X,MSG) static_assert([01;36m[KX[m[K,#MSG);
      |                                                      [01;36m[K^[m[K
[01m[K/usr/include/eigen3/Eigen/src/Core/AssignEvaluator.h:888:3:[m[K [01;36m[Knote: [m[Kin expansion of macro ‘[01m[KEIGEN_CHECK_BINARY_COMPATIBILIY[m[K’
  888 |   [01;36m[KEIGEN_CHECK_BINARY_COMPATIBILIY[m[K(Func,typename ActualDstTypeCleaned::Scalar,typename Src::Scalar);
      |   [01;36m[K^~~~~~~~~~~~~~~~~~~~~~~~~~~~~~~[m[K
/usr/include/eigen3/Eigen/src/Core/AssignEvaluator.h: In instantiation of ‘[01m[Kvoid Eigen::internal::call_assignment_no_alias(Dst&, const Src&, const Func&) [with Dst = Eigen::Matrix<float, 3, 1>; Src = Eigen::Matrix<double, 3, 1>; Func = Eigen::internal::assign_op<float, double>][m[K’:
[01m[K/usr/include/eigen3/Eigen/src/Core/PlainObjectBase.h:797:41:[m[K   required from ‘[01m[KDerived& Eigen::PlainObjectBase<Derived>::_set_noalias(const Eigen::DenseBase<OtherDerived>&) [with OtherDerived = Eigen::Matrix<double, 3, 1>; Derived = Eigen::Matrix<float, 3, 1>][m[K’
[01m[K/usr/include/eigen3/Eigen/src/Core/PlainObjectBase.h:594:19:[m[K   required from ‘[01m[KEigen::PlainObjectBase<Derived>::PlainObjectBase(const Eigen::DenseBase<OtherDerived>&) [with OtherDerived = Eigen::Matrix<double, 3, 1>; Derived = Eigen::Matrix<float, 3, 1>][m[K’
[01m[K/usr/include/eigen3/Eigen/src/Core/Matrix.h:423:29:[m[K   required from ‘[01m[KEigen::Matrix<_Scalar, _Rows, _Cols, _Options, _MaxRows, _MaxCols>::Matrix(const Eigen::EigenBase<OtherDerived>&) [with OtherDerived = Eigen::Matrix<double, 3, 1>; _Scalar = float; int _Rows = 3; int _Cols = 1; int _Options = 0; int _MaxRows = 3; int _MaxCols = 1][m[K’
[01m[K/home/henryshum0/SUAS/src/px4_ros_com/include/px4_ros_com/frame_transforms.h:348:56:[m[K   required from ‘[01m[KT px4_ros_com::frame_transforms::enu_to_ned_local_frame(const T&) [with T = Eigen::Matrix<float, 3, 1>][m[K’
[01m[K/home/henryshum0/SUAS/src/px4_ros_com/src/examples/offboard/offboard_control.cpp:158:39:[m[K   required from here
[01m[K/usr/include/eigen3/Eigen/src/Core/util/XprHelper.h:851:96:[m[K [01;31m[Kerror: [m[Kstatic assertion failed: YOU_MIXED_DIFFERENT_NUMERIC_TYPES__YOU_NEED_TO_USE_THE_CAST_METHOD_OF_MATRIXBASE_TO_CAST_NUMERIC_TYPES_EXPLICITLY
  851 |   EIGEN_STATIC_ASSERT([01;31m[K(Eigen::internal::has_ReturnType<ScalarBinaryOpTraits<LHS, RHS,BINOP> >::value)[m[K, \
      |                       [01;31m[K~~~~~~~~~~~~~~~~~~~~~~~~~~~~~~~~~~~~~~~~~~~~~~~~~~~~~~~~~~~~~~~~~~~~~~~~~^~~~~~[m[K
[01m[K/usr/include/eigen3/Eigen/src/Core/util/StaticAssert.h:33:54:[m[K [01;36m[Knote: [m[Kin definition of macro ‘[01m[KEIGEN_STATIC_ASSERT[m[K’
   33 |     #define EIGEN_STATIC_ASSERT(X,MSG) static_assert([01;36m[KX[m[K,#MSG);
      |                                                      [01;36m[K^[m[K
[01m[K/usr/include/eigen3/Eigen/src/Core/AssignEvaluator.h:888:3:[m[K [01;36m[Knote: [m[Kin expansion of macro ‘[01m[KEIGEN_CHECK_BINARY_COMPATIBILIY[m[K’
  888 |   [01;36m[KEIGEN_CHECK_BINARY_COMPATIBILIY[m[K(Func,typename ActualDstTypeCleaned::Scalar,typename Src::Scalar);
      |   [01;36m[K^~~~~~~~~~~~~~~~~~~~~~~~~~~~~~~[m[K
[01m[K/usr/include/eigen3/Eigen/src/Core/util/XprHelper.h:851:96:[m[K [01;36m[Knote: [m[K‘[01m[KEigen::internal::has_ReturnType<Eigen::ScalarBinaryOpTraits<float, double, Eigen::internal::assign_op<float, double> > >::value[m[K’ evaluates to false
  851 |   EIGEN_STATIC_ASSERT([01;36m[K(Eigen::internal::has_ReturnType<ScalarBinaryOpTraits<LHS, RHS,BINOP> >::value)[m[K, \
      |                       [01;36m[K~~~~~~~~~~~~~~~~~~~~~~~~~~~~~~~~~~~~~~~~~~~~~~~~~~~~~~~~~~~~~~~~~~~~~~~~~^~~~~~[m[K
[01m[K/usr/include/eigen3/Eigen/src/Core/util/StaticAssert.h:33:54:[m[K [01;36m[Knote: [m[Kin definition of macro ‘[01m[KEIGEN_STATIC_ASSERT[m[K’
   33 |     #define EIGEN_STATIC_ASSERT(X,MSG) static_assert([01;36m[KX[m[K,#MSG);
      |                                                      [01;36m[K^[m[K
[01m[K/usr/include/eigen3/Eigen/src/Core/AssignEvaluator.h:888:3:[m[K [01;36m[Knote: [m[Kin expansion of macro ‘[01m[KEIGEN_CHECK_BINARY_COMPATIBILIY[m[K’
  888 |   [01;36m[KEIGEN_CHECK_BINARY_COMPATIBILIY[m[K(Func,typename ActualDstTypeCleaned::Scalar,typename Src::Scalar);
      |   [01;36m[K^~~~~~~~~~~~~~~~~~~~~~~~~~~~~~~[m[K
gmake[2]: *** [CMakeFiles/offboard_control.dir/build.make:76: CMakeFiles/offboard_control.dir/src/examples/offboard/offboard_control.cpp.o] Error 1
gmake[1]: *** [CMakeFiles/Makefile2:254: CMakeFiles/offboard_control.dir/all] Error 2
gmake: *** [Makefile:146: all] Error 2
