-- Found ament_cmake: 1.3.11 (/opt/ros/humble/share/ament_cmake/cmake)
-- Found rclcpp: 16.0.11 (/opt/ros/humble/share/rclcpp/cmake)
-- Found rosidl_generator_c: 3.1.6 (/opt/ros/humble/share/rosidl_generator_c/cmake)
-- Found rosidl_adapter: 3.1.6 (/opt/ros/humble/share/rosidl_adapter/cmake)
-- Found rosidl_generator_cpp: 3.1.6 (/opt/ros/humble/share/rosidl_generator_cpp/cmake)
-- Using all available rosidl_typesupport_c: rosidl_typesupport_fastrtps_c;rosidl_typesupport_introspection_c
-- Using all available rosidl_typesupport_cpp: rosidl_typesupport_fastrtps_cpp;rosidl_typesupport_introspection_cpp
-- Found rmw_implementation_cmake: 6.1.2 (/opt/ros/humble/share/rmw_implementation_cmake/cmake)
-- Found rmw_fastrtps_cpp: 6.2.7 (/opt/ros/humble/share/rmw_fastrtps_cpp/cmake)
-- Using RMW implementation 'rmw_fastrtps_cpp' as default
-- Found eigen3_cmake_module: 0.1.1 (/opt/ros/humble/share/eigen3_cmake_module/cmake)
-- Found geometry_msgs: 4.2.4 (/opt/ros/humble/share/geometry_msgs/cmake)
-- Found px4_msgs: 2.0.1 (/home/henryshum0/SUAS/install/px4_msgs/share/px4_msgs/cmake)
-- Found sensor_msgs: 4.2.4 (/opt/ros/humble/share/sensor_msgs/cmake)
-- Found rclpy: 3.3.15 (/opt/ros/humble/share/rclpy/cmake)
-- Found ament_lint_auto: 0.12.11 (/opt/ros/humble/share/ament_lint_auto/cmake)
-- Added test 'copyright' to check source files copyright and LICENSE
-- Added test 'cppcheck' to perform static code analysis on C / C++ code
-- Configured cppcheck include dirs: /home/henryshum0/SUAS/src/px4_ros_com/include;$<BUILD_INTERFACE:/home/henryshum0/SUAS/src/px4_ros_com/include/px4_ros_com>
-- Configured cppcheck exclude dirs and/or files: 
-- Added test 'cpplint' to check C / C++ code against the Google style
-- Configured cpplint exclude dirs and/or files: 
-- Added test 'flake8' to check Python code syntax and style conventions
-- Added test 'lint_cmake' to check CMake code style
-- Added test 'pep257' to check Python code against some of the docstring style conventions in PEP 257
-- Added test 'uncrustify' to check C / C++ code style
-- Configured uncrustify additional arguments: 
-- Added test 'xmllint' to check XML markup files
-- Configuring done
-- Generating done
-- Build files have been written to: /home/henryshum0/SUAS/build/px4_ros_com
[35m[1mConsolidate compiler generated dependencies of target frame_transforms[0m
[35m[1mConsolidate compiler generated dependencies of target vehicle_gps_position_listener[0m
[35m[1mConsolidate compiler generated dependencies of target debug_vect_advertiser[0m
[35m[1mConsolidate compiler generated dependencies of target sensor_combined_listener[0m
[35m[1mConsolidate compiler generated dependencies of target offboard_control_srv[0m
[ 16%] Built target frame_transforms
[ 33%] Built target vehicle_gps_position_listener
[ 50%] Built target debug_vect_advertiser
[ 66%] Built target sensor_combined_listener
[ 66%] Built target ament_cmake_python_copy_px4_ros_com
[ 83%] Built target offboard_control_srv
[35m[1mConsolidate compiler generated dependencies of target offboard_control[0m
[ 91%] [32mBuilding CXX object CMakeFiles/offboard_control.dir/src/examples/offboard/offboard_control.cpp.o[0m
running egg_info
writing px4_ros_com.egg-info/PKG-INFO
writing dependency_links to px4_ros_com.egg-info/dependency_links.txt
writing top-level names to px4_ros_com.egg-info/top_level.txt
reading manifest file 'px4_ros_com.egg-info/SOURCES.txt'
writing manifest file 'px4_ros_com.egg-info/SOURCES.txt'
[ 91%] Built target ament_cmake_python_build_px4_ros_com_egg
In file included from [01m[K/usr/include/eigen3/Eigen/Core:164[m[K,
                 from [01m[K/usr/include/eigen3/Eigen/Dense:1[m[K,
                 from [01m[K/home/henryshum0/SUAS/src/px4_ros_com/src/examples/offboard/offboard_control.cpp:50[m[K:
/usr/include/eigen3/Eigen/src/Core/AssignEvaluator.h: In instantiation of ‘[01m[Kvoid Eigen::internal::call_assignment_no_alias(Dst&, const Src&, const Func&) [with Dst = Eigen::Matrix<double, 3, 1>; Src = Eigen::Matrix<float, 3, 1>; Func = Eigen::internal::assign_op<double, float>][m[K’:
[01m[K/usr/include/eigen3/Eigen/src/Core/PlainObjectBase.h:797:41:[m[K   required from ‘[01m[KDerived& Eigen::PlainObjectBase<Derived>::_set_noalias(const Eigen::DenseBase<OtherDerived>&) [with OtherDerived = Eigen::Matrix<float, 3, 1>; Derived = Eigen::Matrix<double, 3, 1>][m[K’
[01m[K/usr/include/eigen3/Eigen/src/Core/PlainObjectBase.h:594:19:[m[K   required from ‘[01m[KEigen::PlainObjectBase<Derived>::PlainObjectBase(const Eigen::DenseBase<OtherDerived>&) [with OtherDerived = Eigen::Matrix<float, 3, 1>; Derived = Eigen::Matrix<double, 3, 1>][m[K’
[01m[K/usr/include/eigen3/Eigen/src/Core/Matrix.h:423:29:[m[K   required from ‘[01m[KEigen::Matrix<_Scalar, _Rows, _Cols, _Options, _MaxRows, _MaxCols>::Matrix(const Eigen::EigenBase<OtherDerived>&) [with OtherDerived = Eigen::Matrix<float, 3, 1>; _Scalar = double; int _Rows = 3; int _Cols = 1; int _Options = 0; int _MaxRows = 3; int _MaxCols = 1][m[K’
[01m[K/home/henryshum0/SUAS/src/px4_ros_com/include/px4_ros_com/frame_transforms.h:348:31:[m[K   required from ‘[01m[KT px4_ros_com::frame_transforms::enu_to_ned_local_frame(const T&) [with T = Eigen::Matrix<float, 3, 1>][m[K’
[01m[K/home/henryshum0/SUAS/src/px4_ros_com/src/examples/offboard/offboard_control.cpp:158:39:[m[K   required from here
[01m[K/usr/include/eigen3/Eigen/src/Core/util/XprHelper.h:851:96:[m[K [01;31m[Kerror: [m[Kstatic assertion failed: YOU_MIXED_DIFFERENT_NUMERIC_TYPES__YOU_NEED_TO_USE_THE_CAST_METHOD_OF_MATRIXBASE_TO_CAST_NUMERIC_TYPES_EXPLICITLY
  851 |   EIGEN_STATIC_ASSERT([01;31m[K(Eigen::internal::has_ReturnType<ScalarBinaryOpTraits<LHS, RHS,BINOP> >::value)[m[K, \
      |                       [01;31m[K~~~~~~~~~~~~~~~~~~~~~~~~~~~~~~~~~~~~~~~~~~~~~~~~~~~~~~~~~~~~~~~~~~~~~~~~~^~~~~~[m[K
[01m[K/usr/include/eigen3/Eigen/src/Core/util/StaticAssert.h:33:54:[m[K [01;36m[Knote: [m[Kin definition of macro ‘[01m[KEIGEN_STATIC_ASSERT[m[K’
   33 |     #define EIGEN_STATIC_ASSERT(X,MSG) static_assert([01;36m[KX[m[K,#MSG);
      |                                                      [01;36m[K^[m[K
[01m[K/usr/include/eigen3/Eigen/src/Core/AssignEvaluator.h:888:3:[m[K [01;36m[Knote: [m[Kin expansion of macro ‘[01m[KEIGEN_CHECK_BINARY_COMPATIBILIY[m[K’
  888 |   [01;36m[KEIGEN_CHECK_BINARY_COMPATIBILIY[m[K(Func,typename ActualDstTypeCleaned::Scalar,typename Src::Scalar);
      |   [01;36m[K^~~~~~~~~~~~~~~~~~~~~~~~~~~~~~~[m[K
[01m[K/usr/include/eigen3/Eigen/src/Core/util/XprHelper.h:851:96:[m[K [01;36m[Knote: [m[K‘[01m[KEigen::internal::has_ReturnType<Eigen::ScalarBinaryOpTraits<double, float, Eigen::internal::assign_op<double, float> > >::value[m[K’ evaluates to false
  851 |   EIGEN_STATIC_ASSERT([01;36m[K(Eigen::internal::has_ReturnType<ScalarBinaryOpTraits<LHS, RHS,BINOP> >::value)[m[K, \
      |                       [01;36m[K~~~~~~~~~~~~~~~~~~~~~~~~~~~~~~~~~~~~~~~~~~~~~~~~~~~~~~~~~~~~~~~~~~~~~~~~~^~~~~~[m[K
[01m[K/usr/include/eigen3/Eigen/src/Core/util/StaticAssert.h:33:54:[m[K [01;36m[Knote: [m[Kin definition of macro ‘[01m[KEIGEN_STATIC_ASSERT[m[K’
   33 |     #define EIGEN_STATIC_ASSERT(X,MSG) static_assert([01;36m[KX[m[K,#MSG);
      |                                                      [01;36m[K^[m[K
[01m[K/usr/include/eigen3/Eigen/src/Core/AssignEvaluator.h:888:3:[m[K [01;36m[Knote: [m[Kin expansion of macro ‘[01m[KEIGEN_CHECK_BINARY_COMPATIBILIY[m[K’
  888 |   [01;36m[KEIGEN_CHECK_BINARY_COMPATIBILIY[m[K(Func,typename ActualDstTypeCleaned::Scalar,typename Src::Scalar);
      |   [01;36m[K^~~~~~~~~~~~~~~~~~~~~~~~~~~~~~~[m[K
/usr/include/eigen3/Eigen/src/Core/AssignEvaluator.h: In instantiation of ‘[01m[Kvoid Eigen::internal::call_assignment_no_alias(Dst&, const Src&, const Func&) [with Dst = Eigen::Matrix<float, 3, 1>; Src = Eigen::Matrix<double, 3, 1>; Func = Eigen::internal::assign_op<float, double>][m[K’:
[01m[K/usr/include/eigen3/Eigen/src/Core/PlainObjectBase.h:797:41:[m[K   required from ‘[01m[KDerived& Eigen::PlainObjectBase<Derived>::_set_noalias(const Eigen::DenseBase<OtherDerived>&) [with OtherDerived = Eigen::Matrix<double, 3, 1>; Derived = Eigen::Matrix<float, 3, 1>][m[K’
[01m[K/usr/include/eigen3/Eigen/src/Core/PlainObjectBase.h:594:19:[m[K   required from ‘[01m[KEigen::PlainObjectBase<Derived>::PlainObjectBase(const Eigen::DenseBase<OtherDerived>&) [with OtherDerived = Eigen::Matrix<double, 3, 1>; Derived = Eigen::Matrix<float, 3, 1>][m[K’
[01m[K/usr/include/eigen3/Eigen/src/Core/Matrix.h:423:29:[m[K   required from ‘[01m[KEigen::Matrix<_Scalar, _Rows, _Cols, _Options, _MaxRows, _MaxCols>::Matrix(const Eigen::EigenBase<OtherDerived>&) [with OtherDerived = Eigen::Matrix<double, 3, 1>; _Scalar = float; int _Rows = 3; int _Cols = 1; int _Options = 0; int _MaxRows = 3; int _MaxCols = 1][m[K’
[01m[K/home/henryshum0/SUAS/src/px4_ros_com/include/px4_ros_com/frame_transforms.h:348:56:[m[K   required from ‘[01m[KT px4_ros_com::frame_transforms::enu_to_ned_local_frame(const T&) [with T = Eigen::Matrix<float, 3, 1>][m[K’
[01m[K/home/henryshum0/SUAS/src/px4_ros_com/src/examples/offboard/offboard_control.cpp:158:39:[m[K   required from here
[01m[K/usr/include/eigen3/Eigen/src/Core/util/XprHelper.h:851:96:[m[K [01;31m[Kerror: [m[Kstatic assertion failed: YOU_MIXED_DIFFERENT_NUMERIC_TYPES__YOU_NEED_TO_USE_THE_CAST_METHOD_OF_MATRIXBASE_TO_CAST_NUMERIC_TYPES_EXPLICITLY
  851 |   EIGEN_STATIC_ASSERT([01;31m[K(Eigen::internal::has_ReturnType<ScalarBinaryOpTraits<LHS, RHS,BINOP> >::value)[m[K, \
      |                       [01;31m[K~~~~~~~~~~~~~~~~~~~~~~~~~~~~~~~~~~~~~~~~~~~~~~~~~~~~~~~~~~~~~~~~~~~~~~~~~^~~~~~[m[K
[01m[K/usr/include/eigen3/Eigen/src/Core/util/StaticAssert.h:33:54:[m[K [01;36m[Knote: [m[Kin definition of macro ‘[01m[KEIGEN_STATIC_ASSERT[m[K’
   33 |     #define EIGEN_STATIC_ASSERT(X,MSG) static_assert([01;36m[KX[m[K,#MSG);
      |                                                      [01;36m[K^[m[K
[01m[K/usr/include/eigen3/Eigen/src/Core/AssignEvaluator.h:888:3:[m[K [01;36m[Knote: [m[Kin expansion of macro ‘[01m[KEIGEN_CHECK_BINARY_COMPATIBILIY[m[K’
  888 |   [01;36m[KEIGEN_CHECK_BINARY_COMPATIBILIY[m[K(Func,typename ActualDstTypeCleaned::Scalar,typename Src::Scalar);
      |   [01;36m[K^~~~~~~~~~~~~~~~~~~~~~~~~~~~~~~[m[K
[01m[K/usr/include/eigen3/Eigen/src/Core/util/XprHelper.h:851:96:[m[K [01;36m[Knote: [m[K‘[01m[KEigen::internal::has_ReturnType<Eigen::ScalarBinaryOpTraits<float, double, Eigen::internal::assign_op<float, double> > >::value[m[K’ evaluates to false
  851 |   EIGEN_STATIC_ASSERT([01;36m[K(Eigen::internal::has_ReturnType<ScalarBinaryOpTraits<LHS, RHS,BINOP> >::value)[m[K, \
      |                       [01;36m[K~~~~~~~~~~~~~~~~~~~~~~~~~~~~~~~~~~~~~~~~~~~~~~~~~~~~~~~~~~~~~~~~~~~~~~~~~^~~~~~[m[K
[01m[K/usr/include/eigen3/Eigen/src/Core/util/StaticAssert.h:33:54:[m[K [01;36m[Knote: [m[Kin definition of macro ‘[01m[KEIGEN_STATIC_ASSERT[m[K’
   33 |     #define EIGEN_STATIC_ASSERT(X,MSG) static_assert([01;36m[KX[m[K,#MSG);
      |                                                      [01;36m[K^[m[K
[01m[K/usr/include/eigen3/Eigen/src/Core/AssignEvaluator.h:888:3:[m[K [01;36m[Knote: [m[Kin expansion of macro ‘[01m[KEIGEN_CHECK_BINARY_COMPATIBILIY[m[K’
  888 |   [01;36m[KEIGEN_CHECK_BINARY_COMPATIBILIY[m[K(Func,typename ActualDstTypeCleaned::Scalar,typename Src::Scalar);
      |   [01;36m[K^~~~~~~~~~~~~~~~~~~~~~~~~~~~~~~[m[K
gmake[2]: *** [CMakeFiles/offboard_control.dir/build.make:76: CMakeFiles/offboard_control.dir/src/examples/offboard/offboard_control.cpp.o] Error 1
gmake[1]: *** [CMakeFiles/Makefile2:254: CMakeFiles/offboard_control.dir/all] Error 2
gmake: *** [Makefile:146: all] Error 2
