[0.139s] Invoking command in '/home/henryshum0/SUAS/build/flight_control': CMAKE_PREFIX_PATH=/home/henryshum0/SUAS/install/px4_ros_com:/home/henryshum0/SUAS/install/px4_msgs:/home/henryshum0/SUAS/install/offboard_control_interfaces:/home/henryshum0/SUAS/install/flight_control:/opt/ros/humble LD_LIBRARY_PATH=/home/henryshum0/SUAS/install/px4_ros_com/lib:/home/henryshum0/SUAS/install/px4_msgs/lib:/home/henryshum0/SUAS/install/offboard_control_interfaces/lib:/home/henryshum0/SUAS/install/flight_control/lib:/opt/ros/humble/opt/rviz_ogre_vendor/lib:/opt/ros/humble/lib/x86_64-linux-gnu:/opt/ros/humble/lib /usr/bin/cmake --build /home/henryshum0/SUAS/build/flight_control -- -j16 -l16
[0.182s] [35m[1mConsolidate compiler generated dependencies of target flight_control_lib[0m
[0.187s] [  3%] Built target user_input
[0.187s] [  9%] Built target sensor_combined_listener
[0.187s] [  9%] Built target cmd_ack_listener
[0.188s] [ 12%] Built target publish_trj_listener
[0.189s] [ 21%] Built target nodesoup
[0.194s] [ 25%] Built target vehicle_pos_listener
[0.205s] [ 26%] [32mBuilding CXX object CMakeFiles/flight_control_lib.dir/src/flight_control/flight_executor.cpp.o[0m
[0.205s] [ 28%] [32mBuilding CXX object CMakeFiles/flight_control_lib.dir/src/flight_control/input_parser.cpp.o[0m
[0.216s] [ 87%] Built target matplot
[8.226s] [ 89%] [32m[1mLinking CXX shared library libflight_control_lib.so[0m
[9.529s] [ 96%] Built target flight_control_lib
[9.547s] [ 98%] [32m[1mLinking CXX executable offboard_controller[0m
[9.972s] [100%] Built target offboard_controller
[9.983s] Invoked command in '/home/henryshum0/SUAS/build/flight_control' returned '0': CMAKE_PREFIX_PATH=/home/henryshum0/SUAS/install/px4_ros_com:/home/henryshum0/SUAS/install/px4_msgs:/home/henryshum0/SUAS/install/offboard_control_interfaces:/home/henryshum0/SUAS/install/flight_control:/opt/ros/humble LD_LIBRARY_PATH=/home/henryshum0/SUAS/install/px4_ros_com/lib:/home/henryshum0/SUAS/install/px4_msgs/lib:/home/henryshum0/SUAS/install/offboard_control_interfaces/lib:/home/henryshum0/SUAS/install/flight_control/lib:/opt/ros/humble/opt/rviz_ogre_vendor/lib:/opt/ros/humble/lib/x86_64-linux-gnu:/opt/ros/humble/lib /usr/bin/cmake --build /home/henryshum0/SUAS/build/flight_control -- -j16 -l16
[9.992s] Invoking command in '/home/henryshum0/SUAS/build/flight_control': CMAKE_PREFIX_PATH=/home/henryshum0/SUAS/install/px4_ros_com:/home/henryshum0/SUAS/install/px4_msgs:/home/henryshum0/SUAS/install/offboard_control_interfaces:/home/henryshum0/SUAS/install/flight_control:/opt/ros/humble LD_LIBRARY_PATH=/home/henryshum0/SUAS/install/px4_ros_com/lib:/home/henryshum0/SUAS/install/px4_msgs/lib:/home/henryshum0/SUAS/install/offboard_control_interfaces/lib:/home/henryshum0/SUAS/install/flight_control/lib:/opt/ros/humble/opt/rviz_ogre_vendor/lib:/opt/ros/humble/lib/x86_64-linux-gnu:/opt/ros/humble/lib /usr/bin/cmake --install /home/henryshum0/SUAS/build/flight_control
[9.997s] -- Install configuration: ""
[9.998s] -- Installing: /home/henryshum0/SUAS/install/flight_control/lib/flight_control/offboard_controller
[9.998s] -- Set runtime path of "/home/henryshum0/SUAS/install/flight_control/lib/flight_control/offboard_controller" to ""
[9.998s] -- Up-to-date: /home/henryshum0/SUAS/install/flight_control/lib/flight_control/user_input
[9.998s] -- Up-to-date: /home/henryshum0/SUAS/install/flight_control/lib/flight_control/sensor_combined_listener
[9.998s] -- Up-to-date: /home/henryshum0/SUAS/install/flight_control/lib/flight_control/publish_trj_listener
[9.998s] -- Up-to-date: /home/henryshum0/SUAS/install/flight_control/lib/flight_control/vehicle_pos_listener
[9.999s] -- Up-to-date: /home/henryshum0/SUAS/install/flight_control/lib/flight_control/cmd_ack_listener
[9.999s] -- Up-to-date: /home/henryshum0/SUAS/install/flight_control/include/flight_control/include
[9.999s] -- Up-to-date: /home/henryshum0/SUAS/install/flight_control/include/flight_control/include/lib
[9.999s] -- Up-to-date: /home/henryshum0/SUAS/install/flight_control/include/flight_control/include/lib/utils.hpp
[9.999s] -- Up-to-date: /home/henryshum0/SUAS/install/flight_control/include/flight_control/include/vehicle_storage
[9.999s] -- Up-to-date: /home/henryshum0/SUAS/install/flight_control/include/flight_control/include/vehicle_storage/executor_storage.hpp
[9.999s] -- Up-to-date: /home/henryshum0/SUAS/install/flight_control/include/flight_control/include/vehicle_storage/vehicle_state_storage.hpp
[9.999s] -- Up-to-date: /home/henryshum0/SUAS/install/flight_control/include/flight_control/include/flight_control
[9.999s] -- Up-to-date: /home/henryshum0/SUAS/install/flight_control/include/flight_control/include/flight_control/state_subscribers.hpp
[10.000s] -- Up-to-date: /home/henryshum0/SUAS/install/flight_control/include/flight_control/include/flight_control/flight_executor.hpp
[10.000s] -- Up-to-date: /home/henryshum0/SUAS/install/flight_control/include/flight_control/include/flight_control/control_publishers.hpp
[10.000s] -- Up-to-date: /home/henryshum0/SUAS/install/flight_control/include/flight_control/include/flight_control/input_parser.hpp
[10.000s] -- Installing: /home/henryshum0/SUAS/install/flight_control/lib/libflight_control_lib.so
[10.022s] -- Set runtime path of "/home/henryshum0/SUAS/install/flight_control/lib/libflight_control_lib.so" to ""
[10.022s] -- Up-to-date: /home/henryshum0/SUAS/install/flight_control/share/ament_index/resource_index/package_run_dependencies/flight_control
[10.022s] -- Up-to-date: /home/henryshum0/SUAS/install/flight_control/share/ament_index/resource_index/parent_prefix_path/flight_control
[10.022s] -- Up-to-date: /home/henryshum0/SUAS/install/flight_control/share/flight_control/environment/ament_prefix_path.sh
[10.022s] -- Up-to-date: /home/henryshum0/SUAS/install/flight_control/share/flight_control/environment/ament_prefix_path.dsv
[10.022s] -- Up-to-date: /home/henryshum0/SUAS/install/flight_control/share/flight_control/environment/path.sh
[10.023s] -- Up-to-date: /home/henryshum0/SUAS/install/flight_control/share/flight_control/environment/path.dsv
[10.023s] -- Up-to-date: /home/henryshum0/SUAS/install/flight_control/share/flight_control/local_setup.bash
[10.023s] -- Up-to-date: /home/henryshum0/SUAS/install/flight_control/share/flight_control/local_setup.sh
[10.023s] -- Up-to-date: /home/henryshum0/SUAS/install/flight_control/share/flight_control/local_setup.zsh
[10.023s] -- Up-to-date: /home/henryshum0/SUAS/install/flight_control/share/flight_control/local_setup.dsv
[10.023s] -- Installing: /home/henryshum0/SUAS/install/flight_control/share/flight_control/package.dsv
[10.023s] -- Up-to-date: /home/henryshum0/SUAS/install/flight_control/share/ament_index/resource_index/packages/flight_control
[10.023s] -- Up-to-date: /home/henryshum0/SUAS/install/flight_control/share/flight_control/cmake/flight_controlConfig.cmake
[10.023s] -- Up-to-date: /home/henryshum0/SUAS/install/flight_control/share/flight_control/cmake/flight_controlConfig-version.cmake
[10.023s] -- Up-to-date: /home/henryshum0/SUAS/install/flight_control/share/flight_control/package.xml
[10.023s] -- Up-to-date: /home/henryshum0/SUAS/install/flight_control/include/matplot/detail/exports.h
[10.025s] Invoked command in '/home/henryshum0/SUAS/build/flight_control' returned '0': CMAKE_PREFIX_PATH=/home/henryshum0/SUAS/install/px4_ros_com:/home/henryshum0/SUAS/install/px4_msgs:/home/henryshum0/SUAS/install/offboard_control_interfaces:/home/henryshum0/SUAS/install/flight_control:/opt/ros/humble LD_LIBRARY_PATH=/home/henryshum0/SUAS/install/px4_ros_com/lib:/home/henryshum0/SUAS/install/px4_msgs/lib:/home/henryshum0/SUAS/install/offboard_control_interfaces/lib:/home/henryshum0/SUAS/install/flight_control/lib:/opt/ros/humble/opt/rviz_ogre_vendor/lib:/opt/ros/humble/lib/x86_64-linux-gnu:/opt/ros/humble/lib /usr/bin/cmake --install /home/henryshum0/SUAS/build/flight_control
