[0.087s] DEBUG:colcon:Command line arguments: ['/usr/bin/colcon', 'build']
[0.087s] DEBUG:colcon:Parsed command line arguments: Namespace(log_base=None, log_level=None, verb_name='build', build_base='build', install_base='install', merge_install=False, symlink_install=False, test_result_base=None, continue_on_error=False, executor='parallel', parallel_workers=16, event_handlers=None, ignore_user_meta=False, metas=['./colcon.meta'], base_paths=['.'], packages_ignore=None, packages_ignore_regex=None, paths=None, packages_up_to=None, packages_up_to_regex=None, packages_above=None, packages_above_and_dependencies=None, packages_above_depth=None, packages_select_by_dep=None, packages_skip_by_dep=None, packages_skip_up_to=None, packages_select_build_failed=False, packages_skip_build_finished=False, packages_select_test_failures=False, packages_skip_test_passed=False, packages_select=None, packages_skip=None, packages_select_regex=None, packages_skip_regex=None, packages_start=None, packages_end=None, allow_overriding=[], cmake_args=None, cmake_target=None, cmake_target_skip_unavailable=False, cmake_clean_cache=False, cmake_clean_first=False, cmake_force_configure=False, ament_cmake_args=None, catkin_cmake_args=None, catkin_skip_building_tests=False, mixin_files=None, mixin=None, verb_parser=<colcon_mixin.mixin.mixin_argument.MixinArgumentDecorator object at 0x7f5bfb601cc0>, verb_extension=<colcon_core.verb.build.BuildVerb object at 0x7f5bfb6fec50>, main=<bound method BuildVerb.main of <colcon_core.verb.build.BuildVerb object at 0x7f5bfb6fec50>>, mixin_verb=('build',))
[0.171s] Level 1:colcon.colcon_core.package_discovery:discover_packages(colcon_meta) check parameters
[0.171s] Level 1:colcon.colcon_core.package_discovery:discover_packages(recursive) check parameters
[0.171s] Level 1:colcon.colcon_core.package_discovery:discover_packages(ignore) check parameters
[0.171s] Level 1:colcon.colcon_core.package_discovery:discover_packages(path) check parameters
[0.171s] Level 1:colcon.colcon_core.package_discovery:discover_packages(colcon_meta) discover
[0.171s] Level 1:colcon.colcon_core.package_discovery:discover_packages(recursive) discover
[0.171s] INFO:colcon.colcon_core.package_discovery:Crawling recursively for packages in '/home/henryshum0/SUAS'
[0.172s] Level 1:colcon.colcon_core.package_identification:_identify(.) by extensions ['ignore', 'ignore_ament_install']
[0.172s] Level 1:colcon.colcon_core.package_identification:_identify(.) by extension 'ignore'
[0.172s] Level 1:colcon.colcon_core.package_identification:_identify(.) by extension 'ignore_ament_install'
[0.172s] Level 1:colcon.colcon_core.package_identification:_identify(.) by extensions ['colcon_pkg']
[0.172s] Level 1:colcon.colcon_core.package_identification:_identify(.) by extension 'colcon_pkg'
[0.172s] Level 1:colcon.colcon_core.package_identification:_identify(.) by extensions ['colcon_meta']
[0.172s] Level 1:colcon.colcon_core.package_identification:_identify(.) by extension 'colcon_meta'
[0.172s] Level 1:colcon.colcon_core.package_identification:_identify(.) by extensions ['ros']
[0.172s] Level 1:colcon.colcon_core.package_identification:_identify(.) by extension 'ros'
[0.178s] Level 1:colcon.colcon_core.package_identification:_identify(.) by extensions ['cmake', 'python']
[0.178s] Level 1:colcon.colcon_core.package_identification:_identify(.) by extension 'cmake'
[0.178s] Level 1:colcon.colcon_core.package_identification:_identify(.) by extension 'python'
[0.178s] Level 1:colcon.colcon_core.package_identification:_identify(.) by extensions ['python_setup_py']
[0.178s] Level 1:colcon.colcon_core.package_identification:_identify(.) by extension 'python_setup_py'
[0.178s] Level 1:colcon.colcon_core.package_identification:_identify(build) by extensions ['ignore', 'ignore_ament_install']
[0.178s] Level 1:colcon.colcon_core.package_identification:_identify(build) by extension 'ignore'
[0.178s] Level 1:colcon.colcon_core.package_identification:_identify(build) ignored
[0.178s] Level 1:colcon.colcon_core.package_identification:_identify(install) by extensions ['ignore', 'ignore_ament_install']
[0.178s] Level 1:colcon.colcon_core.package_identification:_identify(install) by extension 'ignore'
[0.179s] Level 1:colcon.colcon_core.package_identification:_identify(install) ignored
[0.179s] Level 1:colcon.colcon_core.package_identification:_identify(log) by extensions ['ignore', 'ignore_ament_install']
[0.179s] Level 1:colcon.colcon_core.package_identification:_identify(log) by extension 'ignore'
[0.179s] Level 1:colcon.colcon_core.package_identification:_identify(log) ignored
[0.179s] Level 1:colcon.colcon_core.package_identification:_identify(src) by extensions ['ignore', 'ignore_ament_install']
[0.179s] Level 1:colcon.colcon_core.package_identification:_identify(src) by extension 'ignore'
[0.179s] Level 1:colcon.colcon_core.package_identification:_identify(src) by extension 'ignore_ament_install'
[0.179s] Level 1:colcon.colcon_core.package_identification:_identify(src) by extensions ['colcon_pkg']
[0.179s] Level 1:colcon.colcon_core.package_identification:_identify(src) by extension 'colcon_pkg'
[0.179s] Level 1:colcon.colcon_core.package_identification:_identify(src) by extensions ['colcon_meta']
[0.179s] Level 1:colcon.colcon_core.package_identification:_identify(src) by extension 'colcon_meta'
[0.179s] Level 1:colcon.colcon_core.package_identification:_identify(src) by extensions ['ros']
[0.179s] Level 1:colcon.colcon_core.package_identification:_identify(src) by extension 'ros'
[0.179s] Level 1:colcon.colcon_core.package_identification:_identify(src) by extensions ['cmake', 'python']
[0.179s] Level 1:colcon.colcon_core.package_identification:_identify(src) by extension 'cmake'
[0.179s] Level 1:colcon.colcon_core.package_identification:_identify(src) by extension 'python'
[0.179s] Level 1:colcon.colcon_core.package_identification:_identify(src) by extensions ['python_setup_py']
[0.179s] Level 1:colcon.colcon_core.package_identification:_identify(src) by extension 'python_setup_py'
[0.179s] Level 1:colcon.colcon_core.package_identification:_identify(src/flight_control) by extensions ['ignore', 'ignore_ament_install']
[0.179s] Level 1:colcon.colcon_core.package_identification:_identify(src/flight_control) by extension 'ignore'
[0.179s] Level 1:colcon.colcon_core.package_identification:_identify(src/flight_control) by extension 'ignore_ament_install'
[0.179s] Level 1:colcon.colcon_core.package_identification:_identify(src/flight_control) by extensions ['colcon_pkg']
[0.179s] Level 1:colcon.colcon_core.package_identification:_identify(src/flight_control) by extension 'colcon_pkg'
[0.179s] Level 1:colcon.colcon_core.package_identification:_identify(src/flight_control) by extensions ['colcon_meta']
[0.179s] Level 1:colcon.colcon_core.package_identification:_identify(src/flight_control) by extension 'colcon_meta'
[0.179s] Level 1:colcon.colcon_core.package_identification:_identify(src/flight_control) by extensions ['ros']
[0.179s] Level 1:colcon.colcon_core.package_identification:_identify(src/flight_control) by extension 'ros'
[0.181s] DEBUG:colcon.colcon_core.package_identification:Package 'src/flight_control' with type 'ros.ament_cmake' and name 'flight_control'
[0.181s] Level 1:colcon.colcon_core.package_identification:_identify(src/px4_msgs) by extensions ['ignore', 'ignore_ament_install']
[0.181s] Level 1:colcon.colcon_core.package_identification:_identify(src/px4_msgs) by extension 'ignore'
[0.181s] Level 1:colcon.colcon_core.package_identification:_identify(src/px4_msgs) by extension 'ignore_ament_install'
[0.181s] Level 1:colcon.colcon_core.package_identification:_identify(src/px4_msgs) by extensions ['colcon_pkg']
[0.181s] Level 1:colcon.colcon_core.package_identification:_identify(src/px4_msgs) by extension 'colcon_pkg'
[0.181s] Level 1:colcon.colcon_core.package_identification:_identify(src/px4_msgs) by extensions ['colcon_meta']
[0.181s] Level 1:colcon.colcon_core.package_identification:_identify(src/px4_msgs) by extension 'colcon_meta'
[0.181s] Level 1:colcon.colcon_core.package_identification:_identify(src/px4_msgs) by extensions ['ros']
[0.181s] Level 1:colcon.colcon_core.package_identification:_identify(src/px4_msgs) by extension 'ros'
[0.182s] DEBUG:colcon.colcon_core.package_identification:Package 'src/px4_msgs' with type 'ros.ament_cmake' and name 'px4_msgs'
[0.182s] Level 1:colcon.colcon_core.package_identification:_identify(src/px4_ros_com) by extensions ['ignore', 'ignore_ament_install']
[0.182s] Level 1:colcon.colcon_core.package_identification:_identify(src/px4_ros_com) by extension 'ignore'
[0.182s] Level 1:colcon.colcon_core.package_identification:_identify(src/px4_ros_com) by extension 'ignore_ament_install'
[0.182s] Level 1:colcon.colcon_core.package_identification:_identify(src/px4_ros_com) by extensions ['colcon_pkg']
[0.182s] Level 1:colcon.colcon_core.package_identification:_identify(src/px4_ros_com) by extension 'colcon_pkg'
[0.182s] Level 1:colcon.colcon_core.package_identification:_identify(src/px4_ros_com) by extensions ['colcon_meta']
[0.182s] Level 1:colcon.colcon_core.package_identification:_identify(src/px4_ros_com) by extension 'colcon_meta'
[0.182s] Level 1:colcon.colcon_core.package_identification:_identify(src/px4_ros_com) by extensions ['ros']
[0.182s] Level 1:colcon.colcon_core.package_identification:_identify(src/px4_ros_com) by extension 'ros'
[0.182s] DEBUG:colcon.colcon_core.package_identification:Package 'src/px4_ros_com' with type 'ros.ament_cmake' and name 'px4_ros_com'
[0.183s] Level 1:colcon.colcon_core.package_discovery:discover_packages(recursive) using defaults
[0.183s] Level 1:colcon.colcon_core.package_discovery:discover_packages(ignore) discover
[0.183s] Level 1:colcon.colcon_core.package_discovery:discover_packages(ignore) using defaults
[0.183s] Level 1:colcon.colcon_core.package_discovery:discover_packages(path) discover
[0.183s] Level 1:colcon.colcon_core.package_discovery:discover_packages(path) using defaults
[0.200s] Level 1:colcon.colcon_core.package_discovery:discover_packages(prefix_path) check parameters
[0.200s] Level 1:colcon.colcon_core.package_discovery:discover_packages(prefix_path) discover
[0.201s] DEBUG:colcon.colcon_installed_package_information.package_discovery:Found 271 installed packages in /opt/ros/humble
[0.202s] Level 1:colcon.colcon_core.package_discovery:discover_packages(prefix_path) using defaults
[0.220s] Level 5:colcon.colcon_core.verb:set package 'px4_msgs' build argument 'cmake_args' from command line to 'None'
[0.220s] Level 5:colcon.colcon_core.verb:set package 'px4_msgs' build argument 'cmake_target' from command line to 'None'
[0.220s] Level 5:colcon.colcon_core.verb:set package 'px4_msgs' build argument 'cmake_target_skip_unavailable' from command line to 'False'
[0.220s] Level 5:colcon.colcon_core.verb:set package 'px4_msgs' build argument 'cmake_clean_cache' from command line to 'False'
[0.220s] Level 5:colcon.colcon_core.verb:set package 'px4_msgs' build argument 'cmake_clean_first' from command line to 'False'
[0.220s] Level 5:colcon.colcon_core.verb:set package 'px4_msgs' build argument 'cmake_force_configure' from command line to 'False'
[0.220s] Level 5:colcon.colcon_core.verb:set package 'px4_msgs' build argument 'ament_cmake_args' from command line to 'None'
[0.220s] Level 5:colcon.colcon_core.verb:set package 'px4_msgs' build argument 'catkin_cmake_args' from command line to 'None'
[0.220s] Level 5:colcon.colcon_core.verb:set package 'px4_msgs' build argument 'catkin_skip_building_tests' from command line to 'False'
[0.220s] DEBUG:colcon.colcon_core.verb:Building package 'px4_msgs' with the following arguments: {'ament_cmake_args': None, 'build_base': '/home/henryshum0/SUAS/build/px4_msgs', 'catkin_cmake_args': None, 'catkin_skip_building_tests': False, 'cmake_args': None, 'cmake_clean_cache': False, 'cmake_clean_first': False, 'cmake_force_configure': False, 'cmake_target': None, 'cmake_target_skip_unavailable': False, 'install_base': '/home/henryshum0/SUAS/install/px4_msgs', 'merge_install': False, 'path': '/home/henryshum0/SUAS/src/px4_msgs', 'symlink_install': False, 'test_result_base': None}
[0.221s] Level 5:colcon.colcon_core.verb:set package 'px4_ros_com' build argument 'cmake_args' from command line to 'None'
[0.221s] Level 5:colcon.colcon_core.verb:set package 'px4_ros_com' build argument 'cmake_target' from command line to 'None'
[0.221s] Level 5:colcon.colcon_core.verb:set package 'px4_ros_com' build argument 'cmake_target_skip_unavailable' from command line to 'False'
[0.221s] Level 5:colcon.colcon_core.verb:set package 'px4_ros_com' build argument 'cmake_clean_cache' from command line to 'False'
[0.221s] Level 5:colcon.colcon_core.verb:set package 'px4_ros_com' build argument 'cmake_clean_first' from command line to 'False'
[0.221s] Level 5:colcon.colcon_core.verb:set package 'px4_ros_com' build argument 'cmake_force_configure' from command line to 'False'
[0.221s] Level 5:colcon.colcon_core.verb:set package 'px4_ros_com' build argument 'ament_cmake_args' from command line to 'None'
[0.221s] Level 5:colcon.colcon_core.verb:set package 'px4_ros_com' build argument 'catkin_cmake_args' from command line to 'None'
[0.221s] Level 5:colcon.colcon_core.verb:set package 'px4_ros_com' build argument 'catkin_skip_building_tests' from command line to 'False'
[0.221s] DEBUG:colcon.colcon_core.verb:Building package 'px4_ros_com' with the following arguments: {'ament_cmake_args': None, 'build_base': '/home/henryshum0/SUAS/build/px4_ros_com', 'catkin_cmake_args': None, 'catkin_skip_building_tests': False, 'cmake_args': None, 'cmake_clean_cache': False, 'cmake_clean_first': False, 'cmake_force_configure': False, 'cmake_target': None, 'cmake_target_skip_unavailable': False, 'install_base': '/home/henryshum0/SUAS/install/px4_ros_com', 'merge_install': False, 'path': '/home/henryshum0/SUAS/src/px4_ros_com', 'symlink_install': False, 'test_result_base': None}
[0.221s] Level 5:colcon.colcon_core.verb:set package 'flight_control' build argument 'cmake_args' from command line to 'None'
[0.221s] Level 5:colcon.colcon_core.verb:set package 'flight_control' build argument 'cmake_target' from command line to 'None'
[0.221s] Level 5:colcon.colcon_core.verb:set package 'flight_control' build argument 'cmake_target_skip_unavailable' from command line to 'False'
[0.221s] Level 5:colcon.colcon_core.verb:set package 'flight_control' build argument 'cmake_clean_cache' from command line to 'False'
[0.221s] Level 5:colcon.colcon_core.verb:set package 'flight_control' build argument 'cmake_clean_first' from command line to 'False'
[0.221s] Level 5:colcon.colcon_core.verb:set package 'flight_control' build argument 'cmake_force_configure' from command line to 'False'
[0.221s] Level 5:colcon.colcon_core.verb:set package 'flight_control' build argument 'ament_cmake_args' from command line to 'None'
[0.221s] Level 5:colcon.colcon_core.verb:set package 'flight_control' build argument 'catkin_cmake_args' from command line to 'None'
[0.221s] Level 5:colcon.colcon_core.verb:set package 'flight_control' build argument 'catkin_skip_building_tests' from command line to 'False'
[0.221s] DEBUG:colcon.colcon_core.verb:Building package 'flight_control' with the following arguments: {'ament_cmake_args': None, 'build_base': '/home/henryshum0/SUAS/build/flight_control', 'catkin_cmake_args': None, 'catkin_skip_building_tests': False, 'cmake_args': None, 'cmake_clean_cache': False, 'cmake_clean_first': False, 'cmake_force_configure': False, 'cmake_target': None, 'cmake_target_skip_unavailable': False, 'install_base': '/home/henryshum0/SUAS/install/flight_control', 'merge_install': False, 'path': '/home/henryshum0/SUAS/src/flight_control', 'symlink_install': False, 'test_result_base': None}
[0.221s] INFO:colcon.colcon_core.executor:Executing jobs using 'parallel' executor
[0.222s] DEBUG:colcon.colcon_parallel_executor.executor.parallel:run_until_complete
[0.222s] INFO:colcon.colcon_ros.task.ament_cmake.build:Building ROS package in '/home/henryshum0/SUAS/src/px4_msgs' with build type 'ament_cmake'
[0.223s] INFO:colcon.colcon_cmake.task.cmake.build:Building CMake package in '/home/henryshum0/SUAS/src/px4_msgs'
[0.224s] INFO:colcon.colcon_core.plugin_system:Skipping extension 'colcon_core.shell.bat': Not used on non-Windows systems
[0.224s] INFO:colcon.colcon_core.shell:Skip shell extension 'powershell' for command environment: Not usable outside of PowerShell
[0.224s] DEBUG:colcon.colcon_core.shell:Skip shell extension 'dsv' for command environment
[0.230s] DEBUG:colcon.colcon_core.event_handler.log_command:Invoking command in '/home/henryshum0/SUAS/build/px4_msgs': CMAKE_PREFIX_PATH=/opt/ros/humble /usr/bin/cmake --build /home/henryshum0/SUAS/build/px4_msgs -- -j16 -l16
[115.544s] DEBUG:colcon.colcon_core.event_handler.log_command:Invoked command in '/home/henryshum0/SUAS/build/px4_msgs' returned '0': CMAKE_PREFIX_PATH=/opt/ros/humble /usr/bin/cmake --build /home/henryshum0/SUAS/build/px4_msgs -- -j16 -l16
[115.550s] DEBUG:colcon.colcon_core.event_handler.log_command:Invoking command in '/home/henryshum0/SUAS/build/px4_msgs': CMAKE_PREFIX_PATH=/opt/ros/humble /usr/bin/cmake --install /home/henryshum0/SUAS/build/px4_msgs
[116.228s] Level 1:colcon.colcon_core.environment:create_environment_scripts_only(px4_msgs)
[116.228s] DEBUG:colcon.colcon_core.event_handler.log_command:Invoked command in '/home/henryshum0/SUAS/build/px4_msgs' returned '0': CMAKE_PREFIX_PATH=/opt/ros/humble /usr/bin/cmake --install /home/henryshum0/SUAS/build/px4_msgs
[116.229s] Level 1:colcon.colcon_core.environment:checking '/home/henryshum0/SUAS/install/px4_msgs' for CMake module files
[116.230s] Level 1:colcon.colcon_core.environment:checking '/home/henryshum0/SUAS/install/px4_msgs' for CMake config files
[116.230s] Level 1:colcon.colcon_core.shell:create_environment_hook('px4_msgs', 'cmake_prefix_path')
[116.230s] INFO:colcon.colcon_core.shell:Creating environment hook '/home/henryshum0/SUAS/install/px4_msgs/share/px4_msgs/hook/cmake_prefix_path.ps1'
[116.231s] INFO:colcon.colcon_core.shell:Creating environment descriptor '/home/henryshum0/SUAS/install/px4_msgs/share/px4_msgs/hook/cmake_prefix_path.dsv'
[116.232s] INFO:colcon.colcon_core.shell:Creating environment hook '/home/henryshum0/SUAS/install/px4_msgs/share/px4_msgs/hook/cmake_prefix_path.sh'
[116.233s] Level 1:colcon.colcon_core.environment:checking '/home/henryshum0/SUAS/install/px4_msgs/lib'
[116.233s] Level 1:colcon.colcon_core.shell:create_environment_hook('px4_msgs', 'ld_library_path_lib')
[116.233s] INFO:colcon.colcon_core.shell:Creating environment hook '/home/henryshum0/SUAS/install/px4_msgs/share/px4_msgs/hook/ld_library_path_lib.ps1'
[116.233s] INFO:colcon.colcon_core.shell:Creating environment descriptor '/home/henryshum0/SUAS/install/px4_msgs/share/px4_msgs/hook/ld_library_path_lib.dsv'
[116.233s] INFO:colcon.colcon_core.shell:Creating environment hook '/home/henryshum0/SUAS/install/px4_msgs/share/px4_msgs/hook/ld_library_path_lib.sh'
[116.233s] Level 1:colcon.colcon_core.environment:checking '/home/henryshum0/SUAS/install/px4_msgs/bin'
[116.233s] Level 1:colcon.colcon_core.environment:checking '/home/henryshum0/SUAS/install/px4_msgs/lib/pkgconfig/px4_msgs.pc'
[116.234s] Level 1:colcon.colcon_core.environment:checking '/home/henryshum0/SUAS/install/px4_msgs/lib/python3.10/site-packages'
[116.234s] Level 1:colcon.colcon_core.environment:checking '/home/henryshum0/SUAS/install/px4_msgs/bin'
[116.234s] INFO:colcon.colcon_core.shell:Creating package script '/home/henryshum0/SUAS/install/px4_msgs/share/px4_msgs/package.ps1'
[116.234s] INFO:colcon.colcon_core.shell:Creating package descriptor '/home/henryshum0/SUAS/install/px4_msgs/share/px4_msgs/package.dsv'
[116.235s] INFO:colcon.colcon_core.shell:Creating package script '/home/henryshum0/SUAS/install/px4_msgs/share/px4_msgs/package.sh'
[116.235s] INFO:colcon.colcon_core.shell:Creating package script '/home/henryshum0/SUAS/install/px4_msgs/share/px4_msgs/package.bash'
[116.235s] INFO:colcon.colcon_core.shell:Creating package script '/home/henryshum0/SUAS/install/px4_msgs/share/px4_msgs/package.zsh'
[116.236s] Level 1:colcon.colcon_core.environment:create_file_with_runtime_dependencies(/home/henryshum0/SUAS/install/px4_msgs/share/colcon-core/packages/px4_msgs)
[116.236s] Level 1:colcon.colcon_core.environment:create_environment_scripts_only(px4_msgs)
[116.236s] Level 1:colcon.colcon_core.environment:checking '/home/henryshum0/SUAS/install/px4_msgs' for CMake module files
[116.237s] Level 1:colcon.colcon_core.environment:checking '/home/henryshum0/SUAS/install/px4_msgs' for CMake config files
[116.237s] Level 1:colcon.colcon_core.shell:create_environment_hook('px4_msgs', 'cmake_prefix_path')
[116.237s] INFO:colcon.colcon_core.shell:Creating environment hook '/home/henryshum0/SUAS/install/px4_msgs/share/px4_msgs/hook/cmake_prefix_path.ps1'
[116.237s] INFO:colcon.colcon_core.shell:Creating environment descriptor '/home/henryshum0/SUAS/install/px4_msgs/share/px4_msgs/hook/cmake_prefix_path.dsv'
[116.237s] INFO:colcon.colcon_core.shell:Creating environment hook '/home/henryshum0/SUAS/install/px4_msgs/share/px4_msgs/hook/cmake_prefix_path.sh'
[116.238s] Level 1:colcon.colcon_core.environment:checking '/home/henryshum0/SUAS/install/px4_msgs/lib'
[116.238s] Level 1:colcon.colcon_core.shell:create_environment_hook('px4_msgs', 'ld_library_path_lib')
[116.238s] INFO:colcon.colcon_core.shell:Creating environment hook '/home/henryshum0/SUAS/install/px4_msgs/share/px4_msgs/hook/ld_library_path_lib.ps1'
[116.238s] INFO:colcon.colcon_core.shell:Creating environment descriptor '/home/henryshum0/SUAS/install/px4_msgs/share/px4_msgs/hook/ld_library_path_lib.dsv'
[116.238s] INFO:colcon.colcon_core.shell:Creating environment hook '/home/henryshum0/SUAS/install/px4_msgs/share/px4_msgs/hook/ld_library_path_lib.sh'
[116.238s] Level 1:colcon.colcon_core.environment:checking '/home/henryshum0/SUAS/install/px4_msgs/bin'
[116.238s] Level 1:colcon.colcon_core.environment:checking '/home/henryshum0/SUAS/install/px4_msgs/lib/pkgconfig/px4_msgs.pc'
[116.239s] Level 1:colcon.colcon_core.environment:checking '/home/henryshum0/SUAS/install/px4_msgs/lib/python3.10/site-packages'
[116.239s] Level 1:colcon.colcon_core.environment:checking '/home/henryshum0/SUAS/install/px4_msgs/bin'
[116.239s] INFO:colcon.colcon_core.shell:Creating package script '/home/henryshum0/SUAS/install/px4_msgs/share/px4_msgs/package.ps1'
[116.239s] INFO:colcon.colcon_core.shell:Creating package descriptor '/home/henryshum0/SUAS/install/px4_msgs/share/px4_msgs/package.dsv'
[116.239s] INFO:colcon.colcon_core.shell:Creating package script '/home/henryshum0/SUAS/install/px4_msgs/share/px4_msgs/package.sh'
[116.239s] INFO:colcon.colcon_core.shell:Creating package script '/home/henryshum0/SUAS/install/px4_msgs/share/px4_msgs/package.bash'
[116.240s] INFO:colcon.colcon_core.shell:Creating package script '/home/henryshum0/SUAS/install/px4_msgs/share/px4_msgs/package.zsh'
[116.240s] Level 1:colcon.colcon_core.environment:create_file_with_runtime_dependencies(/home/henryshum0/SUAS/install/px4_msgs/share/colcon-core/packages/px4_msgs)
[116.240s] INFO:colcon.colcon_ros.task.ament_cmake.build:Building ROS package in '/home/henryshum0/SUAS/src/px4_ros_com' with build type 'ament_cmake'
[116.240s] INFO:colcon.colcon_cmake.task.cmake.build:Building CMake package in '/home/henryshum0/SUAS/src/px4_ros_com'
[116.241s] INFO:colcon.colcon_core.shell:Skip shell extension 'powershell' for command environment: Not usable outside of PowerShell
[116.241s] DEBUG:colcon.colcon_core.shell:Skip shell extension 'dsv' for command environment
[116.277s] DEBUG:colcon.colcon_core.event_handler.log_command:Invoking command in '/home/henryshum0/SUAS/build/px4_ros_com': AMENT_PREFIX_PATH=/home/henryshum0/SUAS/install/px4_msgs:${AMENT_PREFIX_PATH} CMAKE_PREFIX_PATH=/home/henryshum0/SUAS/install/px4_msgs:/opt/ros/humble LD_LIBRARY_PATH=/home/henryshum0/SUAS/install/px4_msgs/lib:${LD_LIBRARY_PATH} PYTHONPATH=/home/henryshum0/SUAS/install/px4_msgs/local/lib/python3.10/dist-packages:${PYTHONPATH} /usr/bin/cmake /home/henryshum0/SUAS/src/px4_ros_com -DCMAKE_INSTALL_PREFIX=/home/henryshum0/SUAS/install/px4_ros_com
[119.425s] DEBUG:colcon.colcon_core.event_handler.log_command:Invoked command in '/home/henryshum0/SUAS/build/px4_ros_com' returned '0': AMENT_PREFIX_PATH=/home/henryshum0/SUAS/install/px4_msgs:${AMENT_PREFIX_PATH} CMAKE_PREFIX_PATH=/home/henryshum0/SUAS/install/px4_msgs:/opt/ros/humble LD_LIBRARY_PATH=/home/henryshum0/SUAS/install/px4_msgs/lib:${LD_LIBRARY_PATH} PYTHONPATH=/home/henryshum0/SUAS/install/px4_msgs/local/lib/python3.10/dist-packages:${PYTHONPATH} /usr/bin/cmake /home/henryshum0/SUAS/src/px4_ros_com -DCMAKE_INSTALL_PREFIX=/home/henryshum0/SUAS/install/px4_ros_com
[119.426s] DEBUG:colcon.colcon_core.event_handler.log_command:Invoking command in '/home/henryshum0/SUAS/build/px4_ros_com': AMENT_PREFIX_PATH=/home/henryshum0/SUAS/install/px4_msgs:${AMENT_PREFIX_PATH} CMAKE_PREFIX_PATH=/home/henryshum0/SUAS/install/px4_msgs:/opt/ros/humble LD_LIBRARY_PATH=/home/henryshum0/SUAS/install/px4_msgs/lib:${LD_LIBRARY_PATH} PYTHONPATH=/home/henryshum0/SUAS/install/px4_msgs/local/lib/python3.10/dist-packages:${PYTHONPATH} /usr/bin/cmake --build /home/henryshum0/SUAS/build/px4_ros_com -- -j16 -l16
[127.429s] DEBUG:colcon.colcon_core.event_handler.log_command:Invoked command in '/home/henryshum0/SUAS/build/px4_ros_com' returned '0': AMENT_PREFIX_PATH=/home/henryshum0/SUAS/install/px4_msgs:${AMENT_PREFIX_PATH} CMAKE_PREFIX_PATH=/home/henryshum0/SUAS/install/px4_msgs:/opt/ros/humble LD_LIBRARY_PATH=/home/henryshum0/SUAS/install/px4_msgs/lib:${LD_LIBRARY_PATH} PYTHONPATH=/home/henryshum0/SUAS/install/px4_msgs/local/lib/python3.10/dist-packages:${PYTHONPATH} /usr/bin/cmake --build /home/henryshum0/SUAS/build/px4_ros_com -- -j16 -l16
[127.430s] DEBUG:colcon.colcon_core.event_handler.log_command:Invoking command in '/home/henryshum0/SUAS/build/px4_ros_com': AMENT_PREFIX_PATH=/home/henryshum0/SUAS/install/px4_msgs:${AMENT_PREFIX_PATH} CMAKE_PREFIX_PATH=/home/henryshum0/SUAS/install/px4_msgs:/opt/ros/humble LD_LIBRARY_PATH=/home/henryshum0/SUAS/install/px4_msgs/lib:${LD_LIBRARY_PATH} PYTHONPATH=/home/henryshum0/SUAS/install/px4_msgs/local/lib/python3.10/dist-packages:${PYTHONPATH} /usr/bin/cmake --install /home/henryshum0/SUAS/build/px4_ros_com
[127.470s] Level 1:colcon.colcon_core.environment:create_environment_scripts_only(px4_ros_com)
[127.471s] Level 1:colcon.colcon_core.environment:checking '/home/henryshum0/SUAS/install/px4_ros_com' for CMake module files
[127.471s] DEBUG:colcon.colcon_core.event_handler.log_command:Invoked command in '/home/henryshum0/SUAS/build/px4_ros_com' returned '0': AMENT_PREFIX_PATH=/home/henryshum0/SUAS/install/px4_msgs:${AMENT_PREFIX_PATH} CMAKE_PREFIX_PATH=/home/henryshum0/SUAS/install/px4_msgs:/opt/ros/humble LD_LIBRARY_PATH=/home/henryshum0/SUAS/install/px4_msgs/lib:${LD_LIBRARY_PATH} PYTHONPATH=/home/henryshum0/SUAS/install/px4_msgs/local/lib/python3.10/dist-packages:${PYTHONPATH} /usr/bin/cmake --install /home/henryshum0/SUAS/build/px4_ros_com
[127.471s] Level 1:colcon.colcon_core.environment:checking '/home/henryshum0/SUAS/install/px4_ros_com' for CMake config files
[127.472s] Level 1:colcon.colcon_core.shell:create_environment_hook('px4_ros_com', 'cmake_prefix_path')
[127.472s] INFO:colcon.colcon_core.shell:Creating environment hook '/home/henryshum0/SUAS/install/px4_ros_com/share/px4_ros_com/hook/cmake_prefix_path.ps1'
[127.472s] INFO:colcon.colcon_core.shell:Creating environment descriptor '/home/henryshum0/SUAS/install/px4_ros_com/share/px4_ros_com/hook/cmake_prefix_path.dsv'
[127.472s] INFO:colcon.colcon_core.shell:Creating environment hook '/home/henryshum0/SUAS/install/px4_ros_com/share/px4_ros_com/hook/cmake_prefix_path.sh'
[127.473s] Level 1:colcon.colcon_core.environment:checking '/home/henryshum0/SUAS/install/px4_ros_com/lib'
[127.473s] Level 1:colcon.colcon_core.shell:create_environment_hook('px4_ros_com', 'ld_library_path_lib')
[127.473s] INFO:colcon.colcon_core.shell:Creating environment hook '/home/henryshum0/SUAS/install/px4_ros_com/share/px4_ros_com/hook/ld_library_path_lib.ps1'
[127.473s] INFO:colcon.colcon_core.shell:Creating environment descriptor '/home/henryshum0/SUAS/install/px4_ros_com/share/px4_ros_com/hook/ld_library_path_lib.dsv'
[127.473s] INFO:colcon.colcon_core.shell:Creating environment hook '/home/henryshum0/SUAS/install/px4_ros_com/share/px4_ros_com/hook/ld_library_path_lib.sh'
[127.473s] Level 1:colcon.colcon_core.environment:checking '/home/henryshum0/SUAS/install/px4_ros_com/bin'
[127.473s] Level 1:colcon.colcon_core.environment:checking '/home/henryshum0/SUAS/install/px4_ros_com/lib/pkgconfig/px4_ros_com.pc'
[127.474s] Level 1:colcon.colcon_core.environment:checking '/home/henryshum0/SUAS/install/px4_ros_com/lib/python3.10/site-packages'
[127.474s] Level 1:colcon.colcon_core.environment:checking '/home/henryshum0/SUAS/install/px4_ros_com/bin'
[127.474s] INFO:colcon.colcon_core.shell:Creating package script '/home/henryshum0/SUAS/install/px4_ros_com/share/px4_ros_com/package.ps1'
[127.474s] INFO:colcon.colcon_core.shell:Creating package descriptor '/home/henryshum0/SUAS/install/px4_ros_com/share/px4_ros_com/package.dsv'
[127.474s] INFO:colcon.colcon_core.shell:Creating package script '/home/henryshum0/SUAS/install/px4_ros_com/share/px4_ros_com/package.sh'
[127.475s] INFO:colcon.colcon_core.shell:Creating package script '/home/henryshum0/SUAS/install/px4_ros_com/share/px4_ros_com/package.bash'
[127.475s] INFO:colcon.colcon_core.shell:Creating package script '/home/henryshum0/SUAS/install/px4_ros_com/share/px4_ros_com/package.zsh'
[127.475s] Level 1:colcon.colcon_core.environment:create_file_with_runtime_dependencies(/home/henryshum0/SUAS/install/px4_ros_com/share/colcon-core/packages/px4_ros_com)
[127.475s] Level 1:colcon.colcon_core.environment:create_environment_scripts_only(px4_ros_com)
[127.476s] Level 1:colcon.colcon_core.environment:checking '/home/henryshum0/SUAS/install/px4_ros_com' for CMake module files
[127.476s] Level 1:colcon.colcon_core.environment:checking '/home/henryshum0/SUAS/install/px4_ros_com' for CMake config files
[127.476s] Level 1:colcon.colcon_core.shell:create_environment_hook('px4_ros_com', 'cmake_prefix_path')
[127.476s] INFO:colcon.colcon_core.shell:Creating environment hook '/home/henryshum0/SUAS/install/px4_ros_com/share/px4_ros_com/hook/cmake_prefix_path.ps1'
[127.476s] INFO:colcon.colcon_core.shell:Creating environment descriptor '/home/henryshum0/SUAS/install/px4_ros_com/share/px4_ros_com/hook/cmake_prefix_path.dsv'
[127.477s] INFO:colcon.colcon_core.shell:Creating environment hook '/home/henryshum0/SUAS/install/px4_ros_com/share/px4_ros_com/hook/cmake_prefix_path.sh'
[127.477s] Level 1:colcon.colcon_core.environment:checking '/home/henryshum0/SUAS/install/px4_ros_com/lib'
[127.477s] Level 1:colcon.colcon_core.shell:create_environment_hook('px4_ros_com', 'ld_library_path_lib')
[127.477s] INFO:colcon.colcon_core.shell:Creating environment hook '/home/henryshum0/SUAS/install/px4_ros_com/share/px4_ros_com/hook/ld_library_path_lib.ps1'
[127.477s] INFO:colcon.colcon_core.shell:Creating environment descriptor '/home/henryshum0/SUAS/install/px4_ros_com/share/px4_ros_com/hook/ld_library_path_lib.dsv'
[127.478s] INFO:colcon.colcon_core.shell:Creating environment hook '/home/henryshum0/SUAS/install/px4_ros_com/share/px4_ros_com/hook/ld_library_path_lib.sh'
[127.478s] Level 1:colcon.colcon_core.environment:checking '/home/henryshum0/SUAS/install/px4_ros_com/bin'
[127.478s] Level 1:colcon.colcon_core.environment:checking '/home/henryshum0/SUAS/install/px4_ros_com/lib/pkgconfig/px4_ros_com.pc'
[127.478s] Level 1:colcon.colcon_core.environment:checking '/home/henryshum0/SUAS/install/px4_ros_com/lib/python3.10/site-packages'
[127.478s] Level 1:colcon.colcon_core.environment:checking '/home/henryshum0/SUAS/install/px4_ros_com/bin'
[127.478s] INFO:colcon.colcon_core.shell:Creating package script '/home/henryshum0/SUAS/install/px4_ros_com/share/px4_ros_com/package.ps1'
[127.479s] INFO:colcon.colcon_core.shell:Creating package descriptor '/home/henryshum0/SUAS/install/px4_ros_com/share/px4_ros_com/package.dsv'
[127.479s] INFO:colcon.colcon_core.shell:Creating package script '/home/henryshum0/SUAS/install/px4_ros_com/share/px4_ros_com/package.sh'
[127.479s] INFO:colcon.colcon_core.shell:Creating package script '/home/henryshum0/SUAS/install/px4_ros_com/share/px4_ros_com/package.bash'
[127.479s] INFO:colcon.colcon_core.shell:Creating package script '/home/henryshum0/SUAS/install/px4_ros_com/share/px4_ros_com/package.zsh'
[127.479s] Level 1:colcon.colcon_core.environment:create_file_with_runtime_dependencies(/home/henryshum0/SUAS/install/px4_ros_com/share/colcon-core/packages/px4_ros_com)
[127.480s] INFO:colcon.colcon_ros.task.ament_cmake.build:Building ROS package in '/home/henryshum0/SUAS/src/flight_control' with build type 'ament_cmake'
[127.480s] INFO:colcon.colcon_cmake.task.cmake.build:Building CMake package in '/home/henryshum0/SUAS/src/flight_control'
[127.480s] INFO:colcon.colcon_core.shell:Skip shell extension 'powershell' for command environment: Not usable outside of PowerShell
[127.480s] DEBUG:colcon.colcon_core.shell:Skip shell extension 'dsv' for command environment
[127.532s] DEBUG:colcon.colcon_core.event_handler.log_command:Invoking command in '/home/henryshum0/SUAS/build/flight_control': AMENT_PREFIX_PATH=/home/henryshum0/SUAS/install/px4_ros_com:/home/henryshum0/SUAS/install/px4_msgs:${AMENT_PREFIX_PATH} CMAKE_PREFIX_PATH=/home/henryshum0/SUAS/install/px4_ros_com:/home/henryshum0/SUAS/install/px4_msgs:/opt/ros/humble LD_LIBRARY_PATH=/home/henryshum0/SUAS/install/px4_ros_com/lib:/home/henryshum0/SUAS/install/px4_msgs/lib:${LD_LIBRARY_PATH} PYTHONPATH=/home/henryshum0/SUAS/install/px4_ros_com/local/lib/python3.10/dist-packages:/home/henryshum0/SUAS/install/px4_msgs/local/lib/python3.10/dist-packages:${PYTHONPATH} /usr/bin/cmake /home/henryshum0/SUAS/src/flight_control -DCMAKE_INSTALL_PREFIX=/home/henryshum0/SUAS/install/flight_control
[130.576s] DEBUG:colcon.colcon_core.event_handler.log_command:Invoked command in '/home/henryshum0/SUAS/build/flight_control' returned '0': AMENT_PREFIX_PATH=/home/henryshum0/SUAS/install/px4_ros_com:/home/henryshum0/SUAS/install/px4_msgs:${AMENT_PREFIX_PATH} CMAKE_PREFIX_PATH=/home/henryshum0/SUAS/install/px4_ros_com:/home/henryshum0/SUAS/install/px4_msgs:/opt/ros/humble LD_LIBRARY_PATH=/home/henryshum0/SUAS/install/px4_ros_com/lib:/home/henryshum0/SUAS/install/px4_msgs/lib:${LD_LIBRARY_PATH} PYTHONPATH=/home/henryshum0/SUAS/install/px4_ros_com/local/lib/python3.10/dist-packages:/home/henryshum0/SUAS/install/px4_msgs/local/lib/python3.10/dist-packages:${PYTHONPATH} /usr/bin/cmake /home/henryshum0/SUAS/src/flight_control -DCMAKE_INSTALL_PREFIX=/home/henryshum0/SUAS/install/flight_control
[130.577s] DEBUG:colcon.colcon_core.event_handler.log_command:Invoking command in '/home/henryshum0/SUAS/build/flight_control': AMENT_PREFIX_PATH=/home/henryshum0/SUAS/install/px4_ros_com:/home/henryshum0/SUAS/install/px4_msgs:${AMENT_PREFIX_PATH} CMAKE_PREFIX_PATH=/home/henryshum0/SUAS/install/px4_ros_com:/home/henryshum0/SUAS/install/px4_msgs:/opt/ros/humble LD_LIBRARY_PATH=/home/henryshum0/SUAS/install/px4_ros_com/lib:/home/henryshum0/SUAS/install/px4_msgs/lib:${LD_LIBRARY_PATH} PYTHONPATH=/home/henryshum0/SUAS/install/px4_ros_com/local/lib/python3.10/dist-packages:/home/henryshum0/SUAS/install/px4_msgs/local/lib/python3.10/dist-packages:${PYTHONPATH} /usr/bin/cmake --build /home/henryshum0/SUAS/build/flight_control -- -j16 -l16
[130.596s] DEBUG:colcon.colcon_core.event_handler.log_command:Invoked command in '/home/henryshum0/SUAS/build/flight_control' returned '0': AMENT_PREFIX_PATH=/home/henryshum0/SUAS/install/px4_ros_com:/home/henryshum0/SUAS/install/px4_msgs:${AMENT_PREFIX_PATH} CMAKE_PREFIX_PATH=/home/henryshum0/SUAS/install/px4_ros_com:/home/henryshum0/SUAS/install/px4_msgs:/opt/ros/humble LD_LIBRARY_PATH=/home/henryshum0/SUAS/install/px4_ros_com/lib:/home/henryshum0/SUAS/install/px4_msgs/lib:${LD_LIBRARY_PATH} PYTHONPATH=/home/henryshum0/SUAS/install/px4_ros_com/local/lib/python3.10/dist-packages:/home/henryshum0/SUAS/install/px4_msgs/local/lib/python3.10/dist-packages:${PYTHONPATH} /usr/bin/cmake --build /home/henryshum0/SUAS/build/flight_control -- -j16 -l16
[130.597s] DEBUG:colcon.colcon_core.event_handler.log_command:Invoking command in '/home/henryshum0/SUAS/build/flight_control': AMENT_PREFIX_PATH=/home/henryshum0/SUAS/install/px4_ros_com:/home/henryshum0/SUAS/install/px4_msgs:${AMENT_PREFIX_PATH} CMAKE_PREFIX_PATH=/home/henryshum0/SUAS/install/px4_ros_com:/home/henryshum0/SUAS/install/px4_msgs:/opt/ros/humble LD_LIBRARY_PATH=/home/henryshum0/SUAS/install/px4_ros_com/lib:/home/henryshum0/SUAS/install/px4_msgs/lib:${LD_LIBRARY_PATH} PYTHONPATH=/home/henryshum0/SUAS/install/px4_ros_com/local/lib/python3.10/dist-packages:/home/henryshum0/SUAS/install/px4_msgs/local/lib/python3.10/dist-packages:${PYTHONPATH} /usr/bin/cmake --install /home/henryshum0/SUAS/build/flight_control
[130.603s] Level 1:colcon.colcon_core.environment:create_environment_scripts_only(flight_control)
[130.604s] Level 1:colcon.colcon_core.environment:checking '/home/henryshum0/SUAS/install/flight_control' for CMake module files
[130.604s] DEBUG:colcon.colcon_core.event_handler.log_command:Invoked command in '/home/henryshum0/SUAS/build/flight_control' returned '0': AMENT_PREFIX_PATH=/home/henryshum0/SUAS/install/px4_ros_com:/home/henryshum0/SUAS/install/px4_msgs:${AMENT_PREFIX_PATH} CMAKE_PREFIX_PATH=/home/henryshum0/SUAS/install/px4_ros_com:/home/henryshum0/SUAS/install/px4_msgs:/opt/ros/humble LD_LIBRARY_PATH=/home/henryshum0/SUAS/install/px4_ros_com/lib:/home/henryshum0/SUAS/install/px4_msgs/lib:${LD_LIBRARY_PATH} PYTHONPATH=/home/henryshum0/SUAS/install/px4_ros_com/local/lib/python3.10/dist-packages:/home/henryshum0/SUAS/install/px4_msgs/local/lib/python3.10/dist-packages:${PYTHONPATH} /usr/bin/cmake --install /home/henryshum0/SUAS/build/flight_control
[130.604s] Level 1:colcon.colcon_core.environment:checking '/home/henryshum0/SUAS/install/flight_control' for CMake config files
[130.604s] Level 1:colcon.colcon_core.shell:create_environment_hook('flight_control', 'cmake_prefix_path')
[130.604s] INFO:colcon.colcon_core.shell:Creating environment hook '/home/henryshum0/SUAS/install/flight_control/share/flight_control/hook/cmake_prefix_path.ps1'
[130.605s] INFO:colcon.colcon_core.shell:Creating environment descriptor '/home/henryshum0/SUAS/install/flight_control/share/flight_control/hook/cmake_prefix_path.dsv'
[130.605s] INFO:colcon.colcon_core.shell:Creating environment hook '/home/henryshum0/SUAS/install/flight_control/share/flight_control/hook/cmake_prefix_path.sh'
[130.605s] Level 1:colcon.colcon_core.environment:checking '/home/henryshum0/SUAS/install/flight_control/bin'
[130.605s] Level 1:colcon.colcon_core.environment:checking '/home/henryshum0/SUAS/install/flight_control/lib/pkgconfig/flight_control.pc'
[130.605s] Level 1:colcon.colcon_core.environment:checking '/home/henryshum0/SUAS/install/flight_control/lib/python3.10/site-packages'
[130.606s] Level 1:colcon.colcon_core.environment:checking '/home/henryshum0/SUAS/install/flight_control/bin'
[130.606s] INFO:colcon.colcon_core.shell:Creating package script '/home/henryshum0/SUAS/install/flight_control/share/flight_control/package.ps1'
[130.606s] INFO:colcon.colcon_core.shell:Creating package descriptor '/home/henryshum0/SUAS/install/flight_control/share/flight_control/package.dsv'
[130.606s] INFO:colcon.colcon_core.shell:Creating package script '/home/henryshum0/SUAS/install/flight_control/share/flight_control/package.sh'
[130.606s] INFO:colcon.colcon_core.shell:Creating package script '/home/henryshum0/SUAS/install/flight_control/share/flight_control/package.bash'
[130.607s] INFO:colcon.colcon_core.shell:Creating package script '/home/henryshum0/SUAS/install/flight_control/share/flight_control/package.zsh'
[130.607s] Level 1:colcon.colcon_core.environment:create_file_with_runtime_dependencies(/home/henryshum0/SUAS/install/flight_control/share/colcon-core/packages/flight_control)
[130.607s] Level 1:colcon.colcon_core.environment:create_environment_scripts_only(flight_control)
[130.607s] Level 1:colcon.colcon_core.environment:checking '/home/henryshum0/SUAS/install/flight_control' for CMake module files
[130.608s] Level 1:colcon.colcon_core.environment:checking '/home/henryshum0/SUAS/install/flight_control' for CMake config files
[130.608s] Level 1:colcon.colcon_core.shell:create_environment_hook('flight_control', 'cmake_prefix_path')
[130.608s] INFO:colcon.colcon_core.shell:Creating environment hook '/home/henryshum0/SUAS/install/flight_control/share/flight_control/hook/cmake_prefix_path.ps1'
[130.608s] INFO:colcon.colcon_core.shell:Creating environment descriptor '/home/henryshum0/SUAS/install/flight_control/share/flight_control/hook/cmake_prefix_path.dsv'
[130.608s] INFO:colcon.colcon_core.shell:Creating environment hook '/home/henryshum0/SUAS/install/flight_control/share/flight_control/hook/cmake_prefix_path.sh'
[130.608s] Level 1:colcon.colcon_core.environment:checking '/home/henryshum0/SUAS/install/flight_control/bin'
[130.608s] Level 1:colcon.colcon_core.environment:checking '/home/henryshum0/SUAS/install/flight_control/lib/pkgconfig/flight_control.pc'
[130.609s] Level 1:colcon.colcon_core.environment:checking '/home/henryshum0/SUAS/install/flight_control/lib/python3.10/site-packages'
[130.609s] Level 1:colcon.colcon_core.environment:checking '/home/henryshum0/SUAS/install/flight_control/bin'
[130.609s] INFO:colcon.colcon_core.shell:Creating package script '/home/henryshum0/SUAS/install/flight_control/share/flight_control/package.ps1'
[130.609s] INFO:colcon.colcon_core.shell:Creating package descriptor '/home/henryshum0/SUAS/install/flight_control/share/flight_control/package.dsv'
[130.609s] INFO:colcon.colcon_core.shell:Creating package script '/home/henryshum0/SUAS/install/flight_control/share/flight_control/package.sh'
[130.609s] INFO:colcon.colcon_core.shell:Creating package script '/home/henryshum0/SUAS/install/flight_control/share/flight_control/package.bash'
[130.610s] INFO:colcon.colcon_core.shell:Creating package script '/home/henryshum0/SUAS/install/flight_control/share/flight_control/package.zsh'
[130.610s] Level 1:colcon.colcon_core.environment:create_file_with_runtime_dependencies(/home/henryshum0/SUAS/install/flight_control/share/colcon-core/packages/flight_control)
[130.610s] DEBUG:colcon.colcon_parallel_executor.executor.parallel:closing loop
[130.611s] DEBUG:colcon.colcon_parallel_executor.executor.parallel:loop closed
[130.611s] DEBUG:colcon.colcon_parallel_executor.executor.parallel:run_until_complete finished with '0'
[130.611s] DEBUG:colcon.colcon_core.event_reactor:joining thread
[130.624s] INFO:colcon.colcon_core.plugin_system:Skipping extension 'colcon_notification.desktop_notification.notify_send': Could not find 'notify-send'
[130.624s] INFO:colcon.colcon_core.plugin_system:Skipping extension 'colcon_notification.desktop_notification.terminal_notifier': Not used on non-Darwin systems
[130.624s] INFO:colcon.colcon_core.plugin_system:Skipping extension 'colcon_notification.desktop_notification.win32': Not used on non-Windows systems
[130.624s] INFO:colcon.colcon_notification.desktop_notification:Sending desktop notification using 'notify2'
[130.624s] DEBUG:colcon.colcon_notification.desktop_notification.notify2:Failed to initialize notify2: org.freedesktop.DBus.Error.FileNotFound: Failed to connect to socket /run/user/1000/bus: No such file or directory
[130.624s] DEBUG:colcon.colcon_core.event_reactor:joined thread
[130.625s] INFO:colcon.colcon_core.shell:Creating prefix script '/home/henryshum0/SUAS/install/local_setup.ps1'
[130.625s] INFO:colcon.colcon_core.shell:Creating prefix util module '/home/henryshum0/SUAS/install/_local_setup_util_ps1.py'
[130.626s] INFO:colcon.colcon_core.shell:Creating prefix chain script '/home/henryshum0/SUAS/install/setup.ps1'
[130.626s] INFO:colcon.colcon_core.shell:Creating prefix script '/home/henryshum0/SUAS/install/local_setup.sh'
[130.627s] INFO:colcon.colcon_core.shell:Creating prefix util module '/home/henryshum0/SUAS/install/_local_setup_util_sh.py'
[130.627s] INFO:colcon.colcon_core.shell:Creating prefix chain script '/home/henryshum0/SUAS/install/setup.sh'
[130.627s] INFO:colcon.colcon_core.shell:Creating prefix script '/home/henryshum0/SUAS/install/local_setup.bash'
[130.628s] INFO:colcon.colcon_core.shell:Creating prefix chain script '/home/henryshum0/SUAS/install/setup.bash'
[130.628s] INFO:colcon.colcon_core.shell:Creating prefix script '/home/henryshum0/SUAS/install/local_setup.zsh'
[130.629s] INFO:colcon.colcon_core.shell:Creating prefix chain script '/home/henryshum0/SUAS/install/setup.zsh'
