-- The C compiler identification is GNU 11.4.0
-- The CXX compiler identification is GNU 11.4.0
-- Detecting C compiler ABI info
-- Detecting C compiler ABI info - done
-- Check for working C compiler: /usr/bin/cc - skipped
-- Detecting C compile features
-- Detecting C compile features - done
-- Detecting CXX compiler ABI info
-- Detecting CXX compiler ABI info - done
-- Check for working CXX compiler: /usr/bin/c++ - skipped
-- Detecting CXX compile features
-- Detecting CXX compile features - done
-- Found ament_cmake: 1.3.11 (/opt/ros/humble/share/ament_cmake/cmake)
-- Found Python3: /usr/bin/python3 (found version "3.10.12") found components: Interpreter 
-- Found rclcpp: 16.0.11 (/opt/ros/humble/share/rclcpp/cmake)
-- Found rosidl_generator_c: 3.1.6 (/opt/ros/humble/share/rosidl_generator_c/cmake)
-- Found rosidl_adapter: 3.1.6 (/opt/ros/humble/share/rosidl_adapter/cmake)
-- Found rosidl_generator_cpp: 3.1.6 (/opt/ros/humble/share/rosidl_generator_cpp/cmake)
-- Using all available rosidl_typesupport_c: rosidl_typesupport_fastrtps_c;rosidl_typesupport_introspection_c
-- Using all available rosidl_typesupport_cpp: rosidl_typesupport_fastrtps_cpp;rosidl_typesupport_introspection_cpp
-- Found rmw_implementation_cmake: 6.1.2 (/opt/ros/humble/share/rmw_implementation_cmake/cmake)
-- Found rmw_fastrtps_cpp: 6.2.7 (/opt/ros/humble/share/rmw_fastrtps_cpp/cmake)
-- Found OpenSSL: /usr/lib/x86_64-linux-gnu/libcrypto.so (found version "3.0.2")  
-- Found FastRTPS: /opt/ros/humble/include  
-- Using RMW implementation 'rmw_fastrtps_cpp' as default
-- Looking for pthread.h
-- Looking for pthread.h - found
-- Performing Test CMAKE_HAVE_LIBC_PTHREAD
-- Performing Test CMAKE_HAVE_LIBC_PTHREAD - Success
-- Found Threads: TRUE  
-- Found px4_msgs: 2.0.1 (/home/henryshum0/SUAS/install/px4_msgs/share/px4_msgs/cmake)
-- Found px4_ros_com: 0.1.0 (/home/henryshum0/SUAS/install/px4_ros_com/share/px4_ros_com/cmake)
-- Found Eigen3: TRUE (found version "3.4.0") 
-- Found ament_lint_auto: 0.12.11 (/opt/ros/humble/share/ament_lint_auto/cmake)
-- Added test 'cppcheck' to perform static code analysis on C / C++ code
-- Configured cppcheck include dirs: /home/henryshum0/SUAS/src/flight_control/include
-- Configured cppcheck exclude dirs and/or files: 
-- Added test 'lint_cmake' to check CMake code style
-- Added test 'uncrustify' to check C / C++ code style
-- Configured uncrustify additional arguments: 
-- Added test 'xmllint' to check XML markup files
-- Configuring done
-- Generating done
-- Build files have been written to: /home/henryshum0/SUAS/build/flight_control
-- Install configuration: ""
-- Installing: /home/henryshum0/SUAS/install/flight_control/include/flight_control/include
-- Installing: /home/henryshum0/SUAS/install/flight_control/include/flight_control/include/lib
-- Installing: /home/henryshum0/SUAS/install/flight_control/include/flight_control/include/lib/enums.hpp
-- Installing: /home/henryshum0/SUAS/install/flight_control/include/flight_control/include/lib/utils.hpp
-- Installing: /home/henryshum0/SUAS/install/flight_control/include/flight_control/include/flight_mode
-- Installing: /home/henryshum0/SUAS/install/flight_control/include/flight_control/include/flight_mode/flight_mode.hpp
-- Installing: /home/henryshum0/SUAS/install/flight_control/include/flight_control/include/flight_mode/flight_mode_enums.hpp
-- Installing: /home/henryshum0/SUAS/install/flight_control/include/flight_control/include/flight_control
-- Installing: /home/henryshum0/SUAS/install/flight_control/include/flight_control/include/flight_control/state_subscribers.hpp
-- Installing: /home/henryshum0/SUAS/install/flight_control/include/flight_control/include/flight_control/mode_executor.hpp
-- Installing: /home/henryshum0/SUAS/install/flight_control/include/flight_control/include/flight_control/offboard_controller.hpp
-- Installing: /home/henryshum0/SUAS/install/flight_control/include/flight_control/include/flight_control/control_publishers.hpp
-- Installing: /home/henryshum0/SUAS/install/flight_control/include/flight_control/include/flight_control/vehicle_state.hpp
-- Installing: /home/henryshum0/SUAS/install/flight_control/share/ament_index/resource_index/package_run_dependencies/flight_control
-- Installing: /home/henryshum0/SUAS/install/flight_control/share/ament_index/resource_index/parent_prefix_path/flight_control
-- Installing: /home/henryshum0/SUAS/install/flight_control/share/flight_control/environment/ament_prefix_path.sh
-- Installing: /home/henryshum0/SUAS/install/flight_control/share/flight_control/environment/ament_prefix_path.dsv
-- Installing: /home/henryshum0/SUAS/install/flight_control/share/flight_control/environment/path.sh
-- Installing: /home/henryshum0/SUAS/install/flight_control/share/flight_control/environment/path.dsv
-- Installing: /home/henryshum0/SUAS/install/flight_control/share/flight_control/local_setup.bash
-- Installing: /home/henryshum0/SUAS/install/flight_control/share/flight_control/local_setup.sh
-- Installing: /home/henryshum0/SUAS/install/flight_control/share/flight_control/local_setup.zsh
-- Installing: /home/henryshum0/SUAS/install/flight_control/share/flight_control/local_setup.dsv
-- Installing: /home/henryshum0/SUAS/install/flight_control/share/flight_control/package.dsv
-- Installing: /home/henryshum0/SUAS/install/flight_control/share/ament_index/resource_index/packages/flight_control
-- Installing: /home/henryshum0/SUAS/install/flight_control/share/flight_control/cmake/flight_controlConfig.cmake
-- Installing: /home/henryshum0/SUAS/install/flight_control/share/flight_control/cmake/flight_controlConfig-version.cmake
-- Installing: /home/henryshum0/SUAS/install/flight_control/share/flight_control/package.xml
