-- Found ament_cmake: 1.3.11 (/opt/ros/humble/share/ament_cmake/cmake)
-- Found rclcpp: 16.0.11 (/opt/ros/humble/share/rclcpp/cmake)
-- Found rosidl_generator_c: 3.1.6 (/opt/ros/humble/share/rosidl_generator_c/cmake)
-- Found rosidl_adapter: 3.1.6 (/opt/ros/humble/share/rosidl_adapter/cmake)
-- Found rosidl_generator_cpp: 3.1.6 (/opt/ros/humble/share/rosidl_generator_cpp/cmake)
-- Using all available rosidl_typesupport_c: rosidl_typesupport_fastrtps_c;rosidl_typesupport_introspection_c
-- Using all available rosidl_typesupport_cpp: rosidl_typesupport_fastrtps_cpp;rosidl_typesupport_introspection_cpp
-- Found rmw_implementation_cmake: 6.1.2 (/opt/ros/humble/share/rmw_implementation_cmake/cmake)
-- Found rmw_fastrtps_cpp: 6.2.7 (/opt/ros/humble/share/rmw_fastrtps_cpp/cmake)
-- Using RMW implementation 'rmw_fastrtps_cpp' as default
-- Found px4_msgs: 2.0.1 (/home/henryshum0/SUAS/install/px4_msgs/share/px4_msgs/cmake)
-- Found px4_ros_com: 0.1.0 (/home/henryshum0/SUAS/install/px4_ros_com/share/px4_ros_com/cmake)
-- Found rosidl_default_generators: 1.2.0 (/opt/ros/humble/share/rosidl_default_generators/cmake)
-- Found ament_cmake_ros: 0.10.0 (/opt/ros/humble/share/ament_cmake_ros/cmake)
-- Using all available rosidl_typesupport_c: rosidl_typesupport_fastrtps_c;rosidl_typesupport_introspection_c
-- Using all available rosidl_typesupport_cpp: rosidl_typesupport_fastrtps_cpp;rosidl_typesupport_introspection_cpp
-- Found PythonInterp: /usr/bin/python3 (found suitable version "3.10.12", minimum required is "3.6") 
-- Found python_cmake_module: 0.10.0 (/opt/ros/humble/share/python_cmake_module/cmake)
-- Found PythonLibs: /usr/lib/x86_64-linux-gnu/libpython3.10.so (found suitable version "3.10.12", minimum required is "3.5") 
-- Using PYTHON_EXECUTABLE: /usr/bin/python3
-- Using PYTHON_INCLUDE_DIRS: /usr/include/python3.10
-- Using PYTHON_LIBRARIES: /usr/lib/x86_64-linux-gnu/libpython3.10.so
-- Found PythonExtra: .so  
-- Could NOT find FFTW (missing: FFTW_INCLUDE_DIRS) 
-- Found ament_lint_auto: 0.12.11 (/opt/ros/humble/share/ament_lint_auto/cmake)
-- Added test 'cppcheck' to perform static code analysis on C / C++ code
-- Configured cppcheck include dirs: /home/henryshum0/SUAS/src/flight_control/include;$<BUILD_INTERFACE:/home/henryshum0/SUAS/src/flight_control/include>
-- Configured cppcheck exclude dirs and/or files: 
-- Added test 'lint_cmake' to check CMake code style
-- Added test 'uncrustify' to check C / C++ code style
-- Configured uncrustify additional arguments: 
-- Added test 'xmllint' to check XML markup files
-- Configuring done
-- Generating done
-- Build files have been written to: /home/henryshum0/SUAS/build/flight_control
[  1%] [34m[1mGenerating C code for ROS interfaces[0m
[35m[1mConsolidate compiler generated dependencies of target nodesoup[0m
[  2%] [34m[1mGenerating C++ code for ROS interfaces[0m
[35m[1mConsolidate compiler generated dependencies of target flight_control_lib[0m
[  3%] [32mBuilding CXX object CMakeFiles/sensor_combined_listener.dir/src/monitoring/sensors_listener.cpp.o[0m
[  4%] [32mBuilding CXX object CMakeFiles/cmd_ack_listener.dir/src/monitoring/cmd_ack_listener.cpp.o[0m
[  5%] [32mBuilding CXX object CMakeFiles/vehicle_pos_listener.dir/src/monitoring/local_pos_listener.cpp.o[0m
[  5%] Built target ament_cmake_python_copy_flight_control
[  6%] [32mBuilding CXX object matplotplusplus/source/3rd_party/CMakeFiles/nodesoup.dir/nodesoup/src/fruchterman_reingold.cpp.o[0m
[  7%] [32mBuilding CXX object matplotplusplus/source/3rd_party/CMakeFiles/nodesoup.dir/nodesoup/src/kamada_kawai.cpp.o[0m
[  8%] [32mBuilding CXX object matplotplusplus/source/3rd_party/CMakeFiles/nodesoup.dir/nodesoup/src/algebra.cpp.o[0m
[  9%] [32mBuilding CXX object matplotplusplus/source/3rd_party/CMakeFiles/nodesoup.dir/nodesoup/src/layout.cpp.o[0m
[ 10%] [32mBuilding CXX object matplotplusplus/source/3rd_party/CMakeFiles/nodesoup.dir/nodesoup/src/nodesoup.cpp.o[0m
[ 11%] [32mBuilding CXX object CMakeFiles/publish_trj_listener.dir/src/monitoring/publish_trj_listener.cpp.o[0m
[ 13%] [32mBuilding CXX object CMakeFiles/flight_control_lib.dir/src/flight_control/control_publishers.cpp.o[0m
[ 14%] [32mBuilding CXX object CMakeFiles/flight_control_lib.dir/src/flight_control/flight_executor.cpp.o[0m
[ 15%] [32mBuilding CXX object CMakeFiles/flight_control_lib.dir/src/flight_control/state_subscribers.cpp.o[0m
[ 16%] [32mBuilding CXX object CMakeFiles/flight_control_lib.dir/src/vehicle_storage/vehicle_state_storage.cpp.o[0m
running egg_info
creating flight_control.egg-info
writing flight_control.egg-info/PKG-INFO
writing dependency_links to flight_control.egg-info/dependency_links.txt
writing top-level names to flight_control.egg-info/top_level.txt
writing manifest file 'flight_control.egg-info/SOURCES.txt'
reading manifest file 'flight_control.egg-info/SOURCES.txt'
writing manifest file 'flight_control.egg-info/SOURCES.txt'
[ 16%] Built target ament_cmake_python_build_flight_control_egg
[ 17%] [32mBuilding CXX object CMakeFiles/flight_control_lib.dir/src/vehicle_storage/executor_storage.cpp.o[0m
[ 17%] Built target flight_control__cpp
[ 18%] [32mBuilding CXX object CMakeFiles/flight_control_lib.dir/src/lib/frame_conversion.cpp.o[0m
[ 19%] [34m[1mGenerating C++ type support for eProsima Fast-RTPS[0m
[ 20%] [32mBuilding C object CMakeFiles/flight_control__rosidl_generator_c.dir/rosidl_generator_c/flight_control/msg/detail/user_command__functions.c.o[0m
[ 21%] [34m[1mGenerating C++ type support dispatch for ROS interfaces[0m
[ 22%] [34m[1mGenerating C++ introspection for ROS interfaces[0m
[ 23%] [32m[1mLinking C shared library libflight_control__rosidl_generator_c.so[0m
[ 25%] [32m[1mLinking CXX static library libnodesoup.a[0m
[ 25%] Built target nodesoup
[ 25%] Built target flight_control__rosidl_generator_c
[35m[1mConsolidate compiler generated dependencies of target matplot[0m
[ 26%] [34m[1mGenerating C type support for eProsima Fast-RTPS[0m
[ 27%] [34m[1mGenerating C introspection for ROS interfaces[0m
[ 28%] [32mBuilding CXX object matplotplusplus/source/matplot/CMakeFiles/matplot.dir/backend/backend_interface.cpp.o[0m
[ 29%] [32mBuilding CXX object CMakeFiles/flight_control__rosidl_typesupport_cpp.dir/rosidl_typesupport_cpp/flight_control/msg/user_command__type_support.cpp.o[0m
[ 30%] [32mBuilding CXX object CMakeFiles/flight_control__rosidl_typesupport_fastrtps_cpp.dir/rosidl_typesupport_fastrtps_cpp/flight_control/msg/detail/dds_fastrtps/user_command__type_support.cpp.o[0m
[ 31%] [32mBuilding CXX object CMakeFiles/flight_control__rosidl_typesupport_introspection_cpp.dir/rosidl_typesupport_introspection_cpp/flight_control/msg/detail/user_command__type_support.cpp.o[0m
[ 32%] [32m[1mLinking CXX shared library libflight_control__rosidl_typesupport_cpp.so[0m
[ 33%] [32mBuilding C object CMakeFiles/flight_control__rosidl_typesupport_introspection_c.dir/rosidl_typesupport_introspection_c/flight_control/msg/detail/user_command__type_support.c.o[0m
[ 34%] [32m[1mLinking C shared library libflight_control__rosidl_typesupport_introspection_c.so[0m
[ 35%] [32mBuilding CXX object CMakeFiles/flight_control__rosidl_typesupport_fastrtps_c.dir/rosidl_typesupport_fastrtps_c/flight_control/msg/detail/user_command__type_support_c.cpp.o[0m
[ 35%] Built target flight_control__rosidl_typesupport_cpp
[ 36%] [34m[1mGenerating C type support dispatch for ROS interfaces[0m
[ 38%] [32m[1mLinking CXX shared library libflight_control__rosidl_typesupport_fastrtps_cpp.so[0m
[ 39%] [32m[1mLinking CXX shared library libflight_control__rosidl_typesupport_introspection_cpp.so[0m
[ 39%] Built target flight_control__rosidl_typesupport_introspection_c
[ 40%] [32mBuilding CXX object matplotplusplus/source/matplot/CMakeFiles/matplot.dir/backend/gnuplot.cpp.o[0m
[ 40%] Built target flight_control__rosidl_typesupport_introspection_cpp
[ 41%] [32mBuilding CXX object matplotplusplus/source/matplot/CMakeFiles/matplot.dir/backend/backend_registry.cpp.o[0m
[ 41%] Built target flight_control__rosidl_typesupport_fastrtps_cpp
[ 42%] [32mBuilding CXX object matplotplusplus/source/matplot/CMakeFiles/matplot.dir/core/axes_type.cpp.o[0m
[ 43%] [32mBuilding CXX object matplotplusplus/source/matplot/CMakeFiles/matplot.dir/core/axes_object.cpp.o[0m
[ 44%] [32mBuilding CXX object matplotplusplus/source/matplot/CMakeFiles/matplot.dir/core/axis_type.cpp.o[0m
[ 45%] [32m[1mLinking CXX shared library libflight_control__rosidl_typesupport_fastrtps_c.so[0m
[ 46%] [32mBuilding CXX object CMakeFiles/flight_control__rosidl_typesupport_c.dir/rosidl_typesupport_c/flight_control/msg/user_command__type_support.cpp.o[0m
[ 47%] [32m[1mLinking CXX shared library libflight_control__rosidl_typesupport_c.so[0m
[ 48%] [32mBuilding CXX object matplotplusplus/source/matplot/CMakeFiles/matplot.dir/core/figure_type.cpp.o[0m
[ 48%] Built target flight_control__rosidl_typesupport_c
[ 48%] Built target flight_control__rosidl_typesupport_fastrtps_c
[ 50%] [32mBuilding CXX object matplotplusplus/source/matplot/CMakeFiles/matplot.dir/core/figure_registry.cpp.o[0m
[ 51%] [32mBuilding CXX object matplotplusplus/source/matplot/CMakeFiles/matplot.dir/core/legend.cpp.o[0m
[ 51%] Built target flight_control
[ 52%] [32mBuilding CXX object matplotplusplus/source/matplot/CMakeFiles/matplot.dir/core/line_spec.cpp.o[0m
[ 53%] [32mBuilding CXX object matplotplusplus/source/matplot/CMakeFiles/matplot.dir/util/colors.cpp.o[0m
[ 54%] [32mBuilding CXX object matplotplusplus/source/matplot/CMakeFiles/matplot.dir/util/common.cpp.o[0m
[ 55%] [32mBuilding CXX object matplotplusplus/source/matplot/CMakeFiles/matplot.dir/util/contourc.cpp.o[0m
[ 56%] [32mBuilding CXX object matplotplusplus/source/matplot/CMakeFiles/matplot.dir/util/popen.cpp.o[0m
[ 57%] [32mBuilding CXX object matplotplusplus/source/matplot/CMakeFiles/matplot.dir/util/world_cities.cpp.o[0m
[ 58%] [32mBuilding CXX object matplotplusplus/source/matplot/CMakeFiles/matplot.dir/util/world_map_10m.cpp.o[0m
[ 59%] [32mBuilding CXX object matplotplusplus/source/matplot/CMakeFiles/matplot.dir/util/world_map_50m.cpp.o[0m
[ 60%] [32mBuilding CXX object matplotplusplus/source/matplot/CMakeFiles/matplot.dir/util/world_map_110m.cpp.o[0m
[ 61%] [32mBuilding CXX object matplotplusplus/source/matplot/CMakeFiles/matplot.dir/axes_objects/bars.cpp.o[0m
[ 63%] [32mBuilding CXX object matplotplusplus/source/matplot/CMakeFiles/matplot.dir/axes_objects/box_chart.cpp.o[0m
[ 64%] [32mBuilding CXX object matplotplusplus/source/matplot/CMakeFiles/matplot.dir/axes_objects/circles.cpp.o[0m
[ 65%] [32mBuilding CXX object matplotplusplus/source/matplot/CMakeFiles/matplot.dir/axes_objects/contours.cpp.o[0m
[ 66%] [32mBuilding CXX object matplotplusplus/source/matplot/CMakeFiles/matplot.dir/axes_objects/error_bar.cpp.o[0m
[ 67%] [32mBuilding CXX object matplotplusplus/source/matplot/CMakeFiles/matplot.dir/axes_objects/filled_area.cpp.o[0m
[ 68%] [32mBuilding CXX object matplotplusplus/source/matplot/CMakeFiles/matplot.dir/axes_objects/function_line.cpp.o[0m
[ 69%] [32mBuilding CXX object matplotplusplus/source/matplot/CMakeFiles/matplot.dir/axes_objects/histogram.cpp.o[0m
[ 70%] [32mBuilding CXX object matplotplusplus/source/matplot/CMakeFiles/matplot.dir/axes_objects/labels.cpp.o[0m
[ 71%] [32mBuilding CXX object matplotplusplus/source/matplot/CMakeFiles/matplot.dir/axes_objects/line.cpp.o[0m
[ 72%] [32mBuilding CXX object matplotplusplus/source/matplot/CMakeFiles/matplot.dir/axes_objects/matrix.cpp.o[0m
[ 73%] [32mBuilding CXX object matplotplusplus/source/matplot/CMakeFiles/matplot.dir/axes_objects/network.cpp.o[0m
[ 75%] [32mBuilding CXX object matplotplusplus/source/matplot/CMakeFiles/matplot.dir/axes_objects/parallel_lines.cpp.o[0m
[ 76%] [32mBuilding CXX object matplotplusplus/source/matplot/CMakeFiles/matplot.dir/axes_objects/stair.cpp.o[0m
[ 77%] [32mBuilding CXX object matplotplusplus/source/matplot/CMakeFiles/matplot.dir/axes_objects/string_function.cpp.o[0m
[ 78%] [32mBuilding CXX object matplotplusplus/source/matplot/CMakeFiles/matplot.dir/axes_objects/surface.cpp.o[0m
[ 80%] [32mBuilding CXX object matplotplusplus/source/matplot/CMakeFiles/matplot.dir/freestanding/axes_functions.cpp.o[0m
[ 80%] [32mBuilding CXX object matplotplusplus/source/matplot/CMakeFiles/matplot.dir/axes_objects/vectors.cpp.o[0m
[ 81%] [32mBuilding CXX object matplotplusplus/source/matplot/CMakeFiles/matplot.dir/freestanding/histcounts.cpp.o[0m
[ 82%] [34m[1mGenerating Python code for ROS interfaces[0m
[ 82%] Built target flight_control__py
[ 83%] [32mBuilding C object CMakeFiles/flight_control__rosidl_generator_py.dir/rosidl_generator_py/flight_control/msg/_user_command_s.c.o[0m
[ 84%] [32m[1mLinking C shared library rosidl_generator_py/flight_control/libflight_control__rosidl_generator_py.so[0m
[ 84%] Built target flight_control__rosidl_generator_py
[ 85%] [32mBuilding C object CMakeFiles/flight_control__rosidl_typesupport_introspection_c__pyext.dir/rosidl_generator_py/flight_control/_flight_control_s.ep.rosidl_typesupport_introspection_c.c.o[0m
[ 86%] [32mBuilding C object CMakeFiles/flight_control__rosidl_typesupport_c__pyext.dir/rosidl_generator_py/flight_control/_flight_control_s.ep.rosidl_typesupport_c.c.o[0m
[ 88%] [32mBuilding C object CMakeFiles/flight_control__rosidl_typesupport_fastrtps_c__pyext.dir/rosidl_generator_py/flight_control/_flight_control_s.ep.rosidl_typesupport_fastrtps_c.c.o[0m
[ 89%] [32m[1mLinking C shared library rosidl_generator_py/flight_control/flight_control_s__rosidl_typesupport_introspection_c.cpython-310-x86_64-linux-gnu.so[0m
[ 90%] [32m[1mLinking C shared library rosidl_generator_py/flight_control/flight_control_s__rosidl_typesupport_c.cpython-310-x86_64-linux-gnu.so[0m
[ 91%] [32m[1mLinking C shared library rosidl_generator_py/flight_control/flight_control_s__rosidl_typesupport_fastrtps_c.cpython-310-x86_64-linux-gnu.so[0m
[ 91%] Built target flight_control__rosidl_typesupport_c__pyext
[ 91%] Built target flight_control__rosidl_typesupport_introspection_c__pyext
[ 91%] Built target flight_control__rosidl_typesupport_fastrtps_c__pyext
[ 92%] [32m[1mLinking CXX executable vehicle_pos_listener[0m
[ 92%] Built target vehicle_pos_listener
[ 93%] [32m[1mLinking CXX executable cmd_ack_listener[0m
[ 94%] [32m[1mLinking CXX executable publish_trj_listener[0m
[ 95%] [32m[1mLinking CXX executable sensor_combined_listener[0m
[ 95%] Built target cmd_ack_listener
[ 95%] Built target publish_trj_listener
[ 95%] Built target sensor_combined_listener
[ 96%] [32m[1mLinking CXX shared library libmatplot.so[0m
[ 96%] Built target matplot
[ 97%] [32m[1mLinking CXX shared library libflight_control_lib.so[0m
[ 97%] Built target flight_control_lib
[35m[1mConsolidate compiler generated dependencies of target offboard_controller[0m
[ 98%] [32mBuilding CXX object CMakeFiles/offboard_controller.dir/src/main.cpp.o[0m
[100%] [32m[1mLinking CXX executable offboard_controller[0m
[100%] Built target offboard_controller
-- Install configuration: ""
-- Installing: /home/henryshum0/SUAS/install/flight_control/share/ament_index/resource_index/rosidl_interfaces/flight_control
-- Installing: /home/henryshum0/SUAS/install/flight_control/include/flight_control/flight_control
-- Installing: /home/henryshum0/SUAS/install/flight_control/include/flight_control/flight_control/msg
-- Installing: /home/henryshum0/SUAS/install/flight_control/include/flight_control/flight_control/msg/rosidl_generator_c__visibility_control.h
-- Installing: /home/henryshum0/SUAS/install/flight_control/include/flight_control/flight_control/msg/detail
-- Installing: /home/henryshum0/SUAS/install/flight_control/include/flight_control/flight_control/msg/detail/user_command__struct.h
-- Installing: /home/henryshum0/SUAS/install/flight_control/include/flight_control/flight_control/msg/detail/user_command__functions.h
-- Installing: /home/henryshum0/SUAS/install/flight_control/include/flight_control/flight_control/msg/detail/user_command__functions.c
-- Installing: /home/henryshum0/SUAS/install/flight_control/include/flight_control/flight_control/msg/detail/user_command__type_support.h
-- Installing: /home/henryshum0/SUAS/install/flight_control/include/flight_control/flight_control/msg/user_command.h
-- Installing: /home/henryshum0/SUAS/install/flight_control/share/flight_control/environment/library_path.sh
-- Installing: /home/henryshum0/SUAS/install/flight_control/share/flight_control/environment/library_path.dsv
-- Installing: /home/henryshum0/SUAS/install/flight_control/lib/libflight_control__rosidl_generator_c.so
-- Set runtime path of "/home/henryshum0/SUAS/install/flight_control/lib/libflight_control__rosidl_generator_c.so" to ""
-- Up-to-date: /home/henryshum0/SUAS/install/flight_control/include/flight_control/flight_control
-- Up-to-date: /home/henryshum0/SUAS/install/flight_control/include/flight_control/flight_control/msg
-- Installing: /home/henryshum0/SUAS/install/flight_control/include/flight_control/flight_control/msg/rosidl_typesupport_fastrtps_c__visibility_control.h
-- Up-to-date: /home/henryshum0/SUAS/install/flight_control/include/flight_control/flight_control/msg/detail
-- Installing: /home/henryshum0/SUAS/install/flight_control/include/flight_control/flight_control/msg/detail/user_command__rosidl_typesupport_fastrtps_c.h
-- Installing: /home/henryshum0/SUAS/install/flight_control/lib/libflight_control__rosidl_typesupport_fastrtps_c.so
-- Set runtime path of "/home/henryshum0/SUAS/install/flight_control/lib/libflight_control__rosidl_typesupport_fastrtps_c.so" to ""
-- Up-to-date: /home/henryshum0/SUAS/install/flight_control/include/flight_control/flight_control
-- Up-to-date: /home/henryshum0/SUAS/install/flight_control/include/flight_control/flight_control/msg
-- Installing: /home/henryshum0/SUAS/install/flight_control/include/flight_control/flight_control/msg/rosidl_generator_cpp__visibility_control.hpp
-- Installing: /home/henryshum0/SUAS/install/flight_control/include/flight_control/flight_control/msg/user_command.hpp
-- Up-to-date: /home/henryshum0/SUAS/install/flight_control/include/flight_control/flight_control/msg/detail
-- Installing: /home/henryshum0/SUAS/install/flight_control/include/flight_control/flight_control/msg/detail/user_command__traits.hpp
-- Installing: /home/henryshum0/SUAS/install/flight_control/include/flight_control/flight_control/msg/detail/user_command__struct.hpp
-- Installing: /home/henryshum0/SUAS/install/flight_control/include/flight_control/flight_control/msg/detail/user_command__type_support.hpp
-- Installing: /home/henryshum0/SUAS/install/flight_control/include/flight_control/flight_control/msg/detail/user_command__builder.hpp
-- Up-to-date: /home/henryshum0/SUAS/install/flight_control/include/flight_control/flight_control
-- Up-to-date: /home/henryshum0/SUAS/install/flight_control/include/flight_control/flight_control/msg
-- Installing: /home/henryshum0/SUAS/install/flight_control/include/flight_control/flight_control/msg/rosidl_typesupport_fastrtps_cpp__visibility_control.h
-- Up-to-date: /home/henryshum0/SUAS/install/flight_control/include/flight_control/flight_control/msg/detail
-- Installing: /home/henryshum0/SUAS/install/flight_control/include/flight_control/flight_control/msg/detail/user_command__rosidl_typesupport_fastrtps_cpp.hpp
-- Installing: /home/henryshum0/SUAS/install/flight_control/include/flight_control/flight_control/msg/detail/dds_fastrtps
-- Installing: /home/henryshum0/SUAS/install/flight_control/lib/libflight_control__rosidl_typesupport_fastrtps_cpp.so
-- Set runtime path of "/home/henryshum0/SUAS/install/flight_control/lib/libflight_control__rosidl_typesupport_fastrtps_cpp.so" to ""
-- Up-to-date: /home/henryshum0/SUAS/install/flight_control/include/flight_control/flight_control
-- Up-to-date: /home/henryshum0/SUAS/install/flight_control/include/flight_control/flight_control/msg
-- Installing: /home/henryshum0/SUAS/install/flight_control/include/flight_control/flight_control/msg/rosidl_typesupport_introspection_c__visibility_control.h
-- Up-to-date: /home/henryshum0/SUAS/install/flight_control/include/flight_control/flight_control/msg/detail
-- Installing: /home/henryshum0/SUAS/install/flight_control/include/flight_control/flight_control/msg/detail/user_command__type_support.c
-- Installing: /home/henryshum0/SUAS/install/flight_control/include/flight_control/flight_control/msg/detail/user_command__rosidl_typesupport_introspection_c.h
-- Installing: /home/henryshum0/SUAS/install/flight_control/lib/libflight_control__rosidl_typesupport_introspection_c.so
-- Set runtime path of "/home/henryshum0/SUAS/install/flight_control/lib/libflight_control__rosidl_typesupport_introspection_c.so" to ""
-- Installing: /home/henryshum0/SUAS/install/flight_control/lib/libflight_control__rosidl_typesupport_c.so
-- Set runtime path of "/home/henryshum0/SUAS/install/flight_control/lib/libflight_control__rosidl_typesupport_c.so" to ""
-- Up-to-date: /home/henryshum0/SUAS/install/flight_control/include/flight_control/flight_control
-- Up-to-date: /home/henryshum0/SUAS/install/flight_control/include/flight_control/flight_control/msg
-- Up-to-date: /home/henryshum0/SUAS/install/flight_control/include/flight_control/flight_control/msg/detail
-- Installing: /home/henryshum0/SUAS/install/flight_control/include/flight_control/flight_control/msg/detail/user_command__rosidl_typesupport_introspection_cpp.hpp
-- Installing: /home/henryshum0/SUAS/install/flight_control/include/flight_control/flight_control/msg/detail/user_command__type_support.cpp
-- Installing: /home/henryshum0/SUAS/install/flight_control/lib/libflight_control__rosidl_typesupport_introspection_cpp.so
-- Set runtime path of "/home/henryshum0/SUAS/install/flight_control/lib/libflight_control__rosidl_typesupport_introspection_cpp.so" to ""
-- Installing: /home/henryshum0/SUAS/install/flight_control/lib/libflight_control__rosidl_typesupport_cpp.so
-- Set runtime path of "/home/henryshum0/SUAS/install/flight_control/lib/libflight_control__rosidl_typesupport_cpp.so" to ""
-- Installing: /home/henryshum0/SUAS/install/flight_control/share/flight_control/environment/pythonpath.sh
-- Installing: /home/henryshum0/SUAS/install/flight_control/share/flight_control/environment/pythonpath.dsv
-- Installing: /home/henryshum0/SUAS/install/flight_control/local/lib/python3.10/dist-packages/flight_control-0.0.0-py3.10.egg-info
-- Installing: /home/henryshum0/SUAS/install/flight_control/local/lib/python3.10/dist-packages/flight_control-0.0.0-py3.10.egg-info/top_level.txt
-- Installing: /home/henryshum0/SUAS/install/flight_control/local/lib/python3.10/dist-packages/flight_control-0.0.0-py3.10.egg-info/SOURCES.txt
-- Installing: /home/henryshum0/SUAS/install/flight_control/local/lib/python3.10/dist-packages/flight_control-0.0.0-py3.10.egg-info/dependency_links.txt
-- Installing: /home/henryshum0/SUAS/install/flight_control/local/lib/python3.10/dist-packages/flight_control-0.0.0-py3.10.egg-info/PKG-INFO
-- Installing: /home/henryshum0/SUAS/install/flight_control/local/lib/python3.10/dist-packages/flight_control
-- Installing: /home/henryshum0/SUAS/install/flight_control/local/lib/python3.10/dist-packages/flight_control/flight_control_s__rosidl_typesupport_introspection_c.cpython-310-x86_64-linux-gnu.so
-- Installing: /home/henryshum0/SUAS/install/flight_control/local/lib/python3.10/dist-packages/flight_control/_flight_control_s.ep.rosidl_typesupport_fastrtps_c.c
-- Installing: /home/henryshum0/SUAS/install/flight_control/local/lib/python3.10/dist-packages/flight_control/msg
-- Installing: /home/henryshum0/SUAS/install/flight_control/local/lib/python3.10/dist-packages/flight_control/msg/__init__.py
-- Installing: /home/henryshum0/SUAS/install/flight_control/local/lib/python3.10/dist-packages/flight_control/msg/_user_command.py
-- Installing: /home/henryshum0/SUAS/install/flight_control/local/lib/python3.10/dist-packages/flight_control/msg/_user_command_s.c
-- Installing: /home/henryshum0/SUAS/install/flight_control/local/lib/python3.10/dist-packages/flight_control/_flight_control_s.ep.rosidl_typesupport_introspection_c.c
-- Installing: /home/henryshum0/SUAS/install/flight_control/local/lib/python3.10/dist-packages/flight_control/libflight_control__rosidl_generator_py.so
-- Installing: /home/henryshum0/SUAS/install/flight_control/local/lib/python3.10/dist-packages/flight_control/__init__.py
-- Installing: /home/henryshum0/SUAS/install/flight_control/local/lib/python3.10/dist-packages/flight_control/_flight_control_s.ep.rosidl_typesupport_c.c
-- Installing: /home/henryshum0/SUAS/install/flight_control/local/lib/python3.10/dist-packages/flight_control/flight_control_s__rosidl_typesupport_c.cpython-310-x86_64-linux-gnu.so
-- Installing: /home/henryshum0/SUAS/install/flight_control/local/lib/python3.10/dist-packages/flight_control/flight_control_s__rosidl_typesupport_fastrtps_c.cpython-310-x86_64-linux-gnu.so
Listing '/home/henryshum0/SUAS/install/flight_control/local/lib/python3.10/dist-packages/flight_control'...
Compiling '/home/henryshum0/SUAS/install/flight_control/local/lib/python3.10/dist-packages/flight_control/__init__.py'...
Listing '/home/henryshum0/SUAS/install/flight_control/local/lib/python3.10/dist-packages/flight_control/msg'...
Compiling '/home/henryshum0/SUAS/install/flight_control/local/lib/python3.10/dist-packages/flight_control/msg/__init__.py'...
Compiling '/home/henryshum0/SUAS/install/flight_control/local/lib/python3.10/dist-packages/flight_control/msg/_user_command.py'...
-- Installing: /home/henryshum0/SUAS/install/flight_control/local/lib/python3.10/dist-packages/flight_control/flight_control_s__rosidl_typesupport_fastrtps_c.cpython-310-x86_64-linux-gnu.so
-- Set runtime path of "/home/henryshum0/SUAS/install/flight_control/local/lib/python3.10/dist-packages/flight_control/flight_control_s__rosidl_typesupport_fastrtps_c.cpython-310-x86_64-linux-gnu.so" to ""
-- Installing: /home/henryshum0/SUAS/install/flight_control/local/lib/python3.10/dist-packages/flight_control/flight_control_s__rosidl_typesupport_introspection_c.cpython-310-x86_64-linux-gnu.so
-- Set runtime path of "/home/henryshum0/SUAS/install/flight_control/local/lib/python3.10/dist-packages/flight_control/flight_control_s__rosidl_typesupport_introspection_c.cpython-310-x86_64-linux-gnu.so" to ""
-- Installing: /home/henryshum0/SUAS/install/flight_control/local/lib/python3.10/dist-packages/flight_control/flight_control_s__rosidl_typesupport_c.cpython-310-x86_64-linux-gnu.so
-- Set runtime path of "/home/henryshum0/SUAS/install/flight_control/local/lib/python3.10/dist-packages/flight_control/flight_control_s__rosidl_typesupport_c.cpython-310-x86_64-linux-gnu.so" to ""
-- Installing: /home/henryshum0/SUAS/install/flight_control/lib/libflight_control__rosidl_generator_py.so
-- Set runtime path of "/home/henryshum0/SUAS/install/flight_control/lib/libflight_control__rosidl_generator_py.so" to ""
-- Installing: /home/henryshum0/SUAS/install/flight_control/share/flight_control/msg/UserCommand.idl
-- Installing: /home/henryshum0/SUAS/install/flight_control/share/flight_control/msg/UserCommand.msg
-- Installing: /home/henryshum0/SUAS/install/flight_control/lib/flight_control/offboard_controller
-- Set runtime path of "/home/henryshum0/SUAS/install/flight_control/lib/flight_control/offboard_controller" to ""
-- Installing: /home/henryshum0/SUAS/install/flight_control/lib/flight_control/sensor_combined_listener
-- Set runtime path of "/home/henryshum0/SUAS/install/flight_control/lib/flight_control/sensor_combined_listener" to ""
-- Installing: /home/henryshum0/SUAS/install/flight_control/lib/flight_control/publish_trj_listener
-- Set runtime path of "/home/henryshum0/SUAS/install/flight_control/lib/flight_control/publish_trj_listener" to ""
-- Installing: /home/henryshum0/SUAS/install/flight_control/lib/flight_control/vehicle_pos_listener
-- Set runtime path of "/home/henryshum0/SUAS/install/flight_control/lib/flight_control/vehicle_pos_listener" to ""
-- Installing: /home/henryshum0/SUAS/install/flight_control/lib/flight_control/cmd_ack_listener
-- Set runtime path of "/home/henryshum0/SUAS/install/flight_control/lib/flight_control/cmd_ack_listener" to ""
-- Up-to-date: /home/henryshum0/SUAS/install/flight_control/include/flight_control/include
-- Up-to-date: /home/henryshum0/SUAS/install/flight_control/include/flight_control/include/lib
-- Up-to-date: /home/henryshum0/SUAS/install/flight_control/include/flight_control/include/lib/utils.hpp
-- Up-to-date: /home/henryshum0/SUAS/install/flight_control/include/flight_control/include/vehicle_storage
-- Up-to-date: /home/henryshum0/SUAS/install/flight_control/include/flight_control/include/vehicle_storage/executor_storage.hpp
-- Up-to-date: /home/henryshum0/SUAS/install/flight_control/include/flight_control/include/vehicle_storage/vehicle_state_storage.hpp
-- Up-to-date: /home/henryshum0/SUAS/install/flight_control/include/flight_control/include/flight_control
-- Up-to-date: /home/henryshum0/SUAS/install/flight_control/include/flight_control/include/flight_control/state_subscribers.hpp
-- Up-to-date: /home/henryshum0/SUAS/install/flight_control/include/flight_control/include/flight_control/flight_executor.hpp
-- Up-to-date: /home/henryshum0/SUAS/install/flight_control/include/flight_control/include/flight_control/control_publishers.hpp
-- Installing: /home/henryshum0/SUAS/install/flight_control/lib/libflight_control_lib.so
-- Set runtime path of "/home/henryshum0/SUAS/install/flight_control/lib/libflight_control_lib.so" to ""
-- Installing: /home/henryshum0/SUAS/install/flight_control/share/ament_index/resource_index/package_run_dependencies/flight_control
-- Up-to-date: /home/henryshum0/SUAS/install/flight_control/share/ament_index/resource_index/parent_prefix_path/flight_control
-- Up-to-date: /home/henryshum0/SUAS/install/flight_control/share/flight_control/environment/ament_prefix_path.sh
-- Installing: /home/henryshum0/SUAS/install/flight_control/share/flight_control/environment/ament_prefix_path.dsv
-- Up-to-date: /home/henryshum0/SUAS/install/flight_control/share/flight_control/environment/path.sh
-- Installing: /home/henryshum0/SUAS/install/flight_control/share/flight_control/environment/path.dsv
-- Up-to-date: /home/henryshum0/SUAS/install/flight_control/share/flight_control/local_setup.bash
-- Installing: /home/henryshum0/SUAS/install/flight_control/share/flight_control/local_setup.sh
-- Up-to-date: /home/henryshum0/SUAS/install/flight_control/share/flight_control/local_setup.zsh
-- Installing: /home/henryshum0/SUAS/install/flight_control/share/flight_control/local_setup.dsv
-- Installing: /home/henryshum0/SUAS/install/flight_control/share/flight_control/package.dsv
-- Up-to-date: /home/henryshum0/SUAS/install/flight_control/share/ament_index/resource_index/packages/flight_control
-- Installing: /home/henryshum0/SUAS/install/flight_control/share/flight_control/cmake/export_flight_control__rosidl_generator_cExport.cmake
-- Installing: /home/henryshum0/SUAS/install/flight_control/share/flight_control/cmake/export_flight_control__rosidl_generator_cExport-noconfig.cmake
-- Installing: /home/henryshum0/SUAS/install/flight_control/share/flight_control/cmake/export_flight_control__rosidl_typesupport_fastrtps_cExport.cmake
-- Installing: /home/henryshum0/SUAS/install/flight_control/share/flight_control/cmake/export_flight_control__rosidl_typesupport_fastrtps_cExport-noconfig.cmake
-- Installing: /home/henryshum0/SUAS/install/flight_control/share/flight_control/cmake/export_flight_control__rosidl_generator_cppExport.cmake
-- Installing: /home/henryshum0/SUAS/install/flight_control/share/flight_control/cmake/export_flight_control__rosidl_typesupport_fastrtps_cppExport.cmake
-- Installing: /home/henryshum0/SUAS/install/flight_control/share/flight_control/cmake/export_flight_control__rosidl_typesupport_fastrtps_cppExport-noconfig.cmake
-- Installing: /home/henryshum0/SUAS/install/flight_control/share/flight_control/cmake/flight_control__rosidl_typesupport_introspection_cExport.cmake
-- Installing: /home/henryshum0/SUAS/install/flight_control/share/flight_control/cmake/flight_control__rosidl_typesupport_introspection_cExport-noconfig.cmake
-- Installing: /home/henryshum0/SUAS/install/flight_control/share/flight_control/cmake/flight_control__rosidl_typesupport_cExport.cmake
-- Installing: /home/henryshum0/SUAS/install/flight_control/share/flight_control/cmake/flight_control__rosidl_typesupport_cExport-noconfig.cmake
-- Installing: /home/henryshum0/SUAS/install/flight_control/share/flight_control/cmake/flight_control__rosidl_typesupport_introspection_cppExport.cmake
-- Installing: /home/henryshum0/SUAS/install/flight_control/share/flight_control/cmake/flight_control__rosidl_typesupport_introspection_cppExport-noconfig.cmake
-- Installing: /home/henryshum0/SUAS/install/flight_control/share/flight_control/cmake/flight_control__rosidl_typesupport_cppExport.cmake
-- Installing: /home/henryshum0/SUAS/install/flight_control/share/flight_control/cmake/flight_control__rosidl_typesupport_cppExport-noconfig.cmake
-- Installing: /home/henryshum0/SUAS/install/flight_control/share/flight_control/cmake/export_flight_control__rosidl_generator_pyExport.cmake
-- Installing: /home/henryshum0/SUAS/install/flight_control/share/flight_control/cmake/export_flight_control__rosidl_generator_pyExport-noconfig.cmake
-- Installing: /home/henryshum0/SUAS/install/flight_control/share/flight_control/cmake/rosidl_cmake-extras.cmake
-- Installing: /home/henryshum0/SUAS/install/flight_control/share/flight_control/cmake/ament_cmake_export_include_directories-extras.cmake
-- Installing: /home/henryshum0/SUAS/install/flight_control/share/flight_control/cmake/ament_cmake_export_libraries-extras.cmake
-- Installing: /home/henryshum0/SUAS/install/flight_control/share/flight_control/cmake/ament_cmake_export_targets-extras.cmake
-- Installing: /home/henryshum0/SUAS/install/flight_control/share/flight_control/cmake/rosidl_cmake_export_typesupport_targets-extras.cmake
-- Installing: /home/henryshum0/SUAS/install/flight_control/share/flight_control/cmake/ament_cmake_export_dependencies-extras.cmake
-- Installing: /home/henryshum0/SUAS/install/flight_control/share/flight_control/cmake/rosidl_cmake_export_typesupport_libraries-extras.cmake
-- Installing: /home/henryshum0/SUAS/install/flight_control/share/flight_control/cmake/flight_controlConfig.cmake
-- Up-to-date: /home/henryshum0/SUAS/install/flight_control/share/flight_control/cmake/flight_controlConfig-version.cmake
-- Installing: /home/henryshum0/SUAS/install/flight_control/share/flight_control/package.xml
-- Installing: /home/henryshum0/SUAS/install/flight_control/include/matplot/detail/exports.h
