[0.083s] Invoking command in '/home/henryshum0/SUAS/build/flight_control': CMAKE_PREFIX_PATH=/home/henryshum0/SUAS/install/px4_ros_com:/home/henryshum0/SUAS/install/px4_msgs:/home/henryshum0/SUAS/install/flight_control:/opt/ros/humble LD_LIBRARY_PATH=/home/henryshum0/SUAS/install/px4_ros_com/lib:/home/henryshum0/SUAS/install/px4_msgs/lib:/home/henryshum0/SUAS/install/flight_control/lib:/opt/ros/humble/opt/rviz_ogre_vendor/lib:/opt/ros/humble/lib/x86_64-linux-gnu:/opt/ros/humble/lib /usr/bin/cmake --build /home/henryshum0/SUAS/build/flight_control -- -j16 -l16
[0.103s] -- Found ament_cmake: 1.3.11 (/opt/ros/humble/share/ament_cmake/cmake)
[0.202s] -- Found rclcpp: 16.0.11 (/opt/ros/humble/share/rclcpp/cmake)
[0.302s] -- Found rosidl_generator_c: 3.1.6 (/opt/ros/humble/share/rosidl_generator_c/cmake)
[0.305s] -- Found rosidl_adapter: 3.1.6 (/opt/ros/humble/share/rosidl_adapter/cmake)
[0.312s] -- Found rosidl_generator_cpp: 3.1.6 (/opt/ros/humble/share/rosidl_generator_cpp/cmake)
[0.323s] -- Using all available rosidl_typesupport_c: rosidl_typesupport_fastrtps_c;rosidl_typesupport_introspection_c
[0.336s] -- Using all available rosidl_typesupport_cpp: rosidl_typesupport_fastrtps_cpp;rosidl_typesupport_introspection_cpp
[0.373s] -- Found rmw_implementation_cmake: 6.1.2 (/opt/ros/humble/share/rmw_implementation_cmake/cmake)
[0.375s] -- Found rmw_fastrtps_cpp: 6.2.7 (/opt/ros/humble/share/rmw_fastrtps_cpp/cmake)
[2.327s] -- Using RMW implementation 'rmw_fastrtps_cpp' as default
[2.381s] -- Found px4_msgs: 2.0.1 (/home/henryshum0/SUAS/install/px4_msgs/share/px4_msgs/cmake)
[2.391s] -- Found px4_ros_com: 0.1.0 (/home/henryshum0/SUAS/install/px4_ros_com/share/px4_ros_com/cmake)
[2.428s] -- Found rosidl_default_generators: 1.2.0 (/opt/ros/humble/share/rosidl_default_generators/cmake)
[2.592s] -- Found ament_cmake_ros: 0.10.0 (/opt/ros/humble/share/ament_cmake_ros/cmake)
[2.791s] -- Using all available rosidl_typesupport_c: rosidl_typesupport_fastrtps_c;rosidl_typesupport_introspection_c
[2.868s] -- Using all available rosidl_typesupport_cpp: rosidl_typesupport_fastrtps_cpp;rosidl_typesupport_introspection_cpp
[2.913s] -- Found PythonInterp: /usr/bin/python3 (found suitable version "3.10.12", minimum required is "3.6") 
[2.914s] -- Found python_cmake_module: 0.10.0 (/opt/ros/humble/share/python_cmake_module/cmake)
[3.052s] -- Found PythonLibs: /usr/lib/x86_64-linux-gnu/libpython3.10.so (found suitable version "3.10.12", minimum required is "3.5") 
[3.052s] -- Using PYTHON_EXECUTABLE: /usr/bin/python3
[3.052s] -- Using PYTHON_INCLUDE_DIRS: /usr/include/python3.10
[3.052s] -- Using PYTHON_LIBRARIES: /usr/lib/x86_64-linux-gnu/libpython3.10.so
[3.065s] -- Found PythonExtra: .so  
[6.553s] -- Could NOT find FFTW (missing: FFTW_INCLUDE_DIRS) 
[6.558s] [0mSetting matplotplusplus compiler options[0m
[6.562s] -- Found ament_lint_auto: 0.12.11 (/opt/ros/humble/share/ament_lint_auto/cmake)
[6.654s] -- Added test 'cppcheck' to perform static code analysis on C / C++ code
[6.654s] -- Configured cppcheck include dirs: /home/henryshum0/SUAS/src/flight_control/include;$<BUILD_INTERFACE:/home/henryshum0/SUAS/src/flight_control/include>
[6.654s] -- Configured cppcheck exclude dirs and/or files: 
[6.666s] -- Added test 'lint_cmake' to check CMake code style
[6.701s] -- Added test 'uncrustify' to check C / C++ code style
[6.701s] -- Configured uncrustify additional arguments: 
[6.706s] -- Added test 'xmllint' to check XML markup files
[6.709s] -- Configuring done
[6.769s] -- Generating done
[6.783s] -- Build files have been written to: /home/henryshum0/SUAS/build/flight_control
[6.803s] [  1%] [34m[1mGenerating C code for ROS interfaces[0m
[6.806s] [35m[1mConsolidate compiler generated dependencies of target nodesoup[0m
[6.810s] [  2%] [34m[1mGenerating C++ code for ROS interfaces[0m
[6.810s] [35m[1mConsolidate compiler generated dependencies of target flight_control_lib[0m
[6.811s] [  3%] [32mBuilding CXX object CMakeFiles/sensor_combined_listener.dir/src/monitoring/sensors_listener.cpp.o[0m
[6.811s] [  4%] [32mBuilding CXX object CMakeFiles/cmd_ack_listener.dir/src/monitoring/cmd_ack_listener.cpp.o[0m
[6.812s] [  5%] [32mBuilding CXX object CMakeFiles/vehicle_pos_listener.dir/src/monitoring/local_pos_listener.cpp.o[0m
[6.816s] [  5%] Built target ament_cmake_python_copy_flight_control
[6.817s] [  6%] [32mBuilding CXX object matplotplusplus/source/3rd_party/CMakeFiles/nodesoup.dir/nodesoup/src/fruchterman_reingold.cpp.o[0m
[6.817s] [  7%] [32mBuilding CXX object matplotplusplus/source/3rd_party/CMakeFiles/nodesoup.dir/nodesoup/src/kamada_kawai.cpp.o[0m
[6.817s] [  8%] [32mBuilding CXX object matplotplusplus/source/3rd_party/CMakeFiles/nodesoup.dir/nodesoup/src/algebra.cpp.o[0m
[6.818s] [  9%] [32mBuilding CXX object matplotplusplus/source/3rd_party/CMakeFiles/nodesoup.dir/nodesoup/src/layout.cpp.o[0m
[6.819s] [ 10%] [32mBuilding CXX object matplotplusplus/source/3rd_party/CMakeFiles/nodesoup.dir/nodesoup/src/nodesoup.cpp.o[0m
[6.824s] [ 11%] [32mBuilding CXX object CMakeFiles/publish_trj_listener.dir/src/monitoring/publish_trj_listener.cpp.o[0m
[6.833s] [ 13%] [32mBuilding CXX object CMakeFiles/flight_control_lib.dir/src/flight_control/control_publishers.cpp.o[0m
[6.834s] [ 14%] [32mBuilding CXX object CMakeFiles/flight_control_lib.dir/src/flight_control/flight_executor.cpp.o[0m
[6.834s] [ 15%] [32mBuilding CXX object CMakeFiles/flight_control_lib.dir/src/flight_control/state_subscribers.cpp.o[0m
[6.834s] [ 16%] [32mBuilding CXX object CMakeFiles/flight_control_lib.dir/src/vehicle_storage/vehicle_state_storage.cpp.o[0m
[7.124s] running egg_info
[7.126s] creating flight_control.egg-info
[7.127s] writing flight_control.egg-info/PKG-INFO
[7.128s] writing dependency_links to flight_control.egg-info/dependency_links.txt
[7.130s] writing top-level names to flight_control.egg-info/top_level.txt
[7.131s] writing manifest file 'flight_control.egg-info/SOURCES.txt'
[7.134s] reading manifest file 'flight_control.egg-info/SOURCES.txt'
[7.135s] writing manifest file 'flight_control.egg-info/SOURCES.txt'
[7.188s] [ 16%] Built target ament_cmake_python_build_flight_control_egg
[7.224s] [ 17%] [32mBuilding CXX object CMakeFiles/flight_control_lib.dir/src/vehicle_storage/executor_storage.cpp.o[0m
[7.237s] [ 17%] Built target flight_control__cpp
[7.245s] [ 18%] [32mBuilding CXX object CMakeFiles/flight_control_lib.dir/src/lib/frame_conversion.cpp.o[0m
[7.363s] [ 19%] [34m[1mGenerating C++ type support for eProsima Fast-RTPS[0m
[7.370s] [ 20%] [32mBuilding C object CMakeFiles/flight_control__rosidl_generator_c.dir/rosidl_generator_c/flight_control/msg/detail/user_command__functions.c.o[0m
[7.374s] [ 21%] [34m[1mGenerating C++ type support dispatch for ROS interfaces[0m
[7.507s] [ 22%] [34m[1mGenerating C++ introspection for ROS interfaces[0m
[7.561s] [ 23%] [32m[1mLinking C shared library libflight_control__rosidl_generator_c.so[0m
[7.606s] [ 25%] [32m[1mLinking CXX static library libnodesoup.a[0m
[7.690s] [ 25%] Built target nodesoup
[7.714s] [ 25%] Built target flight_control__rosidl_generator_c
[7.756s] [35m[1mConsolidate compiler generated dependencies of target matplot[0m
[7.757s] [ 26%] [34m[1mGenerating C type support for eProsima Fast-RTPS[0m
[7.764s] [ 27%] [34m[1mGenerating C introspection for ROS interfaces[0m
[7.858s] [ 28%] [32mBuilding CXX object matplotplusplus/source/matplot/CMakeFiles/matplot.dir/backend/backend_interface.cpp.o[0m
[7.885s] [ 29%] [32mBuilding CXX object CMakeFiles/flight_control__rosidl_typesupport_cpp.dir/rosidl_typesupport_cpp/flight_control/msg/user_command__type_support.cpp.o[0m
[7.907s] [ 30%] [32mBuilding CXX object CMakeFiles/flight_control__rosidl_typesupport_fastrtps_cpp.dir/rosidl_typesupport_fastrtps_cpp/flight_control/msg/detail/dds_fastrtps/user_command__type_support.cpp.o[0m
[7.986s] [ 31%] [32mBuilding CXX object CMakeFiles/flight_control__rosidl_typesupport_introspection_cpp.dir/rosidl_typesupport_introspection_cpp/flight_control/msg/detail/user_command__type_support.cpp.o[0m
[8.290s] [ 32%] [32m[1mLinking CXX shared library libflight_control__rosidl_typesupport_cpp.so[0m
[8.318s] [ 33%] [32mBuilding C object CMakeFiles/flight_control__rosidl_typesupport_introspection_c.dir/rosidl_typesupport_introspection_c/flight_control/msg/detail/user_command__type_support.c.o[0m
[8.463s] [ 34%] [32m[1mLinking C shared library libflight_control__rosidl_typesupport_introspection_c.so[0m
[8.486s] [ 35%] [32mBuilding CXX object CMakeFiles/flight_control__rosidl_typesupport_fastrtps_c.dir/rosidl_typesupport_fastrtps_c/flight_control/msg/detail/user_command__type_support_c.cpp.o[0m
[8.517s] [ 35%] Built target flight_control__rosidl_typesupport_cpp
[8.583s] [ 36%] [34m[1mGenerating C type support dispatch for ROS interfaces[0m
[8.587s] [ 38%] [32m[1mLinking CXX shared library libflight_control__rosidl_typesupport_fastrtps_cpp.so[0m
[8.631s] [ 39%] [32m[1mLinking CXX shared library libflight_control__rosidl_typesupport_introspection_cpp.so[0m
[8.648s] [ 39%] Built target flight_control__rosidl_typesupport_introspection_c
[8.701s] [ 40%] [32mBuilding CXX object matplotplusplus/source/matplot/CMakeFiles/matplot.dir/backend/gnuplot.cpp.o[0m
[8.835s] [ 40%] Built target flight_control__rosidl_typesupport_introspection_cpp
[8.873s] [ 41%] [32mBuilding CXX object matplotplusplus/source/matplot/CMakeFiles/matplot.dir/backend/backend_registry.cpp.o[0m
[8.901s] [ 41%] Built target flight_control__rosidl_typesupport_fastrtps_cpp
[8.901s] [ 42%] [32mBuilding CXX object matplotplusplus/source/matplot/CMakeFiles/matplot.dir/core/axes_type.cpp.o[0m
[8.921s] [ 43%] [32mBuilding CXX object matplotplusplus/source/matplot/CMakeFiles/matplot.dir/core/axes_object.cpp.o[0m
[8.937s] [ 44%] [32mBuilding CXX object matplotplusplus/source/matplot/CMakeFiles/matplot.dir/core/axis_type.cpp.o[0m
[9.046s] [ 45%] [32m[1mLinking CXX shared library libflight_control__rosidl_typesupport_fastrtps_c.so[0m
[9.055s] [ 46%] [32mBuilding CXX object CMakeFiles/flight_control__rosidl_typesupport_c.dir/rosidl_typesupport_c/flight_control/msg/user_command__type_support.cpp.o[0m
[9.113s] [ 47%] [32m[1mLinking CXX shared library libflight_control__rosidl_typesupport_c.so[0m
[9.136s] [ 48%] [32mBuilding CXX object matplotplusplus/source/matplot/CMakeFiles/matplot.dir/core/figure_type.cpp.o[0m
[9.300s] [ 48%] Built target flight_control__rosidl_typesupport_c
[9.334s] [ 48%] Built target flight_control__rosidl_typesupport_fastrtps_c
[9.344s] [ 50%] [32mBuilding CXX object matplotplusplus/source/matplot/CMakeFiles/matplot.dir/core/figure_registry.cpp.o[0m
[9.360s] [ 51%] [32mBuilding CXX object matplotplusplus/source/matplot/CMakeFiles/matplot.dir/core/legend.cpp.o[0m
[9.444s] [ 51%] Built target flight_control
[9.517s] [ 52%] [32mBuilding CXX object matplotplusplus/source/matplot/CMakeFiles/matplot.dir/core/line_spec.cpp.o[0m
[9.524s] [ 53%] [32mBuilding CXX object matplotplusplus/source/matplot/CMakeFiles/matplot.dir/util/colors.cpp.o[0m
[10.743s] [ 54%] [32mBuilding CXX object matplotplusplus/source/matplot/CMakeFiles/matplot.dir/util/common.cpp.o[0m
[10.807s] [ 55%] [32mBuilding CXX object matplotplusplus/source/matplot/CMakeFiles/matplot.dir/util/contourc.cpp.o[0m
[10.817s] [ 56%] [32mBuilding CXX object matplotplusplus/source/matplot/CMakeFiles/matplot.dir/util/popen.cpp.o[0m
[10.856s] [ 57%] [32mBuilding CXX object matplotplusplus/source/matplot/CMakeFiles/matplot.dir/util/world_cities.cpp.o[0m
[10.886s] [ 58%] [32mBuilding CXX object matplotplusplus/source/matplot/CMakeFiles/matplot.dir/util/world_map_10m.cpp.o[0m
[11.394s] [ 59%] [32mBuilding CXX object matplotplusplus/source/matplot/CMakeFiles/matplot.dir/util/world_map_50m.cpp.o[0m
[11.947s] [ 60%] [32mBuilding CXX object matplotplusplus/source/matplot/CMakeFiles/matplot.dir/util/world_map_110m.cpp.o[0m
[12.183s] [ 61%] [32mBuilding CXX object matplotplusplus/source/matplot/CMakeFiles/matplot.dir/axes_objects/bars.cpp.o[0m
[12.464s] [ 63%] [32mBuilding CXX object matplotplusplus/source/matplot/CMakeFiles/matplot.dir/axes_objects/box_chart.cpp.o[0m
[12.563s] [ 64%] [32mBuilding CXX object matplotplusplus/source/matplot/CMakeFiles/matplot.dir/axes_objects/circles.cpp.o[0m
[12.834s] [ 65%] [32mBuilding CXX object matplotplusplus/source/matplot/CMakeFiles/matplot.dir/axes_objects/contours.cpp.o[0m
[12.933s] [ 66%] [32mBuilding CXX object matplotplusplus/source/matplot/CMakeFiles/matplot.dir/axes_objects/error_bar.cpp.o[0m
[13.537s] [ 67%] [32mBuilding CXX object matplotplusplus/source/matplot/CMakeFiles/matplot.dir/axes_objects/filled_area.cpp.o[0m
[14.204s] [ 68%] [32mBuilding CXX object matplotplusplus/source/matplot/CMakeFiles/matplot.dir/axes_objects/function_line.cpp.o[0m
[14.234s] [ 69%] [32mBuilding CXX object matplotplusplus/source/matplot/CMakeFiles/matplot.dir/axes_objects/histogram.cpp.o[0m
[14.271s] [ 70%] [32mBuilding CXX object matplotplusplus/source/matplot/CMakeFiles/matplot.dir/axes_objects/labels.cpp.o[0m
[14.338s] [ 71%] [32mBuilding CXX object matplotplusplus/source/matplot/CMakeFiles/matplot.dir/axes_objects/line.cpp.o[0m
[14.553s] [ 72%] [32mBuilding CXX object matplotplusplus/source/matplot/CMakeFiles/matplot.dir/axes_objects/matrix.cpp.o[0m
[15.611s] [ 73%] [32mBuilding CXX object matplotplusplus/source/matplot/CMakeFiles/matplot.dir/axes_objects/network.cpp.o[0m
[15.649s] [ 75%] [32mBuilding CXX object matplotplusplus/source/matplot/CMakeFiles/matplot.dir/axes_objects/parallel_lines.cpp.o[0m
[16.084s] [ 76%] [32mBuilding CXX object matplotplusplus/source/matplot/CMakeFiles/matplot.dir/axes_objects/stair.cpp.o[0m
[16.138s] [ 77%] [32mBuilding CXX object matplotplusplus/source/matplot/CMakeFiles/matplot.dir/axes_objects/string_function.cpp.o[0m
[16.229s] [ 78%] [32mBuilding CXX object matplotplusplus/source/matplot/CMakeFiles/matplot.dir/axes_objects/surface.cpp.o[0m
[16.276s] [ 80%] [32mBuilding CXX object matplotplusplus/source/matplot/CMakeFiles/matplot.dir/freestanding/axes_functions.cpp.o[0m
[16.276s] [ 80%] [32mBuilding CXX object matplotplusplus/source/matplot/CMakeFiles/matplot.dir/axes_objects/vectors.cpp.o[0m
[17.347s] [ 81%] [32mBuilding CXX object matplotplusplus/source/matplot/CMakeFiles/matplot.dir/freestanding/histcounts.cpp.o[0m
[17.595s] [ 82%] [34m[1mGenerating Python code for ROS interfaces[0m
[18.145s] [ 82%] Built target flight_control__py
[18.166s] [ 83%] [32mBuilding C object CMakeFiles/flight_control__rosidl_generator_py.dir/rosidl_generator_py/flight_control/msg/_user_command_s.c.o[0m
[18.376s] [ 84%] [32m[1mLinking C shared library rosidl_generator_py/flight_control/libflight_control__rosidl_generator_py.so[0m
[18.464s] [ 84%] Built target flight_control__rosidl_generator_py
[18.479s] [ 85%] [32mBuilding C object CMakeFiles/flight_control__rosidl_typesupport_introspection_c__pyext.dir/rosidl_generator_py/flight_control/_flight_control_s.ep.rosidl_typesupport_introspection_c.c.o[0m
[18.480s] [ 86%] [32mBuilding C object CMakeFiles/flight_control__rosidl_typesupport_c__pyext.dir/rosidl_generator_py/flight_control/_flight_control_s.ep.rosidl_typesupport_c.c.o[0m
[18.483s] [ 88%] [32mBuilding C object CMakeFiles/flight_control__rosidl_typesupport_fastrtps_c__pyext.dir/rosidl_generator_py/flight_control/_flight_control_s.ep.rosidl_typesupport_fastrtps_c.c.o[0m
[18.560s] [ 89%] [32m[1mLinking C shared library rosidl_generator_py/flight_control/flight_control_s__rosidl_typesupport_introspection_c.cpython-310-x86_64-linux-gnu.so[0m
[18.563s] [ 90%] [32m[1mLinking C shared library rosidl_generator_py/flight_control/flight_control_s__rosidl_typesupport_c.cpython-310-x86_64-linux-gnu.so[0m
[18.575s] [ 91%] [32m[1mLinking C shared library rosidl_generator_py/flight_control/flight_control_s__rosidl_typesupport_fastrtps_c.cpython-310-x86_64-linux-gnu.so[0m
[18.645s] [ 91%] Built target flight_control__rosidl_typesupport_c__pyext
[18.646s] [ 91%] Built target flight_control__rosidl_typesupport_introspection_c__pyext
[18.663s] [ 91%] Built target flight_control__rosidl_typesupport_fastrtps_c__pyext
[18.780s] [ 92%] [32m[1mLinking CXX executable vehicle_pos_listener[0m
[19.419s] [ 92%] Built target vehicle_pos_listener
[19.779s] [ 93%] [32m[1mLinking CXX executable cmd_ack_listener[0m
[19.796s] [ 94%] [32m[1mLinking CXX executable publish_trj_listener[0m
[19.983s] [ 95%] [32m[1mLinking CXX executable sensor_combined_listener[0m
[20.251s] [ 95%] Built target cmd_ack_listener
[20.259s] [ 95%] Built target publish_trj_listener
[20.375s] [ 95%] Built target sensor_combined_listener
[20.835s] [ 96%] [32m[1mLinking CXX shared library libmatplot.so[0m
[21.394s] [ 96%] Built target matplot
[25.467s] [ 97%] [32m[1mLinking CXX shared library libflight_control_lib.so[0m
[26.212s] [ 97%] Built target flight_control_lib
[26.219s] [35m[1mConsolidate compiler generated dependencies of target offboard_controller[0m
[26.230s] [ 98%] [32mBuilding CXX object CMakeFiles/offboard_controller.dir/src/main.cpp.o[0m
[28.654s] [100%] [32m[1mLinking CXX executable offboard_controller[0m
[28.883s] [100%] Built target offboard_controller
[28.890s] Invoked command in '/home/henryshum0/SUAS/build/flight_control' returned '0': CMAKE_PREFIX_PATH=/home/henryshum0/SUAS/install/px4_ros_com:/home/henryshum0/SUAS/install/px4_msgs:/home/henryshum0/SUAS/install/flight_control:/opt/ros/humble LD_LIBRARY_PATH=/home/henryshum0/SUAS/install/px4_ros_com/lib:/home/henryshum0/SUAS/install/px4_msgs/lib:/home/henryshum0/SUAS/install/flight_control/lib:/opt/ros/humble/opt/rviz_ogre_vendor/lib:/opt/ros/humble/lib/x86_64-linux-gnu:/opt/ros/humble/lib /usr/bin/cmake --build /home/henryshum0/SUAS/build/flight_control -- -j16 -l16
[28.892s] Invoking command in '/home/henryshum0/SUAS/build/flight_control': CMAKE_PREFIX_PATH=/home/henryshum0/SUAS/install/px4_ros_com:/home/henryshum0/SUAS/install/px4_msgs:/home/henryshum0/SUAS/install/flight_control:/opt/ros/humble LD_LIBRARY_PATH=/home/henryshum0/SUAS/install/px4_ros_com/lib:/home/henryshum0/SUAS/install/px4_msgs/lib:/home/henryshum0/SUAS/install/flight_control/lib:/opt/ros/humble/opt/rviz_ogre_vendor/lib:/opt/ros/humble/lib/x86_64-linux-gnu:/opt/ros/humble/lib /usr/bin/cmake --install /home/henryshum0/SUAS/build/flight_control
[28.896s] -- Install configuration: ""
[28.896s] -- Installing: /home/henryshum0/SUAS/install/flight_control/share/ament_index/resource_index/rosidl_interfaces/flight_control
[28.896s] -- Installing: /home/henryshum0/SUAS/install/flight_control/include/flight_control/flight_control
[28.897s] -- Installing: /home/henryshum0/SUAS/install/flight_control/include/flight_control/flight_control/msg
[28.897s] -- Installing: /home/henryshum0/SUAS/install/flight_control/include/flight_control/flight_control/msg/rosidl_generator_c__visibility_control.h
[28.897s] -- Installing: /home/henryshum0/SUAS/install/flight_control/include/flight_control/flight_control/msg/detail
[28.897s] -- Installing: /home/henryshum0/SUAS/install/flight_control/include/flight_control/flight_control/msg/detail/user_command__struct.h
[28.897s] -- Installing: /home/henryshum0/SUAS/install/flight_control/include/flight_control/flight_control/msg/detail/user_command__functions.h
[28.897s] -- Installing: /home/henryshum0/SUAS/install/flight_control/include/flight_control/flight_control/msg/detail/user_command__functions.c
[28.897s] -- Installing: /home/henryshum0/SUAS/install/flight_control/include/flight_control/flight_control/msg/detail/user_command__type_support.h
[28.897s] -- Installing: /home/henryshum0/SUAS/install/flight_control/include/flight_control/flight_control/msg/user_command.h
[28.897s] -- Installing: /home/henryshum0/SUAS/install/flight_control/share/flight_control/environment/library_path.sh
[28.897s] -- Installing: /home/henryshum0/SUAS/install/flight_control/share/flight_control/environment/library_path.dsv
[28.897s] -- Installing: /home/henryshum0/SUAS/install/flight_control/lib/libflight_control__rosidl_generator_c.so
[28.898s] -- Set runtime path of "/home/henryshum0/SUAS/install/flight_control/lib/libflight_control__rosidl_generator_c.so" to ""
[28.898s] -- Up-to-date: /home/henryshum0/SUAS/install/flight_control/include/flight_control/flight_control
[28.898s] -- Up-to-date: /home/henryshum0/SUAS/install/flight_control/include/flight_control/flight_control/msg
[28.898s] -- Installing: /home/henryshum0/SUAS/install/flight_control/include/flight_control/flight_control/msg/rosidl_typesupport_fastrtps_c__visibility_control.h
[28.898s] -- Up-to-date: /home/henryshum0/SUAS/install/flight_control/include/flight_control/flight_control/msg/detail
[28.898s] -- Installing: /home/henryshum0/SUAS/install/flight_control/include/flight_control/flight_control/msg/detail/user_command__rosidl_typesupport_fastrtps_c.h
[28.898s] -- Installing: /home/henryshum0/SUAS/install/flight_control/lib/libflight_control__rosidl_typesupport_fastrtps_c.so
[28.898s] -- Set runtime path of "/home/henryshum0/SUAS/install/flight_control/lib/libflight_control__rosidl_typesupport_fastrtps_c.so" to ""
[28.898s] -- Up-to-date: /home/henryshum0/SUAS/install/flight_control/include/flight_control/flight_control
[28.899s] -- Up-to-date: /home/henryshum0/SUAS/install/flight_control/include/flight_control/flight_control/msg
[28.899s] -- Installing: /home/henryshum0/SUAS/install/flight_control/include/flight_control/flight_control/msg/rosidl_generator_cpp__visibility_control.hpp
[28.899s] -- Installing: /home/henryshum0/SUAS/install/flight_control/include/flight_control/flight_control/msg/user_command.hpp
[28.899s] -- Up-to-date: /home/henryshum0/SUAS/install/flight_control/include/flight_control/flight_control/msg/detail
[28.899s] -- Installing: /home/henryshum0/SUAS/install/flight_control/include/flight_control/flight_control/msg/detail/user_command__traits.hpp
[28.899s] -- Installing: /home/henryshum0/SUAS/install/flight_control/include/flight_control/flight_control/msg/detail/user_command__struct.hpp
[28.899s] -- Installing: /home/henryshum0/SUAS/install/flight_control/include/flight_control/flight_control/msg/detail/user_command__type_support.hpp
[28.899s] -- Installing: /home/henryshum0/SUAS/install/flight_control/include/flight_control/flight_control/msg/detail/user_command__builder.hpp
[28.899s] -- Up-to-date: /home/henryshum0/SUAS/install/flight_control/include/flight_control/flight_control
[28.899s] -- Up-to-date: /home/henryshum0/SUAS/install/flight_control/include/flight_control/flight_control/msg
[28.899s] -- Installing: /home/henryshum0/SUAS/install/flight_control/include/flight_control/flight_control/msg/rosidl_typesupport_fastrtps_cpp__visibility_control.h
[28.899s] -- Up-to-date: /home/henryshum0/SUAS/install/flight_control/include/flight_control/flight_control/msg/detail
[28.899s] -- Installing: /home/henryshum0/SUAS/install/flight_control/include/flight_control/flight_control/msg/detail/user_command__rosidl_typesupport_fastrtps_cpp.hpp
[28.900s] -- Installing: /home/henryshum0/SUAS/install/flight_control/include/flight_control/flight_control/msg/detail/dds_fastrtps
[28.900s] -- Installing: /home/henryshum0/SUAS/install/flight_control/lib/libflight_control__rosidl_typesupport_fastrtps_cpp.so
[28.900s] -- Set runtime path of "/home/henryshum0/SUAS/install/flight_control/lib/libflight_control__rosidl_typesupport_fastrtps_cpp.so" to ""
[28.900s] -- Up-to-date: /home/henryshum0/SUAS/install/flight_control/include/flight_control/flight_control
[28.900s] -- Up-to-date: /home/henryshum0/SUAS/install/flight_control/include/flight_control/flight_control/msg
[28.900s] -- Installing: /home/henryshum0/SUAS/install/flight_control/include/flight_control/flight_control/msg/rosidl_typesupport_introspection_c__visibility_control.h
[28.900s] -- Up-to-date: /home/henryshum0/SUAS/install/flight_control/include/flight_control/flight_control/msg/detail
[28.900s] -- Installing: /home/henryshum0/SUAS/install/flight_control/include/flight_control/flight_control/msg/detail/user_command__type_support.c
[28.900s] -- Installing: /home/henryshum0/SUAS/install/flight_control/include/flight_control/flight_control/msg/detail/user_command__rosidl_typesupport_introspection_c.h
[28.900s] -- Installing: /home/henryshum0/SUAS/install/flight_control/lib/libflight_control__rosidl_typesupport_introspection_c.so
[28.900s] -- Set runtime path of "/home/henryshum0/SUAS/install/flight_control/lib/libflight_control__rosidl_typesupport_introspection_c.so" to ""
[28.900s] -- Installing: /home/henryshum0/SUAS/install/flight_control/lib/libflight_control__rosidl_typesupport_c.so
[28.900s] -- Set runtime path of "/home/henryshum0/SUAS/install/flight_control/lib/libflight_control__rosidl_typesupport_c.so" to ""
[28.900s] -- Up-to-date: /home/henryshum0/SUAS/install/flight_control/include/flight_control/flight_control
[28.900s] -- Up-to-date: /home/henryshum0/SUAS/install/flight_control/include/flight_control/flight_control/msg
[28.900s] -- Up-to-date: /home/henryshum0/SUAS/install/flight_control/include/flight_control/flight_control/msg/detail
[28.900s] -- Installing: /home/henryshum0/SUAS/install/flight_control/include/flight_control/flight_control/msg/detail/user_command__rosidl_typesupport_introspection_cpp.hpp
[28.900s] -- Installing: /home/henryshum0/SUAS/install/flight_control/include/flight_control/flight_control/msg/detail/user_command__type_support.cpp
[28.901s] -- Installing: /home/henryshum0/SUAS/install/flight_control/lib/libflight_control__rosidl_typesupport_introspection_cpp.so
[28.901s] -- Set runtime path of "/home/henryshum0/SUAS/install/flight_control/lib/libflight_control__rosidl_typesupport_introspection_cpp.so" to ""
[28.901s] -- Installing: /home/henryshum0/SUAS/install/flight_control/lib/libflight_control__rosidl_typesupport_cpp.so
[28.901s] -- Set runtime path of "/home/henryshum0/SUAS/install/flight_control/lib/libflight_control__rosidl_typesupport_cpp.so" to ""
[28.901s] -- Installing: /home/henryshum0/SUAS/install/flight_control/share/flight_control/environment/pythonpath.sh
[28.901s] -- Installing: /home/henryshum0/SUAS/install/flight_control/share/flight_control/environment/pythonpath.dsv
[28.901s] -- Installing: /home/henryshum0/SUAS/install/flight_control/local/lib/python3.10/dist-packages/flight_control-0.0.0-py3.10.egg-info
[28.901s] -- Installing: /home/henryshum0/SUAS/install/flight_control/local/lib/python3.10/dist-packages/flight_control-0.0.0-py3.10.egg-info/top_level.txt
[28.901s] -- Installing: /home/henryshum0/SUAS/install/flight_control/local/lib/python3.10/dist-packages/flight_control-0.0.0-py3.10.egg-info/SOURCES.txt
[28.901s] -- Installing: /home/henryshum0/SUAS/install/flight_control/local/lib/python3.10/dist-packages/flight_control-0.0.0-py3.10.egg-info/dependency_links.txt
[28.902s] -- Installing: /home/henryshum0/SUAS/install/flight_control/local/lib/python3.10/dist-packages/flight_control-0.0.0-py3.10.egg-info/PKG-INFO
[28.902s] -- Installing: /home/henryshum0/SUAS/install/flight_control/local/lib/python3.10/dist-packages/flight_control
[28.902s] -- Installing: /home/henryshum0/SUAS/install/flight_control/local/lib/python3.10/dist-packages/flight_control/flight_control_s__rosidl_typesupport_introspection_c.cpython-310-x86_64-linux-gnu.so
[28.902s] -- Installing: /home/henryshum0/SUAS/install/flight_control/local/lib/python3.10/dist-packages/flight_control/_flight_control_s.ep.rosidl_typesupport_fastrtps_c.c
[28.902s] -- Installing: /home/henryshum0/SUAS/install/flight_control/local/lib/python3.10/dist-packages/flight_control/msg
[28.902s] -- Installing: /home/henryshum0/SUAS/install/flight_control/local/lib/python3.10/dist-packages/flight_control/msg/__init__.py
[28.902s] -- Installing: /home/henryshum0/SUAS/install/flight_control/local/lib/python3.10/dist-packages/flight_control/msg/_user_command.py
[28.902s] -- Installing: /home/henryshum0/SUAS/install/flight_control/local/lib/python3.10/dist-packages/flight_control/msg/_user_command_s.c
[28.902s] -- Installing: /home/henryshum0/SUAS/install/flight_control/local/lib/python3.10/dist-packages/flight_control/_flight_control_s.ep.rosidl_typesupport_introspection_c.c
[28.902s] -- Installing: /home/henryshum0/SUAS/install/flight_control/local/lib/python3.10/dist-packages/flight_control/libflight_control__rosidl_generator_py.so
[28.902s] -- Installing: /home/henryshum0/SUAS/install/flight_control/local/lib/python3.10/dist-packages/flight_control/__init__.py
[28.902s] -- Installing: /home/henryshum0/SUAS/install/flight_control/local/lib/python3.10/dist-packages/flight_control/_flight_control_s.ep.rosidl_typesupport_c.c
[28.902s] -- Installing: /home/henryshum0/SUAS/install/flight_control/local/lib/python3.10/dist-packages/flight_control/flight_control_s__rosidl_typesupport_c.cpython-310-x86_64-linux-gnu.so
[28.902s] -- Installing: /home/henryshum0/SUAS/install/flight_control/local/lib/python3.10/dist-packages/flight_control/flight_control_s__rosidl_typesupport_fastrtps_c.cpython-310-x86_64-linux-gnu.so
[28.922s] Listing '/home/henryshum0/SUAS/install/flight_control/local/lib/python3.10/dist-packages/flight_control'...
[28.922s] Compiling '/home/henryshum0/SUAS/install/flight_control/local/lib/python3.10/dist-packages/flight_control/__init__.py'...
[28.922s] Listing '/home/henryshum0/SUAS/install/flight_control/local/lib/python3.10/dist-packages/flight_control/msg'...
[28.922s] Compiling '/home/henryshum0/SUAS/install/flight_control/local/lib/python3.10/dist-packages/flight_control/msg/__init__.py'...
[28.922s] Compiling '/home/henryshum0/SUAS/install/flight_control/local/lib/python3.10/dist-packages/flight_control/msg/_user_command.py'...
[28.925s] -- Installing: /home/henryshum0/SUAS/install/flight_control/local/lib/python3.10/dist-packages/flight_control/flight_control_s__rosidl_typesupport_fastrtps_c.cpython-310-x86_64-linux-gnu.so
[28.925s] -- Set runtime path of "/home/henryshum0/SUAS/install/flight_control/local/lib/python3.10/dist-packages/flight_control/flight_control_s__rosidl_typesupport_fastrtps_c.cpython-310-x86_64-linux-gnu.so" to ""
[28.925s] -- Installing: /home/henryshum0/SUAS/install/flight_control/local/lib/python3.10/dist-packages/flight_control/flight_control_s__rosidl_typesupport_introspection_c.cpython-310-x86_64-linux-gnu.so
[28.925s] -- Set runtime path of "/home/henryshum0/SUAS/install/flight_control/local/lib/python3.10/dist-packages/flight_control/flight_control_s__rosidl_typesupport_introspection_c.cpython-310-x86_64-linux-gnu.so" to ""
[28.925s] -- Installing: /home/henryshum0/SUAS/install/flight_control/local/lib/python3.10/dist-packages/flight_control/flight_control_s__rosidl_typesupport_c.cpython-310-x86_64-linux-gnu.so
[28.925s] -- Set runtime path of "/home/henryshum0/SUAS/install/flight_control/local/lib/python3.10/dist-packages/flight_control/flight_control_s__rosidl_typesupport_c.cpython-310-x86_64-linux-gnu.so" to ""
[28.925s] -- Installing: /home/henryshum0/SUAS/install/flight_control/lib/libflight_control__rosidl_generator_py.so
[28.926s] -- Set runtime path of "/home/henryshum0/SUAS/install/flight_control/lib/libflight_control__rosidl_generator_py.so" to ""
[28.926s] -- Installing: /home/henryshum0/SUAS/install/flight_control/share/flight_control/msg/UserCommand.idl
[28.926s] -- Installing: /home/henryshum0/SUAS/install/flight_control/share/flight_control/msg/UserCommand.msg
[28.927s] -- Installing: /home/henryshum0/SUAS/install/flight_control/lib/flight_control/offboard_controller
[28.927s] -- Set runtime path of "/home/henryshum0/SUAS/install/flight_control/lib/flight_control/offboard_controller" to ""
[28.928s] -- Installing: /home/henryshum0/SUAS/install/flight_control/lib/flight_control/sensor_combined_listener
[28.930s] -- Set runtime path of "/home/henryshum0/SUAS/install/flight_control/lib/flight_control/sensor_combined_listener" to ""
[28.930s] -- Installing: /home/henryshum0/SUAS/install/flight_control/lib/flight_control/publish_trj_listener
[28.933s] -- Set runtime path of "/home/henryshum0/SUAS/install/flight_control/lib/flight_control/publish_trj_listener" to ""
[28.933s] -- Installing: /home/henryshum0/SUAS/install/flight_control/lib/flight_control/vehicle_pos_listener
[28.936s] -- Set runtime path of "/home/henryshum0/SUAS/install/flight_control/lib/flight_control/vehicle_pos_listener" to ""
[28.936s] -- Installing: /home/henryshum0/SUAS/install/flight_control/lib/flight_control/cmd_ack_listener
[28.938s] -- Set runtime path of "/home/henryshum0/SUAS/install/flight_control/lib/flight_control/cmd_ack_listener" to ""
[28.938s] -- Up-to-date: /home/henryshum0/SUAS/install/flight_control/include/flight_control/include
[28.938s] -- Up-to-date: /home/henryshum0/SUAS/install/flight_control/include/flight_control/include/lib
[28.939s] -- Up-to-date: /home/henryshum0/SUAS/install/flight_control/include/flight_control/include/lib/utils.hpp
[28.939s] -- Up-to-date: /home/henryshum0/SUAS/install/flight_control/include/flight_control/include/vehicle_storage
[28.939s] -- Up-to-date: /home/henryshum0/SUAS/install/flight_control/include/flight_control/include/vehicle_storage/executor_storage.hpp
[28.939s] -- Up-to-date: /home/henryshum0/SUAS/install/flight_control/include/flight_control/include/vehicle_storage/vehicle_state_storage.hpp
[28.939s] -- Up-to-date: /home/henryshum0/SUAS/install/flight_control/include/flight_control/include/flight_control
[28.939s] -- Up-to-date: /home/henryshum0/SUAS/install/flight_control/include/flight_control/include/flight_control/state_subscribers.hpp
[28.939s] -- Up-to-date: /home/henryshum0/SUAS/install/flight_control/include/flight_control/include/flight_control/flight_executor.hpp
[28.939s] -- Up-to-date: /home/henryshum0/SUAS/install/flight_control/include/flight_control/include/flight_control/control_publishers.hpp
[28.939s] -- Installing: /home/henryshum0/SUAS/install/flight_control/lib/libflight_control_lib.so
[28.949s] -- Set runtime path of "/home/henryshum0/SUAS/install/flight_control/lib/libflight_control_lib.so" to ""
[28.949s] -- Installing: /home/henryshum0/SUAS/install/flight_control/share/ament_index/resource_index/package_run_dependencies/flight_control
[28.949s] -- Up-to-date: /home/henryshum0/SUAS/install/flight_control/share/ament_index/resource_index/parent_prefix_path/flight_control
[28.949s] -- Up-to-date: /home/henryshum0/SUAS/install/flight_control/share/flight_control/environment/ament_prefix_path.sh
[28.950s] -- Installing: /home/henryshum0/SUAS/install/flight_control/share/flight_control/environment/ament_prefix_path.dsv
[28.950s] -- Up-to-date: /home/henryshum0/SUAS/install/flight_control/share/flight_control/environment/path.sh
[28.950s] -- Installing: /home/henryshum0/SUAS/install/flight_control/share/flight_control/environment/path.dsv
[28.950s] -- Up-to-date: /home/henryshum0/SUAS/install/flight_control/share/flight_control/local_setup.bash
[28.950s] -- Installing: /home/henryshum0/SUAS/install/flight_control/share/flight_control/local_setup.sh
[28.950s] -- Up-to-date: /home/henryshum0/SUAS/install/flight_control/share/flight_control/local_setup.zsh
[28.950s] -- Installing: /home/henryshum0/SUAS/install/flight_control/share/flight_control/local_setup.dsv
[28.950s] -- Installing: /home/henryshum0/SUAS/install/flight_control/share/flight_control/package.dsv
[28.950s] -- Up-to-date: /home/henryshum0/SUAS/install/flight_control/share/ament_index/resource_index/packages/flight_control
[28.951s] -- Installing: /home/henryshum0/SUAS/install/flight_control/share/flight_control/cmake/export_flight_control__rosidl_generator_cExport.cmake
[28.951s] -- Installing: /home/henryshum0/SUAS/install/flight_control/share/flight_control/cmake/export_flight_control__rosidl_generator_cExport-noconfig.cmake
[28.951s] -- Installing: /home/henryshum0/SUAS/install/flight_control/share/flight_control/cmake/export_flight_control__rosidl_typesupport_fastrtps_cExport.cmake
[28.951s] -- Installing: /home/henryshum0/SUAS/install/flight_control/share/flight_control/cmake/export_flight_control__rosidl_typesupport_fastrtps_cExport-noconfig.cmake
[28.951s] -- Installing: /home/henryshum0/SUAS/install/flight_control/share/flight_control/cmake/export_flight_control__rosidl_generator_cppExport.cmake
[28.951s] -- Installing: /home/henryshum0/SUAS/install/flight_control/share/flight_control/cmake/export_flight_control__rosidl_typesupport_fastrtps_cppExport.cmake
[28.951s] -- Installing: /home/henryshum0/SUAS/install/flight_control/share/flight_control/cmake/export_flight_control__rosidl_typesupport_fastrtps_cppExport-noconfig.cmake
[28.951s] -- Installing: /home/henryshum0/SUAS/install/flight_control/share/flight_control/cmake/flight_control__rosidl_typesupport_introspection_cExport.cmake
[28.951s] -- Installing: /home/henryshum0/SUAS/install/flight_control/share/flight_control/cmake/flight_control__rosidl_typesupport_introspection_cExport-noconfig.cmake
[28.952s] -- Installing: /home/henryshum0/SUAS/install/flight_control/share/flight_control/cmake/flight_control__rosidl_typesupport_cExport.cmake
[28.952s] -- Installing: /home/henryshum0/SUAS/install/flight_control/share/flight_control/cmake/flight_control__rosidl_typesupport_cExport-noconfig.cmake
[28.952s] -- Installing: /home/henryshum0/SUAS/install/flight_control/share/flight_control/cmake/flight_control__rosidl_typesupport_introspection_cppExport.cmake
[28.952s] -- Installing: /home/henryshum0/SUAS/install/flight_control/share/flight_control/cmake/flight_control__rosidl_typesupport_introspection_cppExport-noconfig.cmake
[28.952s] -- Installing: /home/henryshum0/SUAS/install/flight_control/share/flight_control/cmake/flight_control__rosidl_typesupport_cppExport.cmake
[28.952s] -- Installing: /home/henryshum0/SUAS/install/flight_control/share/flight_control/cmake/flight_control__rosidl_typesupport_cppExport-noconfig.cmake
[28.952s] -- Installing: /home/henryshum0/SUAS/install/flight_control/share/flight_control/cmake/export_flight_control__rosidl_generator_pyExport.cmake
[28.952s] -- Installing: /home/henryshum0/SUAS/install/flight_control/share/flight_control/cmake/export_flight_control__rosidl_generator_pyExport-noconfig.cmake
[28.952s] -- Installing: /home/henryshum0/SUAS/install/flight_control/share/flight_control/cmake/rosidl_cmake-extras.cmake
[28.952s] -- Installing: /home/henryshum0/SUAS/install/flight_control/share/flight_control/cmake/ament_cmake_export_include_directories-extras.cmake
[28.952s] -- Installing: /home/henryshum0/SUAS/install/flight_control/share/flight_control/cmake/ament_cmake_export_libraries-extras.cmake
[28.953s] -- Installing: /home/henryshum0/SUAS/install/flight_control/share/flight_control/cmake/ament_cmake_export_targets-extras.cmake
[28.953s] -- Installing: /home/henryshum0/SUAS/install/flight_control/share/flight_control/cmake/rosidl_cmake_export_typesupport_targets-extras.cmake
[28.953s] -- Installing: /home/henryshum0/SUAS/install/flight_control/share/flight_control/cmake/ament_cmake_export_dependencies-extras.cmake
[28.953s] -- Installing: /home/henryshum0/SUAS/install/flight_control/share/flight_control/cmake/rosidl_cmake_export_typesupport_libraries-extras.cmake
[28.953s] -- Installing: /home/henryshum0/SUAS/install/flight_control/share/flight_control/cmake/flight_controlConfig.cmake
[28.953s] -- Up-to-date: /home/henryshum0/SUAS/install/flight_control/share/flight_control/cmake/flight_controlConfig-version.cmake
[28.953s] -- Installing: /home/henryshum0/SUAS/install/flight_control/share/flight_control/package.xml
[28.953s] -- Installing: /home/henryshum0/SUAS/install/flight_control/include/matplot/detail/exports.h
[28.954s] Invoked command in '/home/henryshum0/SUAS/build/flight_control' returned '0': CMAKE_PREFIX_PATH=/home/henryshum0/SUAS/install/px4_ros_com:/home/henryshum0/SUAS/install/px4_msgs:/home/henryshum0/SUAS/install/flight_control:/opt/ros/humble LD_LIBRARY_PATH=/home/henryshum0/SUAS/install/px4_ros_com/lib:/home/henryshum0/SUAS/install/px4_msgs/lib:/home/henryshum0/SUAS/install/flight_control/lib:/opt/ros/humble/opt/rviz_ogre_vendor/lib:/opt/ros/humble/lib/x86_64-linux-gnu:/opt/ros/humble/lib /usr/bin/cmake --install /home/henryshum0/SUAS/build/flight_control
