[0.051s] Invoking command in '/home/henryshum0/SUAS/build/flight_control': CMAKE_PREFIX_PATH=/home/henryshum0/SUAS/install/px4_ros_com:/home/henryshum0/SUAS/install/px4_msgs:/home/henryshum0/SUAS/install/flight_control:/opt/ros/humble LD_LIBRARY_PATH=/home/henryshum0/SUAS/install/px4_ros_com/lib:/home/henryshum0/SUAS/install/px4_msgs/lib:/home/henryshum0/SUAS/install/flight_control/lib:/opt/ros/humble/opt/rviz_ogre_vendor/lib:/opt/ros/humble/lib/x86_64-linux-gnu:/opt/ros/humble/lib /usr/bin/cmake /home/henryshum0/SUAS/src/flight_control -DCMAKE_BUILD_TYPE=RelWithDebInfo -DCMAKE_INSTALL_PREFIX=/home/henryshum0/SUAS/install/flight_control
[0.058s] -- Found ament_cmake: 1.3.11 (/opt/ros/humble/share/ament_cmake/cmake)
[0.149s] -- Found rclcpp: 16.0.11 (/opt/ros/humble/share/rclcpp/cmake)
[0.221s] -- Found rosidl_generator_c: 3.1.6 (/opt/ros/humble/share/rosidl_generator_c/cmake)
[0.223s] -- Found rosidl_adapter: 3.1.6 (/opt/ros/humble/share/rosidl_adapter/cmake)
[0.227s] -- Found rosidl_generator_cpp: 3.1.6 (/opt/ros/humble/share/rosidl_generator_cpp/cmake)
[0.233s] -- Using all available rosidl_typesupport_c: rosidl_typesupport_fastrtps_c;rosidl_typesupport_introspection_c
[0.240s] -- Using all available rosidl_typesupport_cpp: rosidl_typesupport_fastrtps_cpp;rosidl_typesupport_introspection_cpp
[0.261s] -- Found rmw_implementation_cmake: 6.1.2 (/opt/ros/humble/share/rmw_implementation_cmake/cmake)
[0.261s] -- Found rmw_fastrtps_cpp: 6.2.7 (/opt/ros/humble/share/rmw_fastrtps_cpp/cmake)
[1.972s] -- Using RMW implementation 'rmw_fastrtps_cpp' as default
[2.002s] -- Found px4_msgs: 2.0.1 (/home/henryshum0/SUAS/install/px4_msgs/share/px4_msgs/cmake)
[2.009s] -- Found px4_ros_com: 0.1.0 (/home/henryshum0/SUAS/install/px4_ros_com/share/px4_ros_com/cmake)
[2.399s] [31mCMake Error at CMakeLists.txt:15 (find_package):
[2.399s]   By not providing "Findbackward_ros.cmake" in CMAKE_MODULE_PATH this project
[2.399s]   has asked CMake to find a package configuration file provided by
[2.399s]   "backward_ros", but CMake did not find one.
[2.399s] 
[2.399s]   Could not find a package configuration file provided by "backward_ros" with
[2.399s]   any of the following names:
[2.399s] 
[2.399s]     backward_rosConfig.cmake
[2.399s]     backward_ros-config.cmake
[2.399s] 
[2.399s]   Add the installation prefix of "backward_ros" to CMAKE_PREFIX_PATH or set
[2.399s]   "backward_ros_DIR" to a directory containing one of the above files.  If
[2.399s]   "backward_ros" provides a separate development package or SDK, be sure it
[2.399s]   has been installed.
[2.399s] 
[2.399s] [0m
[2.399s] -- Configuring incomplete, errors occurred!
[2.399s] See also "/home/henryshum0/SUAS/build/flight_control/CMakeFiles/CMakeOutput.log".
[2.399s] See also "/home/henryshum0/SUAS/build/flight_control/CMakeFiles/CMakeError.log".
[2.404s] Invoked command in '/home/henryshum0/SUAS/build/flight_control' returned '1': CMAKE_PREFIX_PATH=/home/henryshum0/SUAS/install/px4_ros_com:/home/henryshum0/SUAS/install/px4_msgs:/home/henryshum0/SUAS/install/flight_control:/opt/ros/humble LD_LIBRARY_PATH=/home/henryshum0/SUAS/install/px4_ros_com/lib:/home/henryshum0/SUAS/install/px4_msgs/lib:/home/henryshum0/SUAS/install/flight_control/lib:/opt/ros/humble/opt/rviz_ogre_vendor/lib:/opt/ros/humble/lib/x86_64-linux-gnu:/opt/ros/humble/lib /usr/bin/cmake /home/henryshum0/SUAS/src/flight_control -DCMAKE_BUILD_TYPE=RelWithDebInfo -DCMAKE_INSTALL_PREFIX=/home/henryshum0/SUAS/install/flight_control
