[0.050s] Invoking command in '/home/henryshum0/SUAS/build/flight_control': CMAKE_PREFIX_PATH=/home/henryshum0/SUAS/install/px4_ros_com:/home/henryshum0/SUAS/install/px4_msgs:/home/henryshum0/SUAS/install/flight_control:/opt/ros/humble LD_LIBRARY_PATH=/home/henryshum0/SUAS/install/px4_ros_com/lib:/home/henryshum0/SUAS/install/px4_msgs/lib:/home/henryshum0/SUAS/install/flight_control/lib:/opt/ros/humble/opt/rviz_ogre_vendor/lib:/opt/ros/humble/lib/x86_64-linux-gnu:/opt/ros/humble/lib /usr/bin/cmake --build /home/henryshum0/SUAS/build/flight_control -- -j16 -l16
[0.066s] -- Found ament_cmake: 1.3.11 (/opt/ros/humble/share/ament_cmake/cmake)
[0.173s] -- Found rclcpp: 16.0.11 (/opt/ros/humble/share/rclcpp/cmake)
[0.267s] -- Found rosidl_generator_c: 3.1.6 (/opt/ros/humble/share/rosidl_generator_c/cmake)
[0.269s] -- Found rosidl_adapter: 3.1.6 (/opt/ros/humble/share/rosidl_adapter/cmake)
[0.276s] -- Found rosidl_generator_cpp: 3.1.6 (/opt/ros/humble/share/rosidl_generator_cpp/cmake)
[0.287s] -- Using all available rosidl_typesupport_c: rosidl_typesupport_fastrtps_c;rosidl_typesupport_introspection_c
[0.299s] -- Using all available rosidl_typesupport_cpp: rosidl_typesupport_fastrtps_cpp;rosidl_typesupport_introspection_cpp
[0.335s] -- Found rmw_implementation_cmake: 6.1.2 (/opt/ros/humble/share/rmw_implementation_cmake/cmake)
[0.338s] -- Found rmw_fastrtps_cpp: 6.2.7 (/opt/ros/humble/share/rmw_fastrtps_cpp/cmake)
[2.156s] -- Using RMW implementation 'rmw_fastrtps_cpp' as default
[2.202s] -- Found px4_msgs: 2.0.1 (/home/henryshum0/SUAS/install/px4_msgs/share/px4_msgs/cmake)
[2.214s] -- Found px4_ros_com: 0.1.0 (/home/henryshum0/SUAS/install/px4_ros_com/share/px4_ros_com/cmake)
[2.250s] -- Found ament_lint_auto: 0.12.11 (/opt/ros/humble/share/ament_lint_auto/cmake)
[2.298s] -- Added test 'cppcheck' to perform static code analysis on C / C++ code
[2.298s] -- Configured cppcheck include dirs: /home/henryshum0/SUAS/src/flight_control/include;$<BUILD_INTERFACE:/home/henryshum0/SUAS/src/flight_control/include>
[2.298s] -- Configured cppcheck exclude dirs and/or files: 
[2.299s] -- Added test 'lint_cmake' to check CMake code style
[2.300s] -- Added test 'uncrustify' to check C / C++ code style
[2.300s] -- Configured uncrustify additional arguments: 
[2.300s] -- Added test 'xmllint' to check XML markup files
[2.302s] -- Configuring done
[2.315s] -- Generating done
[2.320s] -- Build files have been written to: /home/henryshum0/SUAS/build/flight_control
[2.336s] [35m[1mConsolidate compiler generated dependencies of target flight_control_lib[0m
[2.350s] [ 22%] [32mBuilding CXX object CMakeFiles/flight_control_lib.dir/src/vehicle_storage/executor_cmd_storage.cpp.o[0m
[2.350s] [ 22%] [32mBuilding CXX object CMakeFiles/flight_control_lib.dir/src/vehicle_storage/vehicle_state_storage.cpp.o[0m
[2.985s] [ 33%] [32m[1mLinking CXX shared library libflight_control_lib.so[0m
[3.555s] [ 77%] Built target flight_control_lib
[3.562s] [35m[1mConsolidate compiler generated dependencies of target offboard_controller[0m
[3.573s] [ 88%] [32mBuilding CXX object CMakeFiles/offboard_controller.dir/src/main.cpp.o[0m
[3.733s] [01m[K/home/henryshum0/SUAS/src/flight_control/src/main.cpp:5:10:[m[K [01;31m[Kfatal error: [m[Kvehicle_storage/vehicle_state.hpp: No such file or directory
[3.733s]     5 | #include [01;31m[K<vehicle_storage/vehicle_state.hpp>[m[K
[3.734s]       |          [01;31m[K^~~~~~~~~~~~~~~~~~~~~~~~~~~~~~~~~~~[m[K
[3.734s] compilation terminated.
[3.736s] gmake[2]: *** [CMakeFiles/offboard_controller.dir/build.make:76: CMakeFiles/offboard_controller.dir/src/main.cpp.o] Error 1
[3.736s] gmake[1]: *** [CMakeFiles/Makefile2:165: CMakeFiles/offboard_controller.dir/all] Error 2
[3.736s] gmake: *** [Makefile:146: all] Error 2
[3.739s] Invoked command in '/home/henryshum0/SUAS/build/flight_control' returned '2': CMAKE_PREFIX_PATH=/home/henryshum0/SUAS/install/px4_ros_com:/home/henryshum0/SUAS/install/px4_msgs:/home/henryshum0/SUAS/install/flight_control:/opt/ros/humble LD_LIBRARY_PATH=/home/henryshum0/SUAS/install/px4_ros_com/lib:/home/henryshum0/SUAS/install/px4_msgs/lib:/home/henryshum0/SUAS/install/flight_control/lib:/opt/ros/humble/opt/rviz_ogre_vendor/lib:/opt/ros/humble/lib/x86_64-linux-gnu:/opt/ros/humble/lib /usr/bin/cmake --build /home/henryshum0/SUAS/build/flight_control -- -j16 -l16
