[0.038s] Invoking command in '/home/henryshum0/SUAS/build/px4_ros_com': AMENT_PREFIX_PATH=/home/henryshum0/SUAS/install/px4_msgs:${AMENT_PREFIX_PATH} CMAKE_PREFIX_PATH=/home/henryshum0/SUAS/install/px4_msgs:/opt/ros/humble LD_LIBRARY_PATH=/home/henryshum0/SUAS/install/px4_msgs/lib:${LD_LIBRARY_PATH} PYTHONPATH=/home/henryshum0/SUAS/install/px4_msgs/local/lib/python3.10/dist-packages:${PYTHONPATH} /usr/bin/cmake --build /home/henryshum0/SUAS/build/px4_ros_com -- -j16 -l16
[0.052s] -- Found ament_cmake: 1.3.11 (/opt/ros/humble/share/ament_cmake/cmake)
[0.130s] -- Found rclcpp: 16.0.11 (/opt/ros/humble/share/rclcpp/cmake)
[0.201s] -- Found rosidl_generator_c: 3.1.6 (/opt/ros/humble/share/rosidl_generator_c/cmake)
[0.202s] -- Found rosidl_adapter: 3.1.6 (/opt/ros/humble/share/rosidl_adapter/cmake)
[0.206s] -- Found rosidl_generator_cpp: 3.1.6 (/opt/ros/humble/share/rosidl_generator_cpp/cmake)
[0.213s] -- Using all available rosidl_typesupport_c: rosidl_typesupport_fastrtps_c;rosidl_typesupport_introspection_c
[0.220s] -- Using all available rosidl_typesupport_cpp: rosidl_typesupport_fastrtps_cpp;rosidl_typesupport_introspection_cpp
[0.239s] -- Found rmw_implementation_cmake: 6.1.2 (/opt/ros/humble/share/rmw_implementation_cmake/cmake)
[0.240s] -- Found rmw_fastrtps_cpp: 6.2.7 (/opt/ros/humble/share/rmw_fastrtps_cpp/cmake)
[2.354s] -- Using RMW implementation 'rmw_fastrtps_cpp' as default
[2.381s] -- Found eigen3_cmake_module: 0.1.1 (/opt/ros/humble/share/eigen3_cmake_module/cmake)
[2.382s] -- Found geometry_msgs: 4.2.4 (/opt/ros/humble/share/geometry_msgs/cmake)
[2.389s] -- Found px4_msgs: 2.0.1 (/home/henryshum0/SUAS/install/px4_msgs/share/px4_msgs/cmake)
[2.396s] -- Found sensor_msgs: 4.2.4 (/opt/ros/humble/share/sensor_msgs/cmake)
[2.406s] -- Found rclpy: 3.3.15 (/opt/ros/humble/share/rclpy/cmake)
[2.406s] [31mCMake Error at CMakeLists.txt:43 (target_link_libraries):
[2.406s]   The plain signature for target_link_libraries has already been used with
[2.406s]   the target "frame_transforms".  All uses of target_link_libraries with a
[2.406s]   target must be either all-keyword or all-plain.
[2.407s] 
[2.407s]   The uses of the plain signature are here:
[2.407s] 
[2.407s]    * /opt/ros/humble/share/ament_cmake_target_dependencies/cmake/ament_target_dependencies.cmake:145 (target_link_libraries)
[2.407s] 
[2.407s] 
[2.407s] [0m
[2.410s] -- Found ament_lint_auto: 0.12.11 (/opt/ros/humble/share/ament_lint_auto/cmake)
[2.455s] -- Added test 'copyright' to check source files copyright and LICENSE
[2.456s] -- Added test 'cppcheck' to perform static code analysis on C / C++ code
[2.456s] -- Configured cppcheck include dirs: /home/henryshum0/SUAS/src/px4_ros_com/include;$<BUILD_INTERFACE:/home/henryshum0/SUAS/src/px4_ros_com/include/px4_ros_com>
[2.457s] -- Configured cppcheck exclude dirs and/or files: 
[2.458s] -- Added test 'cpplint' to check C / C++ code against the Google style
[2.458s] -- Configured cpplint exclude dirs and/or files: 
[2.458s] -- Added test 'flake8' to check Python code syntax and style conventions
[2.459s] -- Added test 'lint_cmake' to check CMake code style
[2.459s] -- Added test 'pep257' to check Python code against some of the docstring style conventions in PEP 257
[2.461s] -- Added test 'uncrustify' to check C / C++ code style
[2.461s] -- Configured uncrustify additional arguments: 
[2.461s] -- Added test 'xmllint' to check XML markup files
[2.462s] -- Configuring incomplete, errors occurred!
[2.462s] See also "/home/henryshum0/SUAS/build/px4_ros_com/CMakeFiles/CMakeOutput.log".
[2.467s] gmake: *** [Makefile:500: cmake_check_build_system] Error 1
[2.469s] Invoked command in '/home/henryshum0/SUAS/build/px4_ros_com' returned '2': AMENT_PREFIX_PATH=/home/henryshum0/SUAS/install/px4_msgs:${AMENT_PREFIX_PATH} CMAKE_PREFIX_PATH=/home/henryshum0/SUAS/install/px4_msgs:/opt/ros/humble LD_LIBRARY_PATH=/home/henryshum0/SUAS/install/px4_msgs/lib:${LD_LIBRARY_PATH} PYTHONPATH=/home/henryshum0/SUAS/install/px4_msgs/local/lib/python3.10/dist-packages:${PYTHONPATH} /usr/bin/cmake --build /home/henryshum0/SUAS/build/px4_ros_com -- -j16 -l16
