[0.077s] Invoking command in '/home/henryshum0/SUAS/build/flight_control': AMENT_PREFIX_PATH=/home/henryshum0/SUAS/install/px4_ros_com:/home/henryshum0/SUAS/install/px4_msgs:${AMENT_PREFIX_PATH} CMAKE_PREFIX_PATH=/home/henryshum0/SUAS/install/px4_ros_com:/home/henryshum0/SUAS/install/px4_msgs:/opt/ros/humble LD_LIBRARY_PATH=/home/henryshum0/SUAS/install/px4_ros_com/lib:/home/henryshum0/SUAS/install/px4_msgs/lib:${LD_LIBRARY_PATH} PYTHONPATH=/home/henryshum0/SUAS/install/px4_ros_com/local/lib/python3.10/dist-packages:/home/henryshum0/SUAS/install/px4_msgs/local/lib/python3.10/dist-packages:${PYTHONPATH} /usr/bin/cmake --build /home/henryshum0/SUAS/build/flight_control -- -j16 -l16
[0.104s] [35m[1mConsolidate compiler generated dependencies of target offboard_controller[0m
[0.115s] [ 50%] [32mBuilding CXX object CMakeFiles/offboard_controller.dir/src/offboard_controller.cpp.o[0m
[2.233s] [01m[K/home/henryshum0/SUAS/src/flight_control/src/offboard_controller.cpp:[m[K In function ‘[01m[Kint main(int, char**)[m[K’:
[2.233s] [01m[K/home/henryshum0/SUAS/src/flight_control/src/offboard_controller.cpp:116:14:[m[K [01;35m[Kwarning: [m[Kunused parameter ‘[01m[Kargc[m[K’ [[01;35m[K]8;;https://gcc.gnu.org/onlinedocs/gcc/Warning-Options.html#index-Wunused-parameter-Wunused-parameter]8;;[m[K]
[2.233s]   116 | int main([01;35m[Kint argc[m[K, char* argv[])
[2.233s]       |          [01;35m[K~~~~^~~~[m[K
[2.233s] [01m[K/home/henryshum0/SUAS/src/flight_control/src/offboard_controller.cpp:116:26:[m[K [01;35m[Kwarning: [m[Kunused parameter ‘[01m[Kargv[m[K’ [[01;35m[K]8;;https://gcc.gnu.org/onlinedocs/gcc/Warning-Options.html#index-Wunused-parameter-Wunused-parameter]8;;[m[K]
[2.233s]   116 | int main(int argc, [01;35m[Kchar* argv[][m[K)
[2.233s]       |                    [01;35m[K~~~~~~^~~~~~[m[K
[6.641s] [100%] [32m[1mLinking CXX executable offboard_controller[0m
[6.942s] /usr/bin/ld: CMakeFiles/offboard_controller.dir/src/offboard_controller.cpp.o: in function `flight_control::OffboardController::local_position_callback(std::unique_ptr<px4_msgs::msg::VehicleLocalPosition_<std::allocator<void> >, std::default_delete<px4_msgs::msg::VehicleLocalPosition_<std::allocator<void> > > >)':
[6.942s] offboard_controller.cpp:(.text+0x1475): undefined reference to `flight_control::utils::enu_ned_convert(Eigen::Matrix<float, 3, 1, 0, 3, 1>&)'
[6.942s] /usr/bin/ld: offboard_controller.cpp:(.text+0x14a2): undefined reference to `flight_control::utils::enu_ned_convert(Eigen::Matrix<float, 3, 1, 0, 3, 1>&)'
[6.942s] /usr/bin/ld: offboard_controller.cpp:(.text+0x14cf): undefined reference to `flight_control::utils::enu_ned_convert(Eigen::Matrix<float, 3, 1, 0, 3, 1>&)'
[6.969s] collect2: error: ld returned 1 exit status
[6.970s] gmake[2]: *** [CMakeFiles/offboard_controller.dir/build.make:159: offboard_controller] Error 1
[6.970s] gmake[1]: *** [CMakeFiles/Makefile2:137: CMakeFiles/offboard_controller.dir/all] Error 2
[6.970s] gmake: *** [Makefile:146: all] Error 2
[6.972s] Invoked command in '/home/henryshum0/SUAS/build/flight_control' returned '2': AMENT_PREFIX_PATH=/home/henryshum0/SUAS/install/px4_ros_com:/home/henryshum0/SUAS/install/px4_msgs:${AMENT_PREFIX_PATH} CMAKE_PREFIX_PATH=/home/henryshum0/SUAS/install/px4_ros_com:/home/henryshum0/SUAS/install/px4_msgs:/opt/ros/humble LD_LIBRARY_PATH=/home/henryshum0/SUAS/install/px4_ros_com/lib:/home/henryshum0/SUAS/install/px4_msgs/lib:${LD_LIBRARY_PATH} PYTHONPATH=/home/henryshum0/SUAS/install/px4_ros_com/local/lib/python3.10/dist-packages:/home/henryshum0/SUAS/install/px4_msgs/local/lib/python3.10/dist-packages:${PYTHONPATH} /usr/bin/cmake --build /home/henryshum0/SUAS/build/flight_control -- -j16 -l16
