[0.133s] Invoking command in '/home/henryshum0/SUAS/build/flight_control': CMAKE_PREFIX_PATH=/home/henryshum0/SUAS/install/px4_ros_com:/home/henryshum0/SUAS/install/px4_msgs:/home/henryshum0/SUAS/install/offboard_control_interfaces:/home/henryshum0/SUAS/install/flight_control:/opt/ros/humble LD_LIBRARY_PATH=/home/henryshum0/SUAS/install/px4_ros_com/lib:/home/henryshum0/SUAS/install/px4_msgs/lib:/home/henryshum0/SUAS/install/offboard_control_interfaces/lib:/home/henryshum0/SUAS/install/flight_control/lib:/opt/ros/humble/opt/rviz_ogre_vendor/lib:/opt/ros/humble/lib/x86_64-linux-gnu:/opt/ros/humble/lib /usr/bin/cmake --build /home/henryshum0/SUAS/build/flight_control -- -j16 -l16
[0.175s] [35m[1mConsolidate compiler generated dependencies of target flight_control_lib[0m
[0.180s] [  9%] Built target user_input
[0.180s] [ 12%] Built target nodesoup
[0.181s] [ 15%] Built target sensor_combined_listener
[0.181s] [ 18%] Built target publish_trj_listener
[0.181s] [ 21%] Built target vehicle_pos_listener
[0.182s] [ 25%] Built target cmd_ack_listener
[0.198s] [ 26%] [32mBuilding CXX object CMakeFiles/flight_control_lib.dir/src/flight_control/flight_executor.cpp.o[0m
[0.209s] [ 85%] Built target matplot
[3.333s] [ 87%] [32m[1mLinking CXX shared library libflight_control_lib.so[0m
[4.719s] [ 96%] Built target flight_control_lib
[4.738s] [ 98%] [32m[1mLinking CXX executable offboard_controller[0m
[5.384s] [100%] Built target offboard_controller
[5.393s] Invoked command in '/home/henryshum0/SUAS/build/flight_control' returned '0': CMAKE_PREFIX_PATH=/home/henryshum0/SUAS/install/px4_ros_com:/home/henryshum0/SUAS/install/px4_msgs:/home/henryshum0/SUAS/install/offboard_control_interfaces:/home/henryshum0/SUAS/install/flight_control:/opt/ros/humble LD_LIBRARY_PATH=/home/henryshum0/SUAS/install/px4_ros_com/lib:/home/henryshum0/SUAS/install/px4_msgs/lib:/home/henryshum0/SUAS/install/offboard_control_interfaces/lib:/home/henryshum0/SUAS/install/flight_control/lib:/opt/ros/humble/opt/rviz_ogre_vendor/lib:/opt/ros/humble/lib/x86_64-linux-gnu:/opt/ros/humble/lib /usr/bin/cmake --build /home/henryshum0/SUAS/build/flight_control -- -j16 -l16
[5.403s] Invoking command in '/home/henryshum0/SUAS/build/flight_control': CMAKE_PREFIX_PATH=/home/henryshum0/SUAS/install/px4_ros_com:/home/henryshum0/SUAS/install/px4_msgs:/home/henryshum0/SUAS/install/offboard_control_interfaces:/home/henryshum0/SUAS/install/flight_control:/opt/ros/humble LD_LIBRARY_PATH=/home/henryshum0/SUAS/install/px4_ros_com/lib:/home/henryshum0/SUAS/install/px4_msgs/lib:/home/henryshum0/SUAS/install/offboard_control_interfaces/lib:/home/henryshum0/SUAS/install/flight_control/lib:/opt/ros/humble/opt/rviz_ogre_vendor/lib:/opt/ros/humble/lib/x86_64-linux-gnu:/opt/ros/humble/lib /usr/bin/cmake --install /home/henryshum0/SUAS/build/flight_control
[5.407s] -- Install configuration: ""
[5.407s] -- Installing: /home/henryshum0/SUAS/install/flight_control/lib/flight_control/offboard_controller
[5.407s] -- Set runtime path of "/home/henryshum0/SUAS/install/flight_control/lib/flight_control/offboard_controller" to ""
[5.408s] -- Up-to-date: /home/henryshum0/SUAS/install/flight_control/lib/flight_control/user_input
[5.408s] -- Up-to-date: /home/henryshum0/SUAS/install/flight_control/lib/flight_control/sensor_combined_listener
[5.408s] -- Up-to-date: /home/henryshum0/SUAS/install/flight_control/lib/flight_control/publish_trj_listener
[5.408s] -- Up-to-date: /home/henryshum0/SUAS/install/flight_control/lib/flight_control/vehicle_pos_listener
[5.409s] -- Up-to-date: /home/henryshum0/SUAS/install/flight_control/lib/flight_control/cmd_ack_listener
[5.409s] -- Up-to-date: /home/henryshum0/SUAS/install/flight_control/include/flight_control/include
[5.409s] -- Up-to-date: /home/henryshum0/SUAS/install/flight_control/include/flight_control/include/lib
[5.409s] -- Up-to-date: /home/henryshum0/SUAS/install/flight_control/include/flight_control/include/lib/utils.hpp
[5.409s] -- Up-to-date: /home/henryshum0/SUAS/install/flight_control/include/flight_control/include/vehicle_storage
[5.409s] -- Up-to-date: /home/henryshum0/SUAS/install/flight_control/include/flight_control/include/vehicle_storage/executor_storage.hpp
[5.409s] -- Up-to-date: /home/henryshum0/SUAS/install/flight_control/include/flight_control/include/vehicle_storage/vehicle_state_storage.hpp
[5.409s] -- Up-to-date: /home/henryshum0/SUAS/install/flight_control/include/flight_control/include/flight_control
[5.409s] -- Up-to-date: /home/henryshum0/SUAS/install/flight_control/include/flight_control/include/flight_control/state_subscribers.hpp
[5.409s] -- Up-to-date: /home/henryshum0/SUAS/install/flight_control/include/flight_control/include/flight_control/flight_executor.hpp
[5.409s] -- Up-to-date: /home/henryshum0/SUAS/install/flight_control/include/flight_control/include/flight_control/control_publishers.hpp
[5.409s] -- Up-to-date: /home/henryshum0/SUAS/install/flight_control/include/flight_control/include/flight_control/input_parser.hpp
[5.409s] -- Installing: /home/henryshum0/SUAS/install/flight_control/lib/libflight_control_lib.so
[5.433s] -- Set runtime path of "/home/henryshum0/SUAS/install/flight_control/lib/libflight_control_lib.so" to ""
[5.433s] -- Up-to-date: /home/henryshum0/SUAS/install/flight_control/share/ament_index/resource_index/package_run_dependencies/flight_control
[5.433s] -- Up-to-date: /home/henryshum0/SUAS/install/flight_control/share/ament_index/resource_index/parent_prefix_path/flight_control
[5.433s] -- Up-to-date: /home/henryshum0/SUAS/install/flight_control/share/flight_control/environment/ament_prefix_path.sh
[5.433s] -- Up-to-date: /home/henryshum0/SUAS/install/flight_control/share/flight_control/environment/ament_prefix_path.dsv
[5.433s] -- Up-to-date: /home/henryshum0/SUAS/install/flight_control/share/flight_control/environment/path.sh
[5.433s] -- Up-to-date: /home/henryshum0/SUAS/install/flight_control/share/flight_control/environment/path.dsv
[5.434s] -- Up-to-date: /home/henryshum0/SUAS/install/flight_control/share/flight_control/local_setup.bash
[5.434s] -- Up-to-date: /home/henryshum0/SUAS/install/flight_control/share/flight_control/local_setup.sh
[5.434s] -- Up-to-date: /home/henryshum0/SUAS/install/flight_control/share/flight_control/local_setup.zsh
[5.434s] -- Up-to-date: /home/henryshum0/SUAS/install/flight_control/share/flight_control/local_setup.dsv
[5.434s] -- Installing: /home/henryshum0/SUAS/install/flight_control/share/flight_control/package.dsv
[5.434s] -- Up-to-date: /home/henryshum0/SUAS/install/flight_control/share/ament_index/resource_index/packages/flight_control
[5.434s] -- Up-to-date: /home/henryshum0/SUAS/install/flight_control/share/flight_control/cmake/flight_controlConfig.cmake
[5.434s] -- Up-to-date: /home/henryshum0/SUAS/install/flight_control/share/flight_control/cmake/flight_controlConfig-version.cmake
[5.434s] -- Up-to-date: /home/henryshum0/SUAS/install/flight_control/share/flight_control/package.xml
[5.434s] -- Up-to-date: /home/henryshum0/SUAS/install/flight_control/include/matplot/detail/exports.h
[5.437s] Invoked command in '/home/henryshum0/SUAS/build/flight_control' returned '0': CMAKE_PREFIX_PATH=/home/henryshum0/SUAS/install/px4_ros_com:/home/henryshum0/SUAS/install/px4_msgs:/home/henryshum0/SUAS/install/offboard_control_interfaces:/home/henryshum0/SUAS/install/flight_control:/opt/ros/humble LD_LIBRARY_PATH=/home/henryshum0/SUAS/install/px4_ros_com/lib:/home/henryshum0/SUAS/install/px4_msgs/lib:/home/henryshum0/SUAS/install/offboard_control_interfaces/lib:/home/henryshum0/SUAS/install/flight_control/lib:/opt/ros/humble/opt/rviz_ogre_vendor/lib:/opt/ros/humble/lib/x86_64-linux-gnu:/opt/ros/humble/lib /usr/bin/cmake --install /home/henryshum0/SUAS/build/flight_control
