[35m[1mConsolidate compiler generated dependencies of target flight_control_lib[0m
[ 12%] [32mBuilding CXX object CMakeFiles/flight_control_lib.dir/src/flight_control/state_subscribers.cpp.o[0m
[ 25%] [32m[1mLinking CXX shared library libflight_control_lib.so[0m
[ 75%] Built target flight_control_lib
[ 87%] [32mBuilding CXX object CMakeFiles/offboard_controller.dir/src/main.cpp.o[0m
In file included from [01m[K/usr/include/x86_64-linux-gnu/c++/11/bits/c++allocator.h:33[m[K,
                 from [01m[K/usr/include/c++/11/bits/allocator.h:46[m[K,
                 from [01m[K/usr/include/c++/11/memory:64[m[K,
                 from [01m[K/opt/ros/humble/include/rclcpp/rclcpp/rclcpp.hpp:153[m[K,
                 from [01m[K/home/henryshum0/SUAS/src/flight_control/include/flight_control/control_publishers.hpp:4[m[K,
                 from [01m[K/home/henryshum0/SUAS/src/flight_control/src/main.cpp:1[m[K:
/usr/include/c++/11/ext/new_allocator.h: In instantiation of ‘[01m[Kvoid __gnu_cxx::new_allocator<_Tp>::construct(_Up*, _Args&& ...) [with _Up = ControlPublisher; _Args = {std::shared_ptr<VehicleState>&}; _Tp = ControlPublisher][m[K’:
[01m[K/usr/include/c++/11/bits/alloc_traits.h:516:17:[m[K   required from ‘[01m[Kstatic void std::allocator_traits<std::allocator<_Tp1> >::construct(std::allocator_traits<std::allocator<_Tp1> >::allocator_type&, _Up*, _Args&& ...) [with _Up = ControlPublisher; _Args = {std::shared_ptr<VehicleState>&}; _Tp = ControlPublisher; std::allocator_traits<std::allocator<_Tp1> >::allocator_type = std::allocator<ControlPublisher>][m[K’
[01m[K/usr/include/c++/11/bits/shared_ptr_base.h:519:39:[m[K   required from ‘[01m[Kstd::_Sp_counted_ptr_inplace<_Tp, _Alloc, _Lp>::_Sp_counted_ptr_inplace(_Alloc, _Args&& ...) [with _Args = {std::shared_ptr<VehicleState>&}; _Tp = ControlPublisher; _Alloc = std::allocator<ControlPublisher>; __gnu_cxx::_Lock_policy _Lp = __gnu_cxx::_S_atomic][m[K’
[01m[K/usr/include/c++/11/bits/shared_ptr_base.h:650:16:[m[K   required from ‘[01m[Kstd::__shared_count<_Lp>::__shared_count(_Tp*&, std::_Sp_alloc_shared_tag<_Alloc>, _Args&& ...) [with _Tp = ControlPublisher; _Alloc = std::allocator<ControlPublisher>; _Args = {std::shared_ptr<VehicleState>&}; __gnu_cxx::_Lock_policy _Lp = __gnu_cxx::_S_atomic][m[K’
[01m[K/usr/include/c++/11/bits/shared_ptr_base.h:1342:14:[m[K   required from ‘[01m[Kstd::__shared_ptr<_Tp, _Lp>::__shared_ptr(std::_Sp_alloc_shared_tag<_Tp>, _Args&& ...) [with _Alloc = std::allocator<ControlPublisher>; _Args = {std::shared_ptr<VehicleState>&}; _Tp = ControlPublisher; __gnu_cxx::_Lock_policy _Lp = __gnu_cxx::_S_atomic][m[K’
[01m[K/usr/include/c++/11/bits/shared_ptr.h:409:59:[m[K   required from ‘[01m[Kstd::shared_ptr<_Tp>::shared_ptr(std::_Sp_alloc_shared_tag<_Tp>, _Args&& ...) [with _Alloc = std::allocator<ControlPublisher>; _Args = {std::shared_ptr<VehicleState>&}; _Tp = ControlPublisher][m[K’
[01m[K/usr/include/c++/11/bits/shared_ptr.h:862:14:[m[K   required from ‘[01m[Kstd::shared_ptr<_Tp> std::allocate_shared(const _Alloc&, _Args&& ...) [with _Tp = ControlPublisher; _Alloc = std::allocator<ControlPublisher>; _Args = {std::shared_ptr<VehicleState>&}][m[K’
[01m[K/usr/include/c++/11/bits/shared_ptr.h:878:39:[m[K   required from ‘[01m[Kstd::shared_ptr<_Tp> std::make_shared(_Args&& ...) [with _Tp = ControlPublisher; _Args = {std::shared_ptr<VehicleState>&}][m[K’
[01m[K/home/henryshum0/SUAS/src/flight_control/src/main.cpp:15:60:[m[K   required from here
[01m[K/usr/include/c++/11/ext/new_allocator.h:162:11:[m[K [01;31m[Kerror: [m[Kno matching function for call to ‘[01m[KControlPublisher::ControlPublisher(std::shared_ptr<VehicleState>&)[m[K’
  162 |         { [01;31m[K::new((void *)__p) _Up(std::forward<_Args>(__args)...)[m[K; }
      |           [01;31m[K^~~~~~~~~~~~~~~~~~~~~~~~~~~~~~~~~~~~~~~~~~~~~~~~~~~~~~[m[K
In file included from [01m[K/home/henryshum0/SUAS/src/flight_control/src/main.cpp:1[m[K:
[01m[K/home/henryshum0/SUAS/src/flight_control/include/flight_control/control_publishers.hpp:23:5:[m[K [01;36m[Knote: [m[Kcandidate: ‘[01m[KControlPublisher::ControlPublisher(std::shared_ptr<ModeExecutor>, std::shared_ptr<VehicleState>)[m[K’
   23 |     [01;36m[KControlPublisher[m[K(std::shared_ptr<ModeExecutor> mode_executor, std::shared_ptr<VehicleState> vehicle_state);
      |     [01;36m[K^~~~~~~~~~~~~~~~[m[K
[01m[K/home/henryshum0/SUAS/src/flight_control/include/flight_control/control_publishers.hpp:23:5:[m[K [01;36m[Knote: [m[K  candidate expects 2 arguments, 1 provided
gmake[2]: *** [CMakeFiles/offboard_controller.dir/build.make:76: CMakeFiles/offboard_controller.dir/src/main.cpp.o] Error 1
gmake[1]: *** [CMakeFiles/Makefile2:165: CMakeFiles/offboard_controller.dir/all] Error 2
gmake: *** [Makefile:146: all] Error 2
