-- Found ament_cmake: 1.3.11 (/opt/ros/humble/share/ament_cmake/cmake)
-- Found rclcpp: 16.0.11 (/opt/ros/humble/share/rclcpp/cmake)
-- Found rosidl_generator_c: 3.1.6 (/opt/ros/humble/share/rosidl_generator_c/cmake)
-- Found rosidl_adapter: 3.1.6 (/opt/ros/humble/share/rosidl_adapter/cmake)
-- Found rosidl_generator_cpp: 3.1.6 (/opt/ros/humble/share/rosidl_generator_cpp/cmake)
-- Using all available rosidl_typesupport_c: rosidl_typesupport_fastrtps_c;rosidl_typesupport_introspection_c
-- Using all available rosidl_typesupport_cpp: rosidl_typesupport_fastrtps_cpp;rosidl_typesupport_introspection_cpp
-- Found rmw_implementation_cmake: 6.1.2 (/opt/ros/humble/share/rmw_implementation_cmake/cmake)
-- Found rmw_fastrtps_cpp: 6.2.7 (/opt/ros/humble/share/rmw_fastrtps_cpp/cmake)
-- Using RMW implementation 'rmw_fastrtps_cpp' as default
-- Found px4_msgs: 2.0.1 (/home/henryshum0/SUAS/install/px4_msgs/share/px4_msgs/cmake)
-- Found px4_ros_com: 0.1.0 (/home/henryshum0/SUAS/install/px4_ros_com/share/px4_ros_com/cmake)
-- Found rosidl_default_generators: 1.2.0 (/opt/ros/humble/share/rosidl_default_generators/cmake)
-- Found ament_cmake_ros: 0.10.0 (/opt/ros/humble/share/ament_cmake_ros/cmake)
-- Using all available rosidl_typesupport_c: rosidl_typesupport_fastrtps_c;rosidl_typesupport_introspection_c
-- Using all available rosidl_typesupport_cpp: rosidl_typesupport_fastrtps_cpp;rosidl_typesupport_introspection_cpp
-- Found python_cmake_module: 0.10.0 (/opt/ros/humble/share/python_cmake_module/cmake)
-- Using PYTHON_EXECUTABLE: /usr/bin/python3
-- Using PYTHON_INCLUDE_DIRS: /usr/include/python3.10
-- Using PYTHON_LIBRARIES: /usr/lib/x86_64-linux-gnu/libpython3.10.so
-- Could NOT find FFTW (missing: FFTW_INCLUDE_DIRS) 
-- Found ament_lint_auto: 0.12.11 (/opt/ros/humble/share/ament_lint_auto/cmake)
-- Added test 'cppcheck' to perform static code analysis on C / C++ code
-- Configured cppcheck include dirs: /home/henryshum0/SUAS/src/flight_control/include;$<BUILD_INTERFACE:/home/henryshum0/SUAS/src/flight_control/include>
-- Configured cppcheck exclude dirs and/or files: 
-- Added test 'lint_cmake' to check CMake code style
-- Added test 'uncrustify' to check C / C++ code style
-- Configured uncrustify additional arguments: 
-- Added test 'xmllint' to check XML markup files
-- Configuring done
-- Generating done
-- Build files have been written to: /home/henryshum0/SUAS/build/flight_control
[35m[1mConsolidate compiler generated dependencies of target sensor_combined_listener[0m
[35m[1mConsolidate compiler generated dependencies of target flight_control__rosidl_generator_c[0m
[35m[1mConsolidate compiler generated dependencies of target cmd_ack_listener[0m
[35m[1mConsolidate compiler generated dependencies of target publish_trj_listener[0m
[35m[1mConsolidate compiler generated dependencies of target nodesoup[0m
[35m[1mConsolidate compiler generated dependencies of target vehicle_pos_listener[0m
[35m[1mConsolidate compiler generated dependencies of target flight_control_lib[0m
[  1%] Built target flight_control__cpp
[  2%] [32mBuilding CXX object CMakeFiles/user_input.dir/src/user_input.cpp.o[0m
[  5%] Built target flight_control__rosidl_generator_c
[  7%] Built target ament_cmake_python_copy_flight_control
[ 11%] Built target nodesoup
[35m[1mConsolidate compiler generated dependencies of target flight_control__rosidl_typesupport_introspection_cpp[0m
[35m[1mConsolidate compiler generated dependencies of target flight_control__rosidl_typesupport_fastrtps_cpp[0m
[ 13%] Built target sensor_combined_listener
[ 15%] Built target publish_trj_listener
[ 18%] Built target cmd_ack_listener
[35m[1mConsolidate compiler generated dependencies of target flight_control__rosidl_typesupport_cpp[0m
[ 20%] Built target vehicle_pos_listener
[35m[1mConsolidate compiler generated dependencies of target flight_control__rosidl_typesupport_introspection_c[0m
[35m[1mConsolidate compiler generated dependencies of target flight_control__rosidl_typesupport_fastrtps_c[0m
[35m[1mConsolidate compiler generated dependencies of target flight_control__rosidl_typesupport_c[0m
[ 23%] Built target flight_control__rosidl_typesupport_introspection_cpp
[ 29%] Built target flight_control__rosidl_typesupport_fastrtps_cpp
[ 29%] Built target flight_control__rosidl_typesupport_cpp
[ 32%] Built target flight_control__rosidl_typesupport_introspection_c
[ 43%] Built target flight_control__rosidl_typesupport_fastrtps_c
[ 42%] Built target flight_control_lib
[ 46%] Built target flight_control__rosidl_typesupport_c
[35m[1mConsolidate compiler generated dependencies of target matplot[0m
[35m[1mConsolidate compiler generated dependencies of target offboard_controller[0m
[ 46%] Built target flight_control
[ 48%] Built target offboard_controller
[ 50%] Built target flight_control__py
[ 90%] Built target matplot
[35m[1mConsolidate compiler generated dependencies of target flight_control__rosidl_generator_py[0m
[ 92%] Built target flight_control__rosidl_generator_py
[35m[1mConsolidate compiler generated dependencies of target flight_control__rosidl_typesupport_introspection_c__pyext[0m
[35m[1mConsolidate compiler generated dependencies of target flight_control__rosidl_typesupport_fastrtps_c__pyext[0m
[35m[1mConsolidate compiler generated dependencies of target flight_control__rosidl_typesupport_c__pyext[0m
[ 94%] Built target flight_control__rosidl_typesupport_introspection_c__pyext
[ 96%] Built target flight_control__rosidl_typesupport_fastrtps_c__pyext
[ 98%] Built target flight_control__rosidl_typesupport_c__pyext
running egg_info
writing flight_control.egg-info/PKG-INFO
writing dependency_links to flight_control.egg-info/dependency_links.txt
writing top-level names to flight_control.egg-info/top_level.txt
reading manifest file 'flight_control.egg-info/SOURCES.txt'
writing manifest file 'flight_control.egg-info/SOURCES.txt'
[ 98%] Built target ament_cmake_python_build_flight_control_egg
