[0.066s] Invoking command in '/home/henryshum0/SUAS/build/flight_control': AMENT_PREFIX_PATH=/home/henryshum0/SUAS/install/px4_ros_com:/home/henryshum0/SUAS/install/px4_msgs:${AMENT_PREFIX_PATH} CMAKE_PREFIX_PATH=/home/henryshum0/SUAS/install/px4_ros_com:/home/henryshum0/SUAS/install/px4_msgs:/opt/ros/humble LD_LIBRARY_PATH=/home/henryshum0/SUAS/install/px4_ros_com/lib:/home/henryshum0/SUAS/install/px4_msgs/lib:${LD_LIBRARY_PATH} PYTHONPATH=/home/henryshum0/SUAS/install/px4_ros_com/local/lib/python3.10/dist-packages:/home/henryshum0/SUAS/install/px4_msgs/local/lib/python3.10/dist-packages:${PYTHONPATH} /usr/bin/cmake --build /home/henryshum0/SUAS/build/flight_control -- -j16 -l16
[0.088s] [35m[1mConsolidate compiler generated dependencies of target flight_control_lib[0m
[0.098s] [ 16%] [32mBuilding CXX object CMakeFiles/flight_control_lib.dir/src/vehicle_storage/executor_cmd.cpp.o[0m
[0.752s] [ 33%] [32m[1mLinking CXX shared library libflight_control_lib.so[0m
[0.879s] [ 66%] Built target flight_control_lib
[0.892s] [ 83%] [32mBuilding CXX object CMakeFiles/executor_test.dir/src/flight_control/flight_executor.cpp.o[0m
[2.865s] In file included from [01m[K/usr/include/x86_64-linux-gnu/c++/11/bits/c++allocator.h:33[m[K,
[2.865s]                  from [01m[K/usr/include/c++/11/bits/allocator.h:46[m[K,
[2.865s]                  from [01m[K/usr/include/c++/11/string:41[m[K,
[2.866s]                  from [01m[K/home/henryshum0/SUAS/src/flight_control/include/flight_control/flight_executor.hpp:4[m[K,
[2.866s]                  from [01m[K/home/henryshum0/SUAS/src/flight_control/src/flight_control/flight_executor.cpp:1[m[K:
[2.866s] /usr/include/c++/11/ext/new_allocator.h: In instantiation of ‘[01m[Kvoid __gnu_cxx::new_allocator<_Tp>::construct(_Up*, _Args&& ...) [with _Up = FlightExecutor; _Args = {}; _Tp = FlightExecutor][m[K’:
[2.866s] [01m[K/usr/include/c++/11/bits/alloc_traits.h:516:17:[m[K   required from ‘[01m[Kstatic void std::allocator_traits<std::allocator<_CharT> >::construct(std::allocator_traits<std::allocator<_CharT> >::allocator_type&, _Up*, _Args&& ...) [with _Up = FlightExecutor; _Args = {}; _Tp = FlightExecutor; std::allocator_traits<std::allocator<_CharT> >::allocator_type = std::allocator<FlightExecutor>][m[K’
[2.866s] [01m[K/usr/include/c++/11/bits/shared_ptr_base.h:519:39:[m[K   required from ‘[01m[Kstd::_Sp_counted_ptr_inplace<_Tp, _Alloc, _Lp>::_Sp_counted_ptr_inplace(_Alloc, _Args&& ...) [with _Args = {}; _Tp = FlightExecutor; _Alloc = std::allocator<FlightExecutor>; __gnu_cxx::_Lock_policy _Lp = __gnu_cxx::_S_atomic][m[K’
[2.866s] [01m[K/usr/include/c++/11/bits/shared_ptr_base.h:650:16:[m[K   required from ‘[01m[Kstd::__shared_count<_Lp>::__shared_count(_Tp*&, std::_Sp_alloc_shared_tag<_Alloc>, _Args&& ...) [with _Tp = FlightExecutor; _Alloc = std::allocator<FlightExecutor>; _Args = {}; __gnu_cxx::_Lock_policy _Lp = __gnu_cxx::_S_atomic][m[K’
[2.866s] [01m[K/usr/include/c++/11/bits/shared_ptr_base.h:1342:14:[m[K   required from ‘[01m[Kstd::__shared_ptr<_Tp, _Lp>::__shared_ptr(std::_Sp_alloc_shared_tag<_Tp>, _Args&& ...) [with _Alloc = std::allocator<FlightExecutor>; _Args = {}; _Tp = FlightExecutor; __gnu_cxx::_Lock_policy _Lp = __gnu_cxx::_S_atomic][m[K’
[2.866s] [01m[K/usr/include/c++/11/bits/shared_ptr.h:409:59:[m[K   required from ‘[01m[Kstd::shared_ptr<_Tp>::shared_ptr(std::_Sp_alloc_shared_tag<_Tp>, _Args&& ...) [with _Alloc = std::allocator<FlightExecutor>; _Args = {}; _Tp = FlightExecutor][m[K’
[2.866s] [01m[K/usr/include/c++/11/bits/shared_ptr.h:862:14:[m[K   required from ‘[01m[Kstd::shared_ptr<_Tp> std::allocate_shared(const _Alloc&, _Args&& ...) [with _Tp = FlightExecutor; _Alloc = std::allocator<FlightExecutor>; _Args = {}][m[K’
[2.866s] [01m[K/usr/include/c++/11/bits/shared_ptr.h:878:39:[m[K   required from ‘[01m[Kstd::shared_ptr<_Tp> std::make_shared(_Args&& ...) [with _Tp = FlightExecutor; _Args = {}][m[K’
[2.866s] [01m[K/home/henryshum0/SUAS/src/flight_control/src/flight_control/flight_executor.cpp:41:47:[m[K   required from here
[2.866s] [01m[K/usr/include/c++/11/ext/new_allocator.h:162:11:[m[K [01;31m[Kerror: [m[Kno matching function for call to ‘[01m[KFlightExecutor::FlightExecutor()[m[K’
[2.866s]   162 |         { [01;31m[K::new((void *)__p) _Up(std::forward<_Args>(__args)...)[m[K; }
[2.866s]       |           [01;31m[K^~~~~~~~~~~~~~~~~~~~~~~~~~~~~~~~~~~~~~~~~~~~~~~~~~~~~~[m[K
[2.866s] [01m[K/home/henryshum0/SUAS/src/flight_control/src/flight_control/flight_executor.cpp:3:1:[m[K [01;36m[Knote: [m[Kcandidate: ‘[01m[KFlightExecutor::FlightExecutor(std::shared_ptr<VehicleState>)[m[K’
[2.866s]     3 | [01;36m[KFlightExecutor[m[K::FlightExecutor(const std::shared_ptr<VehicleState> vehicle_state) : Node("flight_executor")
[2.866s]       | [01;36m[K^~~~~~~~~~~~~~[m[K
[2.866s] [01m[K/home/henryshum0/SUAS/src/flight_control/src/flight_control/flight_executor.cpp:3:1:[m[K [01;36m[Knote: [m[K  candidate expects 1 argument, 0 provided
[2.923s] gmake[2]: *** [CMakeFiles/executor_test.dir/build.make:76: CMakeFiles/executor_test.dir/src/flight_control/flight_executor.cpp.o] Error 1
[2.923s] gmake[1]: *** [CMakeFiles/Makefile2:165: CMakeFiles/executor_test.dir/all] Error 2
[2.923s] gmake: *** [Makefile:146: all] Error 2
[2.925s] Invoked command in '/home/henryshum0/SUAS/build/flight_control' returned '2': AMENT_PREFIX_PATH=/home/henryshum0/SUAS/install/px4_ros_com:/home/henryshum0/SUAS/install/px4_msgs:${AMENT_PREFIX_PATH} CMAKE_PREFIX_PATH=/home/henryshum0/SUAS/install/px4_ros_com:/home/henryshum0/SUAS/install/px4_msgs:/opt/ros/humble LD_LIBRARY_PATH=/home/henryshum0/SUAS/install/px4_ros_com/lib:/home/henryshum0/SUAS/install/px4_msgs/lib:${LD_LIBRARY_PATH} PYTHONPATH=/home/henryshum0/SUAS/install/px4_ros_com/local/lib/python3.10/dist-packages:/home/henryshum0/SUAS/install/px4_msgs/local/lib/python3.10/dist-packages:${PYTHONPATH} /usr/bin/cmake --build /home/henryshum0/SUAS/build/flight_control -- -j16 -l16
