[0.014s] Invoking command in '/home/henryshum0/SUAS/build/offboard_control_interfaces': CMAKE_PREFIX_PATH=${CMAKE_PREFIX_PATH}:/opt/ros/humble /usr/bin/cmake --build /home/henryshum0/SUAS/build/offboard_control_interfaces -- -j16 -l16
[0.046s] [ 12%] Built target offboard_control_interfaces__rosidl_generator_c
[0.046s] [  9%] Built target offboard_control_interfaces__cpp
[0.054s] [ 12%] Built target ament_cmake_python_copy_offboard_control_interfaces
[0.064s] [ 38%] Built target offboard_control_interfaces__rosidl_typesupport_fastrtps_c
[0.064s] [ 45%] Built target offboard_control_interfaces__rosidl_typesupport_introspection_cpp
[0.064s] [ 45%] Built target offboard_control_interfaces__rosidl_typesupport_fastrtps_cpp
[0.064s] [ 51%] Built target offboard_control_interfaces__rosidl_typesupport_c
[0.065s] [ 61%] Built target offboard_control_interfaces__rosidl_typesupport_cpp
[0.068s] [ 70%] Built target offboard_control_interfaces__rosidl_typesupport_introspection_c
[0.084s] [ 70%] Built target offboard_control_interfaces
[0.101s] [ 74%] Built target offboard_control_interfaces__py
[0.120s] [ 80%] Built target offboard_control_interfaces__rosidl_generator_py
[0.140s] [ 93%] Built target offboard_control_interfaces__rosidl_typesupport_fastrtps_c__pyext
[0.140s] [ 93%] Built target offboard_control_interfaces__rosidl_typesupport_introspection_c__pyext
[0.141s] [100%] Built target offboard_control_interfaces__rosidl_typesupport_c__pyext
[0.247s] running egg_info
[0.247s] writing offboard_control_interfaces.egg-info/PKG-INFO
[0.247s] writing dependency_links to offboard_control_interfaces.egg-info/dependency_links.txt
[0.247s] writing top-level names to offboard_control_interfaces.egg-info/top_level.txt
[0.248s] reading manifest file 'offboard_control_interfaces.egg-info/SOURCES.txt'
[0.249s] writing manifest file 'offboard_control_interfaces.egg-info/SOURCES.txt'
[0.275s] [100%] Built target ament_cmake_python_build_offboard_control_interfaces_egg
[0.285s] Invoked command in '/home/henryshum0/SUAS/build/offboard_control_interfaces' returned '0': CMAKE_PREFIX_PATH=${CMAKE_PREFIX_PATH}:/opt/ros/humble /usr/bin/cmake --build /home/henryshum0/SUAS/build/offboard_control_interfaces -- -j16 -l16
[0.296s] Invoking command in '/home/henryshum0/SUAS/build/offboard_control_interfaces': CMAKE_PREFIX_PATH=${CMAKE_PREFIX_PATH}:/opt/ros/humble /usr/bin/cmake --install /home/henryshum0/SUAS/build/offboard_control_interfaces
[0.304s] -- Install configuration: ""
[0.304s] -- Up-to-date: /home/henryshum0/SUAS/install/offboard_control_interfaces/share/ament_index/resource_index/rosidl_interfaces/offboard_control_interfaces
[0.304s] -- Up-to-date: /home/henryshum0/SUAS/install/offboard_control_interfaces/include/offboard_control_interfaces/offboard_control_interfaces
[0.304s] -- Up-to-date: /home/henryshum0/SUAS/install/offboard_control_interfaces/include/offboard_control_interfaces/offboard_control_interfaces/msg
[0.304s] -- Up-to-date: /home/henryshum0/SUAS/install/offboard_control_interfaces/include/offboard_control_interfaces/offboard_control_interfaces/msg/rosidl_generator_c__visibility_control.h
[0.304s] -- Up-to-date: /home/henryshum0/SUAS/install/offboard_control_interfaces/include/offboard_control_interfaces/offboard_control_interfaces/msg/detail
[0.305s] -- Up-to-date: /home/henryshum0/SUAS/install/offboard_control_interfaces/include/offboard_control_interfaces/offboard_control_interfaces/msg/detail/user_command__struct.h
[0.305s] -- Up-to-date: /home/henryshum0/SUAS/install/offboard_control_interfaces/include/offboard_control_interfaces/offboard_control_interfaces/msg/detail/user_command__functions.h
[0.305s] -- Up-to-date: /home/henryshum0/SUAS/install/offboard_control_interfaces/include/offboard_control_interfaces/offboard_control_interfaces/msg/detail/user_command__functions.c
[0.305s] -- Up-to-date: /home/henryshum0/SUAS/install/offboard_control_interfaces/include/offboard_control_interfaces/offboard_control_interfaces/msg/detail/user_command__type_support.h
[0.305s] -- Up-to-date: /home/henryshum0/SUAS/install/offboard_control_interfaces/include/offboard_control_interfaces/offboard_control_interfaces/msg/user_command.h
[0.306s] -- Up-to-date: /home/henryshum0/SUAS/install/offboard_control_interfaces/share/offboard_control_interfaces/environment/library_path.sh
[0.306s] -- Up-to-date: /home/henryshum0/SUAS/install/offboard_control_interfaces/share/offboard_control_interfaces/environment/library_path.dsv
[0.306s] -- Up-to-date: /home/henryshum0/SUAS/install/offboard_control_interfaces/lib/liboffboard_control_interfaces__rosidl_generator_c.so
[0.307s] -- Up-to-date: /home/henryshum0/SUAS/install/offboard_control_interfaces/include/offboard_control_interfaces/offboard_control_interfaces
[0.307s] -- Up-to-date: /home/henryshum0/SUAS/install/offboard_control_interfaces/include/offboard_control_interfaces/offboard_control_interfaces/msg
[0.307s] -- Up-to-date: /home/henryshum0/SUAS/install/offboard_control_interfaces/include/offboard_control_interfaces/offboard_control_interfaces/msg/rosidl_typesupport_fastrtps_c__visibility_control.h
[0.307s] -- Up-to-date: /home/henryshum0/SUAS/install/offboard_control_interfaces/include/offboard_control_interfaces/offboard_control_interfaces/msg/detail
[0.307s] -- Up-to-date: /home/henryshum0/SUAS/install/offboard_control_interfaces/include/offboard_control_interfaces/offboard_control_interfaces/msg/detail/user_command__rosidl_typesupport_fastrtps_c.h
[0.308s] -- Up-to-date: /home/henryshum0/SUAS/install/offboard_control_interfaces/lib/liboffboard_control_interfaces__rosidl_typesupport_fastrtps_c.so
[0.308s] -- Up-to-date: /home/henryshum0/SUAS/install/offboard_control_interfaces/include/offboard_control_interfaces/offboard_control_interfaces
[0.308s] -- Up-to-date: /home/henryshum0/SUAS/install/offboard_control_interfaces/include/offboard_control_interfaces/offboard_control_interfaces/msg
[0.308s] -- Up-to-date: /home/henryshum0/SUAS/install/offboard_control_interfaces/include/offboard_control_interfaces/offboard_control_interfaces/msg/rosidl_typesupport_introspection_c__visibility_control.h
[0.308s] -- Up-to-date: /home/henryshum0/SUAS/install/offboard_control_interfaces/include/offboard_control_interfaces/offboard_control_interfaces/msg/detail
[0.308s] -- Up-to-date: /home/henryshum0/SUAS/install/offboard_control_interfaces/include/offboard_control_interfaces/offboard_control_interfaces/msg/detail/user_command__type_support.c
[0.308s] -- Up-to-date: /home/henryshum0/SUAS/install/offboard_control_interfaces/include/offboard_control_interfaces/offboard_control_interfaces/msg/detail/user_command__rosidl_typesupport_introspection_c.h
[0.308s] -- Up-to-date: /home/henryshum0/SUAS/install/offboard_control_interfaces/lib/liboffboard_control_interfaces__rosidl_typesupport_introspection_c.so
[0.308s] -- Up-to-date: /home/henryshum0/SUAS/install/offboard_control_interfaces/lib/liboffboard_control_interfaces__rosidl_typesupport_c.so
[0.309s] -- Up-to-date: /home/henryshum0/SUAS/install/offboard_control_interfaces/include/offboard_control_interfaces/offboard_control_interfaces
[0.309s] -- Up-to-date: /home/henryshum0/SUAS/install/offboard_control_interfaces/include/offboard_control_interfaces/offboard_control_interfaces/msg
[0.309s] -- Up-to-date: /home/henryshum0/SUAS/install/offboard_control_interfaces/include/offboard_control_interfaces/offboard_control_interfaces/msg/rosidl_generator_cpp__visibility_control.hpp
[0.309s] -- Up-to-date: /home/henryshum0/SUAS/install/offboard_control_interfaces/include/offboard_control_interfaces/offboard_control_interfaces/msg/user_command.hpp
[0.309s] -- Up-to-date: /home/henryshum0/SUAS/install/offboard_control_interfaces/include/offboard_control_interfaces/offboard_control_interfaces/msg/detail
[0.309s] -- Up-to-date: /home/henryshum0/SUAS/install/offboard_control_interfaces/include/offboard_control_interfaces/offboard_control_interfaces/msg/detail/user_command__traits.hpp
[0.309s] -- Up-to-date: /home/henryshum0/SUAS/install/offboard_control_interfaces/include/offboard_control_interfaces/offboard_control_interfaces/msg/detail/user_command__struct.hpp
[0.309s] -- Up-to-date: /home/henryshum0/SUAS/install/offboard_control_interfaces/include/offboard_control_interfaces/offboard_control_interfaces/msg/detail/user_command__type_support.hpp
[0.309s] -- Up-to-date: /home/henryshum0/SUAS/install/offboard_control_interfaces/include/offboard_control_interfaces/offboard_control_interfaces/msg/detail/user_command__builder.hpp
[0.309s] -- Up-to-date: /home/henryshum0/SUAS/install/offboard_control_interfaces/include/offboard_control_interfaces/offboard_control_interfaces
[0.309s] -- Up-to-date: /home/henryshum0/SUAS/install/offboard_control_interfaces/include/offboard_control_interfaces/offboard_control_interfaces/msg
[0.309s] -- Up-to-date: /home/henryshum0/SUAS/install/offboard_control_interfaces/include/offboard_control_interfaces/offboard_control_interfaces/msg/rosidl_typesupport_fastrtps_cpp__visibility_control.h
[0.309s] -- Up-to-date: /home/henryshum0/SUAS/install/offboard_control_interfaces/include/offboard_control_interfaces/offboard_control_interfaces/msg/detail
[0.309s] -- Up-to-date: /home/henryshum0/SUAS/install/offboard_control_interfaces/include/offboard_control_interfaces/offboard_control_interfaces/msg/detail/user_command__rosidl_typesupport_fastrtps_cpp.hpp
[0.309s] -- Up-to-date: /home/henryshum0/SUAS/install/offboard_control_interfaces/include/offboard_control_interfaces/offboard_control_interfaces/msg/detail/dds_fastrtps
[0.309s] -- Up-to-date: /home/henryshum0/SUAS/install/offboard_control_interfaces/lib/liboffboard_control_interfaces__rosidl_typesupport_fastrtps_cpp.so
[0.309s] -- Up-to-date: /home/henryshum0/SUAS/install/offboard_control_interfaces/include/offboard_control_interfaces/offboard_control_interfaces
[0.309s] -- Up-to-date: /home/henryshum0/SUAS/install/offboard_control_interfaces/include/offboard_control_interfaces/offboard_control_interfaces/msg
[0.309s] -- Up-to-date: /home/henryshum0/SUAS/install/offboard_control_interfaces/include/offboard_control_interfaces/offboard_control_interfaces/msg/detail
[0.309s] -- Up-to-date: /home/henryshum0/SUAS/install/offboard_control_interfaces/include/offboard_control_interfaces/offboard_control_interfaces/msg/detail/user_command__rosidl_typesupport_introspection_cpp.hpp
[0.309s] -- Up-to-date: /home/henryshum0/SUAS/install/offboard_control_interfaces/include/offboard_control_interfaces/offboard_control_interfaces/msg/detail/user_command__type_support.cpp
[0.309s] -- Up-to-date: /home/henryshum0/SUAS/install/offboard_control_interfaces/lib/liboffboard_control_interfaces__rosidl_typesupport_introspection_cpp.so
[0.309s] -- Up-to-date: /home/henryshum0/SUAS/install/offboard_control_interfaces/lib/liboffboard_control_interfaces__rosidl_typesupport_cpp.so
[0.310s] -- Up-to-date: /home/henryshum0/SUAS/install/offboard_control_interfaces/share/offboard_control_interfaces/environment/pythonpath.sh
[0.310s] -- Up-to-date: /home/henryshum0/SUAS/install/offboard_control_interfaces/share/offboard_control_interfaces/environment/pythonpath.dsv
[0.310s] -- Up-to-date: /home/henryshum0/SUAS/install/offboard_control_interfaces/local/lib/python3.10/dist-packages/offboard_control_interfaces-0.0.0-py3.10.egg-info
[0.310s] -- Installing: /home/henryshum0/SUAS/install/offboard_control_interfaces/local/lib/python3.10/dist-packages/offboard_control_interfaces-0.0.0-py3.10.egg-info/top_level.txt
[0.310s] -- Installing: /home/henryshum0/SUAS/install/offboard_control_interfaces/local/lib/python3.10/dist-packages/offboard_control_interfaces-0.0.0-py3.10.egg-info/SOURCES.txt
[0.310s] -- Installing: /home/henryshum0/SUAS/install/offboard_control_interfaces/local/lib/python3.10/dist-packages/offboard_control_interfaces-0.0.0-py3.10.egg-info/dependency_links.txt
[0.310s] -- Installing: /home/henryshum0/SUAS/install/offboard_control_interfaces/local/lib/python3.10/dist-packages/offboard_control_interfaces-0.0.0-py3.10.egg-info/PKG-INFO
[0.310s] -- Up-to-date: /home/henryshum0/SUAS/install/offboard_control_interfaces/local/lib/python3.10/dist-packages/offboard_control_interfaces
[0.310s] -- Up-to-date: /home/henryshum0/SUAS/install/offboard_control_interfaces/local/lib/python3.10/dist-packages/offboard_control_interfaces/_offboard_control_interfaces_s.ep.rosidl_typesupport_c.c
[0.310s] -- Up-to-date: /home/henryshum0/SUAS/install/offboard_control_interfaces/local/lib/python3.10/dist-packages/offboard_control_interfaces/_offboard_control_interfaces_s.ep.rosidl_typesupport_introspection_c.c
[0.310s] -- Up-to-date: /home/henryshum0/SUAS/install/offboard_control_interfaces/local/lib/python3.10/dist-packages/offboard_control_interfaces/offboard_control_interfaces_s__rosidl_typesupport_fastrtps_c.cpython-310-x86_64-linux-gnu.so
[0.310s] -- Up-to-date: /home/henryshum0/SUAS/install/offboard_control_interfaces/local/lib/python3.10/dist-packages/offboard_control_interfaces/offboard_control_interfaces_s__rosidl_typesupport_introspection_c.cpython-310-x86_64-linux-gnu.so
[0.310s] -- Up-to-date: /home/henryshum0/SUAS/install/offboard_control_interfaces/local/lib/python3.10/dist-packages/offboard_control_interfaces/_offboard_control_interfaces_s.ep.rosidl_typesupport_fastrtps_c.c
[0.310s] -- Up-to-date: /home/henryshum0/SUAS/install/offboard_control_interfaces/local/lib/python3.10/dist-packages/offboard_control_interfaces/offboard_control_interfaces_s__rosidl_typesupport_c.cpython-310-x86_64-linux-gnu.so
[0.310s] -- Up-to-date: /home/henryshum0/SUAS/install/offboard_control_interfaces/local/lib/python3.10/dist-packages/offboard_control_interfaces/msg
[0.310s] -- Up-to-date: /home/henryshum0/SUAS/install/offboard_control_interfaces/local/lib/python3.10/dist-packages/offboard_control_interfaces/msg/__init__.py
[0.310s] -- Up-to-date: /home/henryshum0/SUAS/install/offboard_control_interfaces/local/lib/python3.10/dist-packages/offboard_control_interfaces/msg/_user_command.py
[0.310s] -- Up-to-date: /home/henryshum0/SUAS/install/offboard_control_interfaces/local/lib/python3.10/dist-packages/offboard_control_interfaces/msg/_user_command_s.c
[0.310s] -- Up-to-date: /home/henryshum0/SUAS/install/offboard_control_interfaces/local/lib/python3.10/dist-packages/offboard_control_interfaces/__init__.py
[0.310s] -- Up-to-date: /home/henryshum0/SUAS/install/offboard_control_interfaces/local/lib/python3.10/dist-packages/offboard_control_interfaces/liboffboard_control_interfaces__rosidl_generator_py.so
[0.336s] Listing '/home/henryshum0/SUAS/install/offboard_control_interfaces/local/lib/python3.10/dist-packages/offboard_control_interfaces'...
[0.336s] Listing '/home/henryshum0/SUAS/install/offboard_control_interfaces/local/lib/python3.10/dist-packages/offboard_control_interfaces/msg'...
[0.340s] -- Up-to-date: /home/henryshum0/SUAS/install/offboard_control_interfaces/local/lib/python3.10/dist-packages/offboard_control_interfaces/offboard_control_interfaces_s__rosidl_typesupport_fastrtps_c.cpython-310-x86_64-linux-gnu.so
[0.341s] -- Up-to-date: /home/henryshum0/SUAS/install/offboard_control_interfaces/local/lib/python3.10/dist-packages/offboard_control_interfaces/offboard_control_interfaces_s__rosidl_typesupport_introspection_c.cpython-310-x86_64-linux-gnu.so
[0.341s] -- Up-to-date: /home/henryshum0/SUAS/install/offboard_control_interfaces/local/lib/python3.10/dist-packages/offboard_control_interfaces/offboard_control_interfaces_s__rosidl_typesupport_c.cpython-310-x86_64-linux-gnu.so
[0.342s] -- Up-to-date: /home/henryshum0/SUAS/install/offboard_control_interfaces/lib/liboffboard_control_interfaces__rosidl_generator_py.so
[0.342s] -- Up-to-date: /home/henryshum0/SUAS/install/offboard_control_interfaces/share/offboard_control_interfaces/msg/UserCommand.idl
[0.342s] -- Up-to-date: /home/henryshum0/SUAS/install/offboard_control_interfaces/share/offboard_control_interfaces/msg/UserCommand.msg
[0.342s] -- Up-to-date: /home/henryshum0/SUAS/install/offboard_control_interfaces/share/ament_index/resource_index/package_run_dependencies/offboard_control_interfaces
[0.342s] -- Up-to-date: /home/henryshum0/SUAS/install/offboard_control_interfaces/share/ament_index/resource_index/parent_prefix_path/offboard_control_interfaces
[0.342s] -- Up-to-date: /home/henryshum0/SUAS/install/offboard_control_interfaces/share/offboard_control_interfaces/environment/ament_prefix_path.sh
[0.342s] -- Up-to-date: /home/henryshum0/SUAS/install/offboard_control_interfaces/share/offboard_control_interfaces/environment/ament_prefix_path.dsv
[0.343s] -- Up-to-date: /home/henryshum0/SUAS/install/offboard_control_interfaces/share/offboard_control_interfaces/environment/path.sh
[0.343s] -- Up-to-date: /home/henryshum0/SUAS/install/offboard_control_interfaces/share/offboard_control_interfaces/environment/path.dsv
[0.343s] -- Up-to-date: /home/henryshum0/SUAS/install/offboard_control_interfaces/share/offboard_control_interfaces/local_setup.bash
[0.343s] -- Up-to-date: /home/henryshum0/SUAS/install/offboard_control_interfaces/share/offboard_control_interfaces/local_setup.sh
[0.343s] -- Up-to-date: /home/henryshum0/SUAS/install/offboard_control_interfaces/share/offboard_control_interfaces/local_setup.zsh
[0.343s] -- Up-to-date: /home/henryshum0/SUAS/install/offboard_control_interfaces/share/offboard_control_interfaces/local_setup.dsv
[0.343s] -- Installing: /home/henryshum0/SUAS/install/offboard_control_interfaces/share/offboard_control_interfaces/package.dsv
[0.343s] -- Up-to-date: /home/henryshum0/SUAS/install/offboard_control_interfaces/share/ament_index/resource_index/packages/offboard_control_interfaces
[0.343s] -- Up-to-date: /home/henryshum0/SUAS/install/offboard_control_interfaces/share/offboard_control_interfaces/cmake/export_offboard_control_interfaces__rosidl_generator_cExport.cmake
[0.343s] -- Up-to-date: /home/henryshum0/SUAS/install/offboard_control_interfaces/share/offboard_control_interfaces/cmake/export_offboard_control_interfaces__rosidl_generator_cExport-noconfig.cmake
[0.344s] -- Up-to-date: /home/henryshum0/SUAS/install/offboard_control_interfaces/share/offboard_control_interfaces/cmake/export_offboard_control_interfaces__rosidl_typesupport_fastrtps_cExport.cmake
[0.344s] -- Up-to-date: /home/henryshum0/SUAS/install/offboard_control_interfaces/share/offboard_control_interfaces/cmake/export_offboard_control_interfaces__rosidl_typesupport_fastrtps_cExport-noconfig.cmake
[0.344s] -- Up-to-date: /home/henryshum0/SUAS/install/offboard_control_interfaces/share/offboard_control_interfaces/cmake/offboard_control_interfaces__rosidl_typesupport_introspection_cExport.cmake
[0.344s] -- Up-to-date: /home/henryshum0/SUAS/install/offboard_control_interfaces/share/offboard_control_interfaces/cmake/offboard_control_interfaces__rosidl_typesupport_introspection_cExport-noconfig.cmake
[0.344s] -- Up-to-date: /home/henryshum0/SUAS/install/offboard_control_interfaces/share/offboard_control_interfaces/cmake/offboard_control_interfaces__rosidl_typesupport_cExport.cmake
[0.344s] -- Up-to-date: /home/henryshum0/SUAS/install/offboard_control_interfaces/share/offboard_control_interfaces/cmake/offboard_control_interfaces__rosidl_typesupport_cExport-noconfig.cmake
[0.344s] -- Up-to-date: /home/henryshum0/SUAS/install/offboard_control_interfaces/share/offboard_control_interfaces/cmake/export_offboard_control_interfaces__rosidl_generator_cppExport.cmake
[0.344s] -- Up-to-date: /home/henryshum0/SUAS/install/offboard_control_interfaces/share/offboard_control_interfaces/cmake/export_offboard_control_interfaces__rosidl_typesupport_fastrtps_cppExport.cmake
[0.344s] -- Up-to-date: /home/henryshum0/SUAS/install/offboard_control_interfaces/share/offboard_control_interfaces/cmake/export_offboard_control_interfaces__rosidl_typesupport_fastrtps_cppExport-noconfig.cmake
[0.344s] -- Up-to-date: /home/henryshum0/SUAS/install/offboard_control_interfaces/share/offboard_control_interfaces/cmake/offboard_control_interfaces__rosidl_typesupport_introspection_cppExport.cmake
[0.344s] -- Up-to-date: /home/henryshum0/SUAS/install/offboard_control_interfaces/share/offboard_control_interfaces/cmake/offboard_control_interfaces__rosidl_typesupport_introspection_cppExport-noconfig.cmake
[0.344s] -- Up-to-date: /home/henryshum0/SUAS/install/offboard_control_interfaces/share/offboard_control_interfaces/cmake/offboard_control_interfaces__rosidl_typesupport_cppExport.cmake
[0.344s] -- Up-to-date: /home/henryshum0/SUAS/install/offboard_control_interfaces/share/offboard_control_interfaces/cmake/offboard_control_interfaces__rosidl_typesupport_cppExport-noconfig.cmake
[0.345s] -- Up-to-date: /home/henryshum0/SUAS/install/offboard_control_interfaces/share/offboard_control_interfaces/cmake/export_offboard_control_interfaces__rosidl_generator_pyExport.cmake
[0.345s] -- Up-to-date: /home/henryshum0/SUAS/install/offboard_control_interfaces/share/offboard_control_interfaces/cmake/export_offboard_control_interfaces__rosidl_generator_pyExport-noconfig.cmake
[0.345s] -- Up-to-date: /home/henryshum0/SUAS/install/offboard_control_interfaces/share/offboard_control_interfaces/cmake/rosidl_cmake-extras.cmake
[0.345s] -- Up-to-date: /home/henryshum0/SUAS/install/offboard_control_interfaces/share/offboard_control_interfaces/cmake/ament_cmake_export_include_directories-extras.cmake
[0.345s] -- Up-to-date: /home/henryshum0/SUAS/install/offboard_control_interfaces/share/offboard_control_interfaces/cmake/ament_cmake_export_libraries-extras.cmake
[0.346s] -- Up-to-date: /home/henryshum0/SUAS/install/offboard_control_interfaces/share/offboard_control_interfaces/cmake/ament_cmake_export_targets-extras.cmake
[0.346s] -- Up-to-date: /home/henryshum0/SUAS/install/offboard_control_interfaces/share/offboard_control_interfaces/cmake/rosidl_cmake_export_typesupport_targets-extras.cmake
[0.347s] -- Up-to-date: /home/henryshum0/SUAS/install/offboard_control_interfaces/share/offboard_control_interfaces/cmake/ament_cmake_export_dependencies-extras.cmake
[0.348s] -- Up-to-date: /home/henryshum0/SUAS/install/offboard_control_interfaces/share/offboard_control_interfaces/cmake/rosidl_cmake_export_typesupport_libraries-extras.cmake
[0.348s] -- Up-to-date: /home/henryshum0/SUAS/install/offboard_control_interfaces/share/offboard_control_interfaces/cmake/offboard_control_interfacesConfig.cmake
[0.348s] -- Up-to-date: /home/henryshum0/SUAS/install/offboard_control_interfaces/share/offboard_control_interfaces/cmake/offboard_control_interfacesConfig-version.cmake
[0.348s] -- Up-to-date: /home/henryshum0/SUAS/install/offboard_control_interfaces/share/offboard_control_interfaces/package.xml
[0.349s] Invoked command in '/home/henryshum0/SUAS/build/offboard_control_interfaces' returned '0': CMAKE_PREFIX_PATH=${CMAKE_PREFIX_PATH}:/opt/ros/humble /usr/bin/cmake --install /home/henryshum0/SUAS/build/offboard_control_interfaces
