[  8%] Built target cmd_ack_listener
[ 13%] Built target nodesoup
[ 16%] Built target vehicle_pos_listener
[ 19%] Built target sensor_combined_listener
[ 22%] Built target publish_trj_listener
[ 24%] [32mBuilding CXX object CMakeFiles/flight_control_lib.dir/src/flight_control/control_publishers.cpp.o[0m
[ 26%] [32mBuilding CXX object CMakeFiles/flight_control_lib.dir/src/flight_control/flight_executor.cpp.o[0m
[ 27%] [32mBuilding CXX object CMakeFiles/flight_control_lib.dir/src/vehicle_storage/executor_storage.cpp.o[0m
[ 90%] Built target matplot
[01m[K/home/henryshum0/SUAS/src/flight_control/src/flight_control/flight_executor.cpp:[m[K In member function ‘[01m[Kvoid FlightExecutor::move_to_waypoint(std::shared_ptr<Waypoint>)[m[K’:
[01m[K/home/henryshum0/SUAS/src/flight_control/src/flight_control/flight_executor.cpp:155:34:[m[K [01;35m[Kwarning: [m[Ksuggest parentheses around assignment used as truth value [[01;35m[K]8;;https://gcc.gnu.org/onlinedocs/gcc/Warning-Options.html#index-Wparentheses-Wparentheses]8;;[m[K]
  155 |             if([01;35m[Kwaypoint->mission = MISSION::WAYPOINT[m[K) waypoint->mission_completed = true;
      |                [01;35m[K~~~~~~~~~~~~~~~~~~^~~~~~~~~~~~~~~~~~~[m[K
[ 91%] [32m[1mLinking CXX shared library libflight_control_lib.so[0m
[ 96%] Built target flight_control_lib
[ 98%] [32mBuilding CXX object CMakeFiles/offboard_controller.dir/src/main.cpp.o[0m
[100%] [32m[1mLinking CXX executable offboard_controller[0m
[100%] Built target offboard_controller
-- Install configuration: ""
-- Installing: /home/henryshum0/SUAS/install/flight_control/lib/flight_control/offboard_controller
-- Set runtime path of "/home/henryshum0/SUAS/install/flight_control/lib/flight_control/offboard_controller" to ""
-- Up-to-date: /home/henryshum0/SUAS/install/flight_control/lib/flight_control/sensor_combined_listener
-- Up-to-date: /home/henryshum0/SUAS/install/flight_control/lib/flight_control/publish_trj_listener
-- Up-to-date: /home/henryshum0/SUAS/install/flight_control/lib/flight_control/vehicle_pos_listener
-- Up-to-date: /home/henryshum0/SUAS/install/flight_control/lib/flight_control/cmd_ack_listener
-- Up-to-date: /home/henryshum0/SUAS/install/flight_control/include/flight_control/include
-- Up-to-date: /home/henryshum0/SUAS/install/flight_control/include/flight_control/include/lib
-- Up-to-date: /home/henryshum0/SUAS/install/flight_control/include/flight_control/include/lib/utils.hpp
-- Up-to-date: /home/henryshum0/SUAS/install/flight_control/include/flight_control/include/vehicle_storage
-- Installing: /home/henryshum0/SUAS/install/flight_control/include/flight_control/include/vehicle_storage/executor_storage.hpp
-- Up-to-date: /home/henryshum0/SUAS/install/flight_control/include/flight_control/include/vehicle_storage/vehicle_state_storage.hpp
-- Up-to-date: /home/henryshum0/SUAS/install/flight_control/include/flight_control/include/flight_control
-- Up-to-date: /home/henryshum0/SUAS/install/flight_control/include/flight_control/include/flight_control/state_subscribers.hpp
-- Up-to-date: /home/henryshum0/SUAS/install/flight_control/include/flight_control/include/flight_control/flight_executor.hpp
-- Up-to-date: /home/henryshum0/SUAS/install/flight_control/include/flight_control/include/flight_control/control_publishers.hpp
-- Installing: /home/henryshum0/SUAS/install/flight_control/lib/libflight_control_lib.so
-- Set runtime path of "/home/henryshum0/SUAS/install/flight_control/lib/libflight_control_lib.so" to ""
-- Up-to-date: /home/henryshum0/SUAS/install/flight_control/share/ament_index/resource_index/package_run_dependencies/flight_control
-- Up-to-date: /home/henryshum0/SUAS/install/flight_control/share/ament_index/resource_index/parent_prefix_path/flight_control
-- Up-to-date: /home/henryshum0/SUAS/install/flight_control/share/flight_control/environment/ament_prefix_path.sh
-- Up-to-date: /home/henryshum0/SUAS/install/flight_control/share/flight_control/environment/ament_prefix_path.dsv
-- Up-to-date: /home/henryshum0/SUAS/install/flight_control/share/flight_control/environment/path.sh
-- Up-to-date: /home/henryshum0/SUAS/install/flight_control/share/flight_control/environment/path.dsv
-- Up-to-date: /home/henryshum0/SUAS/install/flight_control/share/flight_control/local_setup.bash
-- Up-to-date: /home/henryshum0/SUAS/install/flight_control/share/flight_control/local_setup.sh
-- Up-to-date: /home/henryshum0/SUAS/install/flight_control/share/flight_control/local_setup.zsh
-- Up-to-date: /home/henryshum0/SUAS/install/flight_control/share/flight_control/local_setup.dsv
-- Installing: /home/henryshum0/SUAS/install/flight_control/share/flight_control/package.dsv
-- Up-to-date: /home/henryshum0/SUAS/install/flight_control/share/ament_index/resource_index/packages/flight_control
-- Up-to-date: /home/henryshum0/SUAS/install/flight_control/share/flight_control/cmake/flight_controlConfig.cmake
-- Up-to-date: /home/henryshum0/SUAS/install/flight_control/share/flight_control/cmake/flight_controlConfig-version.cmake
-- Up-to-date: /home/henryshum0/SUAS/install/flight_control/share/flight_control/package.xml
-- Up-to-date: /home/henryshum0/SUAS/install/flight_control/include/matplot/detail/exports.h
