[0.081s] Invoking command in '/home/henryshum0/SUAS/build/flight_control': CMAKE_PREFIX_PATH=/home/henryshum0/SUAS/install/px4_ros_com:/home/henryshum0/SUAS/install/px4_msgs:/home/henryshum0/SUAS/install/flight_control:/opt/ros/humble LD_LIBRARY_PATH=/home/henryshum0/SUAS/install/px4_ros_com/lib:/home/henryshum0/SUAS/install/px4_msgs/lib:/home/henryshum0/SUAS/install/flight_control/lib:/opt/ros/humble/opt/rviz_ogre_vendor/lib:/opt/ros/humble/lib/x86_64-linux-gnu:/opt/ros/humble/lib /usr/bin/cmake --build /home/henryshum0/SUAS/build/flight_control -- -j16 -l16
[0.105s] -- Found ament_cmake: 1.3.11 (/opt/ros/humble/share/ament_cmake/cmake)
[0.186s] -- Found rclcpp: 16.0.11 (/opt/ros/humble/share/rclcpp/cmake)
[0.238s] -- Found rosidl_generator_c: 3.1.6 (/opt/ros/humble/share/rosidl_generator_c/cmake)
[0.240s] -- Found rosidl_adapter: 3.1.6 (/opt/ros/humble/share/rosidl_adapter/cmake)
[0.243s] -- Found rosidl_generator_cpp: 3.1.6 (/opt/ros/humble/share/rosidl_generator_cpp/cmake)
[0.249s] -- Using all available rosidl_typesupport_c: rosidl_typesupport_fastrtps_c;rosidl_typesupport_introspection_c
[0.256s] -- Using all available rosidl_typesupport_cpp: rosidl_typesupport_fastrtps_cpp;rosidl_typesupport_introspection_cpp
[0.276s] -- Found rmw_implementation_cmake: 6.1.2 (/opt/ros/humble/share/rmw_implementation_cmake/cmake)
[0.277s] -- Found rmw_fastrtps_cpp: 6.2.7 (/opt/ros/humble/share/rmw_fastrtps_cpp/cmake)
[1.839s] -- Using RMW implementation 'rmw_fastrtps_cpp' as default
[1.868s] -- Found px4_msgs: 2.0.1 (/home/henryshum0/SUAS/install/px4_msgs/share/px4_msgs/cmake)
[1.875s] -- Found px4_ros_com: 0.1.0 (/home/henryshum0/SUAS/install/px4_ros_com/share/px4_ros_com/cmake)
[1.897s] -- Found rosidl_default_generators: 1.2.0 (/opt/ros/humble/share/rosidl_default_generators/cmake)
[2.044s] -- Found ament_cmake_ros: 0.10.0 (/opt/ros/humble/share/ament_cmake_ros/cmake)
[2.216s] -- Using all available rosidl_typesupport_c: rosidl_typesupport_fastrtps_c;rosidl_typesupport_introspection_c
[2.282s] -- Using all available rosidl_typesupport_cpp: rosidl_typesupport_fastrtps_cpp;rosidl_typesupport_introspection_cpp
[2.295s] -- Found python_cmake_module: 0.10.0 (/opt/ros/humble/share/python_cmake_module/cmake)
[2.308s] -- Using PYTHON_EXECUTABLE: /usr/bin/python3
[2.308s] -- Using PYTHON_INCLUDE_DIRS: /usr/include/python3.10
[2.308s] -- Using PYTHON_LIBRARIES: /usr/lib/x86_64-linux-gnu/libpython3.10.so
[5.235s] -- Could NOT find FFTW (missing: FFTW_INCLUDE_DIRS) 
[5.239s] [0mSetting matplotplusplus compiler options[0m
[5.240s] [31mCMake Error at CMakeLists.txt:50 (install):
[5.240s]   install TARGETS given target "userJ_input" which does not exist.
[5.240s] 
[5.240s] [0m
[5.243s] -- Found ament_lint_auto: 0.12.11 (/opt/ros/humble/share/ament_lint_auto/cmake)
[5.277s] -- Added test 'cppcheck' to perform static code analysis on C / C++ code
[5.278s] -- Configured cppcheck include dirs: /home/henryshum0/SUAS/src/flight_control/include;$<BUILD_INTERFACE:/home/henryshum0/SUAS/src/flight_control/include>
[5.278s] -- Configured cppcheck exclude dirs and/or files: 
[5.287s] -- Added test 'lint_cmake' to check CMake code style
[5.316s] -- Added test 'uncrustify' to check C / C++ code style
[5.316s] -- Configured uncrustify additional arguments: 
[5.319s] -- Added test 'xmllint' to check XML markup files
[5.320s] -- Configuring incomplete, errors occurred!
[5.320s] See also "/home/henryshum0/SUAS/build/flight_control/CMakeFiles/CMakeOutput.log".
[5.320s] See also "/home/henryshum0/SUAS/build/flight_control/CMakeFiles/CMakeError.log".
[5.330s] gmake: *** [Makefile:1156: cmake_check_build_system] Error 1
[5.332s] Invoked command in '/home/henryshum0/SUAS/build/flight_control' returned '2': CMAKE_PREFIX_PATH=/home/henryshum0/SUAS/install/px4_ros_com:/home/henryshum0/SUAS/install/px4_msgs:/home/henryshum0/SUAS/install/flight_control:/opt/ros/humble LD_LIBRARY_PATH=/home/henryshum0/SUAS/install/px4_ros_com/lib:/home/henryshum0/SUAS/install/px4_msgs/lib:/home/henryshum0/SUAS/install/flight_control/lib:/opt/ros/humble/opt/rviz_ogre_vendor/lib:/opt/ros/humble/lib/x86_64-linux-gnu:/opt/ros/humble/lib /usr/bin/cmake --build /home/henryshum0/SUAS/build/flight_control -- -j16 -l16
