[0.010s] Invoking command in '/home/henryshum0/SUAS/build/px4_msgs': CMAKE_PREFIX_PATH=/opt/ros/humble /usr/bin/cmake /home/henryshum0/SUAS/src/px4_msgs -DCMAKE_INSTALL_PREFIX=/home/henryshum0/SUAS/install/px4_msgs
[0.128s] -- The C compiler identification is GNU 11.4.0
[0.286s] -- The CXX compiler identification is GNU 11.4.0
[0.368s] -- Detecting C compiler ABI info
[0.429s] -- Detecting C compiler ABI info - done
[0.434s] -- Check for working C compiler: /usr/bin/cc - skipped
[0.434s] -- Detecting C compile features
[0.434s] -- Detecting C compile features - done
[0.437s] -- Detecting CXX compiler ABI info
[0.498s] -- Detecting CXX compiler ABI info - done
[0.502s] -- Check for working CXX compiler: /usr/bin/c++ - skipped
[0.502s] -- Detecting CXX compile features
[0.503s] -- Detecting CXX compile features - done
[0.513s] -- Found ament_cmake: 1.3.11 (/opt/ros/humble/share/ament_cmake/cmake)
[0.603s] -- Found Python3: /usr/bin/python3 (found version "3.10.12") found components: Interpreter 
[0.669s] -- Found builtin_interfaces: 1.2.1 (/opt/ros/humble/share/builtin_interfaces/cmake)
[0.749s] -- Found rosidl_generator_c: 3.1.6 (/opt/ros/humble/share/rosidl_generator_c/cmake)
[0.752s] -- Found rosidl_adapter: 3.1.6 (/opt/ros/humble/share/rosidl_adapter/cmake)
[0.761s] -- Found rosidl_generator_cpp: 3.1.6 (/opt/ros/humble/share/rosidl_generator_cpp/cmake)
[0.773s] -- Using all available rosidl_typesupport_c: rosidl_typesupport_fastrtps_c;rosidl_typesupport_introspection_c
[0.786s] -- Using all available rosidl_typesupport_cpp: rosidl_typesupport_fastrtps_cpp;rosidl_typesupport_introspection_cpp
[0.798s] -- Found rosidl_default_generators: 1.2.0 (/opt/ros/humble/share/rosidl_default_generators/cmake)
[1.775s] -- Found ament_cmake_cppcheck: 0.12.11 (/opt/ros/humble/share/ament_cmake_cppcheck/cmake)
[1.777s] -- Found ament_cmake_cpplint: 0.12.11 (/opt/ros/humble/share/ament_cmake_cpplint/cmake)
[1.779s] -- Found ament_cmake_uncrustify: 0.12.11 (/opt/ros/humble/share/ament_cmake_uncrustify/cmake)
[1.782s] -- Found ament_cmake_ros: 0.10.0 (/opt/ros/humble/share/ament_cmake_ros/cmake)
[2.011s] -- Using all available rosidl_typesupport_c: rosidl_typesupport_fastrtps_c;rosidl_typesupport_introspection_c
[2.093s] -- Using all available rosidl_typesupport_cpp: rosidl_typesupport_fastrtps_cpp;rosidl_typesupport_introspection_cpp
[2.137s] -- Found PythonInterp: /usr/bin/python3 (found suitable version "3.10.12", minimum required is "3.6") 
[2.138s] -- Found python_cmake_module: 0.10.0 (/opt/ros/humble/share/python_cmake_module/cmake)
[2.270s] -- Found PythonLibs: /usr/lib/x86_64-linux-gnu/libpython3.10.so (found suitable version "3.10.12", minimum required is "3.5") 
[2.270s] -- Using PYTHON_EXECUTABLE: /usr/bin/python3
[2.270s] -- Using PYTHON_INCLUDE_DIRS: /usr/include/python3.10
[2.270s] -- Using PYTHON_LIBRARIES: /usr/lib/x86_64-linux-gnu/libpython3.10.so
[2.282s] -- Found PythonExtra: .so  
[2.330s] -- Found ament_cmake_flake8: 0.12.11 (/opt/ros/humble/share/ament_cmake_flake8/cmake)
[2.332s] -- Found ament_cmake_pep257: 0.12.11 (/opt/ros/humble/share/ament_cmake_pep257/cmake)
[2.345s] -- Configuring done
[2.592s] -- Generating done
[2.616s] -- Build files have been written to: /home/henryshum0/SUAS/build/px4_msgs
[2.627s] Invoked command in '/home/henryshum0/SUAS/build/px4_msgs' returned '0': CMAKE_PREFIX_PATH=/opt/ros/humble /usr/bin/cmake /home/henryshum0/SUAS/src/px4_msgs -DCMAKE_INSTALL_PREFIX=/home/henryshum0/SUAS/install/px4_msgs
[2.629s] Invoking command in '/home/henryshum0/SUAS/build/px4_msgs': CMAKE_PREFIX_PATH=/opt/ros/humble /usr/bin/cmake --build /home/henryshum0/SUAS/build/px4_msgs -- -j16 -l16
[2.912s] [  0%] [34m[1mGenerating C code for ROS interfaces[0m
[2.914s] [  0%] Built target ament_cmake_python_copy_px4_msgs
[2.925s] [  0%] [34m[1mGenerating C++ code for ROS interfaces[0m
[3.040s] running egg_info
[3.040s] creating px4_msgs.egg-info
[3.040s] writing px4_msgs.egg-info/PKG-INFO
[3.040s] writing dependency_links to px4_msgs.egg-info/dependency_links.txt
[3.041s] writing top-level names to px4_msgs.egg-info/top_level.txt
[3.041s] writing manifest file 'px4_msgs.egg-info/SOURCES.txt'
[3.043s] reading manifest file 'px4_msgs.egg-info/SOURCES.txt'
[3.043s] writing manifest file 'px4_msgs.egg-info/SOURCES.txt'
[3.061s] [  0%] Built target ament_cmake_python_build_px4_msgs_egg
[10.274s] gmake[2]: *** Deleting file 'rosidl_generator_cpp/px4_msgs/msg/action_request.hpp'
[10.274s] gmake[2]: *** Deleting file 'rosidl_generator_c/px4_msgs/msg/action_request.h'
[10.274s] Traceback (most recent call last):
[10.274s] Traceback (most recent call last):
[10.274s]   File "/opt/ros/humble/share/rosidl_generator_cpp/cmake/../../../lib/rosidl_generator_cpp/rosidl_generator_cpp", line 38, in <module>
[10.274s]   File "/opt/ros/humble/share/rosidl_generator_c/cmake/../../../lib/rosidl_generator_c/rosidl_generator_c", line 38, in <module>
[10.274s]     sys.exit(main())
[10.274s]   File "/opt/ros/humble/share/rosidl_generator_cpp/cmake/../../../lib/rosidl_generator_cpp/rosidl_generator_cpp", line 34, in main
[10.274s]     sys.exit(main())
[10.274s]   File "/opt/ros/humble/share/rosidl_generator_c/cmake/../../../lib/rosidl_generator_c/rosidl_generator_c", line 34, in main
[10.274s]     generate_c(args.generator_arguments_file)
[10.274s]     generate_cpp(args.generator_arguments_file)
[10.274s]   File "/opt/ros/humble/local/lib/python3.10/dist-packages/rosidl_generator_c/__init__.py", line 37, in generate_c
[10.274s]   File "/opt/ros/humble/local/lib/python3.10/dist-packages/rosidl_generator_cpp/__init__.py", line 39, in generate_cpp
[10.274s]     return generate_files(
[10.274s]   File "/opt/ros/humble/local/lib/python3.10/dist-packages/rosidl_cmake/__init__.py", line 74, in generate_files
[10.274s]     return generate_files(
[10.274s]     idl_file = parse_idl_file(locator)
[10.274s]   File "/opt/ros/humble/local/lib/python3.10/dist-packages/rosidl_parser/parser.py", line 64, in parse_idl_file
[10.274s]   File "/opt/ros/humble/local/lib/python3.10/dist-packages/rosidl_cmake/__init__.py", line 74, in generate_files
[10.274s]     content = parse_idl_string(string, png_file=png_file)
[10.274s]   File "/opt/ros/humble/local/lib/python3.10/dist-packages/rosidl_parser/parser.py", line 72, in parse_idl_string
[10.274s]     idl_file = parse_idl_file(locator)
[10.274s]   File "/opt/ros/humble/local/lib/python3.10/dist-packages/rosidl_parser/parser.py", line 64, in parse_idl_file
[10.274s]     tree = get_ast_from_idl_string(idl_string)
[10.274s]   File "/opt/ros/humble/local/lib/python3.10/dist-packages/rosidl_parser/parser.py", line 89, in get_ast_from_idl_string
[10.274s]     content = parse_idl_string(string, png_file=png_file)
[10.274s]   File "/opt/ros/humble/local/lib/python3.10/dist-packages/rosidl_parser/parser.py", line 72, in parse_idl_string
[10.275s]     tree = get_ast_from_idl_string(idl_string)
[10.275s]   File "/opt/ros/humble/local/lib/python3.10/dist-packages/rosidl_parser/parser.py", line 89, in get_ast_from_idl_string
[10.275s]     return _parser.parse(idl_string)
[10.275s]     return _parser.parse(idl_string)
[10.275s]   File "/usr/lib/python3/dist-packages/lark/lark.py", line 619, in parse
[10.275s]   File "/usr/lib/python3/dist-packages/lark/lark.py", line 619, in parse
[10.275s]     return self.parser.parse(text, start=start, on_error=on_error)
[10.275s]   File "/usr/lib/python3/dist-packages/lark/parser_frontends.py", line 99, in parse
[10.275s]     return self.parser.parse(text, start=start, on_error=on_error)
[10.275s]   File "/usr/lib/python3/dist-packages/lark/parser_frontends.py", line 99, in parse
[10.276s]     return self.parser.parse(stream, chosen_start, **kw)
[10.276s]     return self.parser.parse(stream, chosen_start, **kw)
[10.276s]   File "/usr/lib/python3/dist-packages/lark/parsers/earley.py", line 266, in parse
[10.276s]   File "/usr/lib/python3/dist-packages/lark/parsers/earley.py", line 266, in parse
[10.276s]     to_scan = self._parse(lexer, columns, to_scan, start_symbol)
[10.276s]   File "/usr/lib/python3/dist-packages/lark/parsers/xearley.py", line 144, in _parse
[10.276s]     to_scan = self._parse(lexer, columns, to_scan, start_symbol)
[10.276s]   File "/usr/lib/python3/dist-packages/lark/parsers/xearley.py", line 144, in _parse
[10.276s]     self.predict_and_complete(i, to_scan, columns, transitives)
[10.276s]   File "/usr/lib/python3/dist-packages/lark/parsers/earley.py", line 154, in predict_and_complete
[10.276s]     self.predict_and_complete(i, to_scan, columns, transitives)
[10.276s]   File "/usr/lib/python3/dist-packages/lark/parsers/earley.py", line 140, in predict_and_complete
[10.276s]     elif new_item not in column:
[10.276s]     new_item = Item(rule, 0, i)
[10.276s]   File "/usr/lib/python3/dist-packages/lark/parsers/earley_common.py", line 23, in __init__
[10.276s]   File "/usr/lib/python3/dist-packages/lark/parsers/earley_common.py", line 28, in __eq__
[10.276s]     def __eq__(self, other):
[10.276s]     self._hash = hash((self.s, self.start))
[10.276s]   File "/usr/lib/python3/dist-packages/lark/grammar.py", line 113, in __hash__
[10.276s] KeyboardInterrupt
[10.276s]     def __hash__(self):
[10.276s] KeyboardInterrupt
[10.295s] gmake[2]: *** [CMakeFiles/px4_msgs__rosidl_generator_c.dir/build.make:311: rosidl_generator_c/px4_msgs/msg/action_request.h] Interrupt
[10.295s] gmake[1]: *** [CMakeFiles/Makefile2:212: CMakeFiles/px4_msgs__rosidl_generator_c.dir/all] Interrupt
[10.301s] gmake[2]: *** [CMakeFiles/px4_msgs__cpp.dir/build.make:1427: rosidl_generator_cpp/px4_msgs/msg/action_request.hpp] Interrupt
[10.301s] gmake[1]: *** [CMakeFiles/Makefile2:265: CMakeFiles/px4_msgs__cpp.dir/all] Interrupt
[10.301s] gmake: *** [Makefile:146: all] Interrupt
[10.303s] Invoked command in '/home/henryshum0/SUAS/build/px4_msgs' returned '-2': CMAKE_PREFIX_PATH=/opt/ros/humble /usr/bin/cmake --build /home/henryshum0/SUAS/build/px4_msgs -- -j16 -l16
