-- Found ament_cmake: 1.3.11 (/opt/ros/humble/share/ament_cmake/cmake)
-- Found rclcpp: 16.0.11 (/opt/ros/humble/share/rclcpp/cmake)
-- Found rosidl_generator_c: 3.1.6 (/opt/ros/humble/share/rosidl_generator_c/cmake)
-- Found rosidl_adapter: 3.1.6 (/opt/ros/humble/share/rosidl_adapter/cmake)
-- Found rosidl_generator_cpp: 3.1.6 (/opt/ros/humble/share/rosidl_generator_cpp/cmake)
-- Using all available rosidl_typesupport_c: rosidl_typesupport_fastrtps_c;rosidl_typesupport_introspection_c
-- Using all available rosidl_typesupport_cpp: rosidl_typesupport_fastrtps_cpp;rosidl_typesupport_introspection_cpp
-- Found rmw_implementation_cmake: 6.1.2 (/opt/ros/humble/share/rmw_implementation_cmake/cmake)
-- Found rmw_fastrtps_cpp: 6.2.7 (/opt/ros/humble/share/rmw_fastrtps_cpp/cmake)
-- Using RMW implementation 'rmw_fastrtps_cpp' as default
-- Found px4_msgs: 2.0.1 (/home/henryshum0/SUAS/install/px4_msgs/share/px4_msgs/cmake)
-- Found px4_ros_com: 0.1.0 (/home/henryshum0/SUAS/install/px4_ros_com/share/px4_ros_com/cmake)
-- Found rosidl_default_generators: 1.2.0 (/opt/ros/humble/share/rosidl_default_generators/cmake)
-- Found ament_cmake_ros: 0.10.0 (/opt/ros/humble/share/ament_cmake_ros/cmake)
-- Using all available rosidl_typesupport_c: rosidl_typesupport_fastrtps_c;rosidl_typesupport_introspection_c
-- Using all available rosidl_typesupport_cpp: rosidl_typesupport_fastrtps_cpp;rosidl_typesupport_introspection_cpp
-- Found python_cmake_module: 0.10.0 (/opt/ros/humble/share/python_cmake_module/cmake)
-- Using PYTHON_EXECUTABLE: /usr/bin/python3
-- Using PYTHON_INCLUDE_DIRS: /usr/include/python3.10
-- Using PYTHON_LIBRARIES: /usr/lib/x86_64-linux-gnu/libpython3.10.so
-- Could NOT find FFTW (missing: FFTW_INCLUDE_DIRS) 
[0mSetting matplotplusplus compiler options[0m
-- Found ament_lint_auto: 0.12.11 (/opt/ros/humble/share/ament_lint_auto/cmake)
-- Added test 'cppcheck' to perform static code analysis on C / C++ code
-- Configured cppcheck include dirs: /home/henryshum0/SUAS/src/flight_control/include;$<BUILD_INTERFACE:/home/henryshum0/SUAS/src/flight_control/include>
-- Configured cppcheck exclude dirs and/or files: 
-- Added test 'lint_cmake' to check CMake code style
-- Added test 'uncrustify' to check C / C++ code style
-- Configured uncrustify additional arguments: 
-- Added test 'xmllint' to check XML markup files
-- Configuring done
-- Generating done
-- Build files have been written to: /home/henryshum0/SUAS/build/flight_control
[  1%] [34m[1mGenerating C code for ROS interfaces[0m
[35m[1mConsolidate compiler generated dependencies of target publish_trj_listener[0m
[35m[1mConsolidate compiler generated dependencies of target vehicle_pos_listener[0m
[35m[1mConsolidate compiler generated dependencies of target nodesoup[0m
[35m[1mConsolidate compiler generated dependencies of target sensor_combined_listener[0m
[  2%] [34m[1mGenerating C++ code for ROS interfaces[0m
[35m[1mConsolidate compiler generated dependencies of target flight_control_lib[0m
[35m[1mConsolidate compiler generated dependencies of target cmd_ack_listener[0m
[  7%] Built target vehicle_pos_listener
[ 10%] Built target nodesoup
[ 13%] Built target publish_trj_listener
[ 13%] Built target ament_cmake_python_copy_flight_control
[ 15%] Built target sensor_combined_listener
[ 17%] Built target cmd_ack_listener
[ 25%] Built target flight_control_lib
[35m[1mConsolidate compiler generated dependencies of target offboard_controller[0m
[35m[1mConsolidate compiler generated dependencies of target matplot[0m
[ 27%] Built target offboard_controller
[ 68%] Built target matplot
running egg_info
writing flight_control.egg-info/PKG-INFO
writing dependency_links to flight_control.egg-info/dependency_links.txt
writing top-level names to flight_control.egg-info/top_level.txt
reading manifest file 'flight_control.egg-info/SOURCES.txt'
writing manifest file 'flight_control.egg-info/SOURCES.txt'
[ 68%] Built target ament_cmake_python_build_flight_control_egg
[35m[1mConsolidate compiler generated dependencies of target flight_control__rosidl_generator_c[0m
[ 69%] [32mBuilding C object CMakeFiles/flight_control__rosidl_generator_c.dir/rosidl_generator_c/flight_control/msg/detail/user_command__functions.c.o[0m
[ 69%] Built target flight_control__cpp
[ 72%] [34m[1mGenerating C++ introspection for ROS interfaces[0m
[ 72%] [34m[1mGenerating C++ type support dispatch for ROS interfaces[0m
[ 72%] [34m[1mGenerating C++ type support for eProsima Fast-RTPS[0m
[ 73%] [32m[1mLinking C shared library libflight_control__rosidl_generator_c.so[0m
[ 73%] Built target flight_control__rosidl_generator_c
[ 76%] [34m[1mGenerating C type support for eProsima Fast-RTPS[0m
[ 76%] [34m[1mGenerating C introspection for ROS interfaces[0m
[ 77%] [34m[1mGenerating C type support dispatch for ROS interfaces[0m
[35m[1mConsolidate compiler generated dependencies of target flight_control__rosidl_typesupport_introspection_cpp[0m
[35m[1mConsolidate compiler generated dependencies of target flight_control__rosidl_typesupport_cpp[0m
[ 78%] [32mBuilding CXX object CMakeFiles/flight_control__rosidl_typesupport_introspection_cpp.dir/rosidl_typesupport_introspection_cpp/flight_control/msg/detail/user_command__type_support.cpp.o[0m
[ 79%] [32mBuilding CXX object CMakeFiles/flight_control__rosidl_typesupport_cpp.dir/rosidl_typesupport_cpp/flight_control/msg/user_command__type_support.cpp.o[0m
[35m[1mConsolidate compiler generated dependencies of target flight_control__rosidl_typesupport_fastrtps_cpp[0m
[ 80%] [32mBuilding CXX object CMakeFiles/flight_control__rosidl_typesupport_fastrtps_cpp.dir/rosidl_typesupport_fastrtps_cpp/flight_control/msg/detail/dds_fastrtps/user_command__type_support.cpp.o[0m
[35m[1mConsolidate compiler generated dependencies of target flight_control__rosidl_typesupport_c[0m
[ 81%] [32mBuilding CXX object CMakeFiles/flight_control__rosidl_typesupport_c.dir/rosidl_typesupport_c/flight_control/msg/user_command__type_support.cpp.o[0m
[35m[1mConsolidate compiler generated dependencies of target flight_control__rosidl_typesupport_introspection_c[0m
[35m[1mConsolidate compiler generated dependencies of target flight_control__rosidl_typesupport_fastrtps_c[0m
[ 82%] [32mBuilding C object CMakeFiles/flight_control__rosidl_typesupport_introspection_c.dir/rosidl_typesupport_introspection_c/flight_control/msg/detail/user_command__type_support.c.o[0m
[ 83%] [32mBuilding CXX object CMakeFiles/flight_control__rosidl_typesupport_fastrtps_c.dir/rosidl_typesupport_fastrtps_c/flight_control/msg/detail/user_command__type_support_c.cpp.o[0m
[ 84%] [32m[1mLinking CXX shared library libflight_control__rosidl_typesupport_c.so[0m
[ 85%] [32m[1mLinking C shared library libflight_control__rosidl_typesupport_introspection_c.so[0m
[ 85%] Built target flight_control__rosidl_typesupport_introspection_c
[ 85%] Built target flight_control__rosidl_typesupport_c
[ 86%] [32m[1mLinking CXX shared library libflight_control__rosidl_typesupport_cpp.so[0m
[ 88%] [32m[1mLinking CXX shared library libflight_control__rosidl_typesupport_introspection_cpp.so[0m
[ 88%] Built target flight_control__rosidl_typesupport_cpp
[ 89%] [32m[1mLinking CXX shared library libflight_control__rosidl_typesupport_fastrtps_cpp.so[0m
[ 89%] Built target flight_control__rosidl_typesupport_introspection_cpp
[ 90%] [32m[1mLinking CXX shared library libflight_control__rosidl_typesupport_fastrtps_c.so[0m
[ 90%] Built target flight_control__rosidl_typesupport_fastrtps_cpp
[ 90%] Built target flight_control__rosidl_typesupport_fastrtps_c
[ 90%] Built target flight_control
[ 91%] [34m[1mGenerating Python code for ROS interfaces[0m
[ 91%] Built target flight_control__py
[35m[1mConsolidate compiler generated dependencies of target flight_control__rosidl_generator_py[0m
[ 92%] [32mBuilding C object CMakeFiles/flight_control__rosidl_generator_py.dir/rosidl_generator_py/flight_control/msg/_user_command_s.c.o[0m
[ 93%] [32m[1mLinking C shared library rosidl_generator_py/flight_control/libflight_control__rosidl_generator_py.so[0m
[ 93%] Built target flight_control__rosidl_generator_py
[35m[1mConsolidate compiler generated dependencies of target flight_control__rosidl_typesupport_fastrtps_c__pyext[0m
[35m[1mConsolidate compiler generated dependencies of target flight_control__rosidl_typesupport_c__pyext[0m
[35m[1mConsolidate compiler generated dependencies of target flight_control__rosidl_typesupport_introspection_c__pyext[0m
[ 96%] [32mBuilding C object CMakeFiles/flight_control__rosidl_typesupport_fastrtps_c__pyext.dir/rosidl_generator_py/flight_control/_flight_control_s.ep.rosidl_typesupport_fastrtps_c.c.o[0m
[ 96%] [32mBuilding C object CMakeFiles/flight_control__rosidl_typesupport_introspection_c__pyext.dir/rosidl_generator_py/flight_control/_flight_control_s.ep.rosidl_typesupport_introspection_c.c.o[0m
[ 96%] [32mBuilding C object CMakeFiles/flight_control__rosidl_typesupport_c__pyext.dir/rosidl_generator_py/flight_control/_flight_control_s.ep.rosidl_typesupport_c.c.o[0m
[ 97%] [32m[1mLinking C shared library rosidl_generator_py/flight_control/flight_control_s__rosidl_typesupport_fastrtps_c.cpython-310-x86_64-linux-gnu.so[0m
[ 98%] [32m[1mLinking C shared library rosidl_generator_py/flight_control/flight_control_s__rosidl_typesupport_c.cpython-310-x86_64-linux-gnu.so[0m
[100%] [32m[1mLinking C shared library rosidl_generator_py/flight_control/flight_control_s__rosidl_typesupport_introspection_c.cpython-310-x86_64-linux-gnu.so[0m
[100%] Built target flight_control__rosidl_typesupport_c__pyext
[100%] Built target flight_control__rosidl_typesupport_introspection_c__pyext
[100%] Built target flight_control__rosidl_typesupport_fastrtps_c__pyext
-- Install configuration: ""
-- Up-to-date: /home/henryshum0/SUAS/install/flight_control/share/ament_index/resource_index/rosidl_interfaces/flight_control
-- Up-to-date: /home/henryshum0/SUAS/install/flight_control/include/flight_control/flight_control
-- Up-to-date: /home/henryshum0/SUAS/install/flight_control/include/flight_control/flight_control/msg
-- Up-to-date: /home/henryshum0/SUAS/install/flight_control/include/flight_control/flight_control/msg/rosidl_generator_c__visibility_control.h
-- Up-to-date: /home/henryshum0/SUAS/install/flight_control/include/flight_control/flight_control/msg/detail
-- Installing: /home/henryshum0/SUAS/install/flight_control/include/flight_control/flight_control/msg/detail/user_command__struct.h
-- Installing: /home/henryshum0/SUAS/install/flight_control/include/flight_control/flight_control/msg/detail/user_command__functions.h
-- Installing: /home/henryshum0/SUAS/install/flight_control/include/flight_control/flight_control/msg/detail/user_command__functions.c
-- Installing: /home/henryshum0/SUAS/install/flight_control/include/flight_control/flight_control/msg/detail/user_command__type_support.h
-- Installing: /home/henryshum0/SUAS/install/flight_control/include/flight_control/flight_control/msg/user_command.h
-- Up-to-date: /home/henryshum0/SUAS/install/flight_control/share/flight_control/environment/library_path.sh
-- Installing: /home/henryshum0/SUAS/install/flight_control/share/flight_control/environment/library_path.dsv
-- Installing: /home/henryshum0/SUAS/install/flight_control/lib/libflight_control__rosidl_generator_c.so
-- Set runtime path of "/home/henryshum0/SUAS/install/flight_control/lib/libflight_control__rosidl_generator_c.so" to ""
-- Up-to-date: /home/henryshum0/SUAS/install/flight_control/include/flight_control/flight_control
-- Up-to-date: /home/henryshum0/SUAS/install/flight_control/include/flight_control/flight_control/msg
-- Up-to-date: /home/henryshum0/SUAS/install/flight_control/include/flight_control/flight_control/msg/rosidl_typesupport_fastrtps_c__visibility_control.h
-- Up-to-date: /home/henryshum0/SUAS/install/flight_control/include/flight_control/flight_control/msg/detail
-- Installing: /home/henryshum0/SUAS/install/flight_control/include/flight_control/flight_control/msg/detail/user_command__rosidl_typesupport_fastrtps_c.h
-- Installing: /home/henryshum0/SUAS/install/flight_control/lib/libflight_control__rosidl_typesupport_fastrtps_c.so
-- Set runtime path of "/home/henryshum0/SUAS/install/flight_control/lib/libflight_control__rosidl_typesupport_fastrtps_c.so" to ""
-- Up-to-date: /home/henryshum0/SUAS/install/flight_control/include/flight_control/flight_control
-- Up-to-date: /home/henryshum0/SUAS/install/flight_control/include/flight_control/flight_control/msg
-- Up-to-date: /home/henryshum0/SUAS/install/flight_control/include/flight_control/flight_control/msg/rosidl_generator_cpp__visibility_control.hpp
-- Installing: /home/henryshum0/SUAS/install/flight_control/include/flight_control/flight_control/msg/user_command.hpp
-- Up-to-date: /home/henryshum0/SUAS/install/flight_control/include/flight_control/flight_control/msg/detail
-- Installing: /home/henryshum0/SUAS/install/flight_control/include/flight_control/flight_control/msg/detail/user_command__traits.hpp
-- Installing: /home/henryshum0/SUAS/install/flight_control/include/flight_control/flight_control/msg/detail/user_command__struct.hpp
-- Installing: /home/henryshum0/SUAS/install/flight_control/include/flight_control/flight_control/msg/detail/user_command__type_support.hpp
-- Installing: /home/henryshum0/SUAS/install/flight_control/include/flight_control/flight_control/msg/detail/user_command__builder.hpp
-- Up-to-date: /home/henryshum0/SUAS/install/flight_control/include/flight_control/flight_control
-- Up-to-date: /home/henryshum0/SUAS/install/flight_control/include/flight_control/flight_control/msg
-- Up-to-date: /home/henryshum0/SUAS/install/flight_control/include/flight_control/flight_control/msg/rosidl_typesupport_fastrtps_cpp__visibility_control.h
-- Up-to-date: /home/henryshum0/SUAS/install/flight_control/include/flight_control/flight_control/msg/detail
-- Installing: /home/henryshum0/SUAS/install/flight_control/include/flight_control/flight_control/msg/detail/user_command__rosidl_typesupport_fastrtps_cpp.hpp
-- Up-to-date: /home/henryshum0/SUAS/install/flight_control/include/flight_control/flight_control/msg/detail/dds_fastrtps
-- Installing: /home/henryshum0/SUAS/install/flight_control/lib/libflight_control__rosidl_typesupport_fastrtps_cpp.so
-- Set runtime path of "/home/henryshum0/SUAS/install/flight_control/lib/libflight_control__rosidl_typesupport_fastrtps_cpp.so" to ""
-- Up-to-date: /home/henryshum0/SUAS/install/flight_control/include/flight_control/flight_control
-- Up-to-date: /home/henryshum0/SUAS/install/flight_control/include/flight_control/flight_control/msg
-- Up-to-date: /home/henryshum0/SUAS/install/flight_control/include/flight_control/flight_control/msg/rosidl_typesupport_introspection_c__visibility_control.h
-- Up-to-date: /home/henryshum0/SUAS/install/flight_control/include/flight_control/flight_control/msg/detail
-- Installing: /home/henryshum0/SUAS/install/flight_control/include/flight_control/flight_control/msg/detail/user_command__type_support.c
-- Installing: /home/henryshum0/SUAS/install/flight_control/include/flight_control/flight_control/msg/detail/user_command__rosidl_typesupport_introspection_c.h
-- Installing: /home/henryshum0/SUAS/install/flight_control/lib/libflight_control__rosidl_typesupport_introspection_c.so
-- Set runtime path of "/home/henryshum0/SUAS/install/flight_control/lib/libflight_control__rosidl_typesupport_introspection_c.so" to ""
-- Installing: /home/henryshum0/SUAS/install/flight_control/lib/libflight_control__rosidl_typesupport_c.so
-- Set runtime path of "/home/henryshum0/SUAS/install/flight_control/lib/libflight_control__rosidl_typesupport_c.so" to ""
-- Up-to-date: /home/henryshum0/SUAS/install/flight_control/include/flight_control/flight_control
-- Up-to-date: /home/henryshum0/SUAS/install/flight_control/include/flight_control/flight_control/msg
-- Up-to-date: /home/henryshum0/SUAS/install/flight_control/include/flight_control/flight_control/msg/detail
-- Installing: /home/henryshum0/SUAS/install/flight_control/include/flight_control/flight_control/msg/detail/user_command__rosidl_typesupport_introspection_cpp.hpp
-- Installing: /home/henryshum0/SUAS/install/flight_control/include/flight_control/flight_control/msg/detail/user_command__type_support.cpp
-- Installing: /home/henryshum0/SUAS/install/flight_control/lib/libflight_control__rosidl_typesupport_introspection_cpp.so
-- Set runtime path of "/home/henryshum0/SUAS/install/flight_control/lib/libflight_control__rosidl_typesupport_introspection_cpp.so" to ""
-- Installing: /home/henryshum0/SUAS/install/flight_control/lib/libflight_control__rosidl_typesupport_cpp.so
-- Set runtime path of "/home/henryshum0/SUAS/install/flight_control/lib/libflight_control__rosidl_typesupport_cpp.so" to ""
-- Up-to-date: /home/henryshum0/SUAS/install/flight_control/share/flight_control/environment/pythonpath.sh
-- Installing: /home/henryshum0/SUAS/install/flight_control/share/flight_control/environment/pythonpath.dsv
-- Up-to-date: /home/henryshum0/SUAS/install/flight_control/local/lib/python3.10/dist-packages/flight_control-0.0.0-py3.10.egg-info
-- Installing: /home/henryshum0/SUAS/install/flight_control/local/lib/python3.10/dist-packages/flight_control-0.0.0-py3.10.egg-info/top_level.txt
-- Installing: /home/henryshum0/SUAS/install/flight_control/local/lib/python3.10/dist-packages/flight_control-0.0.0-py3.10.egg-info/SOURCES.txt
-- Installing: /home/henryshum0/SUAS/install/flight_control/local/lib/python3.10/dist-packages/flight_control-0.0.0-py3.10.egg-info/dependency_links.txt
-- Installing: /home/henryshum0/SUAS/install/flight_control/local/lib/python3.10/dist-packages/flight_control-0.0.0-py3.10.egg-info/PKG-INFO
-- Up-to-date: /home/henryshum0/SUAS/install/flight_control/local/lib/python3.10/dist-packages/flight_control
-- Installing: /home/henryshum0/SUAS/install/flight_control/local/lib/python3.10/dist-packages/flight_control/flight_control_s__rosidl_typesupport_introspection_c.cpython-310-x86_64-linux-gnu.so
-- Installing: /home/henryshum0/SUAS/install/flight_control/local/lib/python3.10/dist-packages/flight_control/_flight_control_s.ep.rosidl_typesupport_fastrtps_c.c
-- Up-to-date: /home/henryshum0/SUAS/install/flight_control/local/lib/python3.10/dist-packages/flight_control/msg
-- Installing: /home/henryshum0/SUAS/install/flight_control/local/lib/python3.10/dist-packages/flight_control/msg/__init__.py
-- Installing: /home/henryshum0/SUAS/install/flight_control/local/lib/python3.10/dist-packages/flight_control/msg/_user_command.py
-- Installing: /home/henryshum0/SUAS/install/flight_control/local/lib/python3.10/dist-packages/flight_control/msg/_user_command_s.c
-- Installing: /home/henryshum0/SUAS/install/flight_control/local/lib/python3.10/dist-packages/flight_control/_flight_control_s.ep.rosidl_typesupport_introspection_c.c
-- Installing: /home/henryshum0/SUAS/install/flight_control/local/lib/python3.10/dist-packages/flight_control/libflight_control__rosidl_generator_py.so
-- Installing: /home/henryshum0/SUAS/install/flight_control/local/lib/python3.10/dist-packages/flight_control/__init__.py
-- Installing: /home/henryshum0/SUAS/install/flight_control/local/lib/python3.10/dist-packages/flight_control/_flight_control_s.ep.rosidl_typesupport_c.c
-- Installing: /home/henryshum0/SUAS/install/flight_control/local/lib/python3.10/dist-packages/flight_control/flight_control_s__rosidl_typesupport_c.cpython-310-x86_64-linux-gnu.so
-- Installing: /home/henryshum0/SUAS/install/flight_control/local/lib/python3.10/dist-packages/flight_control/flight_control_s__rosidl_typesupport_fastrtps_c.cpython-310-x86_64-linux-gnu.so
Listing '/home/henryshum0/SUAS/install/flight_control/local/lib/python3.10/dist-packages/flight_control'...
Compiling '/home/henryshum0/SUAS/install/flight_control/local/lib/python3.10/dist-packages/flight_control/__init__.py'...
Listing '/home/henryshum0/SUAS/install/flight_control/local/lib/python3.10/dist-packages/flight_control/msg'...
Compiling '/home/henryshum0/SUAS/install/flight_control/local/lib/python3.10/dist-packages/flight_control/msg/__init__.py'...
Compiling '/home/henryshum0/SUAS/install/flight_control/local/lib/python3.10/dist-packages/flight_control/msg/_user_command.py'...
-- Installing: /home/henryshum0/SUAS/install/flight_control/local/lib/python3.10/dist-packages/flight_control/flight_control_s__rosidl_typesupport_fastrtps_c.cpython-310-x86_64-linux-gnu.so
-- Set runtime path of "/home/henryshum0/SUAS/install/flight_control/local/lib/python3.10/dist-packages/flight_control/flight_control_s__rosidl_typesupport_fastrtps_c.cpython-310-x86_64-linux-gnu.so" to ""
-- Installing: /home/henryshum0/SUAS/install/flight_control/local/lib/python3.10/dist-packages/flight_control/flight_control_s__rosidl_typesupport_introspection_c.cpython-310-x86_64-linux-gnu.so
-- Set runtime path of "/home/henryshum0/SUAS/install/flight_control/local/lib/python3.10/dist-packages/flight_control/flight_control_s__rosidl_typesupport_introspection_c.cpython-310-x86_64-linux-gnu.so" to ""
-- Installing: /home/henryshum0/SUAS/install/flight_control/local/lib/python3.10/dist-packages/flight_control/flight_control_s__rosidl_typesupport_c.cpython-310-x86_64-linux-gnu.so
-- Set runtime path of "/home/henryshum0/SUAS/install/flight_control/local/lib/python3.10/dist-packages/flight_control/flight_control_s__rosidl_typesupport_c.cpython-310-x86_64-linux-gnu.so" to ""
-- Installing: /home/henryshum0/SUAS/install/flight_control/lib/libflight_control__rosidl_generator_py.so
-- Set runtime path of "/home/henryshum0/SUAS/install/flight_control/lib/libflight_control__rosidl_generator_py.so" to ""
-- Installing: /home/henryshum0/SUAS/install/flight_control/share/flight_control/msg/UserCommand.idl
-- Installing: /home/henryshum0/SUAS/install/flight_control/share/flight_control/msg/UserCommand.msg
-- Up-to-date: /home/henryshum0/SUAS/install/flight_control/lib/flight_control/offboard_controller
-- Up-to-date: /home/henryshum0/SUAS/install/flight_control/lib/flight_control/sensor_combined_listener
-- Up-to-date: /home/henryshum0/SUAS/install/flight_control/lib/flight_control/publish_trj_listener
-- Up-to-date: /home/henryshum0/SUAS/install/flight_control/lib/flight_control/vehicle_pos_listener
-- Up-to-date: /home/henryshum0/SUAS/install/flight_control/lib/flight_control/cmd_ack_listener
-- Up-to-date: /home/henryshum0/SUAS/install/flight_control/include/flight_control/include
-- Up-to-date: /home/henryshum0/SUAS/install/flight_control/include/flight_control/include/lib
-- Up-to-date: /home/henryshum0/SUAS/install/flight_control/include/flight_control/include/lib/utils.hpp
-- Up-to-date: /home/henryshum0/SUAS/install/flight_control/include/flight_control/include/vehicle_storage
-- Up-to-date: /home/henryshum0/SUAS/install/flight_control/include/flight_control/include/vehicle_storage/executor_storage.hpp
-- Up-to-date: /home/henryshum0/SUAS/install/flight_control/include/flight_control/include/vehicle_storage/vehicle_state_storage.hpp
-- Up-to-date: /home/henryshum0/SUAS/install/flight_control/include/flight_control/include/flight_control
-- Up-to-date: /home/henryshum0/SUAS/install/flight_control/include/flight_control/include/flight_control/state_subscribers.hpp
-- Up-to-date: /home/henryshum0/SUAS/install/flight_control/include/flight_control/include/flight_control/flight_executor.hpp
-- Up-to-date: /home/henryshum0/SUAS/install/flight_control/include/flight_control/include/flight_control/control_publishers.hpp
-- Up-to-date: /home/henryshum0/SUAS/install/flight_control/lib/libflight_control_lib.so
-- Up-to-date: /home/henryshum0/SUAS/install/flight_control/share/ament_index/resource_index/package_run_dependencies/flight_control
-- Up-to-date: /home/henryshum0/SUAS/install/flight_control/share/ament_index/resource_index/parent_prefix_path/flight_control
-- Up-to-date: /home/henryshum0/SUAS/install/flight_control/share/flight_control/environment/ament_prefix_path.sh
-- Installing: /home/henryshum0/SUAS/install/flight_control/share/flight_control/environment/ament_prefix_path.dsv
-- Up-to-date: /home/henryshum0/SUAS/install/flight_control/share/flight_control/environment/path.sh
-- Installing: /home/henryshum0/SUAS/install/flight_control/share/flight_control/environment/path.dsv
-- Up-to-date: /home/henryshum0/SUAS/install/flight_control/share/flight_control/local_setup.bash
-- Up-to-date: /home/henryshum0/SUAS/install/flight_control/share/flight_control/local_setup.sh
-- Up-to-date: /home/henryshum0/SUAS/install/flight_control/share/flight_control/local_setup.zsh
-- Installing: /home/henryshum0/SUAS/install/flight_control/share/flight_control/local_setup.dsv
-- Installing: /home/henryshum0/SUAS/install/flight_control/share/flight_control/package.dsv
-- Up-to-date: /home/henryshum0/SUAS/install/flight_control/share/ament_index/resource_index/packages/flight_control
-- Up-to-date: /home/henryshum0/SUAS/install/flight_control/share/flight_control/cmake/export_flight_control__rosidl_generator_cExport.cmake
-- Up-to-date: /home/henryshum0/SUAS/install/flight_control/share/flight_control/cmake/export_flight_control__rosidl_generator_cExport-noconfig.cmake
-- Up-to-date: /home/henryshum0/SUAS/install/flight_control/share/flight_control/cmake/export_flight_control__rosidl_typesupport_fastrtps_cExport.cmake
-- Up-to-date: /home/henryshum0/SUAS/install/flight_control/share/flight_control/cmake/export_flight_control__rosidl_typesupport_fastrtps_cExport-noconfig.cmake
-- Up-to-date: /home/henryshum0/SUAS/install/flight_control/share/flight_control/cmake/export_flight_control__rosidl_generator_cppExport.cmake
-- Up-to-date: /home/henryshum0/SUAS/install/flight_control/share/flight_control/cmake/export_flight_control__rosidl_typesupport_fastrtps_cppExport.cmake
-- Up-to-date: /home/henryshum0/SUAS/install/flight_control/share/flight_control/cmake/export_flight_control__rosidl_typesupport_fastrtps_cppExport-noconfig.cmake
-- Up-to-date: /home/henryshum0/SUAS/install/flight_control/share/flight_control/cmake/flight_control__rosidl_typesupport_introspection_cExport.cmake
-- Up-to-date: /home/henryshum0/SUAS/install/flight_control/share/flight_control/cmake/flight_control__rosidl_typesupport_introspection_cExport-noconfig.cmake
-- Up-to-date: /home/henryshum0/SUAS/install/flight_control/share/flight_control/cmake/flight_control__rosidl_typesupport_cExport.cmake
-- Up-to-date: /home/henryshum0/SUAS/install/flight_control/share/flight_control/cmake/flight_control__rosidl_typesupport_cExport-noconfig.cmake
-- Up-to-date: /home/henryshum0/SUAS/install/flight_control/share/flight_control/cmake/flight_control__rosidl_typesupport_introspection_cppExport.cmake
-- Up-to-date: /home/henryshum0/SUAS/install/flight_control/share/flight_control/cmake/flight_control__rosidl_typesupport_introspection_cppExport-noconfig.cmake
-- Up-to-date: /home/henryshum0/SUAS/install/flight_control/share/flight_control/cmake/flight_control__rosidl_typesupport_cppExport.cmake
-- Up-to-date: /home/henryshum0/SUAS/install/flight_control/share/flight_control/cmake/flight_control__rosidl_typesupport_cppExport-noconfig.cmake
-- Up-to-date: /home/henryshum0/SUAS/install/flight_control/share/flight_control/cmake/export_flight_control__rosidl_generator_pyExport.cmake
-- Up-to-date: /home/henryshum0/SUAS/install/flight_control/share/flight_control/cmake/export_flight_control__rosidl_generator_pyExport-noconfig.cmake
-- Up-to-date: /home/henryshum0/SUAS/install/flight_control/share/flight_control/cmake/rosidl_cmake-extras.cmake
-- Up-to-date: /home/henryshum0/SUAS/install/flight_control/share/flight_control/cmake/ament_cmake_export_include_directories-extras.cmake
-- Up-to-date: /home/henryshum0/SUAS/install/flight_control/share/flight_control/cmake/ament_cmake_export_libraries-extras.cmake
-- Up-to-date: /home/henryshum0/SUAS/install/flight_control/share/flight_control/cmake/ament_cmake_export_targets-extras.cmake
-- Up-to-date: /home/henryshum0/SUAS/install/flight_control/share/flight_control/cmake/rosidl_cmake_export_typesupport_targets-extras.cmake
-- Up-to-date: /home/henryshum0/SUAS/install/flight_control/share/flight_control/cmake/ament_cmake_export_dependencies-extras.cmake
-- Up-to-date: /home/henryshum0/SUAS/install/flight_control/share/flight_control/cmake/rosidl_cmake_export_typesupport_libraries-extras.cmake
-- Up-to-date: /home/henryshum0/SUAS/install/flight_control/share/flight_control/cmake/flight_controlConfig.cmake
-- Up-to-date: /home/henryshum0/SUAS/install/flight_control/share/flight_control/cmake/flight_controlConfig-version.cmake
-- Up-to-date: /home/henryshum0/SUAS/install/flight_control/share/flight_control/package.xml
-- Up-to-date: /home/henryshum0/SUAS/install/flight_control/include/matplot/detail/exports.h
