[35m[1mConsolidate compiler generated dependencies of target flight_control_lib[0m
[ 15%] Built target sensor_combined_listener
[ 30%] Built target publish_trj_listener
[ 38%] [32mBuilding CXX object CMakeFiles/flight_control_lib.dir/src/flight_control/flight_executor.cpp.o[0m
[01m[K/home/henryshum0/SUAS/src/flight_control/src/flight_control/flight_executor.cpp:[m[K In member function ‘[01m[Kvoid FlightExecutor::calculate_desired_trj()[m[K’:
[01m[K/home/henryshum0/SUAS/src/flight_control/src/flight_control/flight_executor.cpp:62:14:[m[K [01;35m[Kwarning: [m[Kvariable ‘[01m[Kdesired_pos_last[m[K’ set but not used [[01;35m[K]8;;https://gcc.gnu.org/onlinedocs/gcc/Warning-Options.html#index-Wunused-but-set-variable-Wunused-but-set-variable]8;;[m[K]
   62 |     Vector3f [01;35m[Kdesired_pos_last[m[K = this->executor_command_storage->get_desired_pos_last();
      |              [01;35m[K^~~~~~~~~~~~~~~~[m[K
[01m[K/home/henryshum0/SUAS/src/flight_control/src/flight_control/flight_executor.cpp:63:11:[m[K [01;35m[Kwarning: [m[Kunused variable ‘[01m[Kdesired_yaw_last[m[K’ [[01;35m[K]8;;https://gcc.gnu.org/onlinedocs/gcc/Warning-Options.html#index-Wunused-variable-Wunused-variable]8;;[m[K]
   63 |     float [01;35m[Kdesired_yaw_last[m[K = this->executor_command_storage->get_desired_yaw_last();
      |           [01;35m[K^~~~~~~~~~~~~~~~[m[K
[ 46%] [32m[1mLinking CXX shared library libflight_control_lib.so[0m
[ 84%] Built target flight_control_lib
[ 92%] [32mBuilding CXX object CMakeFiles/offboard_controller.dir/src/main.cpp.o[0m
In file included from [01m[K/usr/include/x86_64-linux-gnu/c++/11/bits/c++allocator.h:33[m[K,
                 from [01m[K/usr/include/c++/11/bits/allocator.h:46[m[K,
                 from [01m[K/usr/include/c++/11/memory:64[m[K,
                 from [01m[K/opt/ros/humble/include/rclcpp/rclcpp/rclcpp.hpp:153[m[K,
                 from [01m[K/home/henryshum0/SUAS/src/flight_control/include/flight_control/control_publishers.hpp:4[m[K,
                 from [01m[K/home/henryshum0/SUAS/src/flight_control/src/main.cpp:1[m[K:
/usr/include/c++/11/ext/new_allocator.h: In instantiation of ‘[01m[Kvoid __gnu_cxx::new_allocator<_Tp>::construct(_Up*, _Args&& ...) [with _Up = ControlPublisher; _Args = {std::shared_ptr<VehicleStateStorage>&, std::shared_ptr<ExecutorCommandStorage>&}; _Tp = ControlPublisher][m[K’:
[01m[K/usr/include/c++/11/bits/alloc_traits.h:516:17:[m[K   required from ‘[01m[Kstatic void std::allocator_traits<std::allocator<_Tp1> >::construct(std::allocator_traits<std::allocator<_Tp1> >::allocator_type&, _Up*, _Args&& ...) [with _Up = ControlPublisher; _Args = {std::shared_ptr<VehicleStateStorage>&, std::shared_ptr<ExecutorCommandStorage>&}; _Tp = ControlPublisher; std::allocator_traits<std::allocator<_Tp1> >::allocator_type = std::allocator<ControlPublisher>][m[K’
[01m[K/usr/include/c++/11/bits/shared_ptr_base.h:519:39:[m[K   required from ‘[01m[Kstd::_Sp_counted_ptr_inplace<_Tp, _Alloc, _Lp>::_Sp_counted_ptr_inplace(_Alloc, _Args&& ...) [with _Args = {std::shared_ptr<VehicleStateStorage>&, std::shared_ptr<ExecutorCommandStorage>&}; _Tp = ControlPublisher; _Alloc = std::allocator<ControlPublisher>; __gnu_cxx::_Lock_policy _Lp = __gnu_cxx::_S_atomic][m[K’
[01m[K/usr/include/c++/11/bits/shared_ptr_base.h:650:16:[m[K   required from ‘[01m[Kstd::__shared_count<_Lp>::__shared_count(_Tp*&, std::_Sp_alloc_shared_tag<_Alloc>, _Args&& ...) [with _Tp = ControlPublisher; _Alloc = std::allocator<ControlPublisher>; _Args = {std::shared_ptr<VehicleStateStorage>&, std::shared_ptr<ExecutorCommandStorage>&}; __gnu_cxx::_Lock_policy _Lp = __gnu_cxx::_S_atomic][m[K’
[01m[K/usr/include/c++/11/bits/shared_ptr_base.h:1342:14:[m[K   required from ‘[01m[Kstd::__shared_ptr<_Tp, _Lp>::__shared_ptr(std::_Sp_alloc_shared_tag<_Tp>, _Args&& ...) [with _Alloc = std::allocator<ControlPublisher>; _Args = {std::shared_ptr<VehicleStateStorage>&, std::shared_ptr<ExecutorCommandStorage>&}; _Tp = ControlPublisher; __gnu_cxx::_Lock_policy _Lp = __gnu_cxx::_S_atomic][m[K’
[01m[K/usr/include/c++/11/bits/shared_ptr.h:409:59:[m[K   required from ‘[01m[Kstd::shared_ptr<_Tp>::shared_ptr(std::_Sp_alloc_shared_tag<_Tp>, _Args&& ...) [with _Alloc = std::allocator<ControlPublisher>; _Args = {std::shared_ptr<VehicleStateStorage>&, std::shared_ptr<ExecutorCommandStorage>&}; _Tp = ControlPublisher][m[K’
[01m[K/usr/include/c++/11/bits/shared_ptr.h:862:14:[m[K   required from ‘[01m[Kstd::shared_ptr<_Tp> std::allocate_shared(const _Alloc&, _Args&& ...) [with _Tp = ControlPublisher; _Alloc = std::allocator<ControlPublisher>; _Args = {std::shared_ptr<VehicleStateStorage>&, std::shared_ptr<ExecutorCommandStorage>&}][m[K’
[01m[K/usr/include/c++/11/bits/shared_ptr.h:878:39:[m[K   required from ‘[01m[Kstd::shared_ptr<_Tp> std::make_shared(_Args&& ...) [with _Tp = ControlPublisher; _Args = {std::shared_ptr<VehicleStateStorage>&, std::shared_ptr<ExecutorCommandStorage>&}][m[K’
[01m[K/home/henryshum0/SUAS/src/flight_control/src/main.cpp:19:65:[m[K   required from here
[01m[K/usr/include/c++/11/ext/new_allocator.h:162:11:[m[K [01;31m[Kerror: [m[Kno matching function for call to ‘[01m[KControlPublisher::ControlPublisher(std::shared_ptr<VehicleStateStorage>&, std::shared_ptr<ExecutorCommandStorage>&)[m[K’
  162 |         { [01;31m[K::new((void *)__p) _Up(std::forward<_Args>(__args)...)[m[K; }
      |           [01;31m[K^~~~~~~~~~~~~~~~~~~~~~~~~~~~~~~~~~~~~~~~~~~~~~~~~~~~~~[m[K
In file included from [01m[K/home/henryshum0/SUAS/src/flight_control/src/main.cpp:1[m[K:
[01m[K/home/henryshum0/SUAS/src/flight_control/include/flight_control/control_publishers.hpp:23:5:[m[K [01;36m[Knote: [m[Kcandidate: ‘[01m[KControlPublisher::ControlPublisher(std::shared_ptr<ExecutorCommandStorage>)[m[K’
   23 |     [01;36m[KControlPublisher[m[K(const std::shared_ptr<ExecutorCommandStorage> executor_command_storage);
      |     [01;36m[K^~~~~~~~~~~~~~~~[m[K
[01m[K/home/henryshum0/SUAS/src/flight_control/include/flight_control/control_publishers.hpp:23:5:[m[K [01;36m[Knote: [m[K  candidate expects 1 argument, 2 provided
In file included from [01m[K/usr/include/x86_64-linux-gnu/c++/11/bits/c++allocator.h:33[m[K,
                 from [01m[K/usr/include/c++/11/bits/allocator.h:46[m[K,
                 from [01m[K/usr/include/c++/11/memory:64[m[K,
                 from [01m[K/opt/ros/humble/include/rclcpp/rclcpp/rclcpp.hpp:153[m[K,
                 from [01m[K/home/henryshum0/SUAS/src/flight_control/include/flight_control/control_publishers.hpp:4[m[K,
                 from [01m[K/home/henryshum0/SUAS/src/flight_control/src/main.cpp:1[m[K:
/usr/include/c++/11/ext/new_allocator.h: In instantiation of ‘[01m[Kvoid __gnu_cxx::new_allocator<_Tp>::construct(_Up*, _Args&& ...) [with _Up = FlightExecutor; _Args = {std::shared_ptr<ExecutorCommandStorage>&}; _Tp = FlightExecutor][m[K’:
[01m[K/usr/include/c++/11/bits/alloc_traits.h:516:17:[m[K   required from ‘[01m[Kstatic void std::allocator_traits<std::allocator<_Tp1> >::construct(std::allocator_traits<std::allocator<_Tp1> >::allocator_type&, _Up*, _Args&& ...) [with _Up = FlightExecutor; _Args = {std::shared_ptr<ExecutorCommandStorage>&}; _Tp = FlightExecutor; std::allocator_traits<std::allocator<_Tp1> >::allocator_type = std::allocator<FlightExecutor>][m[K’
[01m[K/usr/include/c++/11/bits/shared_ptr_base.h:519:39:[m[K   required from ‘[01m[Kstd::_Sp_counted_ptr_inplace<_Tp, _Alloc, _Lp>::_Sp_counted_ptr_inplace(_Alloc, _Args&& ...) [with _Args = {std::shared_ptr<ExecutorCommandStorage>&}; _Tp = FlightExecutor; _Alloc = std::allocator<FlightExecutor>; __gnu_cxx::_Lock_policy _Lp = __gnu_cxx::_S_atomic][m[K’
[01m[K/usr/include/c++/11/bits/shared_ptr_base.h:650:16:[m[K   required from ‘[01m[Kstd::__shared_count<_Lp>::__shared_count(_Tp*&, std::_Sp_alloc_shared_tag<_Alloc>, _Args&& ...) [with _Tp = FlightExecutor; _Alloc = std::allocator<FlightExecutor>; _Args = {std::shared_ptr<ExecutorCommandStorage>&}; __gnu_cxx::_Lock_policy _Lp = __gnu_cxx::_S_atomic][m[K’
[01m[K/usr/include/c++/11/bits/shared_ptr_base.h:1342:14:[m[K   required from ‘[01m[Kstd::__shared_ptr<_Tp, _Lp>::__shared_ptr(std::_Sp_alloc_shared_tag<_Tp>, _Args&& ...) [with _Alloc = std::allocator<FlightExecutor>; _Args = {std::shared_ptr<ExecutorCommandStorage>&}; _Tp = FlightExecutor; __gnu_cxx::_Lock_policy _Lp = __gnu_cxx::_S_atomic][m[K’
[01m[K/usr/include/c++/11/bits/shared_ptr.h:409:59:[m[K   required from ‘[01m[Kstd::shared_ptr<_Tp>::shared_ptr(std::_Sp_alloc_shared_tag<_Tp>, _Args&& ...) [with _Alloc = std::allocator<FlightExecutor>; _Args = {std::shared_ptr<ExecutorCommandStorage>&}; _Tp = FlightExecutor][m[K’
[01m[K/usr/include/c++/11/bits/shared_ptr.h:862:14:[m[K   required from ‘[01m[Kstd::shared_ptr<_Tp> std::allocate_shared(const _Alloc&, _Args&& ...) [with _Tp = FlightExecutor; _Alloc = std::allocator<FlightExecutor>; _Args = {std::shared_ptr<ExecutorCommandStorage>&}][m[K’
[01m[K/usr/include/c++/11/bits/shared_ptr.h:878:39:[m[K   required from ‘[01m[Kstd::shared_ptr<_Tp> std::make_shared(_Args&& ...) [with _Tp = FlightExecutor; _Args = {std::shared_ptr<ExecutorCommandStorage>&}][m[K’
[01m[K/home/henryshum0/SUAS/src/flight_control/src/main.cpp:20:60:[m[K   required from here
[01m[K/usr/include/c++/11/ext/new_allocator.h:162:11:[m[K [01;31m[Kerror: [m[Kno matching function for call to ‘[01m[KFlightExecutor::FlightExecutor(std::shared_ptr<ExecutorCommandStorage>&)[m[K’
  162 |         { [01;31m[K::new((void *)__p) _Up(std::forward<_Args>(__args)...)[m[K; }
      |           [01;31m[K^~~~~~~~~~~~~~~~~~~~~~~~~~~~~~~~~~~~~~~~~~~~~~~~~~~~~~[m[K
In file included from [01m[K/home/henryshum0/SUAS/src/flight_control/src/main.cpp:3[m[K:
[01m[K/home/henryshum0/SUAS/src/flight_control/include/flight_control/flight_executor.hpp:34:5:[m[K [01;36m[Knote: [m[Kcandidate: ‘[01m[KFlightExecutor::FlightExecutor(std::shared_ptr<VehicleStateStorage>, std::shared_ptr<ExecutorCommandStorage>)[m[K’
   34 |     [01;36m[KFlightExecutor[m[K(const std::shared_ptr<VehicleStateStorage> vehicle_state_storage, const std::shared_ptr<ExecutorCommandStorage> executor_command_storage);
      |     [01;36m[K^~~~~~~~~~~~~~[m[K
[01m[K/home/henryshum0/SUAS/src/flight_control/include/flight_control/flight_executor.hpp:34:5:[m[K [01;36m[Knote: [m[K  candidate expects 2 arguments, 1 provided
gmake[2]: *** [CMakeFiles/offboard_controller.dir/build.make:76: CMakeFiles/offboard_controller.dir/src/main.cpp.o] Error 1
gmake[1]: *** [CMakeFiles/Makefile2:169: CMakeFiles/offboard_controller.dir/all] Error 2
gmake: *** [Makefile:146: all] Error 2
