-- Found ament_cmake: 1.3.11 (/opt/ros/humble/share/ament_cmake/cmake)
-- Found rclcpp: 16.0.11 (/opt/ros/humble/share/rclcpp/cmake)
-- Found rosidl_generator_c: 3.1.6 (/opt/ros/humble/share/rosidl_generator_c/cmake)
-- Found rosidl_adapter: 3.1.6 (/opt/ros/humble/share/rosidl_adapter/cmake)
-- Found rosidl_generator_cpp: 3.1.6 (/opt/ros/humble/share/rosidl_generator_cpp/cmake)
-- Using all available rosidl_typesupport_c: rosidl_typesupport_fastrtps_c;rosidl_typesupport_introspection_c
-- Using all available rosidl_typesupport_cpp: rosidl_typesupport_fastrtps_cpp;rosidl_typesupport_introspection_cpp
-- Found rmw_implementation_cmake: 6.1.2 (/opt/ros/humble/share/rmw_implementation_cmake/cmake)
-- Found rmw_fastrtps_cpp: 6.2.7 (/opt/ros/humble/share/rmw_fastrtps_cpp/cmake)
-- Using RMW implementation 'rmw_fastrtps_cpp' as default
-- Found px4_msgs: 2.0.1 (/home/henryshum0/SUAS/install/px4_msgs/share/px4_msgs/cmake)
-- Found px4_ros_com: 0.1.0 (/home/henryshum0/SUAS/install/px4_ros_com/share/px4_ros_com/cmake)
-- Found ament_lint_auto: 0.12.11 (/opt/ros/humble/share/ament_lint_auto/cmake)
-- Added test 'cppcheck' to perform static code analysis on C / C++ code
-- Configured cppcheck include dirs: /home/henryshum0/SUAS/src/flight_control/include;$<BUILD_INTERFACE:/home/henryshum0/SUAS/src/flight_control/include>
-- Configured cppcheck exclude dirs and/or files: 
-- Added test 'lint_cmake' to check CMake code style
-- Added test 'uncrustify' to check C / C++ code style
-- Configured uncrustify additional arguments: 
-- Added test 'xmllint' to check XML markup files
-- Configuring done
-- Generating done
-- Build files have been written to: /home/henryshum0/SUAS/build/flight_control
[35m[1mConsolidate compiler generated dependencies of target flight_control_lib[0m
[ 14%] [32mBuilding CXX object CMakeFiles/flight_control_lib.dir/src/flight_mode/flight_mode.cpp.o[0m
[ 28%] [32mBuilding CXX object CMakeFiles/flight_control_lib.dir/src/flight_control/offboard_controller.cpp.o[0m
[ 42%] [32mBuilding CXX object CMakeFiles/flight_control_lib.dir/src/flight_control/mode_executor.cpp.o[0m
[ 57%] [32mBuilding CXX object CMakeFiles/flight_control_lib.dir/src/lib/frame_conversion.cpp.o[0m
[ 71%] [32m[1mLinking CXX shared library libflight_control_lib.so[0m
[ 71%] Built target flight_control_lib
[35m[1mConsolidate compiler generated dependencies of target offboard_controller[0m
[ 85%] [32mBuilding CXX object CMakeFiles/offboard_controller.dir/src/main.cpp.o[0m
[01m[K/home/henryshum0/SUAS/src/flight_control/src/main.cpp:[m[K In function ‘[01m[Kint main(int, char**)[m[K’:
[01m[K/home/henryshum0/SUAS/src/flight_control/src/main.cpp:14:111:[m[K [01;35m[Kwarning: [m[K‘[01m[Kthis[m[K’ pointer is null [[01;35m[K]8;;https://gcc.gnu.org/onlinedocs/gcc/Warning-Options.html#index-Wnonnull-Wnonnull]8;;[m[K]
   14 |     auto mode_executor = std::make_unique<flight_control::ModeExecutor>([01;35m[Koffboard_controller_node->get_this_ptr()[m[K);
      |                                                                         [01;35m[K~~~~~~~~~~~~~~~~~~~~~~~~~~~~~~~~~~~~~~^~[m[K
In file included from [01m[K/home/henryshum0/SUAS/src/flight_control/include/flight_control/mode_executor.hpp:4[m[K,
                 from [01m[K/home/henryshum0/SUAS/src/flight_control/src/main.cpp:1[m[K:
[01m[K/home/henryshum0/SUAS/src/flight_control/include/flight_control/offboard_controller.hpp:54:45:[m[K [01;36m[Knote: [m[Kin a call to non-static member function ‘[01m[Kstd::shared_ptr<flight_control::OffboardController> flight_control::OffboardController::get_this_ptr()[m[K’
   54 |         std::shared_ptr<OffboardController> [01;36m[Kget_this_ptr[m[K();
      |                                             [01;36m[K^~~~~~~~~~~~[m[K
[100%] [32m[1mLinking CXX executable offboard_controller[0m
[100%] Built target offboard_controller
-- Install configuration: "RelWithDebInfo"
-- Installing: /home/henryshum0/SUAS/install/flight_control/lib/flight_control/offboard_controller
-- Set runtime path of "/home/henryshum0/SUAS/install/flight_control/lib/flight_control/offboard_controller" to ""
-- Up-to-date: /home/henryshum0/SUAS/install/flight_control/include/flight_control/include
-- Up-to-date: /home/henryshum0/SUAS/install/flight_control/include/flight_control/include/flight_mode
-- Up-to-date: /home/henryshum0/SUAS/install/flight_control/include/flight_control/include/flight_mode/flight_mode.hpp
-- Up-to-date: /home/henryshum0/SUAS/install/flight_control/include/flight_control/include/flight_mode/flight_mode_enums.hpp
-- Up-to-date: /home/henryshum0/SUAS/install/flight_control/include/flight_control/include/flight_control
-- Up-to-date: /home/henryshum0/SUAS/install/flight_control/include/flight_control/include/flight_control/mode_executor.hpp
-- Up-to-date: /home/henryshum0/SUAS/install/flight_control/include/flight_control/include/flight_control/offboard_controller.hpp
-- Up-to-date: /home/henryshum0/SUAS/install/flight_control/include/flight_control/include/flight_control/utils.hpp
-- Installing: /home/henryshum0/SUAS/install/flight_control/lib/libflight_control_lib.so
-- Set runtime path of "/home/henryshum0/SUAS/install/flight_control/lib/libflight_control_lib.so" to ""
-- Up-to-date: /home/henryshum0/SUAS/install/flight_control/share/ament_index/resource_index/package_run_dependencies/flight_control
-- Up-to-date: /home/henryshum0/SUAS/install/flight_control/share/ament_index/resource_index/parent_prefix_path/flight_control
-- Up-to-date: /home/henryshum0/SUAS/install/flight_control/share/flight_control/environment/ament_prefix_path.sh
-- Installing: /home/henryshum0/SUAS/install/flight_control/share/flight_control/environment/ament_prefix_path.dsv
-- Up-to-date: /home/henryshum0/SUAS/install/flight_control/share/flight_control/environment/path.sh
-- Installing: /home/henryshum0/SUAS/install/flight_control/share/flight_control/environment/path.dsv
-- Up-to-date: /home/henryshum0/SUAS/install/flight_control/share/flight_control/local_setup.bash
-- Up-to-date: /home/henryshum0/SUAS/install/flight_control/share/flight_control/local_setup.sh
-- Up-to-date: /home/henryshum0/SUAS/install/flight_control/share/flight_control/local_setup.zsh
-- Installing: /home/henryshum0/SUAS/install/flight_control/share/flight_control/local_setup.dsv
-- Installing: /home/henryshum0/SUAS/install/flight_control/share/flight_control/package.dsv
-- Up-to-date: /home/henryshum0/SUAS/install/flight_control/share/ament_index/resource_index/packages/flight_control
-- Up-to-date: /home/henryshum0/SUAS/install/flight_control/share/flight_control/cmake/flight_controlConfig.cmake
-- Up-to-date: /home/henryshum0/SUAS/install/flight_control/share/flight_control/cmake/flight_controlConfig-version.cmake
-- Up-to-date: /home/henryshum0/SUAS/install/flight_control/share/flight_control/package.xml
