[0.164s] DEBUG:colcon:Command line arguments: ['/usr/bin/colcon', 'build']
[0.165s] DEBUG:colcon:Parsed command line arguments: Namespace(log_base=None, log_level=None, verb_name='build', build_base='build', install_base='install', merge_install=False, symlink_install=False, test_result_base=None, continue_on_error=False, executor='parallel', parallel_workers=16, event_handlers=None, ignore_user_meta=False, metas=['./colcon.meta'], base_paths=['.'], packages_ignore=None, packages_ignore_regex=None, paths=None, packages_up_to=None, packages_up_to_regex=None, packages_above=None, packages_above_and_dependencies=None, packages_above_depth=None, packages_select_by_dep=None, packages_skip_by_dep=None, packages_skip_up_to=None, packages_select_build_failed=False, packages_skip_build_finished=False, packages_select_test_failures=False, packages_skip_test_passed=False, packages_select=None, packages_skip=None, packages_select_regex=None, packages_skip_regex=None, packages_start=None, packages_end=None, allow_overriding=[], cmake_args=None, cmake_target=None, cmake_target_skip_unavailable=False, cmake_clean_cache=False, cmake_clean_first=False, cmake_force_configure=False, ament_cmake_args=None, catkin_cmake_args=None, catkin_skip_building_tests=False, mixin_files=None, mixin=None, verb_parser=<colcon_mixin.mixin.mixin_argument.MixinArgumentDecorator object at 0x7f3e13a95cc0>, verb_extension=<colcon_core.verb.build.BuildVerb object at 0x7f3e13b96c50>, main=<bound method BuildVerb.main of <colcon_core.verb.build.BuildVerb object at 0x7f3e13b96c50>>, mixin_verb=('build',))
[0.379s] Level 1:colcon.colcon_core.package_discovery:discover_packages(colcon_meta) check parameters
[0.379s] Level 1:colcon.colcon_core.package_discovery:discover_packages(recursive) check parameters
[0.380s] Level 1:colcon.colcon_core.package_discovery:discover_packages(ignore) check parameters
[0.380s] Level 1:colcon.colcon_core.package_discovery:discover_packages(path) check parameters
[0.380s] Level 1:colcon.colcon_core.package_discovery:discover_packages(colcon_meta) discover
[0.380s] Level 1:colcon.colcon_core.package_discovery:discover_packages(recursive) discover
[0.380s] INFO:colcon.colcon_core.package_discovery:Crawling recursively for packages in '/home/henryshum0/SUAS'
[0.380s] Level 1:colcon.colcon_core.package_identification:_identify(.) by extensions ['ignore', 'ignore_ament_install']
[0.380s] Level 1:colcon.colcon_core.package_identification:_identify(.) by extension 'ignore'
[0.380s] Level 1:colcon.colcon_core.package_identification:_identify(.) by extension 'ignore_ament_install'
[0.380s] Level 1:colcon.colcon_core.package_identification:_identify(.) by extensions ['colcon_pkg']
[0.380s] Level 1:colcon.colcon_core.package_identification:_identify(.) by extension 'colcon_pkg'
[0.380s] Level 1:colcon.colcon_core.package_identification:_identify(.) by extensions ['colcon_meta']
[0.380s] Level 1:colcon.colcon_core.package_identification:_identify(.) by extension 'colcon_meta'
[0.380s] Level 1:colcon.colcon_core.package_identification:_identify(.) by extensions ['ros']
[0.380s] Level 1:colcon.colcon_core.package_identification:_identify(.) by extension 'ros'
[0.390s] Level 1:colcon.colcon_core.package_identification:_identify(.) by extensions ['cmake', 'python']
[0.390s] Level 1:colcon.colcon_core.package_identification:_identify(.) by extension 'cmake'
[0.390s] Level 1:colcon.colcon_core.package_identification:_identify(.) by extension 'python'
[0.390s] Level 1:colcon.colcon_core.package_identification:_identify(.) by extensions ['python_setup_py']
[0.390s] Level 1:colcon.colcon_core.package_identification:_identify(.) by extension 'python_setup_py'
[0.390s] Level 1:colcon.colcon_core.package_identification:_identify(build) by extensions ['ignore', 'ignore_ament_install']
[0.390s] Level 1:colcon.colcon_core.package_identification:_identify(build) by extension 'ignore'
[0.390s] Level 1:colcon.colcon_core.package_identification:_identify(build) ignored
[0.390s] Level 1:colcon.colcon_core.package_identification:_identify(install) by extensions ['ignore', 'ignore_ament_install']
[0.391s] Level 1:colcon.colcon_core.package_identification:_identify(install) by extension 'ignore'
[0.391s] Level 1:colcon.colcon_core.package_identification:_identify(install) ignored
[0.391s] Level 1:colcon.colcon_core.package_identification:_identify(log) by extensions ['ignore', 'ignore_ament_install']
[0.391s] Level 1:colcon.colcon_core.package_identification:_identify(log) by extension 'ignore'
[0.391s] Level 1:colcon.colcon_core.package_identification:_identify(log) ignored
[0.391s] Level 1:colcon.colcon_core.package_identification:_identify(src) by extensions ['ignore', 'ignore_ament_install']
[0.391s] Level 1:colcon.colcon_core.package_identification:_identify(src) by extension 'ignore'
[0.391s] Level 1:colcon.colcon_core.package_identification:_identify(src) by extension 'ignore_ament_install'
[0.391s] Level 1:colcon.colcon_core.package_identification:_identify(src) by extensions ['colcon_pkg']
[0.391s] Level 1:colcon.colcon_core.package_identification:_identify(src) by extension 'colcon_pkg'
[0.391s] Level 1:colcon.colcon_core.package_identification:_identify(src) by extensions ['colcon_meta']
[0.391s] Level 1:colcon.colcon_core.package_identification:_identify(src) by extension 'colcon_meta'
[0.391s] Level 1:colcon.colcon_core.package_identification:_identify(src) by extensions ['ros']
[0.391s] Level 1:colcon.colcon_core.package_identification:_identify(src) by extension 'ros'
[0.391s] Level 1:colcon.colcon_core.package_identification:_identify(src) by extensions ['cmake', 'python']
[0.391s] Level 1:colcon.colcon_core.package_identification:_identify(src) by extension 'cmake'
[0.391s] Level 1:colcon.colcon_core.package_identification:_identify(src) by extension 'python'
[0.391s] Level 1:colcon.colcon_core.package_identification:_identify(src) by extensions ['python_setup_py']
[0.391s] Level 1:colcon.colcon_core.package_identification:_identify(src) by extension 'python_setup_py'
[0.391s] Level 1:colcon.colcon_core.package_identification:_identify(src/flight_control) by extensions ['ignore', 'ignore_ament_install']
[0.391s] Level 1:colcon.colcon_core.package_identification:_identify(src/flight_control) by extension 'ignore'
[0.391s] Level 1:colcon.colcon_core.package_identification:_identify(src/flight_control) by extension 'ignore_ament_install'
[0.391s] Level 1:colcon.colcon_core.package_identification:_identify(src/flight_control) by extensions ['colcon_pkg']
[0.391s] Level 1:colcon.colcon_core.package_identification:_identify(src/flight_control) by extension 'colcon_pkg'
[0.391s] Level 1:colcon.colcon_core.package_identification:_identify(src/flight_control) by extensions ['colcon_meta']
[0.391s] Level 1:colcon.colcon_core.package_identification:_identify(src/flight_control) by extension 'colcon_meta'
[0.391s] Level 1:colcon.colcon_core.package_identification:_identify(src/flight_control) by extensions ['ros']
[0.391s] Level 1:colcon.colcon_core.package_identification:_identify(src/flight_control) by extension 'ros'
[0.394s] DEBUG:colcon.colcon_core.package_identification:Package 'src/flight_control' with type 'ros.ament_cmake' and name 'flight_control'
[0.395s] Level 1:colcon.colcon_core.package_identification:_identify(src/px4_msgs) by extensions ['ignore', 'ignore_ament_install']
[0.395s] Level 1:colcon.colcon_core.package_identification:_identify(src/px4_msgs) by extension 'ignore'
[0.395s] Level 1:colcon.colcon_core.package_identification:_identify(src/px4_msgs) by extension 'ignore_ament_install'
[0.395s] Level 1:colcon.colcon_core.package_identification:_identify(src/px4_msgs) by extensions ['colcon_pkg']
[0.395s] Level 1:colcon.colcon_core.package_identification:_identify(src/px4_msgs) by extension 'colcon_pkg'
[0.395s] Level 1:colcon.colcon_core.package_identification:_identify(src/px4_msgs) by extensions ['colcon_meta']
[0.395s] Level 1:colcon.colcon_core.package_identification:_identify(src/px4_msgs) by extension 'colcon_meta'
[0.395s] Level 1:colcon.colcon_core.package_identification:_identify(src/px4_msgs) by extensions ['ros']
[0.395s] Level 1:colcon.colcon_core.package_identification:_identify(src/px4_msgs) by extension 'ros'
[0.395s] DEBUG:colcon.colcon_core.package_identification:Package 'src/px4_msgs' with type 'ros.ament_cmake' and name 'px4_msgs'
[0.396s] Level 1:colcon.colcon_core.package_identification:_identify(src/px4_ros_com) by extensions ['ignore', 'ignore_ament_install']
[0.396s] Level 1:colcon.colcon_core.package_identification:_identify(src/px4_ros_com) by extension 'ignore'
[0.396s] Level 1:colcon.colcon_core.package_identification:_identify(src/px4_ros_com) by extension 'ignore_ament_install'
[0.396s] Level 1:colcon.colcon_core.package_identification:_identify(src/px4_ros_com) by extensions ['colcon_pkg']
[0.396s] Level 1:colcon.colcon_core.package_identification:_identify(src/px4_ros_com) by extension 'colcon_pkg'
[0.396s] Level 1:colcon.colcon_core.package_identification:_identify(src/px4_ros_com) by extensions ['colcon_meta']
[0.396s] Level 1:colcon.colcon_core.package_identification:_identify(src/px4_ros_com) by extension 'colcon_meta'
[0.396s] Level 1:colcon.colcon_core.package_identification:_identify(src/px4_ros_com) by extensions ['ros']
[0.396s] Level 1:colcon.colcon_core.package_identification:_identify(src/px4_ros_com) by extension 'ros'
[0.397s] DEBUG:colcon.colcon_core.package_identification:Package 'src/px4_ros_com' with type 'ros.ament_cmake' and name 'px4_ros_com'
[0.397s] Level 1:colcon.colcon_core.package_discovery:discover_packages(recursive) using defaults
[0.397s] Level 1:colcon.colcon_core.package_discovery:discover_packages(ignore) discover
[0.397s] Level 1:colcon.colcon_core.package_discovery:discover_packages(ignore) using defaults
[0.397s] Level 1:colcon.colcon_core.package_discovery:discover_packages(path) discover
[0.397s] Level 1:colcon.colcon_core.package_discovery:discover_packages(path) using defaults
[0.427s] Level 1:colcon.colcon_core.package_discovery:discover_packages(prefix_path) check parameters
[0.427s] Level 1:colcon.colcon_core.package_discovery:discover_packages(prefix_path) discover
[0.430s] DEBUG:colcon.colcon_installed_package_information.package_discovery:Found 271 installed packages in /opt/ros/humble
[0.431s] Level 1:colcon.colcon_core.package_discovery:discover_packages(prefix_path) using defaults
[0.483s] Level 5:colcon.colcon_core.verb:set package 'px4_msgs' build argument 'cmake_args' from command line to 'None'
[0.483s] Level 5:colcon.colcon_core.verb:set package 'px4_msgs' build argument 'cmake_target' from command line to 'None'
[0.483s] Level 5:colcon.colcon_core.verb:set package 'px4_msgs' build argument 'cmake_target_skip_unavailable' from command line to 'False'
[0.483s] Level 5:colcon.colcon_core.verb:set package 'px4_msgs' build argument 'cmake_clean_cache' from command line to 'False'
[0.483s] Level 5:colcon.colcon_core.verb:set package 'px4_msgs' build argument 'cmake_clean_first' from command line to 'False'
[0.483s] Level 5:colcon.colcon_core.verb:set package 'px4_msgs' build argument 'cmake_force_configure' from command line to 'False'
[0.483s] Level 5:colcon.colcon_core.verb:set package 'px4_msgs' build argument 'ament_cmake_args' from command line to 'None'
[0.483s] Level 5:colcon.colcon_core.verb:set package 'px4_msgs' build argument 'catkin_cmake_args' from command line to 'None'
[0.483s] Level 5:colcon.colcon_core.verb:set package 'px4_msgs' build argument 'catkin_skip_building_tests' from command line to 'False'
[0.483s] DEBUG:colcon.colcon_core.verb:Building package 'px4_msgs' with the following arguments: {'ament_cmake_args': None, 'build_base': '/home/henryshum0/SUAS/build/px4_msgs', 'catkin_cmake_args': None, 'catkin_skip_building_tests': False, 'cmake_args': None, 'cmake_clean_cache': False, 'cmake_clean_first': False, 'cmake_force_configure': False, 'cmake_target': None, 'cmake_target_skip_unavailable': False, 'install_base': '/home/henryshum0/SUAS/install/px4_msgs', 'merge_install': False, 'path': '/home/henryshum0/SUAS/src/px4_msgs', 'symlink_install': False, 'test_result_base': None}
[0.483s] Level 5:colcon.colcon_core.verb:set package 'px4_ros_com' build argument 'cmake_args' from command line to 'None'
[0.483s] Level 5:colcon.colcon_core.verb:set package 'px4_ros_com' build argument 'cmake_target' from command line to 'None'
[0.483s] Level 5:colcon.colcon_core.verb:set package 'px4_ros_com' build argument 'cmake_target_skip_unavailable' from command line to 'False'
[0.483s] Level 5:colcon.colcon_core.verb:set package 'px4_ros_com' build argument 'cmake_clean_cache' from command line to 'False'
[0.483s] Level 5:colcon.colcon_core.verb:set package 'px4_ros_com' build argument 'cmake_clean_first' from command line to 'False'
[0.483s] Level 5:colcon.colcon_core.verb:set package 'px4_ros_com' build argument 'cmake_force_configure' from command line to 'False'
[0.483s] Level 5:colcon.colcon_core.verb:set package 'px4_ros_com' build argument 'ament_cmake_args' from command line to 'None'
[0.483s] Level 5:colcon.colcon_core.verb:set package 'px4_ros_com' build argument 'catkin_cmake_args' from command line to 'None'
[0.483s] Level 5:colcon.colcon_core.verb:set package 'px4_ros_com' build argument 'catkin_skip_building_tests' from command line to 'False'
[0.483s] DEBUG:colcon.colcon_core.verb:Building package 'px4_ros_com' with the following arguments: {'ament_cmake_args': None, 'build_base': '/home/henryshum0/SUAS/build/px4_ros_com', 'catkin_cmake_args': None, 'catkin_skip_building_tests': False, 'cmake_args': None, 'cmake_clean_cache': False, 'cmake_clean_first': False, 'cmake_force_configure': False, 'cmake_target': None, 'cmake_target_skip_unavailable': False, 'install_base': '/home/henryshum0/SUAS/install/px4_ros_com', 'merge_install': False, 'path': '/home/henryshum0/SUAS/src/px4_ros_com', 'symlink_install': False, 'test_result_base': None}
[0.483s] Level 5:colcon.colcon_core.verb:set package 'flight_control' build argument 'cmake_args' from command line to 'None'
[0.483s] Level 5:colcon.colcon_core.verb:set package 'flight_control' build argument 'cmake_target' from command line to 'None'
[0.483s] Level 5:colcon.colcon_core.verb:set package 'flight_control' build argument 'cmake_target_skip_unavailable' from command line to 'False'
[0.483s] Level 5:colcon.colcon_core.verb:set package 'flight_control' build argument 'cmake_clean_cache' from command line to 'False'
[0.484s] Level 5:colcon.colcon_core.verb:set package 'flight_control' build argument 'cmake_clean_first' from command line to 'False'
[0.484s] Level 5:colcon.colcon_core.verb:set package 'flight_control' build argument 'cmake_force_configure' from command line to 'False'
[0.484s] Level 5:colcon.colcon_core.verb:set package 'flight_control' build argument 'ament_cmake_args' from command line to 'None'
[0.484s] Level 5:colcon.colcon_core.verb:set package 'flight_control' build argument 'catkin_cmake_args' from command line to 'None'
[0.484s] Level 5:colcon.colcon_core.verb:set package 'flight_control' build argument 'catkin_skip_building_tests' from command line to 'False'
[0.484s] DEBUG:colcon.colcon_core.verb:Building package 'flight_control' with the following arguments: {'ament_cmake_args': None, 'build_base': '/home/henryshum0/SUAS/build/flight_control', 'catkin_cmake_args': None, 'catkin_skip_building_tests': False, 'cmake_args': None, 'cmake_clean_cache': False, 'cmake_clean_first': False, 'cmake_force_configure': False, 'cmake_target': None, 'cmake_target_skip_unavailable': False, 'install_base': '/home/henryshum0/SUAS/install/flight_control', 'merge_install': False, 'path': '/home/henryshum0/SUAS/src/flight_control', 'symlink_install': False, 'test_result_base': None}
[0.484s] INFO:colcon.colcon_core.executor:Executing jobs using 'parallel' executor
[0.484s] DEBUG:colcon.colcon_parallel_executor.executor.parallel:run_until_complete
[0.485s] INFO:colcon.colcon_ros.task.ament_cmake.build:Building ROS package in '/home/henryshum0/SUAS/src/px4_msgs' with build type 'ament_cmake'
[0.485s] INFO:colcon.colcon_cmake.task.cmake.build:Building CMake package in '/home/henryshum0/SUAS/src/px4_msgs'
[0.488s] INFO:colcon.colcon_core.plugin_system:Skipping extension 'colcon_core.shell.bat': Not used on non-Windows systems
[0.488s] INFO:colcon.colcon_core.shell:Skip shell extension 'powershell' for command environment: Not usable outside of PowerShell
[0.488s] DEBUG:colcon.colcon_core.shell:Skip shell extension 'dsv' for command environment
[0.495s] DEBUG:colcon.colcon_core.event_handler.log_command:Invoking command in '/home/henryshum0/SUAS/build/px4_msgs': CMAKE_PREFIX_PATH=/opt/ros/humble /usr/bin/cmake --build /home/henryshum0/SUAS/build/px4_msgs -- -j16 -l16
[1.140s] DEBUG:colcon.colcon_core.event_handler.log_command:Invoked command in '/home/henryshum0/SUAS/build/px4_msgs' returned '0': CMAKE_PREFIX_PATH=/opt/ros/humble /usr/bin/cmake --build /home/henryshum0/SUAS/build/px4_msgs -- -j16 -l16
[1.146s] DEBUG:colcon.colcon_core.event_handler.log_command:Invoking command in '/home/henryshum0/SUAS/build/px4_msgs': CMAKE_PREFIX_PATH=/opt/ros/humble /usr/bin/cmake --install /home/henryshum0/SUAS/build/px4_msgs
[1.436s] Level 1:colcon.colcon_core.environment:create_environment_scripts_only(px4_msgs)
[1.437s] DEBUG:colcon.colcon_core.event_handler.log_command:Invoked command in '/home/henryshum0/SUAS/build/px4_msgs' returned '0': CMAKE_PREFIX_PATH=/opt/ros/humble /usr/bin/cmake --install /home/henryshum0/SUAS/build/px4_msgs
[1.441s] Level 1:colcon.colcon_core.environment:checking '/home/henryshum0/SUAS/install/px4_msgs' for CMake module files
[1.441s] Level 1:colcon.colcon_core.environment:checking '/home/henryshum0/SUAS/install/px4_msgs' for CMake config files
[1.443s] Level 1:colcon.colcon_core.shell:create_environment_hook('px4_msgs', 'cmake_prefix_path')
[1.443s] INFO:colcon.colcon_core.shell:Creating environment hook '/home/henryshum0/SUAS/install/px4_msgs/share/px4_msgs/hook/cmake_prefix_path.ps1'
[1.444s] INFO:colcon.colcon_core.shell:Creating environment descriptor '/home/henryshum0/SUAS/install/px4_msgs/share/px4_msgs/hook/cmake_prefix_path.dsv'
[1.444s] INFO:colcon.colcon_core.shell:Creating environment hook '/home/henryshum0/SUAS/install/px4_msgs/share/px4_msgs/hook/cmake_prefix_path.sh'
[1.445s] Level 1:colcon.colcon_core.environment:checking '/home/henryshum0/SUAS/install/px4_msgs/lib'
[1.445s] Level 1:colcon.colcon_core.shell:create_environment_hook('px4_msgs', 'ld_library_path_lib')
[1.445s] INFO:colcon.colcon_core.shell:Creating environment hook '/home/henryshum0/SUAS/install/px4_msgs/share/px4_msgs/hook/ld_library_path_lib.ps1'
[1.446s] INFO:colcon.colcon_core.shell:Creating environment descriptor '/home/henryshum0/SUAS/install/px4_msgs/share/px4_msgs/hook/ld_library_path_lib.dsv'
[1.446s] INFO:colcon.colcon_core.shell:Creating environment hook '/home/henryshum0/SUAS/install/px4_msgs/share/px4_msgs/hook/ld_library_path_lib.sh'
[1.446s] Level 1:colcon.colcon_core.environment:checking '/home/henryshum0/SUAS/install/px4_msgs/bin'
[1.446s] Level 1:colcon.colcon_core.environment:checking '/home/henryshum0/SUAS/install/px4_msgs/lib/pkgconfig/px4_msgs.pc'
[1.446s] Level 1:colcon.colcon_core.environment:checking '/home/henryshum0/SUAS/install/px4_msgs/lib/python3.10/site-packages'
[1.446s] Level 1:colcon.colcon_core.environment:checking '/home/henryshum0/SUAS/install/px4_msgs/bin'
[1.446s] INFO:colcon.colcon_core.shell:Creating package script '/home/henryshum0/SUAS/install/px4_msgs/share/px4_msgs/package.ps1'
[1.447s] INFO:colcon.colcon_core.shell:Creating package descriptor '/home/henryshum0/SUAS/install/px4_msgs/share/px4_msgs/package.dsv'
[1.448s] INFO:colcon.colcon_core.shell:Creating package script '/home/henryshum0/SUAS/install/px4_msgs/share/px4_msgs/package.sh'
[1.448s] INFO:colcon.colcon_core.shell:Creating package script '/home/henryshum0/SUAS/install/px4_msgs/share/px4_msgs/package.bash'
[1.449s] INFO:colcon.colcon_core.shell:Creating package script '/home/henryshum0/SUAS/install/px4_msgs/share/px4_msgs/package.zsh'
[1.449s] Level 1:colcon.colcon_core.environment:create_file_with_runtime_dependencies(/home/henryshum0/SUAS/install/px4_msgs/share/colcon-core/packages/px4_msgs)
[1.450s] Level 1:colcon.colcon_core.environment:create_environment_scripts_only(px4_msgs)
[1.450s] Level 1:colcon.colcon_core.environment:checking '/home/henryshum0/SUAS/install/px4_msgs' for CMake module files
[1.450s] Level 1:colcon.colcon_core.environment:checking '/home/henryshum0/SUAS/install/px4_msgs' for CMake config files
[1.450s] Level 1:colcon.colcon_core.shell:create_environment_hook('px4_msgs', 'cmake_prefix_path')
[1.450s] INFO:colcon.colcon_core.shell:Creating environment hook '/home/henryshum0/SUAS/install/px4_msgs/share/px4_msgs/hook/cmake_prefix_path.ps1'
[1.450s] INFO:colcon.colcon_core.shell:Creating environment descriptor '/home/henryshum0/SUAS/install/px4_msgs/share/px4_msgs/hook/cmake_prefix_path.dsv'
[1.451s] INFO:colcon.colcon_core.shell:Creating environment hook '/home/henryshum0/SUAS/install/px4_msgs/share/px4_msgs/hook/cmake_prefix_path.sh'
[1.451s] Level 1:colcon.colcon_core.environment:checking '/home/henryshum0/SUAS/install/px4_msgs/lib'
[1.451s] Level 1:colcon.colcon_core.shell:create_environment_hook('px4_msgs', 'ld_library_path_lib')
[1.451s] INFO:colcon.colcon_core.shell:Creating environment hook '/home/henryshum0/SUAS/install/px4_msgs/share/px4_msgs/hook/ld_library_path_lib.ps1'
[1.451s] INFO:colcon.colcon_core.shell:Creating environment descriptor '/home/henryshum0/SUAS/install/px4_msgs/share/px4_msgs/hook/ld_library_path_lib.dsv'
[1.452s] INFO:colcon.colcon_core.shell:Creating environment hook '/home/henryshum0/SUAS/install/px4_msgs/share/px4_msgs/hook/ld_library_path_lib.sh'
[1.452s] Level 1:colcon.colcon_core.environment:checking '/home/henryshum0/SUAS/install/px4_msgs/bin'
[1.452s] Level 1:colcon.colcon_core.environment:checking '/home/henryshum0/SUAS/install/px4_msgs/lib/pkgconfig/px4_msgs.pc'
[1.452s] Level 1:colcon.colcon_core.environment:checking '/home/henryshum0/SUAS/install/px4_msgs/lib/python3.10/site-packages'
[1.452s] Level 1:colcon.colcon_core.environment:checking '/home/henryshum0/SUAS/install/px4_msgs/bin'
[1.452s] INFO:colcon.colcon_core.shell:Creating package script '/home/henryshum0/SUAS/install/px4_msgs/share/px4_msgs/package.ps1'
[1.452s] INFO:colcon.colcon_core.shell:Creating package descriptor '/home/henryshum0/SUAS/install/px4_msgs/share/px4_msgs/package.dsv'
[1.453s] INFO:colcon.colcon_core.shell:Creating package script '/home/henryshum0/SUAS/install/px4_msgs/share/px4_msgs/package.sh'
[1.453s] INFO:colcon.colcon_core.shell:Creating package script '/home/henryshum0/SUAS/install/px4_msgs/share/px4_msgs/package.bash'
[1.453s] INFO:colcon.colcon_core.shell:Creating package script '/home/henryshum0/SUAS/install/px4_msgs/share/px4_msgs/package.zsh'
[1.453s] Level 1:colcon.colcon_core.environment:create_file_with_runtime_dependencies(/home/henryshum0/SUAS/install/px4_msgs/share/colcon-core/packages/px4_msgs)
[1.454s] INFO:colcon.colcon_ros.task.ament_cmake.build:Building ROS package in '/home/henryshum0/SUAS/src/px4_ros_com' with build type 'ament_cmake'
[1.454s] INFO:colcon.colcon_cmake.task.cmake.build:Building CMake package in '/home/henryshum0/SUAS/src/px4_ros_com'
[1.454s] INFO:colcon.colcon_core.shell:Skip shell extension 'powershell' for command environment: Not usable outside of PowerShell
[1.454s] DEBUG:colcon.colcon_core.shell:Skip shell extension 'dsv' for command environment
[1.493s] DEBUG:colcon.colcon_core.event_handler.log_command:Invoking command in '/home/henryshum0/SUAS/build/px4_ros_com': AMENT_PREFIX_PATH=/home/henryshum0/SUAS/install/px4_msgs:${AMENT_PREFIX_PATH} CMAKE_PREFIX_PATH=/home/henryshum0/SUAS/install/px4_msgs:/opt/ros/humble LD_LIBRARY_PATH=/home/henryshum0/SUAS/install/px4_msgs/lib:${LD_LIBRARY_PATH} PYTHONPATH=/home/henryshum0/SUAS/install/px4_msgs/local/lib/python3.10/dist-packages:${PYTHONPATH} /usr/bin/cmake --build /home/henryshum0/SUAS/build/px4_ros_com -- -j16 -l16
[1.680s] DEBUG:colcon.colcon_core.event_handler.log_command:Invoked command in '/home/henryshum0/SUAS/build/px4_ros_com' returned '0': AMENT_PREFIX_PATH=/home/henryshum0/SUAS/install/px4_msgs:${AMENT_PREFIX_PATH} CMAKE_PREFIX_PATH=/home/henryshum0/SUAS/install/px4_msgs:/opt/ros/humble LD_LIBRARY_PATH=/home/henryshum0/SUAS/install/px4_msgs/lib:${LD_LIBRARY_PATH} PYTHONPATH=/home/henryshum0/SUAS/install/px4_msgs/local/lib/python3.10/dist-packages:${PYTHONPATH} /usr/bin/cmake --build /home/henryshum0/SUAS/build/px4_ros_com -- -j16 -l16
[1.681s] DEBUG:colcon.colcon_core.event_handler.log_command:Invoking command in '/home/henryshum0/SUAS/build/px4_ros_com': AMENT_PREFIX_PATH=/home/henryshum0/SUAS/install/px4_msgs:${AMENT_PREFIX_PATH} CMAKE_PREFIX_PATH=/home/henryshum0/SUAS/install/px4_msgs:/opt/ros/humble LD_LIBRARY_PATH=/home/henryshum0/SUAS/install/px4_msgs/lib:${LD_LIBRARY_PATH} PYTHONPATH=/home/henryshum0/SUAS/install/px4_msgs/local/lib/python3.10/dist-packages:${PYTHONPATH} /usr/bin/cmake --install /home/henryshum0/SUAS/build/px4_ros_com
[1.715s] Level 1:colcon.colcon_core.environment:create_environment_scripts_only(px4_ros_com)
[1.715s] DEBUG:colcon.colcon_core.event_handler.log_command:Invoked command in '/home/henryshum0/SUAS/build/px4_ros_com' returned '0': AMENT_PREFIX_PATH=/home/henryshum0/SUAS/install/px4_msgs:${AMENT_PREFIX_PATH} CMAKE_PREFIX_PATH=/home/henryshum0/SUAS/install/px4_msgs:/opt/ros/humble LD_LIBRARY_PATH=/home/henryshum0/SUAS/install/px4_msgs/lib:${LD_LIBRARY_PATH} PYTHONPATH=/home/henryshum0/SUAS/install/px4_msgs/local/lib/python3.10/dist-packages:${PYTHONPATH} /usr/bin/cmake --install /home/henryshum0/SUAS/build/px4_ros_com
[1.715s] Level 1:colcon.colcon_core.environment:checking '/home/henryshum0/SUAS/install/px4_ros_com' for CMake module files
[1.716s] Level 1:colcon.colcon_core.environment:checking '/home/henryshum0/SUAS/install/px4_ros_com' for CMake config files
[1.718s] Level 1:colcon.colcon_core.shell:create_environment_hook('px4_ros_com', 'cmake_prefix_path')
[1.718s] INFO:colcon.colcon_core.shell:Creating environment hook '/home/henryshum0/SUAS/install/px4_ros_com/share/px4_ros_com/hook/cmake_prefix_path.ps1'
[1.719s] INFO:colcon.colcon_core.shell:Creating environment descriptor '/home/henryshum0/SUAS/install/px4_ros_com/share/px4_ros_com/hook/cmake_prefix_path.dsv'
[1.719s] INFO:colcon.colcon_core.shell:Creating environment hook '/home/henryshum0/SUAS/install/px4_ros_com/share/px4_ros_com/hook/cmake_prefix_path.sh'
[1.719s] Level 1:colcon.colcon_core.environment:checking '/home/henryshum0/SUAS/install/px4_ros_com/lib'
[1.719s] Level 1:colcon.colcon_core.shell:create_environment_hook('px4_ros_com', 'ld_library_path_lib')
[1.719s] INFO:colcon.colcon_core.shell:Creating environment hook '/home/henryshum0/SUAS/install/px4_ros_com/share/px4_ros_com/hook/ld_library_path_lib.ps1'
[1.720s] INFO:colcon.colcon_core.shell:Creating environment descriptor '/home/henryshum0/SUAS/install/px4_ros_com/share/px4_ros_com/hook/ld_library_path_lib.dsv'
[1.720s] INFO:colcon.colcon_core.shell:Creating environment hook '/home/henryshum0/SUAS/install/px4_ros_com/share/px4_ros_com/hook/ld_library_path_lib.sh'
[1.720s] Level 1:colcon.colcon_core.environment:checking '/home/henryshum0/SUAS/install/px4_ros_com/bin'
[1.720s] Level 1:colcon.colcon_core.environment:checking '/home/henryshum0/SUAS/install/px4_ros_com/lib/pkgconfig/px4_ros_com.pc'
[1.720s] Level 1:colcon.colcon_core.environment:checking '/home/henryshum0/SUAS/install/px4_ros_com/lib/python3.10/site-packages'
[1.720s] Level 1:colcon.colcon_core.environment:checking '/home/henryshum0/SUAS/install/px4_ros_com/bin'
[1.721s] INFO:colcon.colcon_core.shell:Creating package script '/home/henryshum0/SUAS/install/px4_ros_com/share/px4_ros_com/package.ps1'
[1.721s] INFO:colcon.colcon_core.shell:Creating package descriptor '/home/henryshum0/SUAS/install/px4_ros_com/share/px4_ros_com/package.dsv'
[1.721s] INFO:colcon.colcon_core.shell:Creating package script '/home/henryshum0/SUAS/install/px4_ros_com/share/px4_ros_com/package.sh'
[1.721s] INFO:colcon.colcon_core.shell:Creating package script '/home/henryshum0/SUAS/install/px4_ros_com/share/px4_ros_com/package.bash'
[1.722s] INFO:colcon.colcon_core.shell:Creating package script '/home/henryshum0/SUAS/install/px4_ros_com/share/px4_ros_com/package.zsh'
[1.722s] Level 1:colcon.colcon_core.environment:create_file_with_runtime_dependencies(/home/henryshum0/SUAS/install/px4_ros_com/share/colcon-core/packages/px4_ros_com)
[1.722s] Level 1:colcon.colcon_core.environment:create_environment_scripts_only(px4_ros_com)
[1.723s] Level 1:colcon.colcon_core.environment:checking '/home/henryshum0/SUAS/install/px4_ros_com' for CMake module files
[1.723s] Level 1:colcon.colcon_core.environment:checking '/home/henryshum0/SUAS/install/px4_ros_com' for CMake config files
[1.723s] Level 1:colcon.colcon_core.shell:create_environment_hook('px4_ros_com', 'cmake_prefix_path')
[1.723s] INFO:colcon.colcon_core.shell:Creating environment hook '/home/henryshum0/SUAS/install/px4_ros_com/share/px4_ros_com/hook/cmake_prefix_path.ps1'
[1.723s] INFO:colcon.colcon_core.shell:Creating environment descriptor '/home/henryshum0/SUAS/install/px4_ros_com/share/px4_ros_com/hook/cmake_prefix_path.dsv'
[1.724s] INFO:colcon.colcon_core.shell:Creating environment hook '/home/henryshum0/SUAS/install/px4_ros_com/share/px4_ros_com/hook/cmake_prefix_path.sh'
[1.724s] Level 1:colcon.colcon_core.environment:checking '/home/henryshum0/SUAS/install/px4_ros_com/lib'
[1.724s] Level 1:colcon.colcon_core.shell:create_environment_hook('px4_ros_com', 'ld_library_path_lib')
[1.724s] INFO:colcon.colcon_core.shell:Creating environment hook '/home/henryshum0/SUAS/install/px4_ros_com/share/px4_ros_com/hook/ld_library_path_lib.ps1'
[1.724s] INFO:colcon.colcon_core.shell:Creating environment descriptor '/home/henryshum0/SUAS/install/px4_ros_com/share/px4_ros_com/hook/ld_library_path_lib.dsv'
[1.725s] INFO:colcon.colcon_core.shell:Creating environment hook '/home/henryshum0/SUAS/install/px4_ros_com/share/px4_ros_com/hook/ld_library_path_lib.sh'
[1.725s] Level 1:colcon.colcon_core.environment:checking '/home/henryshum0/SUAS/install/px4_ros_com/bin'
[1.725s] Level 1:colcon.colcon_core.environment:checking '/home/henryshum0/SUAS/install/px4_ros_com/lib/pkgconfig/px4_ros_com.pc'
[1.725s] Level 1:colcon.colcon_core.environment:checking '/home/henryshum0/SUAS/install/px4_ros_com/lib/python3.10/site-packages'
[1.725s] Level 1:colcon.colcon_core.environment:checking '/home/henryshum0/SUAS/install/px4_ros_com/bin'
[1.725s] INFO:colcon.colcon_core.shell:Creating package script '/home/henryshum0/SUAS/install/px4_ros_com/share/px4_ros_com/package.ps1'
[1.726s] INFO:colcon.colcon_core.shell:Creating package descriptor '/home/henryshum0/SUAS/install/px4_ros_com/share/px4_ros_com/package.dsv'
[1.726s] INFO:colcon.colcon_core.shell:Creating package script '/home/henryshum0/SUAS/install/px4_ros_com/share/px4_ros_com/package.sh'
[1.726s] INFO:colcon.colcon_core.shell:Creating package script '/home/henryshum0/SUAS/install/px4_ros_com/share/px4_ros_com/package.bash'
[1.726s] INFO:colcon.colcon_core.shell:Creating package script '/home/henryshum0/SUAS/install/px4_ros_com/share/px4_ros_com/package.zsh'
[1.726s] Level 1:colcon.colcon_core.environment:create_file_with_runtime_dependencies(/home/henryshum0/SUAS/install/px4_ros_com/share/colcon-core/packages/px4_ros_com)
[1.727s] INFO:colcon.colcon_ros.task.ament_cmake.build:Building ROS package in '/home/henryshum0/SUAS/src/flight_control' with build type 'ament_cmake'
[1.727s] INFO:colcon.colcon_cmake.task.cmake.build:Building CMake package in '/home/henryshum0/SUAS/src/flight_control'
[1.727s] INFO:colcon.colcon_core.shell:Skip shell extension 'powershell' for command environment: Not usable outside of PowerShell
[1.727s] DEBUG:colcon.colcon_core.shell:Skip shell extension 'dsv' for command environment
[1.785s] DEBUG:colcon.colcon_core.event_handler.log_command:Invoking command in '/home/henryshum0/SUAS/build/flight_control': AMENT_PREFIX_PATH=/home/henryshum0/SUAS/install/px4_ros_com:/home/henryshum0/SUAS/install/px4_msgs:${AMENT_PREFIX_PATH} CMAKE_PREFIX_PATH=/home/henryshum0/SUAS/install/px4_ros_com:/home/henryshum0/SUAS/install/px4_msgs:/opt/ros/humble LD_LIBRARY_PATH=/home/henryshum0/SUAS/install/px4_ros_com/lib:/home/henryshum0/SUAS/install/px4_msgs/lib:${LD_LIBRARY_PATH} PYTHONPATH=/home/henryshum0/SUAS/install/px4_ros_com/local/lib/python3.10/dist-packages:/home/henryshum0/SUAS/install/px4_msgs/local/lib/python3.10/dist-packages:${PYTHONPATH} /usr/bin/cmake --build /home/henryshum0/SUAS/build/flight_control -- -j16 -l16
[1.861s] DEBUG:colcon.colcon_core.event_handler.log_command:Invoked command in '/home/henryshum0/SUAS/build/flight_control' returned '2': AMENT_PREFIX_PATH=/home/henryshum0/SUAS/install/px4_ros_com:/home/henryshum0/SUAS/install/px4_msgs:${AMENT_PREFIX_PATH} CMAKE_PREFIX_PATH=/home/henryshum0/SUAS/install/px4_ros_com:/home/henryshum0/SUAS/install/px4_msgs:/opt/ros/humble LD_LIBRARY_PATH=/home/henryshum0/SUAS/install/px4_ros_com/lib:/home/henryshum0/SUAS/install/px4_msgs/lib:${LD_LIBRARY_PATH} PYTHONPATH=/home/henryshum0/SUAS/install/px4_ros_com/local/lib/python3.10/dist-packages:/home/henryshum0/SUAS/install/px4_msgs/local/lib/python3.10/dist-packages:${PYTHONPATH} /usr/bin/cmake --build /home/henryshum0/SUAS/build/flight_control -- -j16 -l16
[1.862s] Level 1:colcon.colcon_core.environment:create_environment_scripts_only(flight_control)
[1.862s] Level 1:colcon.colcon_core.environment:checking '/home/henryshum0/SUAS/install/flight_control' for CMake module files
[1.862s] Level 1:colcon.colcon_core.environment:checking '/home/henryshum0/SUAS/install/flight_control' for CMake config files
[1.864s] Level 1:colcon.colcon_core.shell:create_environment_hook('flight_control', 'cmake_prefix_path')
[1.864s] INFO:colcon.colcon_core.shell:Creating environment hook '/home/henryshum0/SUAS/install/flight_control/share/flight_control/hook/cmake_prefix_path.ps1'
[1.864s] INFO:colcon.colcon_core.shell:Creating environment descriptor '/home/henryshum0/SUAS/install/flight_control/share/flight_control/hook/cmake_prefix_path.dsv'
[1.865s] INFO:colcon.colcon_core.shell:Creating environment hook '/home/henryshum0/SUAS/install/flight_control/share/flight_control/hook/cmake_prefix_path.sh'
[1.865s] Level 1:colcon.colcon_core.environment:checking '/home/henryshum0/SUAS/install/flight_control/lib'
[1.865s] Level 1:colcon.colcon_core.environment:checking '/home/henryshum0/SUAS/install/flight_control/bin'
[1.865s] Level 1:colcon.colcon_core.environment:checking '/home/henryshum0/SUAS/install/flight_control/lib/pkgconfig/flight_control.pc'
[1.865s] Level 1:colcon.colcon_core.environment:checking '/home/henryshum0/SUAS/install/flight_control/lib/python3.10/site-packages'
[1.865s] Level 1:colcon.colcon_core.environment:checking '/home/henryshum0/SUAS/install/flight_control/bin'
[1.865s] INFO:colcon.colcon_core.shell:Creating package script '/home/henryshum0/SUAS/install/flight_control/share/flight_control/package.ps1'
[1.866s] INFO:colcon.colcon_core.shell:Creating package descriptor '/home/henryshum0/SUAS/install/flight_control/share/flight_control/package.dsv'
[1.866s] INFO:colcon.colcon_core.shell:Creating package script '/home/henryshum0/SUAS/install/flight_control/share/flight_control/package.sh'
[1.866s] INFO:colcon.colcon_core.shell:Creating package script '/home/henryshum0/SUAS/install/flight_control/share/flight_control/package.bash'
[1.866s] INFO:colcon.colcon_core.shell:Creating package script '/home/henryshum0/SUAS/install/flight_control/share/flight_control/package.zsh'
[1.867s] Level 1:colcon.colcon_core.environment:create_file_with_runtime_dependencies(/home/henryshum0/SUAS/install/flight_control/share/colcon-core/packages/flight_control)
[1.877s] DEBUG:colcon.colcon_parallel_executor.executor.parallel:closing loop
[1.877s] DEBUG:colcon.colcon_parallel_executor.executor.parallel:loop closed
[1.877s] DEBUG:colcon.colcon_parallel_executor.executor.parallel:run_until_complete finished with '2'
[1.877s] DEBUG:colcon.colcon_core.event_reactor:joining thread
[1.899s] INFO:colcon.colcon_core.plugin_system:Skipping extension 'colcon_notification.desktop_notification.notify_send': Could not find 'notify-send'
[1.899s] INFO:colcon.colcon_core.plugin_system:Skipping extension 'colcon_notification.desktop_notification.terminal_notifier': Not used on non-Darwin systems
[1.900s] INFO:colcon.colcon_core.plugin_system:Skipping extension 'colcon_notification.desktop_notification.win32': Not used on non-Windows systems
[1.900s] INFO:colcon.colcon_notification.desktop_notification:Sending desktop notification using 'notify2'
[1.900s] DEBUG:colcon.colcon_notification.desktop_notification.notify2:Failed to initialize notify2: org.freedesktop.DBus.Error.FileNotFound: Failed to connect to socket /run/user/1000/bus: No such file or directory
[1.900s] DEBUG:colcon.colcon_core.event_reactor:joined thread
[1.900s] INFO:colcon.colcon_core.shell:Creating prefix script '/home/henryshum0/SUAS/install/local_setup.ps1'
[1.901s] INFO:colcon.colcon_core.shell:Creating prefix util module '/home/henryshum0/SUAS/install/_local_setup_util_ps1.py'
[1.902s] INFO:colcon.colcon_core.shell:Creating prefix chain script '/home/henryshum0/SUAS/install/setup.ps1'
[1.903s] INFO:colcon.colcon_core.shell:Creating prefix script '/home/henryshum0/SUAS/install/local_setup.sh'
[1.903s] INFO:colcon.colcon_core.shell:Creating prefix util module '/home/henryshum0/SUAS/install/_local_setup_util_sh.py'
[1.903s] INFO:colcon.colcon_core.shell:Creating prefix chain script '/home/henryshum0/SUAS/install/setup.sh'
[1.905s] INFO:colcon.colcon_core.shell:Creating prefix script '/home/henryshum0/SUAS/install/local_setup.bash'
[1.906s] INFO:colcon.colcon_core.shell:Creating prefix chain script '/home/henryshum0/SUAS/install/setup.bash'
[1.907s] INFO:colcon.colcon_core.shell:Creating prefix script '/home/henryshum0/SUAS/install/local_setup.zsh'
[1.907s] INFO:colcon.colcon_core.shell:Creating prefix chain script '/home/henryshum0/SUAS/install/setup.zsh'
