-- Found ament_cmake: 1.3.11 (/opt/ros/humble/share/ament_cmake/cmake)
-- Found rclcpp: 16.0.11 (/opt/ros/humble/share/rclcpp/cmake)
-- Found rosidl_generator_c: 3.1.6 (/opt/ros/humble/share/rosidl_generator_c/cmake)
-- Found rosidl_adapter: 3.1.6 (/opt/ros/humble/share/rosidl_adapter/cmake)
-- Found rosidl_generator_cpp: 3.1.6 (/opt/ros/humble/share/rosidl_generator_cpp/cmake)
-- Using all available rosidl_typesupport_c: rosidl_typesupport_fastrtps_c;rosidl_typesupport_introspection_c
-- Using all available rosidl_typesupport_cpp: rosidl_typesupport_fastrtps_cpp;rosidl_typesupport_introspection_cpp
-- Found rmw_implementation_cmake: 6.1.2 (/opt/ros/humble/share/rmw_implementation_cmake/cmake)
-- Found rmw_fastrtps_cpp: 6.2.7 (/opt/ros/humble/share/rmw_fastrtps_cpp/cmake)
-- Using RMW implementation 'rmw_fastrtps_cpp' as default
-- Found px4_msgs: 2.0.1 (/home/henryshum0/SUAS/install/px4_msgs/share/px4_msgs/cmake)
-- Found px4_ros_com: 0.1.0 (/home/henryshum0/SUAS/install/px4_ros_com/share/px4_ros_com/cmake)
-- Found PkgConfig: /usr/bin/pkg-config (found version "0.29.2") 
-- Found JPEG: /usr/lib/x86_64-linux-gnu/libjpeg.so (found version "80") 
-- Found TIFF: /usr/lib/x86_64-linux-gnu/libtiff.so (found version "4.3.0")  
-- Found ZLIB: /usr/lib/x86_64-linux-gnu/libz.so (found version "1.2.11") 
-- Found PNG: /usr/lib/x86_64-linux-gnu/libpng.so (found version "1.6.37") 
-- Looking for sgemm_
-- Looking for sgemm_ - not found
-- Looking for sgemm_
-- Looking for sgemm_ - found
-- Found BLAS: /usr/lib/x86_64-linux-gnu/libblas.so  
-- Looking for cheev_
-- Looking for cheev_ - not found
-- Looking for cheev_
-- Looking for cheev_ - not found
-- Looking for cheev_
-- Looking for cheev_ - found
-- Found LAPACK: /usr/lib/x86_64-linux-gnu/liblapack.so;/usr/lib/x86_64-linux-gnu/libblas.so  
-- Could NOT find FFTW (missing: FFTW_INCLUDE_DIRS) 
-- Performing Test COMPILER_HAS_HIDDEN_VISIBILITY
-- Performing Test COMPILER_HAS_HIDDEN_VISIBILITY - Success
-- Performing Test COMPILER_HAS_HIDDEN_INLINE_VISIBILITY
-- Performing Test COMPILER_HAS_HIDDEN_INLINE_VISIBILITY - Success
-- Performing Test COMPILER_HAS_DEPRECATED_ATTR
-- Performing Test COMPILER_HAS_DEPRECATED_ATTR - Success
[0mSetting matplotplusplus compiler options[0m
-- Looking for __fbufsize
-- Looking for __fbufsize - found
-- Found ament_lint_auto: 0.12.11 (/opt/ros/humble/share/ament_lint_auto/cmake)
-- Added test 'cppcheck' to perform static code analysis on C / C++ code
-- Configured cppcheck include dirs: /home/henryshum0/SUAS/src/flight_control/include
-- Configured cppcheck exclude dirs and/or files: 
-- Added test 'lint_cmake' to check CMake code style
-- Added test 'uncrustify' to check C / C++ code style
-- Configured uncrustify additional arguments: 
-- Added test 'xmllint' to check XML markup files
-- Configuring done
-- Generating done
-- Build files have been written to: /home/henryshum0/SUAS/build/flight_control
[  4%] [32mBuilding CXX object matplotplusplus/source/3rd_party/CMakeFiles/nodesoup.dir/nodesoup/src/algebra.cpp.o[0m
[  4%] [32mBuilding CXX object matplotplusplus/source/3rd_party/CMakeFiles/nodesoup.dir/nodesoup/src/kamada_kawai.cpp.o[0m
[  6%] [32mBuilding CXX object matplotplusplus/source/3rd_party/CMakeFiles/nodesoup.dir/nodesoup/src/fruchterman_reingold.cpp.o[0m
[  8%] [32mBuilding CXX object matplotplusplus/source/3rd_party/CMakeFiles/nodesoup.dir/nodesoup/src/layout.cpp.o[0m
[ 10%] [32mBuilding CXX object matplotplusplus/source/3rd_party/CMakeFiles/nodesoup.dir/nodesoup/src/nodesoup.cpp.o[0m
[ 13%] [32m[1mLinking CXX static library libnodesoup.a[0m
[ 13%] Built target nodesoup
[ 17%] [32mBuilding CXX object matplotplusplus/source/matplot/CMakeFiles/matplot.dir/backend/gnuplot.cpp.o[0m
[ 17%] [32mBuilding CXX object matplotplusplus/source/matplot/CMakeFiles/matplot.dir/backend/backend_interface.cpp.o[0m
[ 19%] [32mBuilding CXX object matplotplusplus/source/matplot/CMakeFiles/matplot.dir/core/axes_type.cpp.o[0m
[ 23%] [32mBuilding CXX object matplotplusplus/source/matplot/CMakeFiles/matplot.dir/core/figure_type.cpp.o[0m
[ 23%] [32mBuilding CXX object matplotplusplus/source/matplot/CMakeFiles/matplot.dir/core/axes_object.cpp.o[0m
[ 26%] [32mBuilding CXX object matplotplusplus/source/matplot/CMakeFiles/matplot.dir/core/legend.cpp.o[0m
[ 28%] [32mBuilding CXX object matplotplusplus/source/matplot/CMakeFiles/matplot.dir/core/figure_registry.cpp.o[0m
[ 30%] [32mBuilding CXX object matplotplusplus/source/matplot/CMakeFiles/matplot.dir/backend/backend_registry.cpp.o[0m
[ 32%] [32mBuilding CXX object matplotplusplus/source/matplot/CMakeFiles/matplot.dir/core/line_spec.cpp.o[0m
[ 34%] [32mBuilding CXX object matplotplusplus/source/matplot/CMakeFiles/matplot.dir/util/colors.cpp.o[0m
[ 36%] [32mBuilding CXX object matplotplusplus/source/matplot/CMakeFiles/matplot.dir/core/axis_type.cpp.o[0m
[ 39%] [32mBuilding CXX object matplotplusplus/source/matplot/CMakeFiles/matplot.dir/util/contourc.cpp.o[0m
[ 41%] [32mBuilding CXX object matplotplusplus/source/matplot/CMakeFiles/matplot.dir/util/common.cpp.o[0m
[ 43%] [32mBuilding CXX object matplotplusplus/source/matplot/CMakeFiles/matplot.dir/util/world_cities.cpp.o[0m
[ 45%] [32mBuilding CXX object matplotplusplus/source/matplot/CMakeFiles/matplot.dir/util/popen.cpp.o[0m
[ 47%] [32mBuilding CXX object matplotplusplus/source/matplot/CMakeFiles/matplot.dir/util/world_map_10m.cpp.o[0m
[ 50%] [32mBuilding CXX object matplotplusplus/source/matplot/CMakeFiles/matplot.dir/util/world_map_50m.cpp.o[0m
[ 52%] [32mBuilding CXX object matplotplusplus/source/matplot/CMakeFiles/matplot.dir/util/world_map_110m.cpp.o[0m
[ 54%] [32mBuilding CXX object matplotplusplus/source/matplot/CMakeFiles/matplot.dir/axes_objects/bars.cpp.o[0m
[ 56%] [32mBuilding CXX object matplotplusplus/source/matplot/CMakeFiles/matplot.dir/axes_objects/box_chart.cpp.o[0m
[ 58%] [32mBuilding CXX object matplotplusplus/source/matplot/CMakeFiles/matplot.dir/axes_objects/circles.cpp.o[0m
[ 60%] [32mBuilding CXX object matplotplusplus/source/matplot/CMakeFiles/matplot.dir/axes_objects/contours.cpp.o[0m
[ 63%] [32mBuilding CXX object matplotplusplus/source/matplot/CMakeFiles/matplot.dir/axes_objects/error_bar.cpp.o[0m
[ 65%] [32mBuilding CXX object matplotplusplus/source/matplot/CMakeFiles/matplot.dir/axes_objects/filled_area.cpp.o[0m
[ 67%] [32mBuilding CXX object matplotplusplus/source/matplot/CMakeFiles/matplot.dir/axes_objects/function_line.cpp.o[0m
[ 69%] [32mBuilding CXX object matplotplusplus/source/matplot/CMakeFiles/matplot.dir/axes_objects/histogram.cpp.o[0m
[ 71%] [32mBuilding CXX object matplotplusplus/source/matplot/CMakeFiles/matplot.dir/axes_objects/labels.cpp.o[0m
[ 73%] [32mBuilding CXX object matplotplusplus/source/matplot/CMakeFiles/matplot.dir/axes_objects/line.cpp.o[0m
[ 76%] [32mBuilding CXX object matplotplusplus/source/matplot/CMakeFiles/matplot.dir/axes_objects/matrix.cpp.o[0m
[ 78%] [32mBuilding CXX object matplotplusplus/source/matplot/CMakeFiles/matplot.dir/axes_objects/network.cpp.o[0m
[ 80%] [32mBuilding CXX object matplotplusplus/source/matplot/CMakeFiles/matplot.dir/axes_objects/parallel_lines.cpp.o[0m
[ 82%] [32mBuilding CXX object matplotplusplus/source/matplot/CMakeFiles/matplot.dir/axes_objects/string_function.cpp.o[0m
[ 84%] [32mBuilding CXX object matplotplusplus/source/matplot/CMakeFiles/matplot.dir/axes_objects/stair.cpp.o[0m
[ 86%] [32mBuilding CXX object matplotplusplus/source/matplot/CMakeFiles/matplot.dir/axes_objects/surface.cpp.o[0m
[ 89%] [32mBuilding CXX object matplotplusplus/source/matplot/CMakeFiles/matplot.dir/axes_objects/vectors.cpp.o[0m
[ 91%] [32mBuilding CXX object matplotplusplus/source/matplot/CMakeFiles/matplot.dir/freestanding/axes_functions.cpp.o[0m
[ 93%] [32mBuilding CXX object matplotplusplus/source/matplot/CMakeFiles/matplot.dir/freestanding/histcounts.cpp.o[0m
[ 95%] [32m[1mLinking CXX static library libmatplot.a[0m
[ 95%] Built target matplot
[35m[1mConsolidate compiler generated dependencies of target test_function[0m
[ 97%] [32mBuilding CXX object CMakeFiles/test_function.dir/src/test.cpp.o[0m
[100%] [32m[1mLinking CXX executable test_function[0m
[100%] Built target test_function
-- Install configuration: ""
-- Installing: /home/henryshum0/SUAS/install/flight_control/lib/flight_control/test_function
-- Up-to-date: /home/henryshum0/SUAS/install/flight_control/share/ament_index/resource_index/package_run_dependencies/flight_control
-- Up-to-date: /home/henryshum0/SUAS/install/flight_control/share/ament_index/resource_index/parent_prefix_path/flight_control
-- Up-to-date: /home/henryshum0/SUAS/install/flight_control/share/flight_control/environment/ament_prefix_path.sh
-- Installing: /home/henryshum0/SUAS/install/flight_control/share/flight_control/environment/ament_prefix_path.dsv
-- Up-to-date: /home/henryshum0/SUAS/install/flight_control/share/flight_control/environment/path.sh
-- Installing: /home/henryshum0/SUAS/install/flight_control/share/flight_control/environment/path.dsv
-- Up-to-date: /home/henryshum0/SUAS/install/flight_control/share/flight_control/local_setup.bash
-- Up-to-date: /home/henryshum0/SUAS/install/flight_control/share/flight_control/local_setup.sh
-- Up-to-date: /home/henryshum0/SUAS/install/flight_control/share/flight_control/local_setup.zsh
-- Installing: /home/henryshum0/SUAS/install/flight_control/share/flight_control/local_setup.dsv
-- Installing: /home/henryshum0/SUAS/install/flight_control/share/flight_control/package.dsv
-- Up-to-date: /home/henryshum0/SUAS/install/flight_control/share/ament_index/resource_index/packages/flight_control
-- Up-to-date: /home/henryshum0/SUAS/install/flight_control/share/flight_control/cmake/flight_controlConfig.cmake
-- Up-to-date: /home/henryshum0/SUAS/install/flight_control/share/flight_control/cmake/flight_controlConfig-version.cmake
-- Up-to-date: /home/henryshum0/SUAS/install/flight_control/share/flight_control/package.xml
-- Installing: /home/henryshum0/SUAS/install/flight_control/include/matplot/detail/exports.h
