[0.020s] Invoking command in '/home/henryshum0/SUAS/build/px4_ros_com': AMENT_PREFIX_PATH=/home/henryshum0/SUAS/install/px4_msgs:${AMENT_PREFIX_PATH} CMAKE_PREFIX_PATH=/home/henryshum0/SUAS/install/px4_msgs:/opt/ros/humble LD_LIBRARY_PATH=/home/henryshum0/SUAS/install/px4_msgs/lib:${LD_LIBRARY_PATH} PYTHONPATH=/home/henryshum0/SUAS/install/px4_msgs/local/lib/python3.10/dist-packages:${PYTHONPATH} /usr/bin/cmake --build /home/henryshum0/SUAS/build/px4_ros_com -- -j16 -l16
[0.036s] -- Found ament_cmake: 1.3.11 (/opt/ros/humble/share/ament_cmake/cmake)
[0.126s] -- Found builtin_interfaces: 1.2.1 (/opt/ros/humble/share/builtin_interfaces/cmake)
[0.196s] -- Found rosidl_generator_c: 3.1.6 (/opt/ros/humble/share/rosidl_generator_c/cmake)
[0.198s] -- Found rosidl_adapter: 3.1.6 (/opt/ros/humble/share/rosidl_adapter/cmake)
[0.203s] -- Found rosidl_generator_cpp: 3.1.6 (/opt/ros/humble/share/rosidl_generator_cpp/cmake)
[0.209s] -- Using all available rosidl_typesupport_c: rosidl_typesupport_fastrtps_c;rosidl_typesupport_introspection_c
[0.218s] -- Using all available rosidl_typesupport_cpp: rosidl_typesupport_fastrtps_cpp;rosidl_typesupport_introspection_cpp
[0.226s] -- Found eigen3_cmake_module: 0.1.1 (/opt/ros/humble/share/eigen3_cmake_module/cmake)
[0.227s] -- Found geometry_msgs: 4.2.4 (/opt/ros/humble/share/geometry_msgs/cmake)
[0.245s] -- Found px4_msgs: 2.0.1 (/home/henryshum0/SUAS/install/px4_msgs/share/px4_msgs/cmake)
[0.253s] -- Found rclcpp: 16.0.11 (/opt/ros/humble/share/rclcpp/cmake)
[0.270s] -- Found rmw_implementation_cmake: 6.1.2 (/opt/ros/humble/share/rmw_implementation_cmake/cmake)
[0.271s] -- Found rmw_fastrtps_cpp: 6.2.7 (/opt/ros/humble/share/rmw_fastrtps_cpp/cmake)
[2.600s] -- Using RMW implementation 'rmw_fastrtps_cpp' as default
[2.626s] -- Found sensor_msgs: 4.2.4 (/opt/ros/humble/share/sensor_msgs/cmake)
[2.635s] -- Found rclpy: 3.3.15 (/opt/ros/humble/share/rclpy/cmake)
[2.639s] -- Found ament_lint_auto: 0.12.11 (/opt/ros/humble/share/ament_lint_auto/cmake)
[2.686s] -- Added test 'copyright' to check source files copyright and LICENSE
[2.688s] -- Added test 'cppcheck' to perform static code analysis on C / C++ code
[2.688s] -- Configured cppcheck include dirs: /home/henryshum0/SUAS/src/px4_ros_com/include;$<BUILD_INTERFACE:/home/henryshum0/SUAS/src/px4_ros_com/include/px4_ros_com>
[2.688s] -- Configured cppcheck exclude dirs and/or files: 
[2.690s] -- Added test 'cpplint' to check C / C++ code against the Google style
[2.690s] -- Configured cpplint exclude dirs and/or files: 
[2.690s] -- Added test 'flake8' to check Python code syntax and style conventions
[2.691s] -- Added test 'lint_cmake' to check CMake code style
[2.691s] -- Added test 'pep257' to check Python code against some of the docstring style conventions in PEP 257
[2.693s] -- Added test 'uncrustify' to check C / C++ code style
[2.693s] -- Configured uncrustify additional arguments: 
[2.693s] -- Added test 'xmllint' to check XML markup files
[2.694s] -- Configuring done
[2.699s] [31mCMake Error at CMakeLists.txt:38 (target_include_directories):
[2.699s]   Error evaluating generator expression:
[2.699s] 
[2.699s]     $<{geometry_msgs_INCLUDE_DIRS}>
[2.699s] 
[2.699s]   Expression did not evaluate to a known generator expression
[2.699s] 
[2.699s] [0m
[2.710s] -- Generating done
[2.711s] [0mCMake Generate step failed.  Build files cannot be regenerated correctly.[0m
[2.717s] gmake: *** [Makefile:500: cmake_check_build_system] Error 1
[2.719s] Invoked command in '/home/henryshum0/SUAS/build/px4_ros_com' returned '2': AMENT_PREFIX_PATH=/home/henryshum0/SUAS/install/px4_msgs:${AMENT_PREFIX_PATH} CMAKE_PREFIX_PATH=/home/henryshum0/SUAS/install/px4_msgs:/opt/ros/humble LD_LIBRARY_PATH=/home/henryshum0/SUAS/install/px4_msgs/lib:${LD_LIBRARY_PATH} PYTHONPATH=/home/henryshum0/SUAS/install/px4_msgs/local/lib/python3.10/dist-packages:${PYTHONPATH} /usr/bin/cmake --build /home/henryshum0/SUAS/build/px4_ros_com -- -j16 -l16
