-- Found ament_cmake: 1.3.11 (/opt/ros/humble/share/ament_cmake/cmake)
-- Found rclcpp: 16.0.11 (/opt/ros/humble/share/rclcpp/cmake)
-- Found rosidl_generator_c: 3.1.6 (/opt/ros/humble/share/rosidl_generator_c/cmake)
-- Found rosidl_adapter: 3.1.6 (/opt/ros/humble/share/rosidl_adapter/cmake)
-- Found rosidl_generator_cpp: 3.1.6 (/opt/ros/humble/share/rosidl_generator_cpp/cmake)
-- Using all available rosidl_typesupport_c: rosidl_typesupport_fastrtps_c;rosidl_typesupport_introspection_c
-- Using all available rosidl_typesupport_cpp: rosidl_typesupport_fastrtps_cpp;rosidl_typesupport_introspection_cpp
-- Found rmw_implementation_cmake: 6.1.2 (/opt/ros/humble/share/rmw_implementation_cmake/cmake)
-- Found rmw_fastrtps_cpp: 6.2.7 (/opt/ros/humble/share/rmw_fastrtps_cpp/cmake)
-- Using RMW implementation 'rmw_fastrtps_cpp' as default
-- Found px4_msgs: 2.0.1 (/home/henryshum0/SUAS/install/px4_msgs/share/px4_msgs/cmake)
-- Found px4_ros_com: 0.1.0 (/home/henryshum0/SUAS/install/px4_ros_com/share/px4_ros_com/cmake)
-- Found offboard_control_interfaces: 0.0.0 (/home/henryshum0/SUAS/install/offboard_control_interfaces/share/offboard_control_interfaces/cmake)
-- Could NOT find FFTW (missing: FFTW_INCLUDE_DIRS) 
-- Found ament_lint_auto: 0.12.11 (/opt/ros/humble/share/ament_lint_auto/cmake)
-- Added test 'cppcheck' to perform static code analysis on C / C++ code
-- Configured cppcheck include dirs: /home/henryshum0/SUAS/src/flight_control/include;$<BUILD_INTERFACE:/home/henryshum0/SUAS/src/flight_control/include>
-- Configured cppcheck exclude dirs and/or files: 
-- Added test 'lint_cmake' to check CMake code style
-- Added test 'uncrustify' to check C / C++ code style
-- Configured uncrustify additional arguments: 
-- Added test 'xmllint' to check XML markup files
-- Configuring done
-- Generating done
-- Build files have been written to: /home/henryshum0/SUAS/build/flight_control
[35m[1mConsolidate compiler generated dependencies of target publish_trj_listener[0m
[35m[1mConsolidate compiler generated dependencies of target cmd_ack_listener[0m
[35m[1mConsolidate compiler generated dependencies of target vehicle_pos_listener[0m
[35m[1mConsolidate compiler generated dependencies of target sensor_combined_listener[0m
[35m[1mConsolidate compiler generated dependencies of target nodesoup[0m
[35m[1mConsolidate compiler generated dependencies of target flight_control_lib[0m
[  1%] [32mBuilding CXX object CMakeFiles/user_input.dir/src/user_input.cpp.o[0m
[  3%] [32mBuilding CXX object CMakeFiles/cmd_ack_listener.dir/src/monitoring/cmd_ack_listener.cpp.o[0m
[  4%] [32mBuilding CXX object CMakeFiles/publish_trj_listener.dir/src/monitoring/publish_trj_listener.cpp.o[0m
[  7%] [32mBuilding CXX object matplotplusplus/source/3rd_party/CMakeFiles/nodesoup.dir/nodesoup/src/kamada_kawai.cpp.o[0m
[  7%] [32mBuilding CXX object matplotplusplus/source/3rd_party/CMakeFiles/nodesoup.dir/nodesoup/src/algebra.cpp.o[0m
[  9%] [32mBuilding CXX object CMakeFiles/sensor_combined_listener.dir/src/monitoring/sensors_listener.cpp.o[0m
[ 11%] [32mBuilding CXX object matplotplusplus/source/3rd_party/CMakeFiles/nodesoup.dir/nodesoup/src/fruchterman_reingold.cpp.o[0m
[ 12%] [32mBuilding CXX object CMakeFiles/vehicle_pos_listener.dir/src/monitoring/local_pos_listener.cpp.o[0m
[ 14%] [32mBuilding CXX object matplotplusplus/source/3rd_party/CMakeFiles/nodesoup.dir/nodesoup/src/nodesoup.cpp.o[0m
[ 15%] [32mBuilding CXX object matplotplusplus/source/3rd_party/CMakeFiles/nodesoup.dir/nodesoup/src/layout.cpp.o[0m
[ 19%] [32mBuilding CXX object CMakeFiles/flight_control_lib.dir/src/flight_control/state_subscribers.cpp.o[0m
[ 19%] [32mBuilding CXX object CMakeFiles/flight_control_lib.dir/src/flight_control/control_publishers.cpp.o[0m
[ 20%] [32mBuilding CXX object CMakeFiles/flight_control_lib.dir/src/flight_control/flight_executor.cpp.o[0m
[ 22%] [32mBuilding CXX object CMakeFiles/flight_control_lib.dir/src/vehicle_storage/vehicle_state_storage.cpp.o[0m
[ 23%] [32mBuilding CXX object CMakeFiles/flight_control_lib.dir/src/vehicle_storage/executor_storage.cpp.o[0m
[ 25%] [32mBuilding CXX object CMakeFiles/flight_control_lib.dir/src/lib/frame_conversion.cpp.o[0m
[ 26%] [32m[1mLinking CXX static library libnodesoup.a[0m
[ 26%] Built target nodesoup
[35m[1mConsolidate compiler generated dependencies of target matplot[0m
[ 30%] [32mBuilding CXX object matplotplusplus/source/matplot/CMakeFiles/matplot.dir/backend/backend_interface.cpp.o[0m
[ 30%] [32mBuilding CXX object matplotplusplus/source/matplot/CMakeFiles/matplot.dir/core/axes_type.cpp.o[0m
[ 31%] [32mBuilding CXX object matplotplusplus/source/matplot/CMakeFiles/matplot.dir/backend/backend_registry.cpp.o[0m
[ 33%] [32mBuilding CXX object matplotplusplus/source/matplot/CMakeFiles/matplot.dir/backend/gnuplot.cpp.o[0m
[ 34%] [32mBuilding CXX object matplotplusplus/source/matplot/CMakeFiles/matplot.dir/core/axes_object.cpp.o[0m
[ 36%] [32mBuilding CXX object matplotplusplus/source/matplot/CMakeFiles/matplot.dir/core/axis_type.cpp.o[0m
[ 38%] [32mBuilding CXX object matplotplusplus/source/matplot/CMakeFiles/matplot.dir/core/figure_type.cpp.o[0m
[ 39%] [32mBuilding CXX object matplotplusplus/source/matplot/CMakeFiles/matplot.dir/core/figure_registry.cpp.o[0m
[ 41%] [32mBuilding CXX object matplotplusplus/source/matplot/CMakeFiles/matplot.dir/core/legend.cpp.o[0m
[ 42%] [32mBuilding CXX object matplotplusplus/source/matplot/CMakeFiles/matplot.dir/core/line_spec.cpp.o[0m
[ 44%] [32mBuilding CXX object matplotplusplus/source/matplot/CMakeFiles/matplot.dir/util/colors.cpp.o[0m
[ 46%] [32mBuilding CXX object matplotplusplus/source/matplot/CMakeFiles/matplot.dir/util/common.cpp.o[0m
[ 47%] [32mBuilding CXX object matplotplusplus/source/matplot/CMakeFiles/matplot.dir/util/contourc.cpp.o[0m
[ 49%] [32mBuilding CXX object matplotplusplus/source/matplot/CMakeFiles/matplot.dir/util/popen.cpp.o[0m
[ 50%] [32mBuilding CXX object matplotplusplus/source/matplot/CMakeFiles/matplot.dir/util/world_cities.cpp.o[0m
[ 52%] [32mBuilding CXX object matplotplusplus/source/matplot/CMakeFiles/matplot.dir/util/world_map_10m.cpp.o[0m
[ 53%] [32mBuilding CXX object matplotplusplus/source/matplot/CMakeFiles/matplot.dir/util/world_map_50m.cpp.o[0m
[ 55%] [32m[1mLinking CXX executable user_input[0m
[ 57%] [32mBuilding CXX object matplotplusplus/source/matplot/CMakeFiles/matplot.dir/util/world_map_110m.cpp.o[0m
[ 58%] [32mBuilding CXX object matplotplusplus/source/matplot/CMakeFiles/matplot.dir/axes_objects/bars.cpp.o[0m
[ 60%] [32mBuilding CXX object matplotplusplus/source/matplot/CMakeFiles/matplot.dir/axes_objects/box_chart.cpp.o[0m
[ 61%] [32mBuilding CXX object matplotplusplus/source/matplot/CMakeFiles/matplot.dir/axes_objects/circles.cpp.o[0m
[ 63%] [32mBuilding CXX object matplotplusplus/source/matplot/CMakeFiles/matplot.dir/axes_objects/contours.cpp.o[0m
[ 65%] [32mBuilding CXX object matplotplusplus/source/matplot/CMakeFiles/matplot.dir/axes_objects/error_bar.cpp.o[0m
[ 66%] [32mBuilding CXX object matplotplusplus/source/matplot/CMakeFiles/matplot.dir/axes_objects/filled_area.cpp.o[0m
[ 68%] [32mBuilding CXX object matplotplusplus/source/matplot/CMakeFiles/matplot.dir/axes_objects/function_line.cpp.o[0m
[ 69%] [32mBuilding CXX object matplotplusplus/source/matplot/CMakeFiles/matplot.dir/axes_objects/histogram.cpp.o[0m
[ 71%] [32mBuilding CXX object matplotplusplus/source/matplot/CMakeFiles/matplot.dir/axes_objects/labels.cpp.o[0m
[ 73%] [32mBuilding CXX object matplotplusplus/source/matplot/CMakeFiles/matplot.dir/axes_objects/line.cpp.o[0m
[ 74%] [32mBuilding CXX object matplotplusplus/source/matplot/CMakeFiles/matplot.dir/axes_objects/matrix.cpp.o[0m
[ 76%] [32mBuilding CXX object matplotplusplus/source/matplot/CMakeFiles/matplot.dir/axes_objects/network.cpp.o[0m
[ 77%] [32mBuilding CXX object matplotplusplus/source/matplot/CMakeFiles/matplot.dir/axes_objects/parallel_lines.cpp.o[0m
[ 79%] [32mBuilding CXX object matplotplusplus/source/matplot/CMakeFiles/matplot.dir/axes_objects/stair.cpp.o[0m
[ 80%] [32mBuilding CXX object matplotplusplus/source/matplot/CMakeFiles/matplot.dir/axes_objects/string_function.cpp.o[0m
[ 82%] [32mBuilding CXX object matplotplusplus/source/matplot/CMakeFiles/matplot.dir/axes_objects/surface.cpp.o[0m
[ 84%] [32mBuilding CXX object matplotplusplus/source/matplot/CMakeFiles/matplot.dir/axes_objects/vectors.cpp.o[0m
[ 85%] [32mBuilding CXX object matplotplusplus/source/matplot/CMakeFiles/matplot.dir/freestanding/axes_functions.cpp.o[0m
[ 87%] [32mBuilding CXX object matplotplusplus/source/matplot/CMakeFiles/matplot.dir/freestanding/histcounts.cpp.o[0m
[ 88%] [32m[1mLinking CXX executable cmd_ack_listener[0m
[ 90%] [32m[1mLinking CXX executable publish_trj_listener[0m
[ 92%] [32m[1mLinking CXX executable sensor_combined_listener[0m
[ 92%] Built target cmd_ack_listener
[ 92%] Built target publish_trj_listener
[ 93%] [32m[1mLinking CXX shared library libmatplot.so[0m
[ 93%] Built target sensor_combined_listener
[ 95%] [32m[1mLinking CXX executable vehicle_pos_listener[0m
[ 95%] Built target vehicle_pos_listener
[ 95%] Built target matplot
[ 96%] [32m[1mLinking CXX shared library libflight_control_lib.so[0m
[ 96%] Built target flight_control_lib
