[0.079s] Invoking command in '/home/henryshum0/SUAS/build/flight_control': CMAKE_PREFIX_PATH=/home/henryshum0/SUAS/install/px4_ros_com:/home/henryshum0/SUAS/install/px4_msgs:/home/henryshum0/SUAS/install/offboard_control_interfaces:/home/henryshum0/SUAS/install/flight_control:/opt/ros/humble LD_LIBRARY_PATH=/home/henryshum0/SUAS/install/px4_ros_com/lib:/home/henryshum0/SUAS/install/px4_msgs/lib:/home/henryshum0/SUAS/install/offboard_control_interfaces/lib:/home/henryshum0/SUAS/install/flight_control/lib:/opt/ros/humble/opt/rviz_ogre_vendor/lib:/opt/ros/humble/lib/x86_64-linux-gnu:/opt/ros/humble/lib /usr/bin/cmake --build /home/henryshum0/SUAS/build/flight_control -- -j16 -l16
[0.098s] -- Found ament_cmake: 1.3.11 (/opt/ros/humble/share/ament_cmake/cmake)
[0.190s] -- Found rclcpp: 16.0.11 (/opt/ros/humble/share/rclcpp/cmake)
[0.264s] -- Found rosidl_generator_c: 3.1.6 (/opt/ros/humble/share/rosidl_generator_c/cmake)
[0.265s] -- Found rosidl_adapter: 3.1.6 (/opt/ros/humble/share/rosidl_adapter/cmake)
[0.269s] -- Found rosidl_generator_cpp: 3.1.6 (/opt/ros/humble/share/rosidl_generator_cpp/cmake)
[0.275s] -- Using all available rosidl_typesupport_c: rosidl_typesupport_fastrtps_c;rosidl_typesupport_introspection_c
[0.282s] -- Using all available rosidl_typesupport_cpp: rosidl_typesupport_fastrtps_cpp;rosidl_typesupport_introspection_cpp
[0.312s] -- Found rmw_implementation_cmake: 6.1.2 (/opt/ros/humble/share/rmw_implementation_cmake/cmake)
[0.314s] -- Found rmw_fastrtps_cpp: 6.2.7 (/opt/ros/humble/share/rmw_fastrtps_cpp/cmake)
[2.031s] -- Using RMW implementation 'rmw_fastrtps_cpp' as default
[2.079s] -- Found px4_msgs: 2.0.1 (/home/henryshum0/SUAS/install/px4_msgs/share/px4_msgs/cmake)
[2.090s] -- Found px4_ros_com: 0.1.0 (/home/henryshum0/SUAS/install/px4_ros_com/share/px4_ros_com/cmake)
[2.125s] -- Found offboard_control_interfaces: 0.0.0 (/home/henryshum0/SUAS/install/offboard_control_interfaces/share/offboard_control_interfaces/cmake)
[6.277s] -- Could NOT find FFTW (missing: FFTW_INCLUDE_DIRS) 
[6.283s] [0mSetting matplotplusplus compiler options[0m
[6.288s] -- Found ament_lint_auto: 0.12.11 (/opt/ros/humble/share/ament_lint_auto/cmake)
[6.413s] -- Added test 'cppcheck' to perform static code analysis on C / C++ code
[6.413s] -- Configured cppcheck include dirs: /home/henryshum0/SUAS/src/flight_control/include;$<BUILD_INTERFACE:/home/henryshum0/SUAS/src/flight_control/include>
[6.413s] -- Configured cppcheck exclude dirs and/or files: 
[6.424s] -- Added test 'lint_cmake' to check CMake code style
[6.456s] -- Added test 'uncrustify' to check C / C++ code style
[6.456s] -- Configured uncrustify additional arguments: 
[6.459s] -- Added test 'xmllint' to check XML markup files
[6.461s] -- Configuring done
[6.507s] -- Generating done
[6.517s] -- Build files have been written to: /home/henryshum0/SUAS/build/flight_control
[6.538s] [35m[1mConsolidate compiler generated dependencies of target publish_trj_listener[0m
[6.538s] [35m[1mConsolidate compiler generated dependencies of target cmd_ack_listener[0m
[6.538s] [35m[1mConsolidate compiler generated dependencies of target vehicle_pos_listener[0m
[6.539s] [35m[1mConsolidate compiler generated dependencies of target sensor_combined_listener[0m
[6.541s] [35m[1mConsolidate compiler generated dependencies of target nodesoup[0m
[6.542s] [35m[1mConsolidate compiler generated dependencies of target flight_control_lib[0m
[6.543s] [  1%] [32mBuilding CXX object CMakeFiles/user_input.dir/src/user_input.cpp.o[0m
[6.551s] [  3%] [32mBuilding CXX object CMakeFiles/cmd_ack_listener.dir/src/monitoring/cmd_ack_listener.cpp.o[0m
[6.552s] [  4%] [32mBuilding CXX object CMakeFiles/publish_trj_listener.dir/src/monitoring/publish_trj_listener.cpp.o[0m
[6.552s] [  7%] [32mBuilding CXX object matplotplusplus/source/3rd_party/CMakeFiles/nodesoup.dir/nodesoup/src/kamada_kawai.cpp.o[0m
[6.553s] [  7%] [32mBuilding CXX object matplotplusplus/source/3rd_party/CMakeFiles/nodesoup.dir/nodesoup/src/algebra.cpp.o[0m
[6.553s] [  9%] [32mBuilding CXX object CMakeFiles/sensor_combined_listener.dir/src/monitoring/sensors_listener.cpp.o[0m
[6.553s] [ 11%] [32mBuilding CXX object matplotplusplus/source/3rd_party/CMakeFiles/nodesoup.dir/nodesoup/src/fruchterman_reingold.cpp.o[0m
[6.555s] [ 12%] [32mBuilding CXX object CMakeFiles/vehicle_pos_listener.dir/src/monitoring/local_pos_listener.cpp.o[0m
[6.556s] [ 14%] [32mBuilding CXX object matplotplusplus/source/3rd_party/CMakeFiles/nodesoup.dir/nodesoup/src/nodesoup.cpp.o[0m
[6.556s] [ 15%] [32mBuilding CXX object matplotplusplus/source/3rd_party/CMakeFiles/nodesoup.dir/nodesoup/src/layout.cpp.o[0m
[6.565s] [ 19%] [32mBuilding CXX object CMakeFiles/flight_control_lib.dir/src/flight_control/state_subscribers.cpp.o[0m
[6.565s] [ 19%] [32mBuilding CXX object CMakeFiles/flight_control_lib.dir/src/flight_control/control_publishers.cpp.o[0m
[6.574s] [ 20%] [32mBuilding CXX object CMakeFiles/flight_control_lib.dir/src/flight_control/flight_executor.cpp.o[0m
[6.590s] [ 22%] [32mBuilding CXX object CMakeFiles/flight_control_lib.dir/src/vehicle_storage/vehicle_state_storage.cpp.o[0m
[6.599s] [ 23%] [32mBuilding CXX object CMakeFiles/flight_control_lib.dir/src/vehicle_storage/executor_storage.cpp.o[0m
[6.605s] [ 25%] [32mBuilding CXX object CMakeFiles/flight_control_lib.dir/src/lib/frame_conversion.cpp.o[0m
[7.252s] [ 26%] [32m[1mLinking CXX static library libnodesoup.a[0m
[7.322s] [ 26%] Built target nodesoup
[7.361s] [35m[1mConsolidate compiler generated dependencies of target matplot[0m
[7.408s] [ 30%] [32mBuilding CXX object matplotplusplus/source/matplot/CMakeFiles/matplot.dir/backend/backend_interface.cpp.o[0m
[7.408s] [ 30%] [32mBuilding CXX object matplotplusplus/source/matplot/CMakeFiles/matplot.dir/core/axes_type.cpp.o[0m
[7.408s] [ 31%] [32mBuilding CXX object matplotplusplus/source/matplot/CMakeFiles/matplot.dir/backend/backend_registry.cpp.o[0m
[7.409s] [ 33%] [32mBuilding CXX object matplotplusplus/source/matplot/CMakeFiles/matplot.dir/backend/gnuplot.cpp.o[0m
[7.417s] [ 34%] [32mBuilding CXX object matplotplusplus/source/matplot/CMakeFiles/matplot.dir/core/axes_object.cpp.o[0m
[8.204s] [ 36%] [32mBuilding CXX object matplotplusplus/source/matplot/CMakeFiles/matplot.dir/core/axis_type.cpp.o[0m
[8.422s] [ 38%] [32mBuilding CXX object matplotplusplus/source/matplot/CMakeFiles/matplot.dir/core/figure_type.cpp.o[0m
[8.564s] [ 39%] [32mBuilding CXX object matplotplusplus/source/matplot/CMakeFiles/matplot.dir/core/figure_registry.cpp.o[0m
[8.609s] [ 41%] [32mBuilding CXX object matplotplusplus/source/matplot/CMakeFiles/matplot.dir/core/legend.cpp.o[0m
[8.752s] [ 42%] [32mBuilding CXX object matplotplusplus/source/matplot/CMakeFiles/matplot.dir/core/line_spec.cpp.o[0m
[9.318s] [ 44%] [32mBuilding CXX object matplotplusplus/source/matplot/CMakeFiles/matplot.dir/util/colors.cpp.o[0m
[9.629s] [ 46%] [32mBuilding CXX object matplotplusplus/source/matplot/CMakeFiles/matplot.dir/util/common.cpp.o[0m
[9.868s] [ 47%] [32mBuilding CXX object matplotplusplus/source/matplot/CMakeFiles/matplot.dir/util/contourc.cpp.o[0m
[10.305s] [ 49%] [32mBuilding CXX object matplotplusplus/source/matplot/CMakeFiles/matplot.dir/util/popen.cpp.o[0m
[10.404s] [ 50%] [32mBuilding CXX object matplotplusplus/source/matplot/CMakeFiles/matplot.dir/util/world_cities.cpp.o[0m
[10.809s] [ 52%] [32mBuilding CXX object matplotplusplus/source/matplot/CMakeFiles/matplot.dir/util/world_map_10m.cpp.o[0m
[10.865s] [ 53%] [32mBuilding CXX object matplotplusplus/source/matplot/CMakeFiles/matplot.dir/util/world_map_50m.cpp.o[0m
[11.733s] [ 55%] [32m[1mLinking CXX executable user_input[0m
[11.802s] [ 57%] [32mBuilding CXX object matplotplusplus/source/matplot/CMakeFiles/matplot.dir/util/world_map_110m.cpp.o[0m
[11.820s] [ 58%] [32mBuilding CXX object matplotplusplus/source/matplot/CMakeFiles/matplot.dir/axes_objects/bars.cpp.o[0m
[12.032s] /usr/bin/ld: /usr/lib/gcc/x86_64-linux-gnu/11/../../../x86_64-linux-gnu/Scrt1.o: in function `_start':
[12.032s] (.text+0x1b): undefined reference to `main'
[12.048s] collect2: error: ld returned 1 exit status
[12.048s] gmake[2]: *** [CMakeFiles/user_input.dir/build.make:159: user_input] Error 1
[12.048s] gmake[1]: *** [CMakeFiles/Makefile2:266: CMakeFiles/user_input.dir/all] Error 2
[12.048s] gmake[1]: *** Waiting for unfinished jobs....
[12.078s] [ 60%] [32mBuilding CXX object matplotplusplus/source/matplot/CMakeFiles/matplot.dir/axes_objects/box_chart.cpp.o[0m
[12.262s] [ 61%] [32mBuilding CXX object matplotplusplus/source/matplot/CMakeFiles/matplot.dir/axes_objects/circles.cpp.o[0m
[12.338s] [ 63%] [32mBuilding CXX object matplotplusplus/source/matplot/CMakeFiles/matplot.dir/axes_objects/contours.cpp.o[0m
[12.461s] [ 65%] [32mBuilding CXX object matplotplusplus/source/matplot/CMakeFiles/matplot.dir/axes_objects/error_bar.cpp.o[0m
[12.721s] [ 66%] [32mBuilding CXX object matplotplusplus/source/matplot/CMakeFiles/matplot.dir/axes_objects/filled_area.cpp.o[0m
[13.661s] [ 68%] [32mBuilding CXX object matplotplusplus/source/matplot/CMakeFiles/matplot.dir/axes_objects/function_line.cpp.o[0m
[13.801s] [ 69%] [32mBuilding CXX object matplotplusplus/source/matplot/CMakeFiles/matplot.dir/axes_objects/histogram.cpp.o[0m
[13.980s] [ 71%] [32mBuilding CXX object matplotplusplus/source/matplot/CMakeFiles/matplot.dir/axes_objects/labels.cpp.o[0m
[14.083s] [ 73%] [32mBuilding CXX object matplotplusplus/source/matplot/CMakeFiles/matplot.dir/axes_objects/line.cpp.o[0m
[14.407s] [ 74%] [32mBuilding CXX object matplotplusplus/source/matplot/CMakeFiles/matplot.dir/axes_objects/matrix.cpp.o[0m
[14.444s] [ 76%] [32mBuilding CXX object matplotplusplus/source/matplot/CMakeFiles/matplot.dir/axes_objects/network.cpp.o[0m
[15.808s] [ 77%] [32mBuilding CXX object matplotplusplus/source/matplot/CMakeFiles/matplot.dir/axes_objects/parallel_lines.cpp.o[0m
[15.886s] [ 79%] [32mBuilding CXX object matplotplusplus/source/matplot/CMakeFiles/matplot.dir/axes_objects/stair.cpp.o[0m
[16.013s] [ 80%] [32mBuilding CXX object matplotplusplus/source/matplot/CMakeFiles/matplot.dir/axes_objects/string_function.cpp.o[0m
[16.354s] [ 82%] [32mBuilding CXX object matplotplusplus/source/matplot/CMakeFiles/matplot.dir/axes_objects/surface.cpp.o[0m
[16.561s] [ 84%] [32mBuilding CXX object matplotplusplus/source/matplot/CMakeFiles/matplot.dir/axes_objects/vectors.cpp.o[0m
[16.767s] [ 85%] [32mBuilding CXX object matplotplusplus/source/matplot/CMakeFiles/matplot.dir/freestanding/axes_functions.cpp.o[0m
[17.068s] [ 87%] [32mBuilding CXX object matplotplusplus/source/matplot/CMakeFiles/matplot.dir/freestanding/histcounts.cpp.o[0m
[19.597s] [ 88%] [32m[1mLinking CXX executable cmd_ack_listener[0m
[19.653s] [ 90%] [32m[1mLinking CXX executable publish_trj_listener[0m
[19.740s] [ 92%] [32m[1mLinking CXX executable sensor_combined_listener[0m
[20.040s] [ 92%] Built target cmd_ack_listener
[20.049s] [ 92%] Built target publish_trj_listener
[20.085s] [ 93%] [32m[1mLinking CXX shared library libmatplot.so[0m
[20.096s] [ 93%] Built target sensor_combined_listener
[20.205s] [ 95%] [32m[1mLinking CXX executable vehicle_pos_listener[0m
[20.501s] [ 95%] Built target vehicle_pos_listener
[20.721s] [ 95%] Built target matplot
[25.657s] [ 96%] [32m[1mLinking CXX shared library libflight_control_lib.so[0m
[26.329s] [ 96%] Built target flight_control_lib
[26.330s] gmake: *** [Makefile:146: all] Error 2
[26.332s] Invoked command in '/home/henryshum0/SUAS/build/flight_control' returned '2': CMAKE_PREFIX_PATH=/home/henryshum0/SUAS/install/px4_ros_com:/home/henryshum0/SUAS/install/px4_msgs:/home/henryshum0/SUAS/install/offboard_control_interfaces:/home/henryshum0/SUAS/install/flight_control:/opt/ros/humble LD_LIBRARY_PATH=/home/henryshum0/SUAS/install/px4_ros_com/lib:/home/henryshum0/SUAS/install/px4_msgs/lib:/home/henryshum0/SUAS/install/offboard_control_interfaces/lib:/home/henryshum0/SUAS/install/flight_control/lib:/opt/ros/humble/opt/rviz_ogre_vendor/lib:/opt/ros/humble/lib/x86_64-linux-gnu:/opt/ros/humble/lib /usr/bin/cmake --build /home/henryshum0/SUAS/build/flight_control -- -j16 -l16
