[0.056s] Invoking command in '/home/henryshum0/SUAS/build/flight_control': CMAKE_PREFIX_PATH=/home/henryshum0/SUAS/install/px4_ros_com:/home/henryshum0/SUAS/install/px4_msgs:/home/henryshum0/SUAS/install/flight_control:/opt/ros/humble LD_LIBRARY_PATH=/home/henryshum0/SUAS/install/px4_ros_com/lib:/home/henryshum0/SUAS/install/px4_msgs/lib:/home/henryshum0/SUAS/install/flight_control/lib:/opt/ros/humble/opt/rviz_ogre_vendor/lib:/opt/ros/humble/lib/x86_64-linux-gnu:/opt/ros/humble/lib /usr/bin/cmake --build /home/henryshum0/SUAS/build/flight_control -- -j16 -l16
[0.098s] -- Found ament_cmake: 1.3.11 (/opt/ros/humble/share/ament_cmake/cmake)
[0.194s] -- Found rclcpp: 16.0.11 (/opt/ros/humble/share/rclcpp/cmake)
[0.289s] -- Found rosidl_generator_c: 3.1.6 (/opt/ros/humble/share/rosidl_generator_c/cmake)
[0.292s] -- Found rosidl_adapter: 3.1.6 (/opt/ros/humble/share/rosidl_adapter/cmake)
[0.300s] -- Found rosidl_generator_cpp: 3.1.6 (/opt/ros/humble/share/rosidl_generator_cpp/cmake)
[0.311s] -- Using all available rosidl_typesupport_c: rosidl_typesupport_fastrtps_c;rosidl_typesupport_introspection_c
[0.325s] -- Using all available rosidl_typesupport_cpp: rosidl_typesupport_fastrtps_cpp;rosidl_typesupport_introspection_cpp
[0.364s] -- Found rmw_implementation_cmake: 6.1.2 (/opt/ros/humble/share/rmw_implementation_cmake/cmake)
[0.366s] -- Found rmw_fastrtps_cpp: 6.2.7 (/opt/ros/humble/share/rmw_fastrtps_cpp/cmake)
[2.028s] -- Using RMW implementation 'rmw_fastrtps_cpp' as default
[2.073s] -- Found px4_msgs: 2.0.1 (/home/henryshum0/SUAS/install/px4_msgs/share/px4_msgs/cmake)
[2.083s] -- Found px4_ros_com: 0.1.0 (/home/henryshum0/SUAS/install/px4_ros_com/share/px4_ros_com/cmake)
[2.118s] -- Found ament_lint_auto: 0.12.11 (/opt/ros/humble/share/ament_lint_auto/cmake)
[2.163s] -- Added test 'cppcheck' to perform static code analysis on C / C++ code
[2.163s] -- Configured cppcheck include dirs: /home/henryshum0/SUAS/src/flight_control/include;$<BUILD_INTERFACE:/home/henryshum0/SUAS/src/flight_control/include>
[2.163s] -- Configured cppcheck exclude dirs and/or files: 
[2.164s] -- Added test 'lint_cmake' to check CMake code style
[2.164s] -- Added test 'uncrustify' to check C / C++ code style
[2.164s] -- Configured uncrustify additional arguments: 
[2.165s] -- Added test 'xmllint' to check XML markup files
[2.166s] -- Configuring done
[2.180s] -- Generating done
[2.184s] -- Build files have been written to: /home/henryshum0/SUAS/build/flight_control
[2.202s] [35m[1mConsolidate compiler generated dependencies of target flight_control_lib[0m
[2.215s] [ 11%] [32mBuilding CXX object CMakeFiles/flight_control_lib.dir/src/flight_control/control_publishers.cpp.o[0m
[2.215s] [ 22%] [32mBuilding CXX object CMakeFiles/flight_control_lib.dir/src/flight_control/state_subscribers.cpp.o[0m
[2.216s] [ 33%] [32mBuilding CXX object CMakeFiles/flight_control_lib.dir/src/flight_control/flight_executor.cpp.o[0m
[10.264s] [ 44%] [32m[1mLinking CXX shared library libflight_control_lib.so[0m
[10.798s] [ 77%] Built target flight_control_lib
[10.804s] [35m[1mConsolidate compiler generated dependencies of target offboard_controller[0m
[10.814s] [ 88%] [32mBuilding CXX object CMakeFiles/offboard_controller.dir/src/main.cpp.o[0m
[12.693s] In file included from [01m[K/usr/include/x86_64-linux-gnu/c++/11/bits/c++allocator.h:33[m[K,
[12.693s]                  from [01m[K/usr/include/c++/11/bits/allocator.h:46[m[K,
[12.693s]                  from [01m[K/usr/include/c++/11/memory:64[m[K,
[12.693s]                  from [01m[K/opt/ros/humble/include/rclcpp/rclcpp/rclcpp.hpp:153[m[K,
[12.693s]                  from [01m[K/home/henryshum0/SUAS/src/flight_control/include/flight_control/control_publishers.hpp:4[m[K,
[12.693s]                  from [01m[K/home/henryshum0/SUAS/src/flight_control/src/main.cpp:1[m[K:
[12.693s] /usr/include/c++/11/ext/new_allocator.h: In instantiation of ‘[01m[Kvoid __gnu_cxx::new_allocator<_Tp>::construct(_Up*, _Args&& ...) [with _Up = ControlPublisher; _Args = {std::shared_ptr<VehicleState>&, std::shared_ptr<ExecutorCommand>&}; _Tp = ControlPublisher][m[K’:
[12.693s] [01m[K/usr/include/c++/11/bits/alloc_traits.h:516:17:[m[K   required from ‘[01m[Kstatic void std::allocator_traits<std::allocator<_Tp1> >::construct(std::allocator_traits<std::allocator<_Tp1> >::allocator_type&, _Up*, _Args&& ...) [with _Up = ControlPublisher; _Args = {std::shared_ptr<VehicleState>&, std::shared_ptr<ExecutorCommand>&}; _Tp = ControlPublisher; std::allocator_traits<std::allocator<_Tp1> >::allocator_type = std::allocator<ControlPublisher>][m[K’
[12.693s] [01m[K/usr/include/c++/11/bits/shared_ptr_base.h:519:39:[m[K   required from ‘[01m[Kstd::_Sp_counted_ptr_inplace<_Tp, _Alloc, _Lp>::_Sp_counted_ptr_inplace(_Alloc, _Args&& ...) [with _Args = {std::shared_ptr<VehicleState>&, std::shared_ptr<ExecutorCommand>&}; _Tp = ControlPublisher; _Alloc = std::allocator<ControlPublisher>; __gnu_cxx::_Lock_policy _Lp = __gnu_cxx::_S_atomic][m[K’
[12.693s] [01m[K/usr/include/c++/11/bits/shared_ptr_base.h:650:16:[m[K   required from ‘[01m[Kstd::__shared_count<_Lp>::__shared_count(_Tp*&, std::_Sp_alloc_shared_tag<_Alloc>, _Args&& ...) [with _Tp = ControlPublisher; _Alloc = std::allocator<ControlPublisher>; _Args = {std::shared_ptr<VehicleState>&, std::shared_ptr<ExecutorCommand>&}; __gnu_cxx::_Lock_policy _Lp = __gnu_cxx::_S_atomic][m[K’
[12.693s] [01m[K/usr/include/c++/11/bits/shared_ptr_base.h:1342:14:[m[K   required from ‘[01m[Kstd::__shared_ptr<_Tp, _Lp>::__shared_ptr(std::_Sp_alloc_shared_tag<_Tp>, _Args&& ...) [with _Alloc = std::allocator<ControlPublisher>; _Args = {std::shared_ptr<VehicleState>&, std::shared_ptr<ExecutorCommand>&}; _Tp = ControlPublisher; __gnu_cxx::_Lock_policy _Lp = __gnu_cxx::_S_atomic][m[K’
[12.693s] [01m[K/usr/include/c++/11/bits/shared_ptr.h:409:59:[m[K   required from ‘[01m[Kstd::shared_ptr<_Tp>::shared_ptr(std::_Sp_alloc_shared_tag<_Tp>, _Args&& ...) [with _Alloc = std::allocator<ControlPublisher>; _Args = {std::shared_ptr<VehicleState>&, std::shared_ptr<ExecutorCommand>&}; _Tp = ControlPublisher][m[K’
[12.693s] [01m[K/usr/include/c++/11/bits/shared_ptr.h:862:14:[m[K   required from ‘[01m[Kstd::shared_ptr<_Tp> std::allocate_shared(const _Alloc&, _Args&& ...) [with _Tp = ControlPublisher; _Alloc = std::allocator<ControlPublisher>; _Args = {std::shared_ptr<VehicleState>&, std::shared_ptr<ExecutorCommand>&}][m[K’
[12.693s] [01m[K/usr/include/c++/11/bits/shared_ptr.h:878:39:[m[K   required from ‘[01m[Kstd::shared_ptr<_Tp> std::make_shared(_Args&& ...) [with _Tp = ControlPublisher; _Args = {std::shared_ptr<VehicleState>&, std::shared_ptr<ExecutorCommand>&}][m[K’
[12.693s] [01m[K/home/henryshum0/SUAS/src/flight_control/src/main.cpp:19:65:[m[K   required from here
[12.693s] [01m[K/usr/include/c++/11/ext/new_allocator.h:162:11:[m[K [01;31m[Kerror: [m[Kno matching function for call to ‘[01m[KControlPublisher::ControlPublisher(std::shared_ptr<VehicleState>&, std::shared_ptr<ExecutorCommand>&)[m[K’
[12.693s]   162 |         { [01;31m[K::new((void *)__p) _Up(std::forward<_Args>(__args)...)[m[K; }
[12.693s]       |           [01;31m[K^~~~~~~~~~~~~~~~~~~~~~~~~~~~~~~~~~~~~~~~~~~~~~~~~~~~~~[m[K
[12.693s] In file included from [01m[K/home/henryshum0/SUAS/src/flight_control/src/main.cpp:1[m[K:
[12.693s] [01m[K/home/henryshum0/SUAS/src/flight_control/include/flight_control/control_publishers.hpp:23:5:[m[K [01;36m[Knote: [m[Kcandidate: ‘[01m[KControlPublisher::ControlPublisher(std::shared_ptr<ExecutorCommand>, std::shared_ptr<VehicleState>)[m[K’
[12.693s]    23 |     [01;36m[KControlPublisher[m[K(std::shared_ptr<ExecutorCommand> executor_command, std::shared_ptr<VehicleState> vehicle_state);
[12.693s]       |     [01;36m[K^~~~~~~~~~~~~~~~[m[K
[12.693s] [01m[K/home/henryshum0/SUAS/src/flight_control/include/flight_control/control_publishers.hpp:23:55:[m[K [01;36m[Knote: [m[K  no known conversion for argument 1 from ‘[01m[Kshared_ptr<[01;32m[KVehicleState[m[K>[m[K’ to ‘[01m[Kshared_ptr<[01;32m[KExecutorCommand[m[K>[m[K’
[12.693s]    23 |     ControlPublisher([01;36m[Kstd::shared_ptr<ExecutorCommand> executor_command[m[K, std::shared_ptr<VehicleState> vehicle_state);
[12.693s]       |                      [01;36m[K~~~~~~~~~~~~~~~~~~~~~~~~~~~~~~~~~^~~~~~~~~~~~~~~~[m[K
[12.737s] gmake[2]: *** [CMakeFiles/offboard_controller.dir/build.make:76: CMakeFiles/offboard_controller.dir/src/main.cpp.o] Error 1
[12.737s] gmake[1]: *** [CMakeFiles/Makefile2:165: CMakeFiles/offboard_controller.dir/all] Error 2
[12.737s] gmake: *** [Makefile:146: all] Error 2
[12.739s] Invoked command in '/home/henryshum0/SUAS/build/flight_control' returned '2': CMAKE_PREFIX_PATH=/home/henryshum0/SUAS/install/px4_ros_com:/home/henryshum0/SUAS/install/px4_msgs:/home/henryshum0/SUAS/install/flight_control:/opt/ros/humble LD_LIBRARY_PATH=/home/henryshum0/SUAS/install/px4_ros_com/lib:/home/henryshum0/SUAS/install/px4_msgs/lib:/home/henryshum0/SUAS/install/flight_control/lib:/opt/ros/humble/opt/rviz_ogre_vendor/lib:/opt/ros/humble/lib/x86_64-linux-gnu:/opt/ros/humble/lib /usr/bin/cmake --build /home/henryshum0/SUAS/build/flight_control -- -j16 -l16
