[0.012s] Invoking command in '/home/henryshum0/SUAS/build/flight_control': CMAKE_PREFIX_PATH=/opt/ros/humble /usr/bin/cmake --build /home/henryshum0/SUAS/build/flight_control -- -j16 -l16
[0.026s] -- Found ament_cmake: 1.3.11 (/opt/ros/humble/share/ament_cmake/cmake)
[0.108s] -- Found rclcpp: 16.0.11 (/opt/ros/humble/share/rclcpp/cmake)
[0.189s] -- Found rosidl_generator_c: 3.1.6 (/opt/ros/humble/share/rosidl_generator_c/cmake)
[0.190s] -- Found rosidl_adapter: 3.1.6 (/opt/ros/humble/share/rosidl_adapter/cmake)
[0.194s] -- Found rosidl_generator_cpp: 3.1.6 (/opt/ros/humble/share/rosidl_generator_cpp/cmake)
[0.201s] -- Using all available rosidl_typesupport_c: rosidl_typesupport_fastrtps_c;rosidl_typesupport_introspection_c
[0.211s] -- Using all available rosidl_typesupport_cpp: rosidl_typesupport_fastrtps_cpp;rosidl_typesupport_introspection_cpp
[0.231s] -- Found rmw_implementation_cmake: 6.1.2 (/opt/ros/humble/share/rmw_implementation_cmake/cmake)
[0.232s] -- Found rmw_fastrtps_cpp: 6.2.7 (/opt/ros/humble/share/rmw_fastrtps_cpp/cmake)
[2.936s] -- Using RMW implementation 'rmw_fastrtps_cpp' as default
[2.967s] -- Found eigen3_cmake_module: 0.1.1 (/opt/ros/humble/share/eigen3_cmake_module/cmake)
[2.970s] -- Found ament_lint_auto: 0.12.11 (/opt/ros/humble/share/ament_lint_auto/cmake)
[3.014s] -- Added test 'cppcheck' to perform static code analysis on C / C++ code
[3.014s] -- Configured cppcheck include dirs: /home/henryshum0/SUAS/src/flight_control/include;$<BUILD_INTERFACE:/home/henryshum0/SUAS/src/flight_control/include/flight_control>
[3.014s] -- Configured cppcheck exclude dirs and/or files: 
[3.015s] -- Added test 'lint_cmake' to check CMake code style
[3.016s] -- Added test 'uncrustify' to check C / C++ code style
[3.016s] -- Configured uncrustify additional arguments: 
[3.016s] -- Added test 'xmllint' to check XML markup files
[3.017s] -- Configuring done
[3.023s] -- Generating done
[3.025s] -- Build files have been written to: /home/henryshum0/SUAS/build/flight_control
[3.042s] [35m[1mConsolidate compiler generated dependencies of target frame_conversion[0m
[3.052s] [ 50%] Built target frame_conversion
[3.057s] [35m[1mConsolidate compiler generated dependencies of target test_functions[0m
[3.067s] [100%] Built target test_functions
[3.074s] Invoked command in '/home/henryshum0/SUAS/build/flight_control' returned '0': CMAKE_PREFIX_PATH=/opt/ros/humble /usr/bin/cmake --build /home/henryshum0/SUAS/build/flight_control -- -j16 -l16
[3.075s] Invoking command in '/home/henryshum0/SUAS/build/flight_control': CMAKE_PREFIX_PATH=/opt/ros/humble /usr/bin/cmake --install /home/henryshum0/SUAS/build/flight_control
[3.081s] -- Install configuration: ""
[3.081s] -- Up-to-date: /home/henryshum0/SUAS/install/flight_control/lib/flight_control/test_functions
[3.081s] -- Installing: /home/henryshum0/SUAS/install/flight_control/share/flight_control/environment/library_path.sh
[3.081s] -- Installing: /home/henryshum0/SUAS/install/flight_control/share/flight_control/environment/library_path.dsv
[3.081s] -- Up-to-date: /home/henryshum0/SUAS/install/flight_control/include/flight_control
[3.081s] -- Up-to-date: /home/henryshum0/SUAS/install/flight_control/include/flight_control/frame_conversion.hpp
[3.081s] -- Up-to-date: /home/henryshum0/SUAS/install/flight_control/lib/libframe_conversion.so
[3.082s] -- Up-to-date: /home/henryshum0/SUAS/install/flight_control/share/ament_index/resource_index/package_run_dependencies/flight_control
[3.082s] -- Up-to-date: /home/henryshum0/SUAS/install/flight_control/share/ament_index/resource_index/parent_prefix_path/flight_control
[3.082s] -- Up-to-date: /home/henryshum0/SUAS/install/flight_control/share/flight_control/environment/ament_prefix_path.sh
[3.082s] -- Installing: /home/henryshum0/SUAS/install/flight_control/share/flight_control/environment/ament_prefix_path.dsv
[3.082s] -- Up-to-date: /home/henryshum0/SUAS/install/flight_control/share/flight_control/environment/path.sh
[3.082s] -- Installing: /home/henryshum0/SUAS/install/flight_control/share/flight_control/environment/path.dsv
[3.082s] -- Up-to-date: /home/henryshum0/SUAS/install/flight_control/share/flight_control/local_setup.bash
[3.082s] -- Installing: /home/henryshum0/SUAS/install/flight_control/share/flight_control/local_setup.sh
[3.082s] -- Up-to-date: /home/henryshum0/SUAS/install/flight_control/share/flight_control/local_setup.zsh
[3.082s] -- Installing: /home/henryshum0/SUAS/install/flight_control/share/flight_control/local_setup.dsv
[3.082s] -- Installing: /home/henryshum0/SUAS/install/flight_control/share/flight_control/package.dsv
[3.083s] -- Up-to-date: /home/henryshum0/SUAS/install/flight_control/share/ament_index/resource_index/packages/flight_control
[3.083s] -- Installing: /home/henryshum0/SUAS/install/flight_control/share/flight_control/cmake/export_frame_conversionExport.cmake
[3.083s] -- Installing: /home/henryshum0/SUAS/install/flight_control/share/flight_control/cmake/export_frame_conversionExport-noconfig.cmake
[3.083s] -- Installing: /home/henryshum0/SUAS/install/flight_control/share/flight_control/cmake/ament_cmake_export_targets-extras.cmake
[3.083s] -- Installing: /home/henryshum0/SUAS/install/flight_control/share/flight_control/cmake/ament_cmake_export_include_directories-extras.cmake
[3.083s] -- Installing: /home/henryshum0/SUAS/install/flight_control/share/flight_control/cmake/ament_cmake_export_libraries-extras.cmake
[3.083s] -- Installing: /home/henryshum0/SUAS/install/flight_control/share/flight_control/cmake/flight_controlConfig.cmake
[3.083s] -- Up-to-date: /home/henryshum0/SUAS/install/flight_control/share/flight_control/cmake/flight_controlConfig-version.cmake
[3.083s] -- Up-to-date: /home/henryshum0/SUAS/install/flight_control/share/flight_control/package.xml
[3.085s] Invoked command in '/home/henryshum0/SUAS/build/flight_control' returned '0': CMAKE_PREFIX_PATH=/opt/ros/humble /usr/bin/cmake --install /home/henryshum0/SUAS/build/flight_control
