[0.071s] Invoking command in '/home/henryshum0/SUAS/build/flight_control': CMAKE_PREFIX_PATH=/home/henryshum0/SUAS/install/px4_ros_com:/home/henryshum0/SUAS/install/px4_msgs:/home/henryshum0/SUAS/install/flight_control:/opt/ros/humble LD_LIBRARY_PATH=/home/henryshum0/SUAS/install/px4_ros_com/lib:/home/henryshum0/SUAS/install/px4_msgs/lib:/home/henryshum0/SUAS/install/flight_control/lib:/opt/ros/humble/opt/rviz_ogre_vendor/lib:/opt/ros/humble/lib/x86_64-linux-gnu:/opt/ros/humble/lib /usr/bin/cmake --build /home/henryshum0/SUAS/build/flight_control -- -j16 -l16
[0.086s] -- Found ament_cmake: 1.3.11 (/opt/ros/humble/share/ament_cmake/cmake)
[0.173s] -- Found rclcpp: 16.0.11 (/opt/ros/humble/share/rclcpp/cmake)
[0.233s] -- Found rosidl_generator_c: 3.1.6 (/opt/ros/humble/share/rosidl_generator_c/cmake)
[0.234s] -- Found rosidl_adapter: 3.1.6 (/opt/ros/humble/share/rosidl_adapter/cmake)
[0.238s] -- Found rosidl_generator_cpp: 3.1.6 (/opt/ros/humble/share/rosidl_generator_cpp/cmake)
[0.244s] -- Using all available rosidl_typesupport_c: rosidl_typesupport_fastrtps_c;rosidl_typesupport_introspection_c
[0.252s] -- Using all available rosidl_typesupport_cpp: rosidl_typesupport_fastrtps_cpp;rosidl_typesupport_introspection_cpp
[0.272s] -- Found rmw_implementation_cmake: 6.1.2 (/opt/ros/humble/share/rmw_implementation_cmake/cmake)
[0.272s] -- Found rmw_fastrtps_cpp: 6.2.7 (/opt/ros/humble/share/rmw_fastrtps_cpp/cmake)
[2.328s] -- Using RMW implementation 'rmw_fastrtps_cpp' as default
[2.357s] -- Found px4_msgs: 2.0.1 (/home/henryshum0/SUAS/install/px4_msgs/share/px4_msgs/cmake)
[2.363s] -- Found px4_ros_com: 0.1.0 (/home/henryshum0/SUAS/install/px4_ros_com/share/px4_ros_com/cmake)
[2.385s] -- Found rosidl_default_generators: 1.2.0 (/opt/ros/humble/share/rosidl_default_generators/cmake)
[2.538s] -- Found ament_cmake_ros: 0.10.0 (/opt/ros/humble/share/ament_cmake_ros/cmake)
[2.718s] -- Using all available rosidl_typesupport_c: rosidl_typesupport_fastrtps_c;rosidl_typesupport_introspection_c
[2.788s] -- Using all available rosidl_typesupport_cpp: rosidl_typesupport_fastrtps_cpp;rosidl_typesupport_introspection_cpp
[2.802s] -- Found python_cmake_module: 0.10.0 (/opt/ros/humble/share/python_cmake_module/cmake)
[2.815s] -- Using PYTHON_EXECUTABLE: /usr/bin/python3
[2.815s] -- Using PYTHON_INCLUDE_DIRS: /usr/include/python3.10
[2.815s] -- Using PYTHON_LIBRARIES: /usr/lib/x86_64-linux-gnu/libpython3.10.so
[6.882s] -- Could NOT find FFTW (missing: FFTW_INCLUDE_DIRS) 
[6.885s] [0mSetting matplotplusplus compiler options[0m
[6.889s] -- Found ament_lint_auto: 0.12.11 (/opt/ros/humble/share/ament_lint_auto/cmake)
[6.920s] -- Added test 'cppcheck' to perform static code analysis on C / C++ code
[6.920s] -- Configured cppcheck include dirs: /home/henryshum0/SUAS/src/flight_control/include;$<BUILD_INTERFACE:/home/henryshum0/SUAS/src/flight_control/include>
[6.920s] -- Configured cppcheck exclude dirs and/or files: 
[6.932s] -- Added test 'lint_cmake' to check CMake code style
[6.961s] -- Added test 'uncrustify' to check C / C++ code style
[6.961s] -- Configured uncrustify additional arguments: 
[6.965s] -- Added test 'xmllint' to check XML markup files
[6.966s] -- Configuring done
[7.000s] -- Generating done
[7.014s] -- Build files have been written to: /home/henryshum0/SUAS/build/flight_control
[7.031s] [  1%] [34m[1mGenerating C code for ROS interfaces[0m
[7.033s] [35m[1mConsolidate compiler generated dependencies of target vehicle_pos_listener[0m
[7.033s] [35m[1mConsolidate compiler generated dependencies of target sensor_combined_listener[0m
[7.034s] [35m[1mConsolidate compiler generated dependencies of target nodesoup[0m
[7.034s] [35m[1mConsolidate compiler generated dependencies of target publish_trj_listener[0m
[7.034s] [35m[1mConsolidate compiler generated dependencies of target cmd_ack_listener[0m
[7.036s] [35m[1mConsolidate compiler generated dependencies of target flight_control_lib[0m
[7.038s] [  2%] [34m[1mGenerating C++ code for ROS interfaces[0m
[7.044s] [  8%] Built target nodesoup
[7.046s] [  8%] Built target ament_cmake_python_copy_flight_control
[7.047s] [ 13%] Built target cmd_ack_listener
[7.047s] [ 11%] Built target publish_trj_listener
[7.048s] [ 15%] Built target vehicle_pos_listener
[7.048s] [ 17%] Built target sensor_combined_listener
[7.055s] [ 25%] Built target flight_control_lib
[7.056s] [35m[1mConsolidate compiler generated dependencies of target matplot[0m
[7.061s] [35m[1mConsolidate compiler generated dependencies of target offboard_controller[0m
[7.073s] [ 27%] Built target offboard_controller
[7.080s] [ 68%] Built target matplot
[7.174s] running egg_info
[7.174s] writing flight_control.egg-info/PKG-INFO
[7.174s] writing dependency_links to flight_control.egg-info/dependency_links.txt
[7.175s] writing top-level names to flight_control.egg-info/top_level.txt
[7.176s] reading manifest file 'flight_control.egg-info/SOURCES.txt'
[7.176s] writing manifest file 'flight_control.egg-info/SOURCES.txt'
[7.195s] [ 68%] Built target ament_cmake_python_build_flight_control_egg
[7.233s] [35m[1mConsolidate compiler generated dependencies of target flight_control__rosidl_generator_c[0m
[7.237s] [ 68%] Built target flight_control__cpp
[7.239s] [ 69%] [32mBuilding C object CMakeFiles/flight_control__rosidl_generator_c.dir/rosidl_generator_c/flight_control/msg/detail/user_command__functions.c.o[0m
[7.242s] [ 70%] [34m[1mGenerating C++ type support dispatch for ROS interfaces[0m
[7.242s] [ 71%] [34m[1mGenerating C++ type support for eProsima Fast-RTPS[0m
[7.242s] [ 72%] [34m[1mGenerating C++ introspection for ROS interfaces[0m
[7.268s] [ 73%] [32m[1mLinking C shared library libflight_control__rosidl_generator_c.so[0m
[7.317s] [ 73%] Built target flight_control__rosidl_generator_c
[7.323s] [ 75%] [34m[1mGenerating C introspection for ROS interfaces[0m
[7.323s] [ 76%] [34m[1mGenerating C type support for eProsima Fast-RTPS[0m
[7.323s] [ 77%] [34m[1mGenerating C type support dispatch for ROS interfaces[0m
[7.436s] [35m[1mConsolidate compiler generated dependencies of target flight_control__rosidl_typesupport_cpp[0m
[7.447s] [ 78%] [32mBuilding CXX object CMakeFiles/flight_control__rosidl_typesupport_cpp.dir/rosidl_typesupport_cpp/flight_control/msg/user_command__type_support.cpp.o[0m
[7.478s] [35m[1mConsolidate compiler generated dependencies of target flight_control__rosidl_typesupport_introspection_cpp[0m
[7.481s] [35m[1mConsolidate compiler generated dependencies of target flight_control__rosidl_typesupport_fastrtps_cpp[0m
[7.487s] [ 79%] [32mBuilding CXX object CMakeFiles/flight_control__rosidl_typesupport_introspection_cpp.dir/rosidl_typesupport_introspection_cpp/flight_control/msg/detail/user_command__type_support.cpp.o[0m
[7.490s] [ 80%] [32mBuilding CXX object CMakeFiles/flight_control__rosidl_typesupport_fastrtps_cpp.dir/rosidl_typesupport_fastrtps_cpp/flight_control/msg/detail/dds_fastrtps/user_command__type_support.cpp.o[0m
[7.550s] [35m[1mConsolidate compiler generated dependencies of target flight_control__rosidl_typesupport_c[0m
[7.557s] [ 81%] [32mBuilding CXX object CMakeFiles/flight_control__rosidl_typesupport_c.dir/rosidl_typesupport_c/flight_control/msg/user_command__type_support.cpp.o[0m
[7.564s] [35m[1mConsolidate compiler generated dependencies of target flight_control__rosidl_typesupport_introspection_c[0m
[7.571s] [ 82%] [32mBuilding C object CMakeFiles/flight_control__rosidl_typesupport_introspection_c.dir/rosidl_typesupport_introspection_c/flight_control/msg/detail/user_command__type_support.c.o[0m
[7.571s] [35m[1mConsolidate compiler generated dependencies of target flight_control__rosidl_typesupport_fastrtps_c[0m
[7.575s] [ 83%] [32m[1mLinking CXX shared library libflight_control__rosidl_typesupport_c.so[0m
[7.579s] [ 84%] [32mBuilding CXX object CMakeFiles/flight_control__rosidl_typesupport_fastrtps_c.dir/rosidl_typesupport_fastrtps_c/flight_control/msg/detail/user_command__type_support_c.cpp.o[0m
[7.591s] [ 85%] [32m[1mLinking C shared library libflight_control__rosidl_typesupport_introspection_c.so[0m
[7.619s] [ 86%] [32m[1mLinking CXX shared library libflight_control__rosidl_typesupport_cpp.so[0m
[7.642s] [ 86%] Built target flight_control__rosidl_typesupport_c
[7.646s] [ 86%] Built target flight_control__rosidl_typesupport_introspection_c
[7.680s] [ 86%] Built target flight_control__rosidl_typesupport_cpp
[7.723s] [ 88%] [32m[1mLinking CXX shared library libflight_control__rosidl_typesupport_introspection_cpp.so[0m
[7.732s] [ 89%] [32m[1mLinking CXX shared library libflight_control__rosidl_typesupport_fastrtps_cpp.so[0m
[7.778s] [ 90%] [32m[1mLinking CXX shared library libflight_control__rosidl_typesupport_fastrtps_c.so[0m
[7.782s] [ 90%] Built target flight_control__rosidl_typesupport_introspection_cpp
[7.815s] [ 90%] Built target flight_control__rosidl_typesupport_fastrtps_cpp
[7.846s] [ 90%] Built target flight_control__rosidl_typesupport_fastrtps_c
[7.857s] [ 90%] Built target flight_control
[7.868s] [ 91%] [34m[1mGenerating Python code for ROS interfaces[0m
[8.125s] [ 91%] Built target flight_control__py
[8.130s] [35m[1mConsolidate compiler generated dependencies of target flight_control__rosidl_generator_py[0m
[8.137s] [ 92%] [32mBuilding C object CMakeFiles/flight_control__rosidl_generator_py.dir/rosidl_generator_py/flight_control/msg/_user_command_s.c.o[0m
[8.192s] [ 93%] [32m[1mLinking C shared library rosidl_generator_py/flight_control/libflight_control__rosidl_generator_py.so[0m
[8.245s] [ 93%] Built target flight_control__rosidl_generator_py
[8.250s] [35m[1mConsolidate compiler generated dependencies of target flight_control__rosidl_typesupport_fastrtps_c__pyext[0m
[8.250s] [35m[1mConsolidate compiler generated dependencies of target flight_control__rosidl_typesupport_c__pyext[0m
[8.250s] [35m[1mConsolidate compiler generated dependencies of target flight_control__rosidl_typesupport_introspection_c__pyext[0m
[8.257s] [ 95%] [32mBuilding C object CMakeFiles/flight_control__rosidl_typesupport_c__pyext.dir/rosidl_generator_py/flight_control/_flight_control_s.ep.rosidl_typesupport_c.c.o[0m
[8.257s] [ 95%] [32mBuilding C object CMakeFiles/flight_control__rosidl_typesupport_fastrtps_c__pyext.dir/rosidl_generator_py/flight_control/_flight_control_s.ep.rosidl_typesupport_fastrtps_c.c.o[0m
[8.257s] [ 96%] [32mBuilding C object CMakeFiles/flight_control__rosidl_typesupport_introspection_c__pyext.dir/rosidl_generator_py/flight_control/_flight_control_s.ep.rosidl_typesupport_introspection_c.c.o[0m
[8.307s] [ 97%] [32m[1mLinking C shared library rosidl_generator_py/flight_control/flight_control_s__rosidl_typesupport_c.cpython-310-x86_64-linux-gnu.so[0m
[8.309s] [ 98%] [32m[1mLinking C shared library rosidl_generator_py/flight_control/flight_control_s__rosidl_typesupport_fastrtps_c.cpython-310-x86_64-linux-gnu.so[0m
[8.309s] [100%] [32m[1mLinking C shared library rosidl_generator_py/flight_control/flight_control_s__rosidl_typesupport_introspection_c.cpython-310-x86_64-linux-gnu.so[0m
[8.349s] [100%] Built target flight_control__rosidl_typesupport_fastrtps_c__pyext
[8.349s] [100%] Built target flight_control__rosidl_typesupport_c__pyext
[8.350s] [100%] Built target flight_control__rosidl_typesupport_introspection_c__pyext
[8.357s] Invoked command in '/home/henryshum0/SUAS/build/flight_control' returned '0': CMAKE_PREFIX_PATH=/home/henryshum0/SUAS/install/px4_ros_com:/home/henryshum0/SUAS/install/px4_msgs:/home/henryshum0/SUAS/install/flight_control:/opt/ros/humble LD_LIBRARY_PATH=/home/henryshum0/SUAS/install/px4_ros_com/lib:/home/henryshum0/SUAS/install/px4_msgs/lib:/home/henryshum0/SUAS/install/flight_control/lib:/opt/ros/humble/opt/rviz_ogre_vendor/lib:/opt/ros/humble/lib/x86_64-linux-gnu:/opt/ros/humble/lib /usr/bin/cmake --build /home/henryshum0/SUAS/build/flight_control -- -j16 -l16
[8.363s] Invoking command in '/home/henryshum0/SUAS/build/flight_control': CMAKE_PREFIX_PATH=/home/henryshum0/SUAS/install/px4_ros_com:/home/henryshum0/SUAS/install/px4_msgs:/home/henryshum0/SUAS/install/flight_control:/opt/ros/humble LD_LIBRARY_PATH=/home/henryshum0/SUAS/install/px4_ros_com/lib:/home/henryshum0/SUAS/install/px4_msgs/lib:/home/henryshum0/SUAS/install/flight_control/lib:/opt/ros/humble/opt/rviz_ogre_vendor/lib:/opt/ros/humble/lib/x86_64-linux-gnu:/opt/ros/humble/lib /usr/bin/cmake --install /home/henryshum0/SUAS/build/flight_control
[8.366s] -- Install configuration: ""
[8.367s] -- Up-to-date: /home/henryshum0/SUAS/install/flight_control/share/ament_index/resource_index/rosidl_interfaces/flight_control
[8.367s] -- Up-to-date: /home/henryshum0/SUAS/install/flight_control/include/flight_control/flight_control
[8.367s] -- Up-to-date: /home/henryshum0/SUAS/install/flight_control/include/flight_control/flight_control/msg
[8.367s] -- Up-to-date: /home/henryshum0/SUAS/install/flight_control/include/flight_control/flight_control/msg/rosidl_generator_c__visibility_control.h
[8.367s] -- Up-to-date: /home/henryshum0/SUAS/install/flight_control/include/flight_control/flight_control/msg/detail
[8.367s] -- Installing: /home/henryshum0/SUAS/install/flight_control/include/flight_control/flight_control/msg/detail/user_command__struct.h
[8.367s] -- Installing: /home/henryshum0/SUAS/install/flight_control/include/flight_control/flight_control/msg/detail/user_command__functions.h
[8.367s] -- Installing: /home/henryshum0/SUAS/install/flight_control/include/flight_control/flight_control/msg/detail/user_command__functions.c
[8.367s] -- Installing: /home/henryshum0/SUAS/install/flight_control/include/flight_control/flight_control/msg/detail/user_command__type_support.h
[8.367s] -- Installing: /home/henryshum0/SUAS/install/flight_control/include/flight_control/flight_control/msg/user_command.h
[8.367s] -- Up-to-date: /home/henryshum0/SUAS/install/flight_control/share/flight_control/environment/library_path.sh
[8.367s] -- Installing: /home/henryshum0/SUAS/install/flight_control/share/flight_control/environment/library_path.dsv
[8.367s] -- Installing: /home/henryshum0/SUAS/install/flight_control/lib/libflight_control__rosidl_generator_c.so
[8.368s] -- Set runtime path of "/home/henryshum0/SUAS/install/flight_control/lib/libflight_control__rosidl_generator_c.so" to ""
[8.368s] -- Up-to-date: /home/henryshum0/SUAS/install/flight_control/include/flight_control/flight_control
[8.368s] -- Up-to-date: /home/henryshum0/SUAS/install/flight_control/include/flight_control/flight_control/msg
[8.368s] -- Up-to-date: /home/henryshum0/SUAS/install/flight_control/include/flight_control/flight_control/msg/rosidl_typesupport_fastrtps_c__visibility_control.h
[8.368s] -- Up-to-date: /home/henryshum0/SUAS/install/flight_control/include/flight_control/flight_control/msg/detail
[8.368s] -- Installing: /home/henryshum0/SUAS/install/flight_control/include/flight_control/flight_control/msg/detail/user_command__rosidl_typesupport_fastrtps_c.h
[8.368s] -- Installing: /home/henryshum0/SUAS/install/flight_control/lib/libflight_control__rosidl_typesupport_fastrtps_c.so
[8.368s] -- Set runtime path of "/home/henryshum0/SUAS/install/flight_control/lib/libflight_control__rosidl_typesupport_fastrtps_c.so" to ""
[8.368s] -- Up-to-date: /home/henryshum0/SUAS/install/flight_control/include/flight_control/flight_control
[8.368s] -- Up-to-date: /home/henryshum0/SUAS/install/flight_control/include/flight_control/flight_control/msg
[8.368s] -- Up-to-date: /home/henryshum0/SUAS/install/flight_control/include/flight_control/flight_control/msg/rosidl_generator_cpp__visibility_control.hpp
[8.368s] -- Installing: /home/henryshum0/SUAS/install/flight_control/include/flight_control/flight_control/msg/user_command.hpp
[8.368s] -- Up-to-date: /home/henryshum0/SUAS/install/flight_control/include/flight_control/flight_control/msg/detail
[8.368s] -- Installing: /home/henryshum0/SUAS/install/flight_control/include/flight_control/flight_control/msg/detail/user_command__traits.hpp
[8.368s] -- Installing: /home/henryshum0/SUAS/install/flight_control/include/flight_control/flight_control/msg/detail/user_command__struct.hpp
[8.369s] -- Installing: /home/henryshum0/SUAS/install/flight_control/include/flight_control/flight_control/msg/detail/user_command__type_support.hpp
[8.369s] -- Installing: /home/henryshum0/SUAS/install/flight_control/include/flight_control/flight_control/msg/detail/user_command__builder.hpp
[8.369s] -- Up-to-date: /home/henryshum0/SUAS/install/flight_control/include/flight_control/flight_control
[8.369s] -- Up-to-date: /home/henryshum0/SUAS/install/flight_control/include/flight_control/flight_control/msg
[8.369s] -- Up-to-date: /home/henryshum0/SUAS/install/flight_control/include/flight_control/flight_control/msg/rosidl_typesupport_fastrtps_cpp__visibility_control.h
[8.369s] -- Up-to-date: /home/henryshum0/SUAS/install/flight_control/include/flight_control/flight_control/msg/detail
[8.369s] -- Installing: /home/henryshum0/SUAS/install/flight_control/include/flight_control/flight_control/msg/detail/user_command__rosidl_typesupport_fastrtps_cpp.hpp
[8.369s] -- Up-to-date: /home/henryshum0/SUAS/install/flight_control/include/flight_control/flight_control/msg/detail/dds_fastrtps
[8.369s] -- Installing: /home/henryshum0/SUAS/install/flight_control/lib/libflight_control__rosidl_typesupport_fastrtps_cpp.so
[8.369s] -- Set runtime path of "/home/henryshum0/SUAS/install/flight_control/lib/libflight_control__rosidl_typesupport_fastrtps_cpp.so" to ""
[8.369s] -- Up-to-date: /home/henryshum0/SUAS/install/flight_control/include/flight_control/flight_control
[8.369s] -- Up-to-date: /home/henryshum0/SUAS/install/flight_control/include/flight_control/flight_control/msg
[8.369s] -- Up-to-date: /home/henryshum0/SUAS/install/flight_control/include/flight_control/flight_control/msg/rosidl_typesupport_introspection_c__visibility_control.h
[8.369s] -- Up-to-date: /home/henryshum0/SUAS/install/flight_control/include/flight_control/flight_control/msg/detail
[8.369s] -- Installing: /home/henryshum0/SUAS/install/flight_control/include/flight_control/flight_control/msg/detail/user_command__type_support.c
[8.370s] -- Installing: /home/henryshum0/SUAS/install/flight_control/include/flight_control/flight_control/msg/detail/user_command__rosidl_typesupport_introspection_c.h
[8.370s] -- Installing: /home/henryshum0/SUAS/install/flight_control/lib/libflight_control__rosidl_typesupport_introspection_c.so
[8.370s] -- Set runtime path of "/home/henryshum0/SUAS/install/flight_control/lib/libflight_control__rosidl_typesupport_introspection_c.so" to ""
[8.370s] -- Installing: /home/henryshum0/SUAS/install/flight_control/lib/libflight_control__rosidl_typesupport_c.so
[8.370s] -- Set runtime path of "/home/henryshum0/SUAS/install/flight_control/lib/libflight_control__rosidl_typesupport_c.so" to ""
[8.370s] -- Up-to-date: /home/henryshum0/SUAS/install/flight_control/include/flight_control/flight_control
[8.370s] -- Up-to-date: /home/henryshum0/SUAS/install/flight_control/include/flight_control/flight_control/msg
[8.370s] -- Up-to-date: /home/henryshum0/SUAS/install/flight_control/include/flight_control/flight_control/msg/detail
[8.370s] -- Installing: /home/henryshum0/SUAS/install/flight_control/include/flight_control/flight_control/msg/detail/user_command__rosidl_typesupport_introspection_cpp.hpp
[8.370s] -- Installing: /home/henryshum0/SUAS/install/flight_control/include/flight_control/flight_control/msg/detail/user_command__type_support.cpp
[8.370s] -- Installing: /home/henryshum0/SUAS/install/flight_control/lib/libflight_control__rosidl_typesupport_introspection_cpp.so
[8.371s] -- Set runtime path of "/home/henryshum0/SUAS/install/flight_control/lib/libflight_control__rosidl_typesupport_introspection_cpp.so" to ""
[8.371s] -- Installing: /home/henryshum0/SUAS/install/flight_control/lib/libflight_control__rosidl_typesupport_cpp.so
[8.371s] -- Set runtime path of "/home/henryshum0/SUAS/install/flight_control/lib/libflight_control__rosidl_typesupport_cpp.so" to ""
[8.371s] -- Up-to-date: /home/henryshum0/SUAS/install/flight_control/share/flight_control/environment/pythonpath.sh
[8.371s] -- Installing: /home/henryshum0/SUAS/install/flight_control/share/flight_control/environment/pythonpath.dsv
[8.371s] -- Up-to-date: /home/henryshum0/SUAS/install/flight_control/local/lib/python3.10/dist-packages/flight_control-0.0.0-py3.10.egg-info
[8.371s] -- Installing: /home/henryshum0/SUAS/install/flight_control/local/lib/python3.10/dist-packages/flight_control-0.0.0-py3.10.egg-info/top_level.txt
[8.371s] -- Installing: /home/henryshum0/SUAS/install/flight_control/local/lib/python3.10/dist-packages/flight_control-0.0.0-py3.10.egg-info/SOURCES.txt
[8.372s] -- Installing: /home/henryshum0/SUAS/install/flight_control/local/lib/python3.10/dist-packages/flight_control-0.0.0-py3.10.egg-info/dependency_links.txt
[8.372s] -- Installing: /home/henryshum0/SUAS/install/flight_control/local/lib/python3.10/dist-packages/flight_control-0.0.0-py3.10.egg-info/PKG-INFO
[8.372s] -- Up-to-date: /home/henryshum0/SUAS/install/flight_control/local/lib/python3.10/dist-packages/flight_control
[8.372s] -- Installing: /home/henryshum0/SUAS/install/flight_control/local/lib/python3.10/dist-packages/flight_control/flight_control_s__rosidl_typesupport_introspection_c.cpython-310-x86_64-linux-gnu.so
[8.372s] -- Installing: /home/henryshum0/SUAS/install/flight_control/local/lib/python3.10/dist-packages/flight_control/_flight_control_s.ep.rosidl_typesupport_fastrtps_c.c
[8.372s] -- Up-to-date: /home/henryshum0/SUAS/install/flight_control/local/lib/python3.10/dist-packages/flight_control/msg
[8.373s] -- Installing: /home/henryshum0/SUAS/install/flight_control/local/lib/python3.10/dist-packages/flight_control/msg/__init__.py
[8.373s] -- Installing: /home/henryshum0/SUAS/install/flight_control/local/lib/python3.10/dist-packages/flight_control/msg/_user_command.py
[8.373s] -- Installing: /home/henryshum0/SUAS/install/flight_control/local/lib/python3.10/dist-packages/flight_control/msg/_user_command_s.c
[8.373s] -- Installing: /home/henryshum0/SUAS/install/flight_control/local/lib/python3.10/dist-packages/flight_control/_flight_control_s.ep.rosidl_typesupport_introspection_c.c
[8.373s] -- Installing: /home/henryshum0/SUAS/install/flight_control/local/lib/python3.10/dist-packages/flight_control/libflight_control__rosidl_generator_py.so
[8.373s] -- Installing: /home/henryshum0/SUAS/install/flight_control/local/lib/python3.10/dist-packages/flight_control/__init__.py
[8.373s] -- Installing: /home/henryshum0/SUAS/install/flight_control/local/lib/python3.10/dist-packages/flight_control/_flight_control_s.ep.rosidl_typesupport_c.c
[8.373s] -- Installing: /home/henryshum0/SUAS/install/flight_control/local/lib/python3.10/dist-packages/flight_control/flight_control_s__rosidl_typesupport_c.cpython-310-x86_64-linux-gnu.so
[8.374s] -- Installing: /home/henryshum0/SUAS/install/flight_control/local/lib/python3.10/dist-packages/flight_control/flight_control_s__rosidl_typesupport_fastrtps_c.cpython-310-x86_64-linux-gnu.so
[8.393s] Listing '/home/henryshum0/SUAS/install/flight_control/local/lib/python3.10/dist-packages/flight_control'...
[8.393s] Compiling '/home/henryshum0/SUAS/install/flight_control/local/lib/python3.10/dist-packages/flight_control/__init__.py'...
[8.393s] Listing '/home/henryshum0/SUAS/install/flight_control/local/lib/python3.10/dist-packages/flight_control/msg'...
[8.393s] Compiling '/home/henryshum0/SUAS/install/flight_control/local/lib/python3.10/dist-packages/flight_control/msg/__init__.py'...
[8.393s] Compiling '/home/henryshum0/SUAS/install/flight_control/local/lib/python3.10/dist-packages/flight_control/msg/_user_command.py'...
[8.396s] -- Installing: /home/henryshum0/SUAS/install/flight_control/local/lib/python3.10/dist-packages/flight_control/flight_control_s__rosidl_typesupport_fastrtps_c.cpython-310-x86_64-linux-gnu.so
[8.397s] -- Set runtime path of "/home/henryshum0/SUAS/install/flight_control/local/lib/python3.10/dist-packages/flight_control/flight_control_s__rosidl_typesupport_fastrtps_c.cpython-310-x86_64-linux-gnu.so" to ""
[8.397s] -- Installing: /home/henryshum0/SUAS/install/flight_control/local/lib/python3.10/dist-packages/flight_control/flight_control_s__rosidl_typesupport_introspection_c.cpython-310-x86_64-linux-gnu.so
[8.397s] -- Set runtime path of "/home/henryshum0/SUAS/install/flight_control/local/lib/python3.10/dist-packages/flight_control/flight_control_s__rosidl_typesupport_introspection_c.cpython-310-x86_64-linux-gnu.so" to ""
[8.397s] -- Installing: /home/henryshum0/SUAS/install/flight_control/local/lib/python3.10/dist-packages/flight_control/flight_control_s__rosidl_typesupport_c.cpython-310-x86_64-linux-gnu.so
[8.397s] -- Set runtime path of "/home/henryshum0/SUAS/install/flight_control/local/lib/python3.10/dist-packages/flight_control/flight_control_s__rosidl_typesupport_c.cpython-310-x86_64-linux-gnu.so" to ""
[8.397s] -- Installing: /home/henryshum0/SUAS/install/flight_control/lib/libflight_control__rosidl_generator_py.so
[8.397s] -- Set runtime path of "/home/henryshum0/SUAS/install/flight_control/lib/libflight_control__rosidl_generator_py.so" to ""
[8.397s] -- Installing: /home/henryshum0/SUAS/install/flight_control/share/flight_control/msg/UserCommand.idl
[8.397s] -- Installing: /home/henryshum0/SUAS/install/flight_control/share/flight_control/msg/UserCommand.msg
[8.397s] -- Up-to-date: /home/henryshum0/SUAS/install/flight_control/lib/flight_control/offboard_controller
[8.398s] -- Up-to-date: /home/henryshum0/SUAS/install/flight_control/lib/flight_control/sensor_combined_listener
[8.398s] -- Up-to-date: /home/henryshum0/SUAS/install/flight_control/lib/flight_control/publish_trj_listener
[8.398s] -- Up-to-date: /home/henryshum0/SUAS/install/flight_control/lib/flight_control/vehicle_pos_listener
[8.398s] -- Up-to-date: /home/henryshum0/SUAS/install/flight_control/lib/flight_control/cmd_ack_listener
[8.398s] -- Up-to-date: /home/henryshum0/SUAS/install/flight_control/include/flight_control/include
[8.398s] -- Up-to-date: /home/henryshum0/SUAS/install/flight_control/include/flight_control/include/lib
[8.399s] -- Up-to-date: /home/henryshum0/SUAS/install/flight_control/include/flight_control/include/lib/utils.hpp
[8.399s] -- Up-to-date: /home/henryshum0/SUAS/install/flight_control/include/flight_control/include/vehicle_storage
[8.399s] -- Up-to-date: /home/henryshum0/SUAS/install/flight_control/include/flight_control/include/vehicle_storage/executor_storage.hpp
[8.399s] -- Up-to-date: /home/henryshum0/SUAS/install/flight_control/include/flight_control/include/vehicle_storage/vehicle_state_storage.hpp
[8.399s] -- Up-to-date: /home/henryshum0/SUAS/install/flight_control/include/flight_control/include/flight_control
[8.399s] -- Up-to-date: /home/henryshum0/SUAS/install/flight_control/include/flight_control/include/flight_control/state_subscribers.hpp
[8.399s] -- Up-to-date: /home/henryshum0/SUAS/install/flight_control/include/flight_control/include/flight_control/flight_executor.hpp
[8.399s] -- Up-to-date: /home/henryshum0/SUAS/install/flight_control/include/flight_control/include/flight_control/control_publishers.hpp
[8.399s] -- Up-to-date: /home/henryshum0/SUAS/install/flight_control/lib/libflight_control_lib.so
[8.399s] -- Up-to-date: /home/henryshum0/SUAS/install/flight_control/share/ament_index/resource_index/package_run_dependencies/flight_control
[8.399s] -- Up-to-date: /home/henryshum0/SUAS/install/flight_control/share/ament_index/resource_index/parent_prefix_path/flight_control
[8.399s] -- Up-to-date: /home/henryshum0/SUAS/install/flight_control/share/flight_control/environment/ament_prefix_path.sh
[8.400s] -- Installing: /home/henryshum0/SUAS/install/flight_control/share/flight_control/environment/ament_prefix_path.dsv
[8.400s] -- Up-to-date: /home/henryshum0/SUAS/install/flight_control/share/flight_control/environment/path.sh
[8.400s] -- Installing: /home/henryshum0/SUAS/install/flight_control/share/flight_control/environment/path.dsv
[8.400s] -- Up-to-date: /home/henryshum0/SUAS/install/flight_control/share/flight_control/local_setup.bash
[8.400s] -- Up-to-date: /home/henryshum0/SUAS/install/flight_control/share/flight_control/local_setup.sh
[8.400s] -- Up-to-date: /home/henryshum0/SUAS/install/flight_control/share/flight_control/local_setup.zsh
[8.400s] -- Installing: /home/henryshum0/SUAS/install/flight_control/share/flight_control/local_setup.dsv
[8.400s] -- Installing: /home/henryshum0/SUAS/install/flight_control/share/flight_control/package.dsv
[8.400s] -- Up-to-date: /home/henryshum0/SUAS/install/flight_control/share/ament_index/resource_index/packages/flight_control
[8.400s] -- Up-to-date: /home/henryshum0/SUAS/install/flight_control/share/flight_control/cmake/export_flight_control__rosidl_generator_cExport.cmake
[8.400s] -- Up-to-date: /home/henryshum0/SUAS/install/flight_control/share/flight_control/cmake/export_flight_control__rosidl_generator_cExport-noconfig.cmake
[8.400s] -- Up-to-date: /home/henryshum0/SUAS/install/flight_control/share/flight_control/cmake/export_flight_control__rosidl_typesupport_fastrtps_cExport.cmake
[8.401s] -- Up-to-date: /home/henryshum0/SUAS/install/flight_control/share/flight_control/cmake/export_flight_control__rosidl_typesupport_fastrtps_cExport-noconfig.cmake
[8.401s] -- Up-to-date: /home/henryshum0/SUAS/install/flight_control/share/flight_control/cmake/export_flight_control__rosidl_generator_cppExport.cmake
[8.401s] -- Up-to-date: /home/henryshum0/SUAS/install/flight_control/share/flight_control/cmake/export_flight_control__rosidl_typesupport_fastrtps_cppExport.cmake
[8.401s] -- Up-to-date: /home/henryshum0/SUAS/install/flight_control/share/flight_control/cmake/export_flight_control__rosidl_typesupport_fastrtps_cppExport-noconfig.cmake
[8.401s] -- Up-to-date: /home/henryshum0/SUAS/install/flight_control/share/flight_control/cmake/flight_control__rosidl_typesupport_introspection_cExport.cmake
[8.401s] -- Up-to-date: /home/henryshum0/SUAS/install/flight_control/share/flight_control/cmake/flight_control__rosidl_typesupport_introspection_cExport-noconfig.cmake
[8.401s] -- Up-to-date: /home/henryshum0/SUAS/install/flight_control/share/flight_control/cmake/flight_control__rosidl_typesupport_cExport.cmake
[8.401s] -- Up-to-date: /home/henryshum0/SUAS/install/flight_control/share/flight_control/cmake/flight_control__rosidl_typesupport_cExport-noconfig.cmake
[8.401s] -- Up-to-date: /home/henryshum0/SUAS/install/flight_control/share/flight_control/cmake/flight_control__rosidl_typesupport_introspection_cppExport.cmake
[8.401s] -- Up-to-date: /home/henryshum0/SUAS/install/flight_control/share/flight_control/cmake/flight_control__rosidl_typesupport_introspection_cppExport-noconfig.cmake
[8.401s] -- Up-to-date: /home/henryshum0/SUAS/install/flight_control/share/flight_control/cmake/flight_control__rosidl_typesupport_cppExport.cmake
[8.401s] -- Up-to-date: /home/henryshum0/SUAS/install/flight_control/share/flight_control/cmake/flight_control__rosidl_typesupport_cppExport-noconfig.cmake
[8.401s] -- Up-to-date: /home/henryshum0/SUAS/install/flight_control/share/flight_control/cmake/export_flight_control__rosidl_generator_pyExport.cmake
[8.401s] -- Up-to-date: /home/henryshum0/SUAS/install/flight_control/share/flight_control/cmake/export_flight_control__rosidl_generator_pyExport-noconfig.cmake
[8.401s] -- Up-to-date: /home/henryshum0/SUAS/install/flight_control/share/flight_control/cmake/rosidl_cmake-extras.cmake
[8.401s] -- Up-to-date: /home/henryshum0/SUAS/install/flight_control/share/flight_control/cmake/ament_cmake_export_include_directories-extras.cmake
[8.401s] -- Up-to-date: /home/henryshum0/SUAS/install/flight_control/share/flight_control/cmake/ament_cmake_export_libraries-extras.cmake
[8.401s] -- Up-to-date: /home/henryshum0/SUAS/install/flight_control/share/flight_control/cmake/ament_cmake_export_targets-extras.cmake
[8.402s] -- Up-to-date: /home/henryshum0/SUAS/install/flight_control/share/flight_control/cmake/rosidl_cmake_export_typesupport_targets-extras.cmake
[8.402s] -- Up-to-date: /home/henryshum0/SUAS/install/flight_control/share/flight_control/cmake/ament_cmake_export_dependencies-extras.cmake
[8.402s] -- Up-to-date: /home/henryshum0/SUAS/install/flight_control/share/flight_control/cmake/rosidl_cmake_export_typesupport_libraries-extras.cmake
[8.403s] -- Up-to-date: /home/henryshum0/SUAS/install/flight_control/share/flight_control/cmake/flight_controlConfig.cmake
[8.403s] -- Up-to-date: /home/henryshum0/SUAS/install/flight_control/share/flight_control/cmake/flight_controlConfig-version.cmake
[8.403s] -- Up-to-date: /home/henryshum0/SUAS/install/flight_control/share/flight_control/package.xml
[8.403s] -- Up-to-date: /home/henryshum0/SUAS/install/flight_control/include/matplot/detail/exports.h
[8.403s] Invoked command in '/home/henryshum0/SUAS/build/flight_control' returned '0': CMAKE_PREFIX_PATH=/home/henryshum0/SUAS/install/px4_ros_com:/home/henryshum0/SUAS/install/px4_msgs:/home/henryshum0/SUAS/install/flight_control:/opt/ros/humble LD_LIBRARY_PATH=/home/henryshum0/SUAS/install/px4_ros_com/lib:/home/henryshum0/SUAS/install/px4_msgs/lib:/home/henryshum0/SUAS/install/flight_control/lib:/opt/ros/humble/opt/rviz_ogre_vendor/lib:/opt/ros/humble/lib/x86_64-linux-gnu:/opt/ros/humble/lib /usr/bin/cmake --install /home/henryshum0/SUAS/build/flight_control
