[0.061s] Invoking command in '/home/henryshum0/SUAS/build/flight_control': AMENT_PREFIX_PATH=/home/henryshum0/SUAS/install/px4_ros_com:/home/henryshum0/SUAS/install/px4_msgs:${AMENT_PREFIX_PATH} CMAKE_PREFIX_PATH=/home/henryshum0/SUAS/install/px4_ros_com:/home/henryshum0/SUAS/install/px4_msgs:/opt/ros/humble LD_LIBRARY_PATH=/home/henryshum0/SUAS/install/px4_ros_com/lib:/home/henryshum0/SUAS/install/px4_msgs/lib:${LD_LIBRARY_PATH} PYTHONPATH=/home/henryshum0/SUAS/install/px4_ros_com/local/lib/python3.10/dist-packages:/home/henryshum0/SUAS/install/px4_msgs/local/lib/python3.10/dist-packages:${PYTHONPATH} /usr/bin/cmake /home/henryshum0/SUAS/src/flight_control -DCMAKE_INSTALL_PREFIX=/home/henryshum0/SUAS/install/flight_control
[0.145s] -- The C compiler identification is GNU 11.4.0
[0.290s] -- The CXX compiler identification is GNU 11.4.0
[0.392s] -- Detecting C compiler ABI info
[0.456s] -- Detecting C compiler ABI info - done
[0.461s] -- Check for working C compiler: /usr/bin/cc - skipped
[0.461s] -- Detecting C compile features
[0.462s] -- Detecting C compile features - done
[0.464s] -- Detecting CXX compiler ABI info
[0.534s] -- Detecting CXX compiler ABI info - done
[0.538s] -- Check for working CXX compiler: /usr/bin/c++ - skipped
[0.539s] -- Detecting CXX compile features
[0.539s] -- Detecting CXX compile features - done
[0.549s] -- Found ament_cmake: 1.3.11 (/opt/ros/humble/share/ament_cmake/cmake)
[0.652s] -- Found Python3: /usr/bin/python3 (found version "3.10.12") found components: Interpreter 
[0.726s] -- Found rclcpp: 16.0.11 (/opt/ros/humble/share/rclcpp/cmake)
[0.812s] -- Found rosidl_generator_c: 3.1.6 (/opt/ros/humble/share/rosidl_generator_c/cmake)
[0.816s] -- Found rosidl_adapter: 3.1.6 (/opt/ros/humble/share/rosidl_adapter/cmake)
[0.824s] -- Found rosidl_generator_cpp: 3.1.6 (/opt/ros/humble/share/rosidl_generator_cpp/cmake)
[0.838s] -- Using all available rosidl_typesupport_c: rosidl_typesupport_fastrtps_c;rosidl_typesupport_introspection_c
[0.852s] -- Using all available rosidl_typesupport_cpp: rosidl_typesupport_fastrtps_cpp;rosidl_typesupport_introspection_cpp
[0.901s] -- Found rmw_implementation_cmake: 6.1.2 (/opt/ros/humble/share/rmw_implementation_cmake/cmake)
[0.904s] -- Found rmw_fastrtps_cpp: 6.2.7 (/opt/ros/humble/share/rmw_fastrtps_cpp/cmake)
[1.330s] -- Found OpenSSL: /usr/lib/x86_64-linux-gnu/libcrypto.so (found version "3.0.2")  
[1.690s] -- Found FastRTPS: /opt/ros/humble/include  
[2.354s] -- Using RMW implementation 'rmw_fastrtps_cpp' as default
[2.363s] -- Looking for pthread.h
[2.428s] -- Looking for pthread.h - found
[2.429s] -- Performing Test CMAKE_HAVE_LIBC_PTHREAD
[2.490s] -- Performing Test CMAKE_HAVE_LIBC_PTHREAD - Success
[2.490s] -- Found Threads: TRUE  
[2.539s] -- Found px4_msgs: 2.0.1 (/home/henryshum0/SUAS/install/px4_msgs/share/px4_msgs/cmake)
[2.549s] -- Found px4_ros_com: 0.1.0 (/home/henryshum0/SUAS/install/px4_ros_com/share/px4_ros_com/cmake)
[2.589s] -- Found Eigen3: TRUE (found version "3.4.0") 
[2.591s] [31mCMake Error at CMakeLists.txt:39 (install):
[2.591s]   install TARGETS given target "utils" which does not exist.
[2.591s] 
[2.591s] [0m
[2.592s] -- Found ament_lint_auto: 0.12.11 (/opt/ros/humble/share/ament_lint_auto/cmake)
[2.649s] -- Added test 'cppcheck' to perform static code analysis on C / C++ code
[2.649s] -- Configured cppcheck include dirs: /home/henryshum0/SUAS/src/flight_control/include
[2.649s] -- Configured cppcheck exclude dirs and/or files: 
[2.650s] -- Added test 'lint_cmake' to check CMake code style
[2.651s] -- Added test 'uncrustify' to check C / C++ code style
[2.651s] -- Configured uncrustify additional arguments: 
[2.652s] -- Added test 'xmllint' to check XML markup files
[2.654s] -- Configuring incomplete, errors occurred!
[2.654s] See also "/home/henryshum0/SUAS/build/flight_control/CMakeFiles/CMakeOutput.log".
[2.661s] Invoked command in '/home/henryshum0/SUAS/build/flight_control' returned '1': AMENT_PREFIX_PATH=/home/henryshum0/SUAS/install/px4_ros_com:/home/henryshum0/SUAS/install/px4_msgs:${AMENT_PREFIX_PATH} CMAKE_PREFIX_PATH=/home/henryshum0/SUAS/install/px4_ros_com:/home/henryshum0/SUAS/install/px4_msgs:/opt/ros/humble LD_LIBRARY_PATH=/home/henryshum0/SUAS/install/px4_ros_com/lib:/home/henryshum0/SUAS/install/px4_msgs/lib:${LD_LIBRARY_PATH} PYTHONPATH=/home/henryshum0/SUAS/install/px4_ros_com/local/lib/python3.10/dist-packages:/home/henryshum0/SUAS/install/px4_msgs/local/lib/python3.10/dist-packages:${PYTHONPATH} /usr/bin/cmake /home/henryshum0/SUAS/src/flight_control -DCMAKE_INSTALL_PREFIX=/home/henryshum0/SUAS/install/flight_control
