-- Found ament_cmake: 1.3.11 (/opt/ros/humble/share/ament_cmake/cmake)
-- Found rclcpp: 16.0.11 (/opt/ros/humble/share/rclcpp/cmake)
-- Found rosidl_generator_c: 3.1.6 (/opt/ros/humble/share/rosidl_generator_c/cmake)
-- Found rosidl_adapter: 3.1.6 (/opt/ros/humble/share/rosidl_adapter/cmake)
-- Found rosidl_generator_cpp: 3.1.6 (/opt/ros/humble/share/rosidl_generator_cpp/cmake)
-- Using all available rosidl_typesupport_c: rosidl_typesupport_fastrtps_c;rosidl_typesupport_introspection_c
-- Using all available rosidl_typesupport_cpp: rosidl_typesupport_fastrtps_cpp;rosidl_typesupport_introspection_cpp
-- Found rmw_implementation_cmake: 6.1.2 (/opt/ros/humble/share/rmw_implementation_cmake/cmake)
-- Found rmw_fastrtps_cpp: 6.2.7 (/opt/ros/humble/share/rmw_fastrtps_cpp/cmake)
-- Using RMW implementation 'rmw_fastrtps_cpp' as default
-- Found px4_msgs: 2.0.1 (/home/henryshum0/SUAS/install/px4_msgs/share/px4_msgs/cmake)
-- Found px4_ros_com: 0.1.0 (/home/henryshum0/SUAS/install/px4_ros_com/share/px4_ros_com/cmake)
-- Could NOT find FFTW (missing: FFTW_INCLUDE_DIRS) 
-- Found ament_lint_auto: 0.12.11 (/opt/ros/humble/share/ament_lint_auto/cmake)
-- Added test 'cppcheck' to perform static code analysis on C / C++ code
-- Configured cppcheck include dirs: /home/henryshum0/SUAS/src/flight_control/include;$<BUILD_INTERFACE:/home/henryshum0/SUAS/src/flight_control/include>
-- Configured cppcheck exclude dirs and/or files: 
-- Added test 'lint_cmake' to check CMake code style
-- Added test 'uncrustify' to check C / C++ code style
-- Configured uncrustify additional arguments: 
-- Added test 'xmllint' to check XML markup files
-- Configuring done
-- Generating done
-- Build files have been written to: /home/henryshum0/SUAS/build/flight_control
[35m[1mConsolidate compiler generated dependencies of target nodesoup[0m
[35m[1mConsolidate compiler generated dependencies of target sensor_combined_listener[0m
[35m[1mConsolidate compiler generated dependencies of target publish_trj_listener[0m
[35m[1mConsolidate compiler generated dependencies of target vehicle_pos_listener[0m
[35m[1mConsolidate compiler generated dependencies of target flight_control_lib[0m
[ 10%] Built target nodesoup
[ 13%] Built target sensor_combined_listener
[ 16%] Built target publish_trj_listener
[ 20%] Built target vehicle_pos_listener
[ 32%] Built target flight_control_lib
[35m[1mConsolidate compiler generated dependencies of target matplot[0m
[35m[1mConsolidate compiler generated dependencies of target offboard_controller[0m
[ 35%] Built target offboard_controller
[100%] Built target matplot
-- Install configuration: "RelWithDebInfo"
-- Up-to-date: /home/henryshum0/SUAS/install/flight_control/lib/flight_control/offboard_controller
-- Up-to-date: /home/henryshum0/SUAS/install/flight_control/lib/flight_control/sensor_combined_listener
-- Up-to-date: /home/henryshum0/SUAS/install/flight_control/lib/flight_control/publish_trj_listener
-- Up-to-date: /home/henryshum0/SUAS/install/flight_control/lib/flight_control/vehicle_pos_listener
-- Up-to-date: /home/henryshum0/SUAS/install/flight_control/include/flight_control/include
-- Up-to-date: /home/henryshum0/SUAS/install/flight_control/include/flight_control/include/lib
-- Up-to-date: /home/henryshum0/SUAS/install/flight_control/include/flight_control/include/lib/utils.hpp
-- Up-to-date: /home/henryshum0/SUAS/install/flight_control/include/flight_control/include/vehicle_storage
-- Up-to-date: /home/henryshum0/SUAS/install/flight_control/include/flight_control/include/vehicle_storage/executor_storage.hpp
-- Up-to-date: /home/henryshum0/SUAS/install/flight_control/include/flight_control/include/vehicle_storage/vehicle_state_storage.hpp
-- Up-to-date: /home/henryshum0/SUAS/install/flight_control/include/flight_control/include/flight_control
-- Up-to-date: /home/henryshum0/SUAS/install/flight_control/include/flight_control/include/flight_control/state_subscribers.hpp
-- Up-to-date: /home/henryshum0/SUAS/install/flight_control/include/flight_control/include/flight_control/flight_executor.hpp
-- Up-to-date: /home/henryshum0/SUAS/install/flight_control/include/flight_control/include/flight_control/control_publishers.hpp
-- Up-to-date: /home/henryshum0/SUAS/install/flight_control/lib/libflight_control_lib.so
-- Up-to-date: /home/henryshum0/SUAS/install/flight_control/share/ament_index/resource_index/package_run_dependencies/flight_control
-- Up-to-date: /home/henryshum0/SUAS/install/flight_control/share/ament_index/resource_index/parent_prefix_path/flight_control
-- Up-to-date: /home/henryshum0/SUAS/install/flight_control/share/flight_control/environment/ament_prefix_path.sh
-- Installing: /home/henryshum0/SUAS/install/flight_control/share/flight_control/environment/ament_prefix_path.dsv
-- Up-to-date: /home/henryshum0/SUAS/install/flight_control/share/flight_control/environment/path.sh
-- Installing: /home/henryshum0/SUAS/install/flight_control/share/flight_control/environment/path.dsv
-- Up-to-date: /home/henryshum0/SUAS/install/flight_control/share/flight_control/local_setup.bash
-- Up-to-date: /home/henryshum0/SUAS/install/flight_control/share/flight_control/local_setup.sh
-- Up-to-date: /home/henryshum0/SUAS/install/flight_control/share/flight_control/local_setup.zsh
-- Installing: /home/henryshum0/SUAS/install/flight_control/share/flight_control/local_setup.dsv
-- Installing: /home/henryshum0/SUAS/install/flight_control/share/flight_control/package.dsv
-- Up-to-date: /home/henryshum0/SUAS/install/flight_control/share/ament_index/resource_index/packages/flight_control
-- Up-to-date: /home/henryshum0/SUAS/install/flight_control/share/flight_control/cmake/flight_controlConfig.cmake
-- Up-to-date: /home/henryshum0/SUAS/install/flight_control/share/flight_control/cmake/flight_controlConfig-version.cmake
-- Up-to-date: /home/henryshum0/SUAS/install/flight_control/share/flight_control/package.xml
-- Up-to-date: /home/henryshum0/SUAS/install/flight_control/include/matplot/detail/exports.h
