-- Found ament_cmake: 1.3.11 (/opt/ros/humble/share/ament_cmake/cmake)
-- Found rclcpp: 16.0.11 (/opt/ros/humble/share/rclcpp/cmake)
-- Found rosidl_generator_c: 3.1.6 (/opt/ros/humble/share/rosidl_generator_c/cmake)
-- Found rosidl_adapter: 3.1.6 (/opt/ros/humble/share/rosidl_adapter/cmake)
-- Found rosidl_generator_cpp: 3.1.6 (/opt/ros/humble/share/rosidl_generator_cpp/cmake)
-- Using all available rosidl_typesupport_c: rosidl_typesupport_fastrtps_c;rosidl_typesupport_introspection_c
-- Using all available rosidl_typesupport_cpp: rosidl_typesupport_fastrtps_cpp;rosidl_typesupport_introspection_cpp
-- Found rmw_implementation_cmake: 6.1.2 (/opt/ros/humble/share/rmw_implementation_cmake/cmake)
-- Found rmw_fastrtps_cpp: 6.2.7 (/opt/ros/humble/share/rmw_fastrtps_cpp/cmake)
-- Using RMW implementation 'rmw_fastrtps_cpp' as default
-- Found px4_msgs: 2.0.1 (/home/henryshum0/SUAS/install/px4_msgs/share/px4_msgs/cmake)
-- Found px4_ros_com: 0.1.0 (/home/henryshum0/SUAS/install/px4_ros_com/share/px4_ros_com/cmake)
-- Found ament_lint_auto: 0.12.11 (/opt/ros/humble/share/ament_lint_auto/cmake)
-- Added test 'cppcheck' to perform static code analysis on C / C++ code
-- Configured cppcheck include dirs: /home/henryshum0/SUAS/src/flight_control/include
-- Configured cppcheck exclude dirs and/or files: 
-- Added test 'lint_cmake' to check CMake code style
-- Added test 'uncrustify' to check C / C++ code style
-- Configured uncrustify additional arguments: 
-- Added test 'xmllint' to check XML markup files
-- Configuring done
-- Generating done
-- Build files have been written to: /home/henryshum0/SUAS/build/flight_control
[35m[1mConsolidate compiler generated dependencies of target offboard_controller[0m
[ 50%] [32mBuilding CXX object CMakeFiles/offboard_controller.dir/src/offboard_controller.cpp.o[0m
[100%] [32m[1mLinking CXX executable offboard_controller[0m
/usr/bin/ld: CMakeFiles/offboard_controller.dir/src/offboard_controller.cpp.o: in function `flight_control::OffboardController::local_position_callback(std::unique_ptr<px4_msgs::msg::VehicleLocalPosition_<std::allocator<void> >, std::default_delete<px4_msgs::msg::VehicleLocalPosition_<std::allocator<void> > > >)':
offboard_controller.cpp:(.text+0x1475): undefined reference to `flight_control::utils::enu_ned_convert(Eigen::Matrix<float, 3, 1, 0, 3, 1>&)'
/usr/bin/ld: offboard_controller.cpp:(.text+0x14a2): undefined reference to `flight_control::utils::enu_ned_convert(Eigen::Matrix<float, 3, 1, 0, 3, 1>&)'
/usr/bin/ld: offboard_controller.cpp:(.text+0x14cf): undefined reference to `flight_control::utils::enu_ned_convert(Eigen::Matrix<float, 3, 1, 0, 3, 1>&)'
collect2: error: ld returned 1 exit status
gmake[2]: *** [CMakeFiles/offboard_controller.dir/build.make:159: offboard_controller] Error 1
gmake[1]: *** [CMakeFiles/Makefile2:137: CMakeFiles/offboard_controller.dir/all] Error 2
gmake: *** [Makefile:146: all] Error 2
