[0.070s] Invoking command in '/home/henryshum0/SUAS/build/flight_control': AMENT_PREFIX_PATH=/home/henryshum0/SUAS/install/px4_ros_com:/home/henryshum0/SUAS/install/px4_msgs:${AMENT_PREFIX_PATH} CMAKE_PREFIX_PATH=/home/henryshum0/SUAS/install/px4_ros_com:/home/henryshum0/SUAS/install/px4_msgs:/opt/ros/humble LD_LIBRARY_PATH=/home/henryshum0/SUAS/install/px4_ros_com/lib:/home/henryshum0/SUAS/install/px4_msgs/lib:${LD_LIBRARY_PATH} PYTHONPATH=/home/henryshum0/SUAS/install/px4_ros_com/local/lib/python3.10/dist-packages:/home/henryshum0/SUAS/install/px4_msgs/local/lib/python3.10/dist-packages:${PYTHONPATH} /usr/bin/cmake --build /home/henryshum0/SUAS/build/flight_control -- -j16 -l16
[0.087s] -- Found ament_cmake: 1.3.11 (/opt/ros/humble/share/ament_cmake/cmake)
[0.186s] -- Found rclcpp: 16.0.11 (/opt/ros/humble/share/rclcpp/cmake)
[0.271s] -- Found rosidl_generator_c: 3.1.6 (/opt/ros/humble/share/rosidl_generator_c/cmake)
[0.274s] -- Found rosidl_adapter: 3.1.6 (/opt/ros/humble/share/rosidl_adapter/cmake)
[0.281s] -- Found rosidl_generator_cpp: 3.1.6 (/opt/ros/humble/share/rosidl_generator_cpp/cmake)
[0.292s] -- Using all available rosidl_typesupport_c: rosidl_typesupport_fastrtps_c;rosidl_typesupport_introspection_c
[0.305s] -- Using all available rosidl_typesupport_cpp: rosidl_typesupport_fastrtps_cpp;rosidl_typesupport_introspection_cpp
[0.340s] -- Found rmw_implementation_cmake: 6.1.2 (/opt/ros/humble/share/rmw_implementation_cmake/cmake)
[0.342s] -- Found rmw_fastrtps_cpp: 6.2.7 (/opt/ros/humble/share/rmw_fastrtps_cpp/cmake)
[2.055s] -- Using RMW implementation 'rmw_fastrtps_cpp' as default
[2.115s] -- Found px4_msgs: 2.0.1 (/home/henryshum0/SUAS/install/px4_msgs/share/px4_msgs/cmake)
[2.126s] -- Found px4_ros_com: 0.1.0 (/home/henryshum0/SUAS/install/px4_ros_com/share/px4_ros_com/cmake)
[2.163s] -- Found ament_lint_auto: 0.12.11 (/opt/ros/humble/share/ament_lint_auto/cmake)
[2.214s] -- Added test 'cppcheck' to perform static code analysis on C / C++ code
[2.214s] -- Configured cppcheck include dirs: /home/henryshum0/SUAS/src/flight_control/include
[2.214s] -- Configured cppcheck exclude dirs and/or files: 
[2.215s] -- Added test 'lint_cmake' to check CMake code style
[2.216s] -- Added test 'uncrustify' to check C / C++ code style
[2.216s] -- Configured uncrustify additional arguments: 
[2.216s] -- Added test 'xmllint' to check XML markup files
[2.218s] -- Configuring done
[2.227s] -- Generating done
[2.230s] -- Build files have been written to: /home/henryshum0/SUAS/build/flight_control
[2.244s] [35m[1mConsolidate compiler generated dependencies of target offboard_controller[0m
[2.255s] [ 50%] [32mBuilding CXX object CMakeFiles/offboard_controller.dir/src/offboard_controller.cpp.o[0m
[8.258s] [100%] [32m[1mLinking CXX executable offboard_controller[0m
[8.490s] /usr/bin/ld: CMakeFiles/offboard_controller.dir/src/offboard_controller.cpp.o: in function `flight_control::OffboardController::local_position_callback(std::unique_ptr<px4_msgs::msg::VehicleLocalPosition_<std::allocator<void> >, std::default_delete<px4_msgs::msg::VehicleLocalPosition_<std::allocator<void> > > >)':
[8.490s] offboard_controller.cpp:(.text+0x1475): undefined reference to `flight_control::utils::enu_ned_convert(Eigen::Matrix<float, 3, 1, 0, 3, 1>&)'
[8.490s] /usr/bin/ld: offboard_controller.cpp:(.text+0x14a2): undefined reference to `flight_control::utils::enu_ned_convert(Eigen::Matrix<float, 3, 1, 0, 3, 1>&)'
[8.490s] /usr/bin/ld: offboard_controller.cpp:(.text+0x14cf): undefined reference to `flight_control::utils::enu_ned_convert(Eigen::Matrix<float, 3, 1, 0, 3, 1>&)'
[8.515s] collect2: error: ld returned 1 exit status
[8.516s] gmake[2]: *** [CMakeFiles/offboard_controller.dir/build.make:159: offboard_controller] Error 1
[8.516s] gmake[1]: *** [CMakeFiles/Makefile2:137: CMakeFiles/offboard_controller.dir/all] Error 2
[8.516s] gmake: *** [Makefile:146: all] Error 2
[8.518s] Invoked command in '/home/henryshum0/SUAS/build/flight_control' returned '2': AMENT_PREFIX_PATH=/home/henryshum0/SUAS/install/px4_ros_com:/home/henryshum0/SUAS/install/px4_msgs:${AMENT_PREFIX_PATH} CMAKE_PREFIX_PATH=/home/henryshum0/SUAS/install/px4_ros_com:/home/henryshum0/SUAS/install/px4_msgs:/opt/ros/humble LD_LIBRARY_PATH=/home/henryshum0/SUAS/install/px4_ros_com/lib:/home/henryshum0/SUAS/install/px4_msgs/lib:${LD_LIBRARY_PATH} PYTHONPATH=/home/henryshum0/SUAS/install/px4_ros_com/local/lib/python3.10/dist-packages:/home/henryshum0/SUAS/install/px4_msgs/local/lib/python3.10/dist-packages:${PYTHONPATH} /usr/bin/cmake --build /home/henryshum0/SUAS/build/flight_control -- -j16 -l16
