Determining if the function sgemm_ exists failed with the following output:
Change Dir: /home/henryshum0/SUAS/build/flight_control/CMakeFiles/CMakeTmp

Run Build Command(s):/usr/bin/gmake -f Makefile cmTC_97151/fast && /usr/bin/gmake  -f CMakeFiles/cmTC_97151.dir/build.make CMakeFiles/cmTC_97151.dir/build
gmake[1]: Entering directory '/home/henryshum0/SUAS/build/flight_control/CMakeFiles/CMakeTmp'
Building C object CMakeFiles/cmTC_97151.dir/CheckFunctionExists.c.o
/usr/bin/cc   -DCHECK_FUNCTION_EXISTS=sgemm_ -o CMakeFiles/cmTC_97151.dir/CheckFunctionExists.c.o -c /usr/share/cmake-3.22/Modules/CheckFunctionExists.c
Linking C executable cmTC_97151
/usr/bin/cmake -E cmake_link_script CMakeFiles/cmTC_97151.dir/link.txt --verbose=1
/usr/bin/cc  -DCHECK_FUNCTION_EXISTS=sgemm_ CMakeFiles/cmTC_97151.dir/CheckFunctionExists.c.o -o cmTC_97151 
/usr/bin/ld: CMakeFiles/cmTC_97151.dir/CheckFunctionExists.c.o: in function `main':
CheckFunctionExists.c:(.text+0x14): undefined reference to `sgemm_'
collect2: error: ld returned 1 exit status
gmake[1]: *** [CMakeFiles/cmTC_97151.dir/build.make:99: cmTC_97151] Error 1
gmake[1]: Leaving directory '/home/henryshum0/SUAS/build/flight_control/CMakeFiles/CMakeTmp'
gmake: *** [Makefile:127: cmTC_97151/fast] Error 2



Determining if the function cheev_ exists failed with the following output:
Change Dir: /home/henryshum0/SUAS/build/flight_control/CMakeFiles/CMakeTmp

Run Build Command(s):/usr/bin/gmake -f Makefile cmTC_96279/fast && /usr/bin/gmake  -f CMakeFiles/cmTC_96279.dir/build.make CMakeFiles/cmTC_96279.dir/build
gmake[1]: Entering directory '/home/henryshum0/SUAS/build/flight_control/CMakeFiles/CMakeTmp'
Building C object CMakeFiles/cmTC_96279.dir/CheckFunctionExists.c.o
/usr/bin/cc   -DCHECK_FUNCTION_EXISTS=cheev_ -o CMakeFiles/cmTC_96279.dir/CheckFunctionExists.c.o -c /usr/share/cmake-3.22/Modules/CheckFunctionExists.c
Linking C executable cmTC_96279
/usr/bin/cmake -E cmake_link_script CMakeFiles/cmTC_96279.dir/link.txt --verbose=1
/usr/bin/cc  -DCHECK_FUNCTION_EXISTS=cheev_ CMakeFiles/cmTC_96279.dir/CheckFunctionExists.c.o -o cmTC_96279  /usr/lib/x86_64-linux-gnu/libblas.so -lm -ldl 
/usr/bin/ld: CMakeFiles/cmTC_96279.dir/CheckFunctionExists.c.o: in function `main':
CheckFunctionExists.c:(.text+0x14): undefined reference to `cheev_'
collect2: error: ld returned 1 exit status
gmake[1]: *** [CMakeFiles/cmTC_96279.dir/build.make:100: cmTC_96279] Error 1
gmake[1]: Leaving directory '/home/henryshum0/SUAS/build/flight_control/CMakeFiles/CMakeTmp'
gmake: *** [Makefile:127: cmTC_96279/fast] Error 2



Determining if the function cheev_ exists failed with the following output:
Change Dir: /home/henryshum0/SUAS/build/flight_control/CMakeFiles/CMakeTmp

Run Build Command(s):/usr/bin/gmake -f Makefile cmTC_f02e0/fast && /usr/bin/gmake  -f CMakeFiles/cmTC_f02e0.dir/build.make CMakeFiles/cmTC_f02e0.dir/build
gmake[1]: Entering directory '/home/henryshum0/SUAS/build/flight_control/CMakeFiles/CMakeTmp'
Building C object CMakeFiles/cmTC_f02e0.dir/CheckFunctionExists.c.o
/usr/bin/cc   -DCHECK_FUNCTION_EXISTS=cheev_ -o CMakeFiles/cmTC_f02e0.dir/CheckFunctionExists.c.o -c /usr/share/cmake-3.22/Modules/CheckFunctionExists.c
Linking C executable cmTC_f02e0
/usr/bin/cmake -E cmake_link_script CMakeFiles/cmTC_f02e0.dir/link.txt --verbose=1
/usr/bin/cc  -DCHECK_FUNCTION_EXISTS=cheev_ CMakeFiles/cmTC_f02e0.dir/CheckFunctionExists.c.o -o cmTC_f02e0  /usr/lib/x86_64-linux-gnu/liblapack.so /usr/lib/x86_64-linux-gnu/libblas.so -fortranlibs 
cc: error: unrecognized command-line option ‘-fortranlibs’
gmake[1]: *** [CMakeFiles/cmTC_f02e0.dir/build.make:101: cmTC_f02e0] Error 1
gmake[1]: Leaving directory '/home/henryshum0/SUAS/build/flight_control/CMakeFiles/CMakeTmp'
gmake: *** [Makefile:127: cmTC_f02e0/fast] Error 2



