[0.015s] Invoking command in '/home/henryshum0/SUAS/build/flight_control': CMAKE_PREFIX_PATH=/opt/ros/humble /usr/bin/cmake --build /home/henryshum0/SUAS/build/flight_control -- -j16 -l16
[0.029s] -- Found ament_cmake: 1.3.11 (/opt/ros/humble/share/ament_cmake/cmake)
[0.115s] -- Found rclcpp: 16.0.11 (/opt/ros/humble/share/rclcpp/cmake)
[0.196s] -- Found rosidl_generator_c: 3.1.6 (/opt/ros/humble/share/rosidl_generator_c/cmake)
[0.197s] -- Found rosidl_adapter: 3.1.6 (/opt/ros/humble/share/rosidl_adapter/cmake)
[0.200s] -- Found rosidl_generator_cpp: 3.1.6 (/opt/ros/humble/share/rosidl_generator_cpp/cmake)
[0.206s] -- Using all available rosidl_typesupport_c: rosidl_typesupport_fastrtps_c;rosidl_typesupport_introspection_c
[0.214s] -- Using all available rosidl_typesupport_cpp: rosidl_typesupport_fastrtps_cpp;rosidl_typesupport_introspection_cpp
[0.233s] -- Found rmw_implementation_cmake: 6.1.2 (/opt/ros/humble/share/rmw_implementation_cmake/cmake)
[0.234s] -- Found rmw_fastrtps_cpp: 6.2.7 (/opt/ros/humble/share/rmw_fastrtps_cpp/cmake)
[2.939s] -- Using RMW implementation 'rmw_fastrtps_cpp' as default
[2.970s] -- Found eigen3_cmake_module: 0.1.1 (/opt/ros/humble/share/eigen3_cmake_module/cmake)
[2.972s] -- Found ament_lint_auto: 0.12.11 (/opt/ros/humble/share/ament_lint_auto/cmake)
[3.020s] -- Added test 'cppcheck' to perform static code analysis on C / C++ code
[3.020s] -- Configured cppcheck include dirs: /home/henryshum0/SUAS/src/flight_control/include;$<BUILD_INTERFACE:/home/henryshum0/SUAS/src/flight_control/include/flight_control>
[3.020s] -- Configured cppcheck exclude dirs and/or files: 
[3.020s] -- Added test 'lint_cmake' to check CMake code style
[3.021s] -- Added test 'uncrustify' to check C / C++ code style
[3.021s] -- Configured uncrustify additional arguments: 
[3.021s] -- Added test 'xmllint' to check XML markup files
[3.022s] -- Configuring done
[3.028s] -- Generating done
[3.030s] -- Build files have been written to: /home/henryshum0/SUAS/build/flight_control
[3.046s] [35m[1mConsolidate compiler generated dependencies of target frame_conversion[0m
[3.053s] [ 25%] [32mBuilding CXX object CMakeFiles/frame_conversion.dir/src/lib/frame_conversion.cpp.o[0m
[3.744s] [ 50%] [32m[1mLinking CXX shared library libframe_conversion.so[0m
[3.825s] [ 50%] Built target frame_conversion
[3.832s] [35m[1mConsolidate compiler generated dependencies of target test_functions[0m
[3.840s] [ 75%] [32mBuilding CXX object CMakeFiles/test_functions.dir/src/test.cpp.o[0m
[4.519s] [100%] [32m[1mLinking CXX executable test_functions[0m
[4.598s] [100%] Built target test_functions
[4.604s] Invoked command in '/home/henryshum0/SUAS/build/flight_control' returned '0': CMAKE_PREFIX_PATH=/opt/ros/humble /usr/bin/cmake --build /home/henryshum0/SUAS/build/flight_control -- -j16 -l16
[4.606s] Invoking command in '/home/henryshum0/SUAS/build/flight_control': CMAKE_PREFIX_PATH=/opt/ros/humble /usr/bin/cmake --install /home/henryshum0/SUAS/build/flight_control
[4.610s] -- Install configuration: ""
[4.610s] -- Installing: /home/henryshum0/SUAS/install/flight_control/lib/flight_control/test_functions
[4.610s] -- Set runtime path of "/home/henryshum0/SUAS/install/flight_control/lib/flight_control/test_functions" to ""
[4.610s] -- Installing: /home/henryshum0/SUAS/install/flight_control/include/flight_control
[4.610s] -- Installing: /home/henryshum0/SUAS/install/flight_control/include/flight_control/frame_conversion.hpp
[4.611s] -- Installing: /home/henryshum0/SUAS/install/flight_control/lib/libframe_conversion.so
[4.611s] -- Up-to-date: /home/henryshum0/SUAS/install/flight_control/share/ament_index/resource_index/package_run_dependencies/flight_control
[4.611s] -- Up-to-date: /home/henryshum0/SUAS/install/flight_control/share/ament_index/resource_index/parent_prefix_path/flight_control
[4.611s] -- Up-to-date: /home/henryshum0/SUAS/install/flight_control/share/flight_control/environment/ament_prefix_path.sh
[4.611s] -- Installing: /home/henryshum0/SUAS/install/flight_control/share/flight_control/environment/ament_prefix_path.dsv
[4.611s] -- Up-to-date: /home/henryshum0/SUAS/install/flight_control/share/flight_control/environment/path.sh
[4.611s] -- Installing: /home/henryshum0/SUAS/install/flight_control/share/flight_control/environment/path.dsv
[4.611s] -- Up-to-date: /home/henryshum0/SUAS/install/flight_control/share/flight_control/local_setup.bash
[4.611s] -- Up-to-date: /home/henryshum0/SUAS/install/flight_control/share/flight_control/local_setup.sh
[4.611s] -- Up-to-date: /home/henryshum0/SUAS/install/flight_control/share/flight_control/local_setup.zsh
[4.611s] -- Installing: /home/henryshum0/SUAS/install/flight_control/share/flight_control/local_setup.dsv
[4.611s] -- Installing: /home/henryshum0/SUAS/install/flight_control/share/flight_control/package.dsv
[4.612s] -- Up-to-date: /home/henryshum0/SUAS/install/flight_control/share/ament_index/resource_index/packages/flight_control
[4.612s] -- Up-to-date: /home/henryshum0/SUAS/install/flight_control/share/flight_control/cmake/flight_controlConfig.cmake
[4.612s] -- Up-to-date: /home/henryshum0/SUAS/install/flight_control/share/flight_control/cmake/flight_controlConfig-version.cmake
[4.612s] -- Up-to-date: /home/henryshum0/SUAS/install/flight_control/share/flight_control/package.xml
[4.613s] Invoked command in '/home/henryshum0/SUAS/build/flight_control' returned '0': CMAKE_PREFIX_PATH=/opt/ros/humble /usr/bin/cmake --install /home/henryshum0/SUAS/build/flight_control
