[35m[1mConsolidate compiler generated dependencies of target flight_control_lib[0m
[ 12%] [32mBuilding CXX object CMakeFiles/flight_control_lib.dir/src/flight_control/state_subscribers.cpp.o[0m
[01m[K/home/henryshum0/SUAS/src/flight_control/src/flight_control/state_subscribers.cpp:[m[K In constructor ‘[01m[KStateSubscriber::StateSubscriber(std::shared_ptr<VehicleState>)[m[K’:
[01m[K/home/henryshum0/SUAS/src/flight_control/src/flight_control/state_subscribers.cpp:10:41:[m[K [01;31m[Kerror: [m[Kinvalid use of non-static member function ‘[01m[Kvoid StateSubscriber::local_pos_callback(px4_msgs::msg::VehicleLocalPosition_<std::allocator<void> >::UniquePtr)[m[K’
   10 |         qos, std::bind([01;31m[KStateSubscriber::local_pos_callback[m[K, this, std::placeholders::_1));
      |                        [01;31m[K~~~~~~~~~~~~~~~~~^~~~~~~~~~~~~~~~~~[m[K
In file included from [01m[K/home/henryshum0/SUAS/src/flight_control/src/flight_control/state_subscribers.cpp:1[m[K:
[01m[K/home/henryshum0/SUAS/src/flight_control/include/flight_control/state_subscribers.hpp:32:10:[m[K [01;36m[Knote: [m[Kdeclared here
   32 |     void [01;36m[Klocal_pos_callback[m[K(const VehicleLocalPosition::UniquePtr msg);
      |          [01;36m[K^~~~~~~~~~~~~~~~~~[m[K
[01m[K/home/henryshum0/SUAS/src/flight_control/src/flight_control/state_subscribers.cpp:12:41:[m[K [01;31m[Kerror: [m[Kinvalid use of non-static member function ‘[01m[Kvoid StateSubscriber::vehicle_status_callback(px4_msgs::msg::VehicleStatus_<std::allocator<void> >::UniquePtr)[m[K’
   12 |         qos, std::bind([01;31m[KStateSubscriber::vehicle_status_callback[m[K, this, std::placeholders::_1));
      |                        [01;31m[K~~~~~~~~~~~~~~~~~^~~~~~~~~~~~~~~~~~~~~~~[m[K
In file included from [01m[K/home/henryshum0/SUAS/src/flight_control/src/flight_control/state_subscribers.cpp:1[m[K:
[01m[K/home/henryshum0/SUAS/src/flight_control/include/flight_control/state_subscribers.hpp:33:10:[m[K [01;36m[Knote: [m[Kdeclared here
   33 |     void [01;36m[Kvehicle_status_callback[m[K(const VehicleStatus::UniquePtr msg);
      |          [01;36m[K^~~~~~~~~~~~~~~~~~~~~~~[m[K
[01m[K/home/henryshum0/SUAS/src/flight_control/src/flight_control/state_subscribers.cpp:14:41:[m[K [01;31m[Kerror: [m[Kinvalid use of non-static member function ‘[01m[Kvoid StateSubscriber::vehicle_land_callback(px4_msgs::msg::VehicleLandDetected_<std::allocator<void> >::UniquePtr)[m[K’
   14 |         qos, std::bind([01;31m[KStateSubscriber::vehicle_land_callback[m[K, this, std::placeholders::_1));
      |                        [01;31m[K~~~~~~~~~~~~~~~~~^~~~~~~~~~~~~~~~~~~~~[m[K
In file included from [01m[K/home/henryshum0/SUAS/src/flight_control/src/flight_control/state_subscribers.cpp:1[m[K:
[01m[K/home/henryshum0/SUAS/src/flight_control/include/flight_control/state_subscribers.hpp:34:10:[m[K [01;36m[Knote: [m[Kdeclared here
   34 |     void [01;36m[Kvehicle_land_callback[m[K(const VehicleLandDetected::UniquePtr msg);
      |          [01;36m[K^~~~~~~~~~~~~~~~~~~~~[m[K
gmake[2]: *** [CMakeFiles/flight_control_lib.dir/build.make:90: CMakeFiles/flight_control_lib.dir/src/flight_control/state_subscribers.cpp.o] Error 1
gmake[1]: *** [CMakeFiles/Makefile2:139: CMakeFiles/flight_control_lib.dir/all] Error 2
gmake: *** [Makefile:146: all] Error 2
