[0.055s] Invoking command in '/home/henryshum0/SUAS/build/flight_control': AMENT_PREFIX_PATH=/home/henryshum0/SUAS/install/px4_ros_com:/home/henryshum0/SUAS/install/px4_msgs:${AMENT_PREFIX_PATH} CMAKE_PREFIX_PATH=/home/henryshum0/SUAS/install/px4_ros_com:/home/henryshum0/SUAS/install/px4_msgs:/opt/ros/humble LD_LIBRARY_PATH=/home/henryshum0/SUAS/install/px4_ros_com/lib:/home/henryshum0/SUAS/install/px4_msgs/lib:${LD_LIBRARY_PATH} PYTHONPATH=/home/henryshum0/SUAS/install/px4_ros_com/local/lib/python3.10/dist-packages:/home/henryshum0/SUAS/install/px4_msgs/local/lib/python3.10/dist-packages:${PYTHONPATH} /usr/bin/cmake --build /home/henryshum0/SUAS/build/flight_control -- -j16 -l16
[0.077s] [35m[1mConsolidate compiler generated dependencies of target flight_control_lib[0m
[0.091s] [ 12%] [32mBuilding CXX object CMakeFiles/flight_control_lib.dir/src/flight_control/state_subscribers.cpp.o[0m
[1.921s] [01m[K/home/henryshum0/SUAS/src/flight_control/src/flight_control/state_subscribers.cpp:[m[K In constructor ‘[01m[KStateSubscriber::StateSubscriber(std::shared_ptr<VehicleState>)[m[K’:
[1.921s] [01m[K/home/henryshum0/SUAS/src/flight_control/src/flight_control/state_subscribers.cpp:10:41:[m[K [01;31m[Kerror: [m[Kinvalid use of non-static member function ‘[01m[Kvoid StateSubscriber::local_pos_callback(px4_msgs::msg::VehicleLocalPosition_<std::allocator<void> >::UniquePtr)[m[K’
[1.921s]    10 |         qos, std::bind([01;31m[KStateSubscriber::local_pos_callback[m[K, this, std::placeholders::_1));
[1.921s]       |                        [01;31m[K~~~~~~~~~~~~~~~~~^~~~~~~~~~~~~~~~~~[m[K
[1.921s] In file included from [01m[K/home/henryshum0/SUAS/src/flight_control/src/flight_control/state_subscribers.cpp:1[m[K:
[1.921s] [01m[K/home/henryshum0/SUAS/src/flight_control/include/flight_control/state_subscribers.hpp:32:10:[m[K [01;36m[Knote: [m[Kdeclared here
[1.921s]    32 |     void [01;36m[Klocal_pos_callback[m[K(const VehicleLocalPosition::UniquePtr msg);
[1.921s]       |          [01;36m[K^~~~~~~~~~~~~~~~~~[m[K
[1.921s] [01m[K/home/henryshum0/SUAS/src/flight_control/src/flight_control/state_subscribers.cpp:12:41:[m[K [01;31m[Kerror: [m[Kinvalid use of non-static member function ‘[01m[Kvoid StateSubscriber::vehicle_status_callback(px4_msgs::msg::VehicleStatus_<std::allocator<void> >::UniquePtr)[m[K’
[1.921s]    12 |         qos, std::bind([01;31m[KStateSubscriber::vehicle_status_callback[m[K, this, std::placeholders::_1));
[1.921s]       |                        [01;31m[K~~~~~~~~~~~~~~~~~^~~~~~~~~~~~~~~~~~~~~~~[m[K
[1.921s] In file included from [01m[K/home/henryshum0/SUAS/src/flight_control/src/flight_control/state_subscribers.cpp:1[m[K:
[1.921s] [01m[K/home/henryshum0/SUAS/src/flight_control/include/flight_control/state_subscribers.hpp:33:10:[m[K [01;36m[Knote: [m[Kdeclared here
[1.921s]    33 |     void [01;36m[Kvehicle_status_callback[m[K(const VehicleStatus::UniquePtr msg);
[1.921s]       |          [01;36m[K^~~~~~~~~~~~~~~~~~~~~~~[m[K
[1.921s] [01m[K/home/henryshum0/SUAS/src/flight_control/src/flight_control/state_subscribers.cpp:14:41:[m[K [01;31m[Kerror: [m[Kinvalid use of non-static member function ‘[01m[Kvoid StateSubscriber::vehicle_land_callback(px4_msgs::msg::VehicleLandDetected_<std::allocator<void> >::UniquePtr)[m[K’
[1.921s]    14 |         qos, std::bind([01;31m[KStateSubscriber::vehicle_land_callback[m[K, this, std::placeholders::_1));
[1.921s]       |                        [01;31m[K~~~~~~~~~~~~~~~~~^~~~~~~~~~~~~~~~~~~~~[m[K
[1.921s] In file included from [01m[K/home/henryshum0/SUAS/src/flight_control/src/flight_control/state_subscribers.cpp:1[m[K:
[1.921s] [01m[K/home/henryshum0/SUAS/src/flight_control/include/flight_control/state_subscribers.hpp:34:10:[m[K [01;36m[Knote: [m[Kdeclared here
[1.921s]    34 |     void [01;36m[Kvehicle_land_callback[m[K(const VehicleLandDetected::UniquePtr msg);
[1.921s]       |          [01;36m[K^~~~~~~~~~~~~~~~~~~~~[m[K
[2.235s] gmake[2]: *** [CMakeFiles/flight_control_lib.dir/build.make:90: CMakeFiles/flight_control_lib.dir/src/flight_control/state_subscribers.cpp.o] Error 1
[2.236s] gmake[1]: *** [CMakeFiles/Makefile2:139: CMakeFiles/flight_control_lib.dir/all] Error 2
[2.236s] gmake: *** [Makefile:146: all] Error 2
[2.238s] Invoked command in '/home/henryshum0/SUAS/build/flight_control' returned '2': AMENT_PREFIX_PATH=/home/henryshum0/SUAS/install/px4_ros_com:/home/henryshum0/SUAS/install/px4_msgs:${AMENT_PREFIX_PATH} CMAKE_PREFIX_PATH=/home/henryshum0/SUAS/install/px4_ros_com:/home/henryshum0/SUAS/install/px4_msgs:/opt/ros/humble LD_LIBRARY_PATH=/home/henryshum0/SUAS/install/px4_ros_com/lib:/home/henryshum0/SUAS/install/px4_msgs/lib:${LD_LIBRARY_PATH} PYTHONPATH=/home/henryshum0/SUAS/install/px4_ros_com/local/lib/python3.10/dist-packages:/home/henryshum0/SUAS/install/px4_msgs/local/lib/python3.10/dist-packages:${PYTHONPATH} /usr/bin/cmake --build /home/henryshum0/SUAS/build/flight_control -- -j16 -l16
